0.00,27675
0.00,26963
0.00,26620
0.00,26266
0.00,26104
0.00,25844
0.00,25618
0.00,25295
0.00,25186
0.00,25153
0.00,25012
0.00,25004
0.00,24634
0.00,24145
0.00,23608
0.00,23217
0.00,23021
0.00,22529
0.00,22473
0.00,22442
0.00,22213
0.00,22121
0.00,22097
0.00,21986
0.00,21217
0.00,21187
0.00,20762
0.00,20678
0.00,20673
0.00,20643
0.00,20403
0.00,20290
0.01,20093
0.01,19546
0.01,19521
0.01,19330
0.01,18811
0.01,18715
0.02,18714
0.02,18655
0.02,18539
0.02,18511
0.02,18478
0.02,18118
0.02,18075
0.02,18070
0.02,18013
0.02,17989
0.02,17800
0.02,17712
0.02,17643
0.02,17299
0.02,17225
0.02,16934
0.02,16798
0.02,16500
0.02,16474
0.03,16363
0.03,16227
0.03,16058
0.03,15480
0.03,15341
0.03,15240
0.03,15184
0.03,15000
0.03,14423
0.03,14382
0.03,14118
0.03,14041
0.03,13993
0.03,13963
0.03,13841
0.03,13739
0.03,13736
0.03,13679
0.03,13674
0.03,13573
0.03,13423
0.03,13411
0.03,13199
0.03,13018
0.03,12991
0.03,12575
0.03,12219
0.03,11960
0.04,11695
0.04,11595
0.04,11512
0.04,11504
0.04,11403
0.04,11188
0.04,11078
0.04,10992
0.04,10885
0.04,10855
0.04,10839
0.04,10703
0.04,10678
0.04,10677
0.04,10662
0.04,10550
0.04,10538
0.05,10513
0.05,10465
0.05,10351
0.05,10336
0.05,10274
0.05,10263
0.05,10260
0.05,10216
0.05,10186
0.05,10166
0.05,10135
0.05,10114
0.05,10080
0.05,10061
0.05,10027
0.05,9868
0.05,9561
0.06,9304
0.07,9242
0.07,9241
0.07,9096
0.07,9020
0.07,8894
0.08,8880
0.08,8759
0.08,8599
0.08,8580
0.08,8542
0.08,8503
0.09,8424
0.09,8402
0.09,8397
0.09,8376
0.09,8359
0.09,8357
0.12,8334
0.12,8283
0.12,8241
0.12,8087
