0.00,26093
0.00,25560
0.13,24995
0.13,24507
0.13,24359
0.58,23777
0.58,22916
1.45,22660
1.57,22136
1.72,21269
1.73,20973
1.88,20386
1.93,20285
1.93,19544
1.94,19136
2.09,18869
2.09,18759
2.12,18565
2.17,18491
2.17,18378
2.17,18215
2.21,17792
2.22,17638
2.22,17613
2.22,17378
2.23,17015
2.23,16808
2.23,16692
2.25,16197
2.25,15919
2.28,15640
2.28,15444
2.28,15243
2.28,15229
2.28,15083
2.28,14889
2.28,14758
2.28,14532
2.29,14510
2.29,14494
2.29,14263
2.29,14096
2.35,14005
2.36,13918
2.36,13807
2.36,13580
2.37,13184
2.37,13056
2.51,12766
2.51,12479
2.51,12324
2.52,12155
2.52,11809
2.60,11624
2.60,11376
2.60,11321
2.61,10973
2.64,10800
2.73,10586
2.73,10562
2.73,10494
2.74,10431
2.80,10296
2.81,10176
2.81,9868
2.82,9717
2.88,9653
2.88,9389
2.89,9351
2.90,9330
2.90,9180
2.92,9146
2.93,9019
2.93,8972
2.93,8882
2.96,8851
3.18,8838
3.18,8795
3.20,8739
3.20,8701
3.21,8674
3.21,8578
3.22,8570
3.22,8482
3.23,8466
3.23,8415
3.29,8384
3.30,8382
3.31,8335
3.69,8330
3.75,8312
3.85,8294
11.07,8278
11.13,8228
11.14,8132
11.23,8110
11.27,8069
11.31,7963
11.34,7925
11.36,7872
11.83,7855
11.91,7848
26.46,7822
26.47,7725
26.85,7658
26.92,7656
27.00,7633
27.02,7542
