0.00,27301
0.00,26957
0.00,26234
0.00,25882
0.00,25255
0.00,25154
0.00,25051
0.00,24939
0.00,24763
0.00,24757
0.00,24269
0.00,24074
0.00,24062
0.00,23891
0.00,23646
0.00,23500
0.00,23451
0.00,23380
0.00,23337
0.00,23281
0.00,23240
0.00,23098
0.00,23089
0.00,23008
0.00,22262
0.00,22178
0.00,21681
0.00,20723
0.00,20559
0.00,20482
0.01,20423
0.01,20350
0.01,20301
0.01,20093
0.01,20059
0.01,19556
0.01,19275
0.01,18450
0.01,18440
0.01,18084
0.01,18017
0.01,18008
0.01,17989
0.01,17863
0.01,17698
0.01,17657
0.01,17532
0.01,17449
0.01,16919
0.01,16719
0.01,16703
0.01,16568
0.01,16311
0.01,16231
0.01,15744
0.01,15672
0.01,15429
0.02,15328
0.02,15077
0.02,14850
0.02,13916
0.02,13672
0.02,13069
0.02,13041
0.02,12386
0.02,12335
0.02,12073
0.02,11955
0.03,11952
0.03,11904
0.03,11844
0.03,11417
0.03,11363
0.03,11317
0.03,11266
0.03,11213
0.03,11101
0.03,10947
0.03,10765
0.03,10441
0.03,10339
0.03,10164
0.03,10069
0.04,9926
0.04,9802
0.04,9717
0.04,9488
0.04,9216
0.04,9189
0.04,9149
0.06,8944
0.06,8923
0.07,8747
0.07,8635
0.07,8609
0.07,8551
0.07,8532
0.07,8500
0.08,8495
0.10,8486
0.10,8467
0.12,8428
0.12,8427
0.12,8403
0.14,8398
0.16,8371
0.18,8361
0.75,8359
0.77,8352
0.77,8317
0.77,8315
0.77,8227
1.44,8220
1.48,8185
293.81,8180
