0.00,29750
0.00,29523
0.00,29233
0.00,29039
0.00,28902
0.00,28216
0.00,27360
0.00,27204
0.00,27160
0.00,26939
0.00,26932
0.00,26701
0.00,26389
0.00,26334
0.00,25953
0.00,25774
0.00,24819
0.00,24651
0.00,24640
0.00,23527
0.00,23510
0.00,23501
0.00,22320
0.01,22186
0.01,22182
0.01,22113
0.01,21804
0.01,21779
0.01,21560
0.01,21556
0.01,21370
0.01,20348
0.01,19932
0.01,19712
0.01,19590
0.01,19424
0.01,19204
0.01,19045
0.01,19010
0.01,18903
0.01,18770
0.01,18629
0.01,18624
0.01,18606
0.01,18564
0.01,18493
0.01,18478
0.01,18470
0.01,18307
0.01,17876
0.02,17844
0.02,17602
0.02,17355
0.02,17138
0.02,16981
0.02,16898
0.02,16816
0.02,16111
0.02,15854
0.02,15845
0.02,15795
0.02,15554
0.02,15382
0.03,15106
0.03,15098
0.03,14983
0.03,14799
0.03,14770
0.03,14720
0.03,14602
0.03,14533
0.03,14127
0.03,14118
0.03,14050
0.03,13997
0.03,13959
0.03,13543
0.03,13474
0.03,13456
0.03,13408
0.03,13403
0.03,13392
0.03,13374
0.03,12909
0.03,12880
0.03,12820
0.03,12772
0.04,12110
0.04,12080
0.04,12071
0.04,12060
0.04,11899
0.04,11834
0.04,11710
0.04,11338
0.04,11321
0.04,11091
0.04,11084
0.04,10996
0.04,10780
0.04,10776
0.04,10729
0.04,10688
0.05,10296
0.05,10242
0.05,10174
0.05,10065
0.05,10003
0.05,9990
0.05,9985
0.05,9915
0.06,9909
0.06,9822
0.06,9798
0.07,9786
0.07,9643
0.07,9558
0.07,9493
0.07,9474
0.07,9343
0.07,9257
0.07,9234
0.07,9096
0.07,9044
0.08,9037
0.09,9031
0.09,9014
0.09,8941
0.09,8916
0.11,8879
0.11,8875
0.11,8861
0.11,8686
0.13,8644
0.17,8584
0.58,8572
0.60,8561
1.17,8552
1.19,8514
1.20,8490
57.60,8286
57.60,8270
57.60,8259
57.61,8204
57.65,8193
57.65,8168
57.65,8131
57.65,8082
57.68,8077
