0.00,27285
0.00,27276
0.00,27160
0.00,27158
0.00,27063
0.00,27038
0.00,26874
0.00,26436
0.00,26285
0.00,26068
0.00,25852
0.00,25713
0.00,25464
0.00,25005
0.00,24791
0.00,24779
0.00,24351
0.00,24313
0.00,24025
0.00,23518
0.00,22428
0.00,22112
0.00,21916
0.00,21748
0.00,21350
0.00,21342
0.00,20836
0.00,20475
0.00,20228
0.00,20184
0.00,19927
0.00,19891
0.01,19671
0.01,19617
0.01,19478
0.01,19338
0.01,18629
0.01,18520
0.01,18074
0.01,18015
0.01,17939
0.01,17570
0.01,17429
0.01,16779
0.01,16768
0.01,16708
0.01,16541
0.01,16512
0.01,16430
0.01,16322
0.01,16092
0.01,15995
0.01,15873
0.01,15855
0.01,15722
0.01,15642
0.01,15388
0.01,15237
0.01,15050
0.01,15004
0.01,14337
0.01,14293
0.02,14138
0.02,14127
0.02,13950
0.02,13743
0.02,13722
0.02,13639
0.02,13614
0.02,13319
0.02,13200
0.02,12851
0.02,12705
0.02,12348
0.02,12031
0.02,11876
0.02,11761
0.02,11721
0.02,11620
0.02,11517
0.02,11461
0.02,11377
0.02,11368
0.03,11345
0.03,11343
0.03,11261
0.03,11248
0.03,11053
0.03,11031
0.03,10970
0.03,10907
0.03,10861
0.03,10855
0.03,10812
0.03,10649
0.03,10633
0.04,10594
0.04,10204
0.04,9893
0.04,9780
0.05,9714
0.05,9570
0.05,9441
0.05,9126
0.05,9079
0.05,8839
0.06,8764
0.06,8741
0.06,8692
0.06,8688
0.06,8686
0.06,8622
0.06,8605
0.07,8593
0.07,8532
0.07,8480
0.07,8474
0.07,8444
0.07,8404
0.09,8349
0.10,8291
0.10,8279
0.10,8247
0.11,8234
0.11,8220
0.11,8143
0.13,8093
0.14,8081
0.14,8075
0.14,8047
0.14,7971
