0.00,30254
0.00,30251
0.00,29331
0.00,29198
0.00,28273
0.01,28141
0.01,28129
0.01,28114
0.01,27485
0.01,27483
0.01,26695
0.01,26472
0.01,26361
0.01,26327
0.01,25700
0.01,25623
0.01,25619
0.01,24498
0.01,24363
0.01,23455
0.01,23384
0.01,23376
0.01,23122
0.01,23081
0.01,22829
0.01,22788
0.01,21961
0.01,21840
0.01,21808
0.01,21803
0.01,21726
0.01,21649
0.01,21371
0.01,20951
0.01,20324
0.01,20212
0.01,20137
0.01,19461
0.02,19433
0.02,18633
0.02,18559
0.02,18455
0.02,18411
0.02,18375
0.02,18305
0.02,18184
0.02,18179
0.02,17643
0.02,17533
0.02,17492
0.02,17384
0.02,16746
0.02,16714
0.02,16703
0.02,16298
0.02,16292
0.02,16259
0.02,16088
0.02,15978
0.02,15857
0.02,15745
0.02,15720
0.02,15455
0.02,15316
0.02,15114
0.03,15085
0.03,15080
0.03,14890
0.03,14879
0.03,14783
0.03,14749
0.03,14720
0.03,14675
0.03,14488
0.03,14380
0.03,14312
0.03,14215
0.03,14213
0.03,13945
0.04,13879
0.04,13591
0.04,13228
0.04,13161
0.04,13048
0.04,12954
0.04,12880
0.04,12854
0.04,12496
0.04,12264
0.04,12069
0.04,11980
0.04,11938
0.04,11859
0.04,11829
0.04,11770
0.05,11747
0.05,11576
0.05,11257
0.05,11198
0.05,11155
0.05,10834
0.05,10826
0.05,10662
0.06,10535
0.06,10459
0.06,10195
0.06,9973
0.06,9801
0.06,9774
0.06,9442
0.07,9373
0.07,9353
0.08,9273
0.08,9070
0.08,8911
0.09,8849
0.09,8804
0.09,8765
0.10,8673
0.10,8597
0.10,8584
0.10,8434
0.14,8410
0.50,8297
0.52,8123
1.25,8098
1.27,8031
