0.00,27077
0.00,26478
0.07,25775
0.07,25184
0.34,24059
0.34,22944
1.51,21647
1.51,21247
1.62,20743
1.72,20190
1.84,20019
1.85,19865
1.92,19758
1.92,19559
1.92,19462
1.98,19442
1.98,19099
2.01,18779
2.03,18609
2.04,18399
2.06,17361
2.10,17103
2.10,16873
2.14,16715
2.25,15658
2.26,15624
2.26,15422
2.26,15385
2.26,15328
2.26,15130
2.26,14874
2.26,14721
2.27,14558
2.36,14496
2.36,14190
2.41,14001
2.41,13901
2.41,13556
2.42,13154
2.42,12989
2.44,12771
2.52,12627
2.52,12461
2.53,12182
2.55,12009
2.55,11988
2.55,11929
2.55,11763
2.58,11416
2.65,11106
2.68,11012
2.69,10862
2.70,10683
2.74,10649
2.74,10584
2.74,10482
2.74,10445
2.74,10157
2.76,10015
2.76,9965
2.81,9818
2.83,9764
2.95,9666
2.95,9631
2.96,9554
2.97,9504
2.97,9392
2.98,9254
2.99,9177
3.00,9103
3.00,9101
3.01,9095
3.02,9017
3.03,8904
3.04,8745
3.04,8654
3.07,8553
3.12,8420
3.20,8403
3.20,8354
3.41,8332
3.42,8299
3.44,8251
3.48,8239
3.52,8234
3.57,8204
3.64,8191
3.64,8137
3.74,8113
11.12,8101
11.21,8082
11.22,8069
11.23,8017
11.25,7994
26.12,7958
26.55,7901
26.58,7857
26.82,7848
27.26,7843
27.33,7706
72.96,7693
112.19,7647
112.25,7596
151.72,7570
151.97,7542
