0.00,29202
0.01,28708
0.01,27170
0.04,26619
0.04,26568
0.07,24736
0.07,24216
0.43,24014
0.70,23382
1.51,23178
1.70,22765
1.76,22085
1.85,21965
1.85,21294
1.85,21170
2.02,20567
2.09,20086
2.12,19645
2.19,19274
2.22,18862
2.22,18287
2.29,18114
2.35,17859
2.35,17685
2.36,17217
2.36,16847
2.36,16361
2.49,16250
2.49,16193
2.51,16047
2.51,15898
2.52,15641
2.53,15230
2.53,14900
2.54,14585
2.54,14525
2.55,14442
2.55,13313
2.55,13184
2.55,13030
2.72,12398
2.80,12374
2.80,12319
2.80,12106
2.80,11848
2.80,11599
2.81,11458
2.92,11128
2.93,11047
2.93,10979
2.93,10704
2.97,10451
3.00,10336
3.00,10259
3.04,10076
3.04,10037
3.04,9888
3.05,9865
3.05,9775
3.16,9746
3.16,9660
3.17,9634
3.17,9620
3.17,9579
3.17,9481
3.19,9216
3.19,9164
3.23,9080
3.26,8960
3.27,8894
3.30,8828
3.31,8779
3.31,8706
3.32,8682
3.33,8595
3.34,8546
3.40,8461
3.40,8400
3.42,8272
3.44,8220
3.51,8160
3.53,8081
3.65,8048
3.68,8000
3.69,7947
3.78,7919
3.79,7911
3.81,7872
3.83,7750
3.89,7707
3.94,7596
43.13,7578
43.18,7543
