0.00,25124
0.00,25071
0.00,23799
0.00,23738
0.00,23593
0.00,23524
0.00,23466
0.02,23390
0.02,23289
0.02,22612
0.02,22576
0.02,21870
0.02,21834
0.02,20968
0.02,20941
0.02,20484
0.02,20361
0.02,19902
0.02,19707
0.02,19644
0.02,19638
0.02,19428
0.02,19354
0.02,18886
0.02,18777
0.02,18323
0.02,18268
0.02,17877
0.02,17849
0.02,17771
0.02,17766
0.02,17735
0.02,17706
0.02,17619
0.02,17465
0.02,17430
0.02,17130
0.02,17008
0.02,16847
0.02,16416
0.02,16361
0.02,16256
0.02,15769
0.02,15756
0.02,15724
0.02,15642
0.02,15606
0.02,15578
0.02,15420
0.02,15410
0.02,15400
0.02,15180
0.02,14835
0.02,14106
0.02,13898
0.02,13421
0.02,13406
0.02,12742
0.02,12694
0.02,12602
0.02,12595
0.02,12493
0.02,12440
0.03,12412
0.03,12310
0.03,12208
0.03,12121
0.03,12113
0.03,11941
0.03,11661
0.03,11488
0.03,11277
0.03,11265
0.03,11028
0.03,11009
0.03,10984
0.03,10953
0.03,10951
0.03,10931
0.03,10914
0.05,10861
0.05,10856
0.05,10849
0.05,10774
0.05,10675
0.05,10242
0.05,10240
0.05,10190
0.05,10176
0.05,10028
0.05,10024
0.05,9987
0.05,9986
0.05,9848
0.05,9750
0.05,9694
0.05,9660
0.05,9650
0.06,9649
0.06,9574
0.06,9557
0.06,9552
0.06,9533
0.08,9404
0.08,9403
0.08,9367
0.08,9315
0.08,9030
0.08,9004
0.09,8935
0.09,8916
0.09,8875
0.09,8794
0.09,8780
0.11,8778
0.11,8594
0.11,8571
0.12,8513
0.12,8256
0.77,8214
