0.00,31169
0.00,30888
0.01,30691
0.01,30372
0.01,30242
0.01,28367
0.01,27514
0.01,27028
0.02,26907
0.02,26694
0.04,26299
0.04,26136
0.05,25812
0.05,25451
0.20,25179
0.20,24761
0.30,24604
0.57,22848
1.46,22052
1.46,21978
1.78,21503
1.78,21170
1.86,21132
1.86,20953
1.87,20560
1.98,20050
1.98,19759
2.00,19690
2.00,18158
2.00,17819
2.00,17671
2.18,17400
2.18,17344
2.18,16910
2.19,16238
2.19,15996
2.19,15413
2.27,15139
2.27,14810
2.43,14181
2.43,13381
2.43,13247
2.46,12964
2.46,12756
2.46,12716
2.46,12443
2.51,12403
2.61,12350
2.64,12161
2.64,11896
2.65,11875
2.65,11588
2.66,11370
2.66,11175
2.67,11011
2.67,10896
2.68,10744
2.68,10306
2.83,10285
2.83,10086
2.84,9818
2.86,9733
2.90,9638
2.90,9574
2.91,9431
2.91,9298
2.91,9217
2.95,9145
3.03,9112
3.03,8949
3.12,8882
3.16,8783
3.22,8708
3.23,8573
3.23,8513
3.38,8438
3.43,8373
3.46,8343
3.58,8247
3.81,8236
3.87,8224
3.93,8219
10.91,8141
10.96,8083
11.02,7991
11.08,7983
11.12,7910
11.30,7877
11.38,7843
11.50,7801
11.53,7786
11.55,7760
26.63,7708
26.65,7651
26.70,7602
26.76,7570
26.78,7565
26.81,7543
