0.00,28325
0.00,28059
0.00,27792
0.00,26889
0.00,26792
0.00,26313
0.00,26301
0.00,25888
0.00,25881
0.00,24523
0.00,24514
0.00,24450
0.00,24347
0.00,24180
0.00,24178
0.00,23781
0.00,23775
0.00,23768
0.00,23426
0.00,23131
0.00,23022
0.00,23011
0.00,22964
0.00,22703
0.00,22151
0.00,21835
0.00,21744
0.01,21275
0.01,21250
0.01,21240
0.01,21034
0.01,21031
0.01,20939
0.01,20675
0.01,20640
0.01,20521
0.01,20095
0.01,20050
0.01,19993
0.01,19951
0.01,19902
0.01,19819
0.01,19645
0.01,19640
0.01,19518
0.01,19358
0.01,19319
0.01,19208
0.01,19144
0.01,19076
0.01,19006
0.01,18805
0.01,18777
0.01,18441
0.01,18252
0.01,18083
0.01,18048
0.02,17857
0.02,17152
0.02,17069
0.02,16783
0.02,16690
0.02,16634
0.02,16599
0.02,16416
0.02,15521
0.02,15254
0.02,15253
0.02,14928
0.02,14796
0.02,14161
0.02,13880
0.02,13791
0.02,13478
0.03,13424
0.03,13042
0.03,12688
0.03,12175
0.03,12172
0.03,11878
0.03,11820
0.03,11795
0.03,11757
0.03,11629
0.03,11526
0.03,11507
0.03,11418
0.03,11319
0.03,11196
0.03,11097
0.03,11030
0.03,11021
0.03,11000
0.03,10983
0.03,10969
0.03,10932
0.03,10923
0.03,10893
0.03,10882
0.03,10477
0.04,10209
0.04,10125
0.04,9915
0.04,9887
0.04,9875
0.04,9745
0.04,9711
0.04,9689
0.04,9682
0.04,9571
0.05,9261
0.06,9250
0.07,9240
0.07,9188
0.07,9139
0.07,8991
0.07,8826
0.08,8800
0.08,8781
0.09,8723
0.09,8566
0.09,8565
0.11,8429
0.11,8230
0.12,8134
0.16,8117
0.16,8041
0.19,7964
0.33,7924
0.34,7909
0.34,7892
0.34,7852
0.34,7798
0.37,7775
