0.01,26230
0.01,26185
0.04,24706
0.04,23597
1.26,23402
1.62,23196
1.62,23028
1.67,22285
1.67,21949
1.82,20847
1.82,20438
1.98,19893
1.98,19293
2.06,19070
2.09,18628
2.12,18154
2.12,17465
2.19,17188
2.21,17164
2.23,16819
2.23,16631
2.23,16423
2.23,16356
2.23,16186
2.28,15922
2.28,15706
2.28,15066
2.28,14742
2.29,14627
2.36,14440
2.36,14120
2.37,13472
2.37,13265
2.41,13023
2.48,12914
2.51,12394
2.52,11911
2.52,11835
2.54,11736
2.59,11482
2.59,11384
2.59,11320
2.59,11250
2.59,11032
2.59,10723
2.60,10502
2.60,10375
2.60,10316
2.60,10147
2.61,9967
2.78,9834
2.79,9509
2.79,9426
2.79,9402
2.80,9133
2.80,9052
2.81,8979
2.82,8962
2.82,8840
3.01,8740
3.01,8599
3.18,8588
3.21,8510
3.23,8409
3.24,8352
3.27,8260
3.28,8203
3.29,8152
3.29,8131
3.30,8087
3.34,8031
3.40,7993
3.41,7906
3.45,7895
3.49,7871
3.62,7836
4.01,7817
4.15,7810
11.31,7775
11.33,7741
11.38,7733
11.58,7721
11.97,7717
12.12,7715
12.19,7708
26.92,7704
26.92,7699
26.95,7688
27.00,7683
27.05,7681
27.20,7567
27.22,7565
27.31,7542
