0.00,29424
0.00,28755
0.00,27630
0.00,26742
0.00,25535
0.00,24334
0.00,23346
1.49,23337
1.49,23064
1.49,22719
1.70,22277
1.70,21861
1.78,21082
1.92,20297
1.95,19739
1.95,19532
1.96,18947
1.96,18644
2.10,18357
2.10,18170
2.14,17744
2.14,17472
2.25,17359
2.27,16685
2.27,16507
2.27,15996
2.31,15680
2.31,15106
2.31,14966
2.32,14706
2.44,14612
2.44,14244
2.48,14196
2.48,14004
2.57,13953
2.57,13814
2.60,13513
2.60,13006
2.63,12979
2.63,12654
2.63,12343
2.64,12188
2.64,12176
2.65,11716
2.66,11600
2.66,11498
2.69,11386
2.69,11335
2.70,11052
2.70,10939
2.70,10891
2.70,10793
2.73,10533
2.73,10273
2.73,10149
2.87,10114
2.92,10052
2.92,10016
2.92,9870
2.92,9750
2.94,9611
2.95,9446
3.10,9381
3.11,9242
3.11,9094
3.12,9075
3.13,9039
3.14,8886
3.16,8715
3.21,8686
3.21,8662
3.36,8648
3.36,8553
3.38,8513
3.38,8480
3.48,8442
3.50,8305
3.67,8293
3.74,8270
3.91,8260
4.01,8249
11.21,8211
11.23,8177
11.26,8124
11.27,8048
11.29,7935
11.49,7902
11.50,7888
11.57,7819
11.63,7771
11.69,7753
50.68,7638
50.72,7626
50.75,7603
50.77,7580
51.03,7570
51.16,7547
51.57,7542
