0.00,29911
0.00,28254
0.00,28142
0.00,28062
0.00,27109
0.00,26815
0.00,26735
0.01,26568
0.01,25258
0.01,25163
0.01,24583
0.01,24532
0.01,24026
0.01,23694
0.01,23548
0.01,23068
0.01,22900
0.01,21753
0.01,21723
0.01,21622
0.01,21470
0.01,21260
0.01,21100
0.01,21029
0.01,20868
0.01,20813
0.01,20309
0.01,20250
0.01,20231
0.01,20126
0.01,20087
0.01,20058
0.01,20047
0.01,19977
0.01,19539
0.01,19194
0.01,18754
0.01,18672
0.01,18345
0.01,18172
0.01,17964
0.01,17963
0.01,17665
0.01,17118
0.01,16943
0.01,16292
0.01,16260
0.01,16179
0.01,15869
0.02,15862
0.02,15778
0.02,15759
0.02,15666
0.02,15626
0.02,15588
0.02,15170
0.02,15043
0.02,14410
0.02,14145
0.02,13861
0.02,13532
0.02,13306
0.02,12836
0.02,12746
0.02,12493
0.02,12228
0.02,12098
0.02,12065
0.02,11928
0.02,11867
0.02,11749
0.02,11633
0.02,11615
0.02,11550
0.02,11526
0.03,11472
0.03,11444
0.03,11435
0.03,11434
0.03,11292
0.03,11257
0.03,11248
0.03,11202
0.03,11197
0.03,11101
0.03,11098
0.03,10907
0.03,10889
0.03,10842
0.03,10816
0.04,10776
0.04,10677
0.04,10672
0.04,10631
0.04,10604
0.04,10501
0.04,10443
0.04,10440
0.04,10384
0.05,10358
0.05,10298
0.05,10203
0.05,10090
0.05,10045
0.05,9948
0.05,9869
0.05,9858
0.05,9823
0.05,9817
0.05,9769
0.05,9683
0.05,9465
0.06,9443
0.06,9360
0.06,9356
0.06,9320
0.06,9279
0.06,9034
0.06,9005
0.07,8821
0.07,8819
0.07,8770
0.07,8714
0.07,8607
0.07,8572
0.08,8476
0.09,8423
0.09,8394
0.11,8322
0.39,8207
0.40,8097
0.40,8096
0.40,8091
0.40,7957
0.40,7952
0.40,7934
0.40,7913
0.40,7877
0.41,7872
0.44,7861
