0.00,28866
0.00,28520
0.00,28091
0.00,26211
0.11,25754
0.26,25407
0.26,25075
0.51,24899
0.51,23414
1.46,23281
1.51,22965
1.53,22526
1.53,22201
1.71,21371
1.71,21020
1.71,20753
1.83,20193
1.83,19895
1.83,19805
1.83,19599
1.98,18333
2.05,18186
2.06,17545
2.06,17495
2.06,16895
2.07,16774
2.23,16129
2.24,15713
2.24,15254
2.24,15115
2.24,14600
2.41,14359
2.42,14047
2.46,13738
2.47,13673
2.47,13648
2.47,13405
2.51,13344
2.51,12932
2.51,12847
2.51,12713
2.51,12328
2.52,12232
2.52,12007
2.54,11767
2.54,11563
2.54,11402
2.59,11184
2.59,11028
2.64,10983
2.64,10952
2.65,10803
2.71,10514
2.81,10392
2.81,10350
2.85,10286
2.86,10223
2.86,10153
2.91,10026
2.91,10004
2.91,9993
2.93,9935
2.94,9917
2.94,9793
2.95,9675
2.95,9629
2.96,9535
2.99,9448
3.05,9308
3.06,9293
3.07,9274
3.07,9165
3.17,9070
3.19,9013
3.19,8988
3.20,8963
3.21,8813
3.21,8665
3.22,8628
3.27,8592
3.27,8587
3.29,8360
3.30,8258
3.31,8195
3.37,8060
3.42,8031
3.43,8007
3.44,7988
3.47,7929
3.50,7887
3.52,7852
3.55,7849
3.58,7796
3.66,7781
3.72,7741
4.00,7722
4.35,7717
12.09,7708
97.49,7567
97.50,7565
97.67,7543
