0.00,24757
0.00,23315
0.82,22610
1.48,22304
1.48,22112
1.51,21293
1.65,20612
1.65,20254
1.65,20145
1.97,19526
1.97,19346
1.97,18832
2.02,18549
2.02,17470
2.11,16948
2.17,16669
2.19,16394
2.23,15796
2.23,15576
2.29,15353
2.30,15123
2.30,14990
2.30,14448
2.39,14312
2.39,14268
2.39,14001
2.41,13877
2.41,13794
2.41,13649
2.42,13319
2.42,13103
2.42,12954
2.42,12415
2.42,12120
2.60,11911
2.60,11510
2.61,11282
2.66,11076
2.68,10766
2.69,10627
2.76,10510
2.76,10407
2.77,10260
2.77,10020
2.79,9952
2.81,9818
2.82,9802
2.82,9693
2.91,9615
2.94,9439
2.95,9358
2.97,9267
2.98,9200
3.03,9083
3.04,8939
3.04,8893
3.18,8722
3.21,8708
3.29,8499
3.29,8436
3.36,8367
3.39,8347
3.40,8312
3.43,8245
3.44,8066
3.45,7939
3.47,7879
34.43,7823
34.44,7759
34.46,7665
34.47,7627
34.59,7590
34.72,7542
