0.00,29012
0.00,28926
0.00,28405
0.00,28385
0.00,28102
0.00,27945
0.00,27838
0.00,27831
0.00,27597
0.00,27064
0.00,27019
0.00,26199
0.00,26116
0.00,25953
0.00,25207
0.00,25166
0.00,25105
0.00,24893
0.00,24831
0.00,24580
0.00,24571
0.00,23899
0.00,23809
0.00,23804
0.01,23755
0.01,23610
0.01,22266
0.01,22214
0.01,21954
0.01,21801
0.01,21750
0.01,21715
0.01,21362
0.01,21280
0.01,21228
0.01,21208
0.01,20581
0.01,20470
0.01,19621
0.01,19426
0.01,19167
0.01,18630
0.01,18302
0.01,17625
0.01,16825
0.01,16737
0.01,16334
0.01,16282
0.01,15310
0.02,15254
0.02,15187
0.02,14893
0.02,14705
0.02,14217
0.02,14208
0.03,14126
0.03,13822
0.03,13811
0.03,13806
0.03,13803
0.03,13790
0.03,13466
0.03,13439
0.03,13315
0.03,13244
0.03,13091
0.03,13084
0.03,12853
0.03,12815
0.03,12185
0.03,12058
0.03,11913
0.03,11848
0.03,11834
0.03,11709
0.03,11700
0.04,11685
0.04,11650
0.04,11626
0.04,11460
0.04,11423
0.04,11377
0.04,11134
0.04,11133
0.04,10483
0.04,10407
0.04,9685
0.04,9658
0.04,9546
0.04,9281
0.05,9258
0.05,9133
0.05,9126
0.06,8826
0.07,8731
0.07,8692
0.07,8302
0.07,8242
0.07,8207
0.07,8205
0.07,8196
0.07,8159
0.08,8148
0.08,8143
0.09,8123
0.09,8044
0.12,8034
0.13,7881
276.99,7875
277.02,7851
277.02,7786
