0.00,30658
0.00,29690
0.00,29166
0.00,28534
0.01,28123
0.01,27826
0.01,27706
0.01,27282
0.01,25695
0.02,25154
0.13,24343
0.93,23858
0.93,22244
1.65,20898
1.73,20835
1.74,20502
1.98,20235
2.03,20155
2.05,19493
2.05,19316
2.08,19219
2.08,18809
2.08,18538
2.08,18446
2.08,18193
2.12,17370
2.12,17301
2.12,16867
2.13,16684
2.13,16411
2.13,16273
2.13,16229
2.20,16147
2.20,15919
2.20,15623
2.20,15444
2.21,15209
2.21,14835
2.21,14605
2.28,14433
2.29,14298
2.29,13662
2.29,13626
2.31,13090
2.31,12926
2.52,12475
2.54,12155
2.55,11959
2.55,11926
2.60,11792
2.62,11746
2.62,11659
2.64,11312
2.66,10965
2.66,10715
2.66,10538
2.77,10417
2.77,10063
2.78,9917
2.78,9677
2.79,9602
2.80,9587
2.80,9576
2.86,9541
2.94,9390
2.95,9357
2.96,9338
2.96,9256
3.03,9222
3.04,9160
3.04,9110
3.05,9051
3.05,8826
3.06,8466
3.07,8396
3.15,8300
3.16,8197
3.17,8148
3.21,8106
3.22,8062
3.24,8003
3.34,7923
3.37,7871
3.59,7834
3.95,7830
19.24,7819
19.28,7751
83.91,7701
83.98,7681
84.04,7676
84.36,7673
84.44,7543
