0.00,28098
0.00,27941
0.00,27251
0.00,26970
0.01,26036
0.10,25904
0.10,25676
0.25,24444
1.25,24130
1.25,24018
1.25,22635
1.25,22428
1.25,22317
1.25,22051
1.25,21781
1.71,21547
1.71,20956
1.98,20326
1.98,19903
1.98,19784
2.05,19536
2.06,18187
2.07,17462
2.07,17416
2.19,17334
2.21,17162
2.28,16961
2.30,16825
2.31,16615
2.31,15847
2.31,15251
2.31,14973
2.34,14928
2.35,14424
2.38,14291
2.38,13784
2.38,13567
2.38,13335
2.38,13198
2.40,13079
2.41,12617
2.57,12210
2.57,12140
2.58,12037
2.58,11926
2.58,11852
2.58,11572
2.67,11333
2.67,10953
2.67,10858
2.73,10713
2.76,10563
2.76,10550
2.76,10461
2.77,10334
2.82,10250
2.84,9886
2.85,9755
2.85,9696
2.88,9685
2.88,9603
2.93,9501
2.93,9413
3.03,9350
3.06,9205
3.06,8964
3.14,8931
3.15,8833
3.18,8740
3.18,8688
3.19,8586
3.21,8493
3.21,8432
3.29,8416
3.41,8334
3.45,8308
3.61,8249
3.61,8183
3.68,8156
3.72,8148
3.77,8116
3.81,8107
3.91,8100
4.39,8088
11.01,8073
11.03,8005
11.10,7965
11.10,7916
11.14,7856
11.21,7751
11.38,7716
11.46,7641
11.50,7618
11.55,7548
11.59,7542
