0.00,31196
0.00,30885
0.00,30737
0.00,30448
0.00,29611
0.00,29468
0.00,28687
0.00,28215
0.00,27733
0.00,27216
0.00,26309
0.00,25435
0.00,24840
0.00,24814
0.00,24506
0.00,24444
0.00,23784
0.00,23291
0.00,23152
0.00,21948
0.00,21809
0.00,21577
0.00,21453
0.00,21424
0.00,21243
0.00,21223
0.00,20445
0.02,20266
0.02,20140
0.02,20119
0.02,20096
0.02,20090
0.02,19695
0.02,19519
0.02,19456
0.02,19262
0.02,19087
0.02,18635
0.02,18586
0.02,18058
0.02,17356
0.02,17278
0.02,17172
0.02,16957
0.02,16921
0.02,16798
0.02,16725
0.02,16592
0.02,16534
0.02,16428
0.02,16204
0.02,16006
0.02,15770
0.02,15697
0.02,15581
0.02,15509
0.02,15381
0.02,15234
0.02,15222
0.02,14830
0.02,14762
0.02,14518
0.02,14341
0.02,13942
0.02,13884
0.02,13875
0.02,13801
0.02,13658
0.02,13599
0.02,13591
0.03,13588
0.03,13416
0.03,13353
0.03,13324
0.03,12913
0.03,12884
0.03,12759
0.03,12694
0.03,12483
0.03,12440
0.03,12397
0.03,12308
0.03,12260
0.03,12231
0.03,12191
0.03,12175
0.03,11998
0.03,11811
0.03,11737
0.03,11710
0.03,11653
0.03,11590
0.03,11585
0.03,11579
0.03,11299
0.03,11157
0.03,11006
0.03,11005
0.03,10885
0.03,10606
0.05,10457
0.05,10378
0.05,10369
0.05,10311
0.05,10122
0.05,10059
0.05,9761
0.06,9738
0.06,9665
0.06,9662
0.06,9472
0.06,9404
0.06,9373
0.08,9276
0.08,9249
0.08,9236
0.08,9138
0.08,9119
0.08,9011
0.08,8871
0.08,8781
0.09,8774
0.09,8577
0.11,8576
0.11,8571
0.12,8397
0.12,8380
0.14,8334
0.16,8230
0.16,8226
0.17,8197
0.17,8177
0.17,8166
