0.05,51438
0.05,51052
0.06,50647
0.06,50071
0.06,49988
0.06,49886
0.06,49459
0.06,48958
1.11,48427
1.51,48172
1.52,47977
1.52,47298
1.52,46618
1.52,45965
3.33,45778
3.33,45643
3.91,45546
3.91,45082
3.91,44702
3.91,44529
4.29,43898
4.29,43426
4.29,43231
4.29,42772
4.29,42514
4.30,42447
4.30,42193
4.30,41859
4.38,41678
4.56,41118
4.56,40221
4.56,40054
4.56,39498
4.61,39026
4.81,38727
4.81,37631
5.13,37485
5.14,37390
5.14,36999
5.14,36970
5.14,36523
5.14,36216
5.14,35730
5.29,35266
5.31,34993
5.31,34844
5.31,34673
5.31,34505
5.31,34316
5.31,34234
5.31,33941
5.32,33774
5.32,33629
5.32,33490
5.32,33332
5.32,33246
5.33,32847
5.66,32262
5.66,32240
5.66,32149
5.66,31883
5.66,31814
5.67,31453
5.67,31354
5.67,31106
5.68,30917
5.68,30813
5.69,30444
5.69,30321
5.69,30240
5.75,30056
5.75,29997
5.76,29929
5.76,29799
5.76,29718
5.76,29611
5.76,29568
5.76,29472
5.77,29078
5.77,28896
5.77,28742
5.77,28342
5.77,28163
5.77,28080
5.79,28047
5.79,27552
5.80,27451
5.81,27375
5.81,27355
5.81,27287
5.82,27201
5.82,26507
6.07,26226
6.07,26104
6.09,26021
6.12,26007
6.13,25756
6.13,25683
6.13,25418
6.17,25092
6.17,24976
6.17,24865
6.18,24634
6.21,24411
6.23,23890
6.23,23710
6.29,23592
6.29,22988
6.38,22771
6.38,22456
6.40,22337
6.41,22185
6.41,21871
6.45,21717
6.45,21626
6.45,21495
6.45,21187
6.48,21121
6.48,20927
6.48,20682
6.48,20422
6.51,20167
6.51,20077
6.52,20011
6.53,19939
6.72,19749
6.73,19681
6.73,19632
6.73,19551
6.74,19186
6.74,18986
6.74,18883
6.75,18619
6.75,18607
6.76,18419
6.76,18280
6.77,18241
6.77,18172
6.78,17941
6.79,17923
6.79,17833
6.85,17741
6.85,17675
6.85,17546
6.87,17413
6.89,17301
6.89,17275
6.90,17226
6.90,17183
6.90,17108
6.91,16863
6.91,16785
6.91,16695
6.92,16486
6.92,16459
6.93,16371
6.99,16216
6.99,16128
7.00,15894
7.00,15756
7.01,15701
7.02,15450
7.03,15420
7.10,15338
7.10,15103
7.11,14972
7.11,14743
7.13,14693
7.16,14568
7.17,14548
7.19,14412
7.23,14371
7.30,14198
7.30,14164
7.34,13992
7.35,13979
7.36,13935
7.38,13898
7.40,13814
7.40,13642
7.41,13592
7.43,13589
7.43,13382
7.43,13324
7.44,13276
7.45,13172
7.46,13048
7.46,13017
7.47,12969
7.48,12907
7.49,12827
7.49,12789
7.50,12755
7.50,12703
7.51,12596
7.55,12546
7.56,12486
7.57,12405
7.58,12392
7.58,12278
7.59,12240
7.59,12193
7.60,11924
7.61,11838
7.62,11619
7.65,11576
7.67,11521
7.68,11492
7.68,11285
7.70,11147
7.70,11078
7.70,11027
7.71,10926
7.73,10832
7.77,10621
7.80,10551
7.84,10523
7.85,10505
7.87,10444
7.88,10331
7.92,10242
7.93,10169
7.94,10124
7.97,10103
8.01,10048
8.13,9973
8.13,9865
8.14,9816
8.15,9752
8.20,9665
8.21,9595
8.34,9415
8.34,9373
8.35,9285
8.39,9215
8.40,9176
8.41,9122
8.44,9086
8.61,9072
8.62,9056
8.67,9020
8.69,8944
8.72,8896
8.81,8831
8.85,8689
8.91,8628
8.93,8611
8.96,8569
9.18,8486
9.19,8457
9.25,8280
9.31,8274
9.34,8263
9.37,8217
9.38,8194
9.40,8053
9.45,7966
9.57,7943
9.58,7907
9.67,7861
9.82,7816
9.88,7694
10.07,7632
10.15,7629
10.21,7600
10.35,7545
10.50,7503
10.67,7493
10.77,7454
10.81,7442
10.90,7400
10.95,7389
11.53,7384
11.90,7379
12.06,7336
13.06,7324
14.08,7273
30.90,7212
31.25,7195
31.83,7050
32.22,7024
128.03,7003
133.77,6972
413.11,6948
413.34,6854
413.56,6753
414.21,6736
