0.01,54614
0.01,54258
0.01,53659
0.01,53003
0.01,52875
0.04,51902
0.04,51525
0.07,51132
0.08,50691
0.08,50086
0.08,49771
0.10,49379
0.57,48753
0.57,48595
0.61,48261
0.61,47834
1.58,47555
1.58,47225
1.58,46670
1.96,46405
2.50,46188
2.50,46034
3.05,45742
3.27,44901
3.27,44507
3.27,44032
3.28,43660
3.28,43542
3.28,42551
4.64,42409
4.64,41882
4.64,41769
4.64,41588
4.64,41081
4.64,40636
4.64,40373
4.64,39892
4.64,39483
4.66,39289
4.66,38957
4.66,38636
4.67,37819
4.91,37539
4.91,37157
4.92,37083
4.95,36333
4.95,36274
5.30,36028
5.30,35801
5.30,35333
5.45,34986
5.45,34761
5.45,34377
5.45,34175
5.45,33672
5.45,33562
5.55,33324
5.56,33077
5.56,32677
5.56,32541
5.56,32166
5.57,31430
5.58,31047
5.58,30869
5.58,30460
5.58,30274
5.58,30083
5.59,29780
5.59,29398
5.59,29384
5.60,29099
5.60,28725
5.96,28531
5.96,28283
5.97,28093
5.97,27930
5.97,27533
5.98,27445
5.99,27172
5.99,27060
5.99,26812
5.99,26485
6.00,26459
6.00,26316
6.02,26017
6.03,25831
6.03,25687
6.08,25144
6.10,25019
6.14,24650
6.14,24482
6.14,24410
6.15,24312
6.15,24075
6.15,23908
6.16,23786
6.23,23553
6.23,23129
6.23,23091
6.24,22832
6.24,22749
6.25,22688
6.25,22474
6.32,22199
6.35,21940
6.39,21636
6.45,21590
6.50,21314
6.53,21198
6.63,21154
6.63,20912
6.64,20636
6.65,20412
6.65,20368
6.65,20193
6.65,20004
6.66,19929
6.67,19772
6.68,19673
6.68,19334
6.69,19272
6.69,19174
6.74,18891
6.74,18859
6.74,18623
6.75,18456
6.76,18332
6.76,18257
6.77,18092
6.77,17926
6.79,17847
6.80,17488
6.82,17208
6.82,16841
6.82,16750
6.83,16653
7.10,16540
7.13,16522
7.15,16328
7.18,16153
7.19,15979
7.19,15771
7.19,15608
7.19,15542
7.19,15257
7.20,15115
7.20,14947
7.21,14816
7.21,14648
7.27,14504
7.28,14337
7.31,14258
7.31,14238
7.32,14132
7.32,14008
7.33,13917
7.40,13714
7.43,13625
7.46,13605
7.46,13415
7.50,13407
7.52,13390
7.53,13302
7.57,13231
7.57,13108
7.61,13092
7.63,13039
7.63,12832
7.64,12727
7.64,12708
7.65,12606
7.78,12509
7.79,12465
7.80,12393
7.83,12273
7.83,12249
7.84,12202
7.85,12146
7.86,12110
7.95,11993
7.95,11873
7.96,11831
7.98,11757
8.05,11735
8.05,11705
8.06,11694
8.07,11664
8.08,11621
8.09,11519
8.12,11387
8.12,11355
8.14,11285
8.16,11211
8.18,11154
8.19,11064
8.19,10965
8.20,10929
8.20,10882
8.22,10846
8.25,10719
8.26,10696
8.28,10579
8.29,10506
8.32,10447
8.37,10363
8.40,10310
8.41,10232
8.42,10159
8.43,10156
8.44,10047
8.47,9910
8.53,9892
8.54,9801
8.60,9752
8.61,9733
8.64,9587
8.65,9525
8.66,9512
8.67,9415
8.68,9370
8.70,9326
8.75,9245
8.79,9164
8.86,9116
8.88,9091
8.92,9003
8.93,8936
8.96,8879
8.99,8848
9.08,8803
9.13,8693
9.17,8616
9.18,8585
9.26,8531
9.29,8512
9.33,8461
9.35,8391
9.41,8364
9.42,8299
9.52,8223
9.60,8178
9.62,8140
9.88,8121
9.92,8097
10.03,8028
10.19,8020
10.21,7985
10.39,7926
10.40,7872
10.56,7822
10.59,7807
10.61,7725
10.67,7664
10.86,7602
10.89,7568
10.99,7527
11.68,7517
12.38,7449
13.10,7365
13.24,7352
13.61,7301
14.03,7266
14.80,7256
15.14,7221
31.63,7200
34.46,7192
34.88,7179
51.47,7163
51.80,7113
52.62,7073
71.55,7052
73.00,7025
74.75,7014
208.08,6931
469.40,6928
469.51,6918
469.73,6911
470.35,6806
472.47,6736
