0.00,55451
0.00,55272
0.00,55049
0.00,54578
0.00,54537
0.00,54468
0.00,54173
0.00,53956
0.00,53712
0.00,53641
0.00,53363
0.00,53216
0.00,52772
0.00,52755
0.00,52658
0.00,52375
0.00,52125
0.00,52109
0.00,51971
0.00,51808
0.01,51743
0.01,51596
0.01,51565
0.01,50877
0.01,50860
0.01,50586
0.01,50391
0.01,50142
0.01,49992
0.01,49347
0.01,49260
0.01,48904
0.01,48757
0.01,48635
0.01,48013
0.01,47961
0.01,47491
0.01,47328
0.01,46456
0.01,46344
0.01,46142
0.01,45997
0.01,45562
0.01,45492
0.01,45175
0.01,45048
0.01,44626
0.01,44525
0.01,44500
0.01,44241
0.01,44239
0.01,44059
0.01,43622
0.01,43515
0.01,43501
0.01,43439
0.01,43422
0.01,43068
0.02,43034
0.02,42660
0.02,42511
0.02,42127
0.02,42047
0.02,41538
0.02,41460
0.02,41265
0.02,41162
0.02,41108
0.02,40999
0.02,40974
0.02,40948
0.02,40611
0.02,40563
0.02,40482
0.02,40370
0.02,40349
0.02,40169
0.02,40150
0.03,40109
0.03,40078
0.05,40061
0.05,40055
0.06,40052
0.06,40037
0.06,39953
0.06,39919
0.06,39750
0.06,39698
0.06,39611
0.06,39550
0.06,39299
0.06,39298
0.06,39286
0.06,39204
0.06,39184
0.06,38906
0.06,38858
0.06,38726
0.07,38714
0.07,38702
0.09,38636
0.13,38619
0.13,38414
0.14,38398
0.14,38281
0.17,38265
0.17,38115
0.17,38102
0.18,37884
0.18,37847
0.18,37803
0.18,37643
0.18,37628
0.18,37610
0.18,37553
0.18,37539
0.19,37516
0.19,37327
0.19,37211
0.19,36698
0.19,36579
0.19,36565
0.19,36460
0.20,36410
0.20,36335
0.20,36136
0.20,36018
0.20,35638
0.20,35600
0.20,35571
0.20,35532
0.20,35522
0.20,35479
0.20,34860
0.20,34808
0.20,34672
0.21,34611
0.21,34603
0.21,34590
0.22,34453
0.22,34439
0.23,34388
0.23,34219
0.23,34091
0.23,34080
0.24,34012
0.24,33621
0.24,33442
0.24,33039
0.24,32898
0.24,32850
0.24,32617
0.24,32583
0.24,32418
0.24,32393
0.24,32049
0.24,31689
0.24,31618
0.24,31589
0.24,31408
0.25,31271
0.25,31076
0.25,31004
0.25,30901
0.25,30646
0.25,30456
0.25,30328
0.25,30225
0.25,30135
0.25,30123
0.25,30082
0.26,29814
0.26,29650
0.26,29642
0.26,29488
0.26,29431
0.26,29420
0.26,29299
0.26,29139
0.26,29109
0.26,29077
0.26,29029
0.26,29019
0.26,29001
0.26,28705
0.26,28627
0.27,28595
0.27,28579
0.27,28557
0.27,28267
0.27,28154
0.27,28051
0.27,27976
0.27,27669
0.27,27493
0.27,27421
0.27,27400
0.27,27301
0.28,27188
0.28,27085
0.28,26938
0.28,26931
0.28,26667
0.28,26627
0.28,26592
0.28,26481
0.28,26275
0.28,26203
0.28,25984
0.28,25863
0.29,25840
0.29,25678
0.31,25585
0.31,25572
0.31,25567
0.31,25549
0.32,25545
0.32,25319
0.32,25196
0.33,25173
0.33,24688
0.33,24666
0.33,24660
0.33,24626
0.34,24622
0.34,24416
0.34,24090
0.34,23941
0.34,23682
0.34,23679
0.34,23567
0.34,23429
0.34,22814
0.34,22641
0.34,22634
0.35,22584
0.35,22567
0.35,22433
0.35,22416
0.35,22344
0.35,22306
0.35,22232
0.35,22190
0.35,21943
0.35,21907
0.35,21821
0.35,21784
0.35,21329
0.36,21241
0.36,21001
0.36,20955
0.36,20953
0.37,20899
0.37,20860
0.37,20712
0.37,20677
0.37,20485
0.37,20420
0.37,20224
0.38,20205
0.38,20169
0.38,19976
0.38,19590
0.38,19485
0.38,19424
0.38,19075
0.38,19030
0.38,18829
0.38,18795
0.38,18680
0.38,18608
0.39,18583
0.39,18525
0.42,18485
0.42,18285
0.42,18268
0.42,18145
0.43,18120
0.43,18073
0.43,18024
0.44,17997
0.44,17972
0.44,17865
0.44,17851
0.44,17515
0.44,17514
0.44,17479
0.44,17469
0.44,17269
0.45,17254
0.45,17125
0.45,17052
0.45,17020
0.45,16941
0.45,16933
0.45,16561
0.46,16513
0.46,16490
0.46,16266
0.47,16221
0.47,16153
0.47,16106
0.47,15754
0.47,15721
0.47,15555
0.47,15441
0.47,15279
0.47,15119
0.47,14984
0.48,14966
0.48,14915
0.48,14866
0.48,14800
0.48,14778
0.48,14749
0.50,14706
0.50,14683
0.50,14607
0.51,14470
0.52,14455
0.56,14419
0.56,14346
0.56,14307
0.56,14243
0.56,14042
0.56,13881
0.56,13868
0.56,13820
0.57,13810
0.57,13737
0.57,13620
0.57,13573
0.57,13484
0.57,13467
0.58,13454
0.58,13373
0.58,13359
0.58,13332
0.59,13273
0.59,13252
0.59,13234
0.59,13213
0.59,13029
0.60,13012
0.60,12975
0.60,12922
0.60,12889
0.60,12737
0.60,12629
0.60,12619
0.61,12387
0.61,12340
0.61,12317
0.61,12225
0.61,12145
0.61,12117
0.61,12040
0.61,12037
0.62,12023
0.62,12020
0.62,11986
0.62,11953
0.62,11949
0.62,11941
0.62,11873
0.62,11858
0.63,11786
0.64,11668
0.64,11574
0.65,11546
0.65,11409
0.66,11390
0.66,11389
0.67,11352
0.67,11326
0.67,11270
0.67,11249
0.68,11246
0.68,11242
0.69,11209
0.69,11205
0.69,11144
0.69,11123
0.70,11104
0.70,11103
0.70,11097
0.70,11073
0.70,10999
0.72,10940
0.72,10903
0.73,10794
0.75,10778
0.75,10764
0.75,10750
0.75,10733
0.76,10697
0.77,10694
0.79,10634
0.79,10616
0.79,10540
0.82,10537
0.82,10410
0.82,10341
0.83,10319
0.83,10311
0.83,10286
0.84,10206
0.84,10188
0.85,10158
0.85,10079
0.85,10065
0.87,9996
0.88,9955
0.90,9947
0.90,9942
0.94,9905
0.99,9900
1.04,9867
1.04,9855
1.05,9806
1.09,9792
1.09,9782
1.11,9775
1.11,9755
1.16,9741
1.20,9733
1.20,9688
1.20,9682
1.21,9681
1.22,9680
1.22,9625
1.26,9597
1.26,9564
1.28,9561
1.29,9549
1.32,9466
1.34,9392
1.35,9373
1.36,9314
1.39,9282
1.39,9248
1.41,9232
1.41,9212
1.41,9166
1.41,9159
1.42,9156
1.42,9098
1.46,9081
1.46,9056
1.46,9040
1.47,9023
1.47,9013
1.49,8898
1.50,8886
1.51,8845
1.52,8801
1.54,8775
1.55,8774
1.57,8769
1.57,8737
1.59,8709
1.59,8679
1.60,8657
1.60,8630
1.60,8628
1.60,8528
1.61,8517
1.61,8457
1.64,8424
1.65,8374
1.66,8259
1.66,8209
1.68,8198
1.69,8176
1.69,8142
1.69,8138
1.70,8113
1.70,8105
1.73,8102
1.77,8081
1.85,8065
1.93,8059
1.93,8031
1.94,8011
1.94,7987
2.07,7965
2.07,7949
2.12,7899
2.16,7870
2.16,7853
2.16,7807
2.17,7794
2.26,7783
2.29,7763
2.43,7749
2.47,7740
2.47,7711
2.48,7695
2.49,7621
2.52,7618
2.53,7611
2.56,7605
3.12,7592
3.12,7568
3.13,7544
3.20,7543
3.21,7530
3.26,7507
3.31,7493
4.09,7489
4.90,7471
4.96,7460
13.13,7449
13.22,7447
13.22,7418
13.23,7415
13.25,7410
13.25,7408
13.26,7352
14.08,7302
26.50,7284
26.67,7275
54.07,7260
86.72,7206
122.69,7204
123.29,7199
163.37,7139
164.07,7132
164.08,7125
164.08,7109
203.62,7103
204.39,7075
