0.00,56310
0.00,55881
0.00,55513
0.01,55325
0.01,54564
0.01,54358
0.01,53832
0.01,53522
0.01,52754
0.01,52271
0.01,51686
0.02,51266
0.04,50876
0.04,50491
0.04,50018
0.04,49469
0.04,48980
0.05,48170
0.19,48028
2.04,47964
2.70,47725
2.71,47410
2.90,47125
3.22,46561
3.40,46526
3.77,46443
3.84,46147
3.84,46058
4.00,46029
4.12,45857
4.17,45441
4.17,45130
4.21,44931
4.21,44216
4.21,43636
4.21,43239
4.21,42630
4.62,42410
4.62,42129
4.62,41426
4.63,41009
4.64,40852
4.64,40821
4.64,40481
4.64,39845
4.64,39376
4.98,39316
5.09,38857
5.09,38770
5.09,38376
5.09,38071
5.18,37744
5.18,37035
5.21,36633
5.21,36508
5.21,36442
5.21,36268
5.22,36107
5.22,35843
5.22,35709
5.22,35599
5.22,35170
5.45,34997
5.46,34844
5.54,34486
5.54,34388
5.55,34245
5.65,33794
5.67,33588
5.88,33418
5.88,33076
5.88,33008
5.88,32816
5.88,32746
5.89,32646
5.89,32407
5.90,32319
5.90,32279
5.90,32077
5.91,31485
5.91,31340
5.92,31213
5.92,31079
5.92,30998
5.93,30663
5.93,30426
5.93,30262
5.93,30152
5.93,29045
5.93,28572
5.93,28465
6.12,28293
6.17,28180
6.18,28141
6.19,28048
6.19,27728
6.19,27598
6.19,27431
6.20,27387
6.20,27029
6.23,26821
6.23,26527
6.23,26232
6.23,26071
6.23,25933
6.23,25877
6.24,25740
6.33,25472
6.33,25189
6.34,25162
6.34,25034
6.34,24679
6.34,24565
6.35,24505
6.35,24327
6.36,24237
6.36,24150
6.36,24050
6.36,23825
6.37,23689
6.37,23371
6.38,23291
6.38,23243
6.39,23015
6.39,22829
6.40,22731
6.41,22616
6.41,22576
6.42,22472
6.42,22379
6.42,22204
6.42,21963
6.42,21876
6.44,21603
6.45,21400
6.45,21304
6.46,21244
6.66,20918
6.66,20868
6.69,20676
6.69,20581
6.72,20390
6.72,20202
6.72,20082
6.72,20008
6.73,19908
6.75,19845
6.76,19707
6.76,19441
6.77,19361
6.77,19286
6.77,19150
6.78,19050
6.78,18949
6.78,18885
6.82,18735
6.83,18674
6.84,18505
6.84,18426
6.84,18231
6.84,18050
6.85,18012
6.85,17762
6.86,17620
6.86,17498
6.87,17230
7.13,16969
7.13,16916
7.14,16906
7.15,16856
7.18,16745
7.21,16572
7.24,16473
7.26,16375
7.27,16213
7.28,16065
7.28,15767
7.33,15543
7.34,15297
7.35,15072
7.35,14896
7.36,14880
7.36,14849
7.47,14584
7.47,14485
7.47,14414
7.49,14317
7.52,14180
7.54,14043
7.55,13977
7.57,13967
7.58,13917
7.58,13776
7.59,13719
7.70,13690
7.70,13552
7.72,13471
7.73,13272
7.76,13197
7.78,13131
7.78,13070
7.78,13021
7.80,12942
7.81,12929
7.85,12759
7.87,12602
7.95,12490
7.96,12402
7.99,12367
8.00,12115
8.00,12100
8.01,12036
8.03,11873
8.06,11836
8.07,11783
8.07,11761
8.08,11723
8.09,11629
8.10,11549
8.16,11522
8.16,11466
8.20,11435
8.20,11307
8.21,11251
8.23,11178
8.27,11085
8.28,10983
8.31,10962
8.40,10839
8.41,10706
8.44,10694
8.45,10659
8.46,10492
8.48,10428
8.50,10335
8.51,10272
8.52,10187
8.53,10136
8.55,10106
8.57,10058
8.59,10009
8.65,9972
8.71,9884
8.73,9737
8.77,9687
8.79,9666
8.82,9654
8.85,9599
8.86,9576
8.89,9542
8.92,9486
8.94,9454
8.95,9390
8.97,9356
9.00,9319
9.01,9292
9.01,9199
9.05,9120
9.07,9069
9.09,9040
9.13,9021
9.14,8925
9.20,8891
9.22,8856
9.25,8799
9.37,8740
9.44,8707
9.46,8654
9.49,8619
9.55,8564
9.56,8553
9.58,8541
9.62,8472
9.68,8447
9.71,8391
9.72,8362
9.75,8342
9.80,8328
9.84,8291
9.90,8270
9.94,8224
9.97,8174
10.09,8088
10.26,8031
10.41,7992
10.55,7980
10.60,7959
10.63,7918
10.95,7893
11.04,7861
11.09,7846
11.20,7799
11.25,7765
11.33,7710
11.50,7680
11.67,7580
11.74,7549
11.87,7525
12.30,7447
12.42,7392
12.93,7342
13.16,7320
13.25,7285
14.27,7255
15.08,7204
33.30,7172
33.33,7137
33.40,7109
110.32,7015
111.07,6994
111.82,6958
112.59,6918
