0.00,51869
0.01,51516
0.01,51304
0.01,51189
0.01,50138
0.01,49847
0.01,49618
0.01,49235
0.01,49016
0.18,48884
0.69,48196
0.70,47920
2.51,47708
2.51,47540
2.51,47160
2.52,47043
3.12,46686
3.12,46167
3.48,45734
3.48,44567
3.50,44097
3.51,43317
3.51,42882
3.51,42735
3.51,42723
3.52,42535
3.52,42267
4.15,41818
4.31,41441
4.31,41185
4.51,41135
4.51,40983
4.51,40585
4.52,40282
4.52,39814
4.52,39547
4.53,39193
4.53,38845
4.53,38476
4.53,38173
4.53,37829
4.53,37774
4.53,37599
4.53,37304
4.97,37248
4.97,37152
4.97,36966
5.02,36944
5.02,36656
5.02,36455
5.05,35941
5.06,35543
5.06,35257
5.07,34810
5.07,34121
5.07,33545
5.07,33109
5.07,32636
5.18,32364
5.18,31988
5.19,30962
5.20,30689
5.20,30383
5.44,29775
5.47,29481
5.55,29354
5.55,29123
5.58,28847
5.58,28825
5.58,28686
5.72,28555
5.72,28025
5.72,27763
5.75,27468
5.75,27351
5.75,27153
5.75,27107
5.76,26883
5.76,26734
5.76,26633
5.76,26465
5.77,26267
5.77,26033
5.78,25473
5.78,25211
5.78,25096
5.89,24979
5.89,24927
5.90,24860
5.90,24793
5.90,24414
5.90,24065
5.90,23625
5.90,23580
5.91,23274
5.91,23150
5.96,23082
6.20,22921
6.20,22721
6.20,22633
6.21,22249
6.22,22139
6.22,21579
6.26,21391
6.27,21263
6.27,21098
6.28,21030
6.29,20965
6.29,20747
6.30,20522
6.36,20483
6.36,20153
6.37,20042
6.38,19857
6.38,19688
6.39,19479
6.44,19433
6.45,19323
6.45,19269
6.46,19083
6.47,18893
6.48,18717
6.48,18673
6.48,18333
6.48,18157
6.49,18128
6.49,17879
6.52,17710
6.52,17429
6.55,17288
6.55,17250
6.55,17161
6.56,16913
6.56,16839
6.56,16757
6.57,16716
6.58,16652
6.59,16600
6.68,16446
6.68,16188
6.76,16104
6.77,15805
6.77,15619
6.79,15424
6.80,15167
6.96,15030
6.97,14867
6.98,14749
6.99,14661
6.99,14580
7.00,14496
7.01,14343
7.01,14275
7.08,14195
7.09,14114
7.09,14079
7.09,14071
7.10,13806
7.10,13608
7.11,13559
7.12,13516
7.13,13431
7.14,13343
7.15,13137
7.15,13126
7.15,13036
7.16,12989
7.16,12970
7.18,12859
7.19,12759
7.19,12685
7.19,12654
7.22,12554
7.22,12382
7.23,12327
7.24,12195
7.28,12116
7.29,12055
7.29,11822
7.30,11798
7.37,11778
7.38,11659
7.39,11589
7.39,11507
7.41,11466
7.41,11423
7.42,11307
7.43,11299
7.44,11269
7.45,11209
7.46,11167
7.66,11133
7.67,11077
7.69,11032
7.70,10942
7.72,10858
7.73,10813
7.74,10762
7.78,10735
7.78,10505
7.79,10458
7.84,10391
7.87,10360
7.88,10329
7.91,10214
7.92,10077
7.95,9917
7.96,9878
8.00,9855
8.02,9769
8.05,9709
8.08,9674
8.10,9661
8.12,9622
8.17,9590
8.19,9558
8.21,9522
8.22,9430
8.26,9392
8.28,9377
8.31,9301
8.34,9257
8.41,9201
8.44,9117
8.51,9111
8.52,9031
8.52,8985
8.53,8935
8.57,8882
8.59,8814
8.66,8680
8.71,8497
8.73,8466
8.78,8417
8.83,8408
8.87,8368
8.89,8319
8.91,8299
8.94,8246
8.97,8226
9.01,8169
9.04,8129
9.11,8086
9.11,8028
9.15,7933
9.17,7845
9.35,7805
9.39,7758
9.40,7744
9.62,7708
9.68,7607
9.71,7516
9.97,7339
10.10,7327
10.14,7284
10.21,7276
10.35,7250
10.52,7234
10.64,7232
10.87,7213
10.92,7207
11.12,7149
11.41,7128
11.60,7047
12.24,7043
17.34,6995
129.88,6970
219.47,6962
256.73,6900
