0.00,52685
0.00,52212
0.00,51951
0.00,51760
0.00,51365
0.00,51058
0.00,50613
0.00,50194
0.00,49198
0.53,49004
1.30,48887
1.94,48768
2.01,48634
2.01,48377
2.01,48216
2.39,47978
2.58,47682
2.58,47423
2.58,47006
2.59,46674
2.74,45996
3.42,45945
3.42,45684
3.42,45304
3.43,44893
3.43,44817
3.43,44558
3.43,44250
3.61,43726
3.72,43283
4.04,42840
4.05,42745
4.05,42489
4.13,42354
4.14,42126
4.31,41929
4.34,41704
4.34,41598
4.34,41316
4.34,41198
4.40,41043
4.40,40720
4.56,40575
4.56,40325
4.57,39964
4.58,39628
4.59,39067
4.59,38824
4.59,38558
4.60,38409
4.61,38157
4.61,37910
4.61,37841
4.62,37788
4.62,37504
4.74,37183
4.74,36915
4.74,36556
4.74,36219
4.74,35868
4.75,35828
4.75,35265
4.75,35102
4.75,34895
5.01,34608
5.19,34289
5.20,34015
5.20,33659
5.21,33522
5.21,33347
5.21,33231
5.21,32779
5.21,31747
5.22,31510
5.22,31451
5.22,31339
5.22,31296
5.22,31203
5.22,31125
5.22,30874
5.22,30755
5.24,30537
5.28,30407
5.30,30034
5.30,29610
5.30,29578
5.30,29432
5.30,29251
5.30,29036
5.56,28801
5.57,28325
5.57,28116
5.58,27902
5.58,27851
5.58,27763
5.58,27575
5.59,27282
5.59,27077
5.63,26924
5.64,26407
5.64,26284
5.65,26206
5.65,25998
5.66,25685
5.71,25628
5.71,25397
5.72,25275
5.72,25025
5.72,24781
5.73,24750
5.79,24715
5.79,24615
5.80,24559
5.80,24103
5.82,23910
5.83,23771
5.83,23689
5.83,23573
5.83,23280
5.83,23109
5.84,23025
5.85,22994
5.85,22722
5.91,22619
5.92,22108
5.92,22050
5.92,22027
5.92,21393
5.93,21246
5.93,21046
5.94,20390
6.23,20234
6.24,19958
6.24,19533
6.24,19307
6.25,19238
6.25,19093
6.26,19026
6.26,18962
6.26,18842
6.27,18634
6.27,18600
6.27,18546
6.34,18484
6.35,18465
6.38,18443
6.56,18243
6.56,18161
6.57,18106
6.59,18020
6.59,17838
6.62,17800
6.62,17793
6.63,17632
6.63,17506
6.65,17427
6.65,17248
6.66,17164
6.66,16859
6.67,16626
6.67,16467
6.71,16389
6.81,16358
6.82,16259
6.82,16212
6.82,15858
6.83,15690
6.84,15674
6.84,15474
6.85,15311
6.85,15198
6.85,15161
6.86,15117
6.87,15015
6.87,14760
6.88,14534
6.88,14495
6.90,14407
6.90,14358
6.93,14247
6.94,14138
6.95,14091
6.95,13937
6.97,13885
7.00,13769
7.01,13594
7.02,13442
7.03,13331
7.04,13257
7.11,13139
7.12,13031
7.13,12901
7.14,12804
7.17,12601
7.18,12579
7.19,12463
7.20,12446
7.21,12370
7.32,12309
7.33,12028
7.34,11972
7.35,11956
7.39,11794
7.40,11729
7.41,11558
7.43,11528
7.45,11379
7.45,11253
7.45,11232
7.46,11153
7.47,11074
7.49,10909
7.50,10863
7.53,10798
7.55,10774
7.55,10711
7.57,10615
7.57,10595
7.57,10561
7.59,10533
7.59,10475
7.62,10469
7.65,10394
7.66,10365
7.67,10280
7.68,10152
7.69,10115
7.70,10081
7.78,10063
7.82,9892
7.83,9846
7.86,9824
7.88,9657
7.89,9596
7.92,9556
7.95,9525
7.95,9449
7.97,9436
8.01,9348
8.02,9280
8.06,9265
8.07,9241
8.08,9196
8.09,8911
8.11,8896
8.13,8846
8.15,8795
8.16,8728
8.19,8697
8.21,8641
8.27,8542
8.41,8494
8.45,8433
8.48,8423
8.51,8355
8.53,8281
8.54,8237
8.64,8199
8.69,8169
8.73,8101
8.82,7979
8.92,7966
8.96,7939
8.99,7835
9.03,7813
9.05,7757
9.09,7674
9.21,7633
9.33,7519
9.37,7507
9.45,7474
9.59,7392
9.71,7298
9.73,7289
9.84,7252
10.03,7165
10.24,7136
10.50,7116
10.53,7093
10.95,7054
12.44,7032
105.75,6966
106.10,6946
107.07,6828
