0.00,54572
0.00,54251
0.01,53859
0.03,53245
0.03,52707
0.03,52141
0.03,52044
0.03,51955
0.03,51478
0.10,51333
0.10,51141
0.11,50633
0.11,49738
0.11,49005
0.48,48632
0.48,48345
0.51,48276
1.08,47765
1.08,47499
1.08,46669
1.08,46379
1.08,46351
3.26,46322
3.50,46009
3.51,45653
3.52,45513
3.52,44944
3.63,44558
3.94,44123
3.94,44041
3.94,43521
4.09,43200
4.09,42810
4.17,42597
4.21,41992
4.21,41494
4.21,41252
4.21,41223
4.21,40259
4.21,39957
4.21,39711
4.22,39300
4.54,39091
4.55,38876
4.55,38559
4.81,38076
4.82,37648
4.82,37377
4.82,36866
4.82,36309
4.82,36112
4.83,35730
4.83,35407
5.07,35286
5.07,35133
5.07,34880
5.10,34744
5.12,34608
5.12,34330
5.12,34162
5.14,33932
5.14,33770
5.14,33525
5.15,33129
5.15,32810
5.15,32742
5.26,32336
5.26,32182
5.27,31821
5.27,31765
5.31,31438
5.32,31061
5.32,30870
5.33,30624
5.33,30449
5.39,30295
5.39,30131
5.39,29819
5.39,29537
5.39,29327
5.39,29104
5.40,28773
5.42,28490
5.42,28283
5.42,27906
5.73,27672
5.73,27622
5.73,27447
5.73,27164
5.74,27079
5.74,26843
5.90,26711
5.90,26361
5.91,26157
5.91,25983
5.91,25603
5.91,25424
5.91,25368
5.94,25105
5.95,25069
5.95,24917
5.95,24562
5.97,24509
5.97,24252
5.97,24131
5.97,23888
5.98,23673
5.99,23132
6.03,22552
6.07,22373
6.07,22320
6.11,21701
6.12,21426
6.12,21351
6.17,21289
6.17,21255
6.17,21115
6.18,20807
6.18,20674
6.19,20480
6.20,20077
6.20,19831
6.26,19471
6.27,19262
6.35,18977
6.36,18932
6.36,18714
6.38,18420
6.38,18329
6.41,18147
6.52,18086
6.57,18003
6.57,17968
6.57,17947
6.60,17610
6.61,17549
6.61,17416
6.61,17340
6.62,17234
6.62,17111
6.63,17046
6.63,16837
6.67,16733
6.68,16668
6.68,16648
6.68,16553
6.71,16313
6.72,16153
6.76,16115
6.77,16059
6.77,15833
6.80,15776
6.81,15648
6.81,15575
6.87,15544
6.96,15318
6.99,15203
7.01,15093
7.03,15064
7.03,14838
7.05,14737
7.06,14586
7.07,14362
7.07,14330
7.07,14071
7.08,13949
7.18,13879
7.19,13846
7.21,13682
7.23,13652
7.24,13623
7.25,13468
7.25,13404
7.27,13273
7.28,13150
7.31,13088
7.34,12940
7.34,12927
7.36,12772
7.37,12750
7.38,12680
7.39,12554
7.39,12192
7.42,12010
7.46,11952
7.47,11885
7.49,11818
7.50,11746
7.51,11652
7.51,11586
7.51,11555
7.53,11509
7.54,11430
7.57,11264
7.60,11204
7.63,11087
7.64,11070
7.64,11035
7.67,10962
7.68,10929
7.69,10882
7.70,10792
7.75,10758
7.77,10713
7.78,10694
7.83,10608
7.83,10560
7.84,10459
7.87,10357
8.16,10290
8.17,10191
8.18,10150
8.19,10064
8.20,10013
8.20,9993
8.26,9922
8.34,9820
8.38,9762
8.39,9574
8.41,9570
8.47,9556
8.48,9414
8.50,9397
8.51,9367
8.52,9277
8.58,9174
8.63,9130
8.68,9105
8.70,9043
8.73,9032
8.74,8978
8.78,8934
8.82,8905
8.84,8872
8.93,8845
8.97,8818
8.99,8782
9.03,8735
9.05,8692
9.05,8573
9.18,8542
9.24,8501
9.25,8472
9.29,8429
9.30,8375
9.36,8360
9.38,8253
9.58,8217
9.64,8187
9.68,8052
9.69,8027
9.72,8020
10.05,8015
10.17,7728
10.22,7705
10.45,7697
10.56,7679
11.06,7628
11.26,7575
11.67,7563
12.36,7519
12.59,7477
12.73,7406
52.01,7350
57.22,7332
66.25,7288
66.76,7246
68.22,7212
70.04,7204
105.76,7158
106.32,7144
107.73,7108
112.50,7074
183.06,7031
184.13,7005
186.84,6978
405.13,6924
