0.00,53770
0.00,53505
0.00,53476
0.00,53439
0.00,53340
0.00,53265
0.00,53197
0.00,53014
0.00,52718
0.00,52609
0.00,52499
0.00,52232
0.00,51613
0.00,51395
0.00,51107
0.00,51102
0.00,50753
0.01,50505
0.01,50321
0.01,50065
0.01,50018
0.01,49963
0.01,49877
0.01,49876
0.01,49866
0.01,49773
0.01,49768
0.01,49496
0.01,49193
0.01,48817
0.01,48625
0.01,48271
0.01,48031
0.01,47881
0.01,47735
0.01,47410
0.01,47092
0.01,46930
0.01,46695
0.01,46501
0.01,46418
0.01,46088
0.01,45730
0.01,45568
0.01,45373
0.01,45221
0.02,45199
0.02,44502
0.02,44417
0.02,44287
0.02,44245
0.02,44224
0.02,44193
0.02,44183
0.02,44014
0.02,44010
0.02,43980
0.02,43706
0.03,43638
0.03,43300
0.03,43087
0.03,43084
0.03,42431
0.03,42394
0.03,42389
0.03,42059
0.05,42012
0.05,41953
0.05,41863
0.05,41772
0.06,41619
0.06,41595
0.06,41566
0.07,41550
0.07,41483
0.07,41362
0.07,41249
0.07,41226
0.07,41217
0.07,41202
0.08,41184
0.08,41012
0.08,41009
0.08,40980
0.08,40978
0.08,40965
0.09,40960
0.09,40416
0.09,40397
0.09,40104
0.09,39958
0.09,39540
0.09,39423
0.09,39335
0.09,39040
0.10,38957
0.10,38701
0.10,38697
0.10,38154
0.12,38151
0.12,37999
0.13,37976
0.13,37694
0.13,37591
0.13,37501
0.13,37345
0.13,37342
0.13,37167
0.13,37040
0.13,36934
0.14,36924
0.14,36765
0.14,36753
0.15,36741
0.15,36581
0.15,36516
0.16,36509
0.16,36508
0.16,36496
0.16,36423
0.16,35755
0.17,35680
0.17,35255
0.17,35182
0.17,35129
0.17,34971
0.17,34539
0.18,34448
0.18,34371
0.18,34340
0.18,34240
0.18,34233
0.18,34203
0.18,34164
0.18,33929
0.18,33328
0.19,33017
0.19,32864
0.19,32780
0.19,32673
0.19,32404
0.19,32375
0.19,32326
0.19,32227
0.20,32170
0.20,32004
0.20,31745
0.20,31453
0.20,31306
0.20,31197
0.20,30710
0.20,30583
0.21,30396
0.21,30208
0.21,29558
0.21,29528
0.21,29254
0.21,29058
0.21,29027
0.21,29012
0.21,28852
0.21,28599
0.21,28413
0.22,28405
0.22,28283
0.22,28281
0.22,27950
0.22,27858
0.23,27788
0.23,27139
0.23,26963
0.23,26945
0.23,26890
0.23,26845
0.23,26690
0.23,26607
0.23,26417
0.24,26329
0.24,26280
0.24,26226
0.24,25742
0.24,25366
0.24,25074
0.24,24874
0.24,24860
0.24,24605
0.25,24575
0.25,24208
0.25,24174
0.25,24094
0.25,23975
0.25,23807
0.25,23753
0.25,23634
0.25,23410
0.25,23350
0.25,23260
0.26,23225
0.26,23136
0.26,23057
0.26,22922
0.26,22867
0.26,22560
0.26,22499
0.26,22487
0.26,22461
0.26,22453
0.26,22448
0.26,22446
0.26,22343
0.26,22234
0.26,22200
0.27,22192
0.27,22075
0.27,21900
0.27,21827
0.27,21815
0.27,21764
0.27,21432
0.27,21411
0.27,21159
0.27,21089
0.27,20845
0.27,20695
0.27,20610
0.27,20544
0.27,20390
0.27,20347
0.27,20340
0.27,20328
0.28,20085
0.28,20054
0.28,19919
0.28,19763
0.28,19611
0.28,19542
0.29,19415
0.29,19324
0.30,19296
0.34,19100
0.34,18996
0.34,18990
0.34,18680
0.34,18554
0.34,18542
0.34,18408
0.34,18381
0.34,18355
0.34,18054
0.34,17940
0.34,17922
0.34,17912
0.34,17757
0.34,17599
0.34,17567
0.35,17563
0.35,17256
0.35,17203
0.36,17112
0.36,17078
0.40,17024
0.40,17023
0.40,16936
0.44,16933
0.45,16868
0.45,16845
0.50,16840
0.50,16821
0.52,16796
0.52,16786
0.53,16723
0.53,16686
0.53,16400
0.53,16347
0.53,16051
0.55,16035
0.55,15840
0.55,15805
0.55,15657
0.57,15613
0.57,15580
0.57,15477
0.60,15457
0.61,15349
0.61,15348
0.61,15223
0.62,15187
0.62,15006
0.62,14988
0.62,14960
0.62,14915
0.64,14883
0.64,14853
0.64,14803
0.64,14721
0.64,14699
0.64,14652
0.66,14648
0.66,14634
0.67,14617
0.67,14608
0.67,14544
0.67,14462
0.69,14459
0.69,14129
0.70,14087
0.70,14046
0.70,13814
0.70,13796
0.70,13786
0.70,13626
0.70,13583
0.70,13506
0.71,13461
0.71,13046
0.71,13029
0.71,13014
0.71,12971
0.72,12952
0.73,12910
0.73,12859
0.73,12840
0.73,12806
0.74,12776
0.74,12721
0.74,12654
0.74,12588
0.74,12558
0.74,12441
0.75,12425
0.75,12405
0.75,12316
0.75,12289
0.75,12247
0.75,12217
0.77,12194
0.77,12158
0.78,12143
0.78,11970
0.78,11947
0.78,11825
0.78,11670
0.79,11577
0.79,11511
0.79,11491
0.79,11486
0.79,11193
0.79,11188
0.79,10979
0.79,10974
0.80,10966
0.80,10963
0.81,10909
0.81,10879
0.81,10783
0.81,10699
0.82,10680
0.82,10596
0.82,10561
0.82,10556
0.82,10539
0.82,10488
0.82,10356
0.83,10329
0.83,10301
0.83,10248
0.84,10240
0.84,10219
0.84,10186
0.84,10147
0.84,10134
0.84,9980
0.84,9970
0.84,9908
0.85,9843
0.85,9827
0.85,9774
0.85,9735
0.85,9707
0.85,9698
0.85,9644
0.85,9572
1.00,9563
1.00,9452
1.08,9422
1.09,9381
1.09,9371
1.09,9272
1.10,9249
1.11,9239
1.14,9226
1.16,9177
1.20,9114
1.24,9104
1.24,9082
1.29,9070
1.33,9051
1.33,9016
1.34,8902
1.34,8869
1.37,8867
1.37,8827
1.38,8761
1.39,8746
1.40,8687
1.41,8683
1.41,8678
1.41,8614
1.45,8595
1.46,8586
1.47,8518
1.48,8467
1.55,8460
1.55,8459
1.56,8437
1.59,8433
1.60,8421
1.60,8379
1.61,8362
1.62,8335
1.62,8330
1.62,8251
1.63,8247
1.63,8228
1.64,8202
1.64,8173
1.65,8166
1.65,8000
1.66,7950
1.67,7945
1.68,7888
1.69,7851
1.69,7782
1.70,7777
1.84,7724
1.86,7702
2.17,7585
2.21,7580
2.33,7569
2.36,7549
2.42,7537
2.43,7501
2.43,7494
2.44,7451
2.68,7434
12.80,7419
30.67,7396
30.93,7391
38.60,7386
38.68,7377
38.72,7345
56.87,7334
79.84,7282
80.59,7268
80.60,7252
81.46,7237
81.47,7230
117.52,7228
118.12,7178
161.11,7174
161.83,7157
204.29,7147
249.31,7140
250.15,7036
250.99,7022
296.65,6994
