0.00,52762
0.00,52741
0.00,52623
0.00,52259
0.00,51848
0.00,51763
0.00,51728
0.00,51693
0.00,51569
0.01,51514
0.01,50657
0.01,50488
0.02,50482
0.02,49767
0.02,49699
0.02,49597
0.02,49562
0.02,49533
0.03,49510
0.06,49507
0.06,49274
0.06,49245
0.06,49187
0.06,49029
0.06,48823
0.06,48688
0.06,48268
0.06,48177
0.06,48098
0.06,47926
0.06,47923
0.06,47493
0.07,47469
0.07,47063
0.08,46978
0.08,46785
0.09,46779
0.09,46751
0.09,46464
0.09,46430
0.09,46155
0.09,45650
0.09,45521
0.09,45510
0.09,44920
0.09,44614
0.09,44458
0.09,44057
0.09,43973
0.09,43958
0.09,43924
0.09,43886
0.09,43729
0.09,43651
0.09,43545
0.09,43522
0.09,43415
0.09,43218
0.09,43206
0.09,43104
0.09,42878
0.09,42836
0.09,42742
0.09,42733
0.09,42705
0.09,42693
0.09,42659
0.10,42644
0.10,42384
0.10,42361
0.10,42340
0.10,42213
0.10,42209
0.10,42101
0.10,42069
0.10,41795
0.10,41652
0.10,41344
0.10,41280
0.10,40856
0.10,40798
0.10,40673
0.10,40563
0.10,39924
0.10,39885
0.10,39552
0.10,39472
0.10,39346
0.11,39331
0.11,38567
0.11,38460
0.11,38437
0.11,38385
0.13,38080
0.13,37814
0.13,37710
0.13,37689
0.13,37573
0.13,37508
0.13,37343
0.13,37303
0.13,36785
0.14,36764
0.14,36106
0.16,35973
0.16,35939
0.16,35888
0.16,35793
0.16,35687
0.16,35549
0.16,35433
0.16,35430
0.16,35249
0.16,35194
0.16,35048
0.16,34992
0.16,34780
0.16,34741
0.16,34732
0.17,34639
0.17,34159
0.17,34108
0.17,33955
0.17,33850
0.17,33603
0.17,33496
0.17,33401
0.17,33384
0.17,33335
0.17,33292
0.17,33219
0.17,33133
0.17,32959
0.17,32550
0.17,32474
0.17,31793
0.17,31673
0.17,31592
0.17,31037
0.17,30995
0.17,30693
0.17,30558
0.17,30451
0.17,30177
0.17,30077
0.18,29954
0.18,29893
0.18,29831
0.18,29777
0.18,29354
0.18,29150
0.18,29138
0.18,29055
0.18,28823
0.18,28704
0.18,28484
0.18,28482
0.18,28475
0.18,28456
0.18,28399
0.18,28269
0.18,28107
0.18,27931
0.18,27880
0.18,27784
0.18,27733
0.19,27730
0.19,27525
0.19,27433
0.19,27135
0.20,27095
0.22,26993
0.22,26968
0.22,26855
0.23,26828
0.23,26722
0.25,26679
0.25,26641
0.25,26401
0.27,26336
0.28,26308
0.28,25982
0.28,25954
0.28,25922
0.28,25785
0.28,25734
0.28,25573
0.30,25570
0.30,25556
0.31,25523
0.31,25272
0.31,25251
0.31,25201
0.32,25133
0.34,25101
0.36,25066
0.38,24922
0.38,24807
0.38,24565
0.38,24523
0.38,24518
0.38,24336
0.38,24292
0.38,24245
0.38,24214
0.38,24167
0.39,24065
0.39,24033
0.39,24013
0.39,23687
0.39,23663
0.40,23652
0.40,23462
0.40,23457
0.41,23441
0.41,23419
0.41,23201
0.41,23134
0.41,22972
0.41,22851
0.41,22808
0.41,22724
0.41,22352
0.41,22197
0.41,21833
0.41,21754
0.41,21682
0.41,21338
0.41,21243
0.41,20846
0.42,20838
0.42,20615
0.42,20468
0.42,20441
0.42,20162
0.42,20086
0.42,20084
0.42,19758
0.42,19618
0.42,19516
0.42,19452
0.42,19390
0.46,19366
0.46,19262
0.46,19235
0.46,19215
0.47,19149
0.47,19015
0.47,18934
0.47,18905
0.47,18862
0.48,18849
0.48,18779
0.49,18770
0.49,18754
0.49,18662
0.49,18646
0.49,18645
0.50,18550
0.50,18534
0.50,18476
0.51,18471
0.51,18456
0.52,18449
0.52,18440
0.53,18436
0.53,18429
0.54,18404
0.54,18247
0.55,18193
0.55,18188
0.55,18132
0.55,18118
0.55,17940
0.55,17916
0.55,17858
0.55,17846
0.55,17749
0.55,17711
0.55,17680
0.55,17543
0.55,17398
0.56,17385
0.56,17373
0.56,17220
0.56,17203
0.56,17195
0.56,17114
0.57,16962
0.57,16928
0.57,16506
0.57,16488
0.57,16205
0.57,16191
0.57,16043
0.57,15984
0.57,15866
0.57,15768
0.58,15766
0.58,15720
0.61,15676
0.61,15666
0.61,15645
0.63,15608
0.63,15601
0.64,15596
0.64,15544
0.64,15537
0.64,15522
0.64,15475
0.64,15450
0.64,15430
0.64,15150
0.64,15090
0.65,15077
0.65,15059
0.65,14958
0.65,14919
0.65,14819
0.65,14716
0.65,14568
0.65,14546
0.65,14486
0.66,14469
0.66,14308
0.66,14297
0.66,14245
0.66,14201
0.68,14195
0.68,14154
0.68,14143
0.68,14080
0.68,14038
0.69,14031
0.69,14021
0.70,13976
0.70,13965
0.73,13847
0.73,13819
0.73,13737
0.74,13732
0.74,13726
0.74,13653
0.74,13648
0.74,13558
0.74,13410
0.74,13347
0.74,13204
0.75,13150
0.75,13131
0.75,13091
0.75,13025
0.75,13024
0.75,12952
0.75,12927
0.75,12913
0.76,12880
0.76,12820
0.76,12707
0.76,12675
0.77,12672
0.77,12504
0.77,12493
0.78,12484
0.78,12468
0.79,12412
0.80,12363
0.80,12347
0.80,12201
0.80,12108
0.80,12070
0.80,12000
0.80,11997
0.81,11968
0.81,11881
0.81,11832
0.81,11808
0.81,11625
0.82,11530
0.82,11527
0.83,11504
0.83,11466
0.83,11419
0.83,11324
0.83,11255
0.84,11230
0.84,11214
0.84,11207
0.84,11201
0.84,11176
0.84,11167
0.84,11154
0.84,11019
0.84,10982
0.84,10948
0.86,10917
0.88,10851
0.89,10642
0.90,10640
0.94,10611
0.95,10540
0.95,10536
0.95,10496
0.96,10436
0.97,10432
0.97,10409
0.98,10373
0.99,10330
1.03,10311
1.03,10276
1.04,10253
1.04,10250
1.04,10195
1.15,10172
1.19,10153
1.19,10099
1.22,10097
1.22,10040
1.23,9962
1.25,9961
1.27,9686
1.27,9659
1.27,9474
1.28,9456
1.28,9412
1.29,9399
1.29,9372
1.29,9352
1.30,9323
1.31,9303
1.33,9297
1.34,9255
1.37,9246
1.39,9245
1.39,9243
1.40,9162
1.40,9151
1.40,9111
1.43,9094
1.43,9063
1.44,9053
1.45,9029
1.45,8942
1.48,8903
1.48,8886
1.48,8884
1.48,8866
1.49,8815
1.56,8799
1.56,8784
1.57,8752
1.59,8742
1.61,8738
1.61,8696
1.61,8676
1.62,8638
1.62,8632
1.62,8626
1.62,8583
1.63,8552
1.63,8534
1.65,8481
1.65,8469
1.65,8465
1.65,8447
1.66,8446
1.66,8436
1.66,8435
1.67,8392
1.67,8381
1.72,8329
1.90,8326
1.96,8290
2.06,8268
2.07,8259
2.11,8234
2.15,8218
2.18,8206
2.19,8181
2.21,8165
2.29,8144
2.31,8135
2.31,8083
2.31,8055
2.33,8036
2.34,8016
2.37,7981
2.41,7970
2.41,7954
2.41,7884
2.41,7879
2.45,7852
2.45,7810
2.45,7777
2.48,7757
2.53,7743
2.72,7722
2.72,7708
2.74,7659
2.79,7651
2.99,7649
3.12,7644
3.12,7642
3.12,7567
3.13,7545
3.17,7530
3.23,7465
3.23,7422
3.24,7410
3.24,7401
3.24,7389
3.29,7374
3.29,7347
3.56,7338
3.60,7335
3.60,7334
4.05,7323
4.10,7301
14.90,7269
15.04,7263
15.04,7167
15.05,7158
26.92,7142
27.74,7138
27.74,7115
27.74,7112
55.45,7086
92.81,7084
134.46,7059
135.22,7039
135.22,7017
