0.01,53009
0.01,52607
0.02,52083
0.03,51883
0.03,51630
0.04,51181
0.04,50818
0.06,50561
0.06,50276
0.06,49410
0.06,48874
0.42,48043
0.42,47852
0.42,47341
2.71,47318
2.92,46603
3.02,46549
3.03,46386
3.03,46061
3.27,45829
3.27,45564
3.27,45286
3.28,44316
3.28,44143
3.94,43711
3.94,43318
3.96,43212
3.96,43039
3.96,42720
3.96,42634
3.99,42154
4.02,41730
4.42,41052
4.42,40968
4.42,40750
4.42,40462
4.43,39811
4.45,39242
4.72,38570
4.72,38195
4.72,37731
4.73,37155
4.73,36917
4.73,36641
4.83,36220
4.83,35998
4.83,35968
4.83,35697
4.84,35242
5.31,35110
5.31,34751
5.32,34647
5.32,34156
5.32,34023
5.32,33957
5.33,33473
5.34,33044
5.34,32438
5.48,32043
5.48,31951
5.48,31720
5.58,31380
5.72,31269
5.72,31230
5.73,31204
5.73,31142
5.73,30952
5.73,30779
5.75,30498
5.75,30348
5.75,30156
5.75,29901
5.76,29786
5.76,29289
5.76,29199
5.78,29111
5.82,28687
5.82,28621
5.82,28321
5.82,27971
5.82,27789
5.82,27617
5.83,27180
5.85,26695
5.86,26547
5.86,26337
5.86,25926
5.86,25832
5.87,25764
5.87,25658
5.87,25356
5.87,25270
5.87,25232
5.87,25227
5.88,25140
5.88,24973
5.89,24677
5.90,24177
5.90,23799
6.26,23588
6.27,23306
6.27,23135
6.28,23063
6.28,22937
6.29,22744
6.29,22372
6.30,22300
6.33,22223
6.37,22179
6.38,22115
6.38,22027
6.40,21997
6.40,21981
6.41,21849
6.41,21648
6.41,21597
6.42,21352
6.42,21242
6.43,20970
6.46,20828
6.47,20797
6.47,20497
6.48,20459
6.48,20277
6.49,20188
6.52,20143
6.52,19789
6.53,19689
6.53,19485
6.53,19460
6.54,19374
6.54,19329
6.61,19233
6.61,19192
6.61,19117
6.64,18802
6.65,18667
6.65,18516
6.66,18451
6.66,18357
6.68,18114
6.70,18026
6.70,17738
6.76,17698
6.78,17595
6.80,17479
6.81,17439
6.82,17281
6.82,17214
6.83,17049
6.83,16901
6.84,16845
6.99,16725
6.99,16516
7.11,16440
7.12,16403
7.31,16153
7.31,15852
7.32,15757
7.32,15698
7.34,15592
7.38,15566
7.40,15461
7.40,15154
7.41,15079
7.42,14952
7.43,14889
7.44,14820
7.45,14662
7.48,14515
7.48,14435
7.49,14228
7.50,14146
7.50,14028
7.51,13879
7.53,13810
7.53,13742
7.54,13650
7.54,13456
7.55,13419
7.55,13298
7.56,13227
7.58,13207
7.59,12790
7.59,12644
7.59,12598
7.60,12444
7.64,12406
7.65,12250
7.65,12192
7.65,12133
7.71,12094
7.77,11933
7.78,11915
7.80,11746
7.80,11658
7.80,11646
7.82,11573
7.83,11469
7.84,11393
7.87,11338
7.88,11205
7.88,11163
7.89,11094
7.92,11044
7.93,10884
7.95,10766
7.97,10662
7.98,10644
8.02,10630
8.05,10592
8.05,10508
8.10,10455
8.12,10408
8.12,10312
8.13,10293
8.21,10240
8.23,10202
8.28,10172
8.29,10040
8.40,9931
8.40,9885
8.41,9870
8.47,9860
8.52,9803
8.57,9743
8.60,9709
8.62,9690
8.66,9629
8.67,9534
8.72,9472
8.76,9460
8.76,9306
8.79,9189
8.79,9181
8.80,9172
8.80,9143
8.82,9137
8.90,9093
8.92,8995
8.93,8984
8.93,8949
8.97,8898
9.03,8877
9.04,8858
9.06,8794
9.09,8749
9.12,8681
9.16,8575
9.22,8495
9.24,8418
9.38,8357
9.42,8335
9.44,8288
9.61,8248
9.63,8239
9.75,8219
9.82,8206
9.83,8141
9.85,8043
10.01,8022
10.02,7935
10.04,7893
10.43,7871
10.50,7847
10.62,7805
10.69,7765
10.74,7705
10.91,7675
11.01,7645
11.07,7633
11.28,7616
11.34,7589
11.41,7563
11.49,7428
11.62,7410
11.65,7384
11.75,7345
12.29,7259
12.79,7257
13.24,7109
13.68,7080
14.18,7051
14.37,7027
15.93,7017
97.19,6986
100.97,6945
