0.00,52972
0.00,52821
0.01,52646
0.01,51487
0.01,51361
0.01,51043
0.01,50730
0.14,50084
0.14,49794
0.14,49734
0.14,49101
0.14,48717
0.32,48581
1.51,48524
1.51,48441
1.81,48009
1.81,46898
1.81,46841
3.02,46735
3.18,46493
3.22,46366
3.22,46277
3.22,45992
3.22,45837
3.22,45726
3.22,45157
3.36,44933
3.77,44417
3.78,44343
3.78,44111
3.78,43848
3.98,43529
3.98,42904
3.98,42582
4.30,42145
4.34,41978
4.35,41755
4.35,41372
4.51,41273
4.61,41230
4.62,40143
4.62,40037
4.62,39655
4.62,39085
4.62,39055
4.63,38699
4.63,38605
4.63,38401
4.63,38170
4.71,38142
4.72,37889
4.72,37730
4.72,37387
4.72,37166
4.96,37008
4.97,36795
5.00,36636
5.00,36361
5.00,35694
5.01,35435
5.05,35251
5.05,35030
5.05,34910
5.16,34461
5.16,33975
5.17,33355
5.31,33331
5.31,33051
5.32,32903
5.36,32676
5.37,32466
5.37,32049
5.37,31973
5.37,31929
5.37,31654
5.37,31572
5.46,31057
5.51,30926
5.52,30854
5.52,30515
5.53,30132
5.53,30120
5.54,29965
5.65,29552
5.73,29427
5.73,29061
5.73,28835
5.74,28435
5.74,28110
5.75,27707
5.75,27664
5.75,27443
5.75,27264
5.76,26824
5.76,26588
5.76,26545
5.77,26425
5.77,26176
5.78,25957
6.06,25918
6.06,25659
6.07,25564
6.07,25301
6.07,25106
6.07,25040
6.08,24722
6.09,24668
6.10,24535
6.11,24381
6.11,24139
6.11,23893
6.13,23768
6.15,23694
6.17,23679
6.17,23656
6.17,23574
6.18,23475
6.18,23233
6.21,23032
6.23,22780
6.28,22720
6.28,22693
6.29,22634
6.29,22535
6.29,22517
6.30,22259
6.30,21957
6.31,21864
6.31,21760
6.31,21663
6.32,21648
6.32,21391
6.33,21302
6.33,21031
6.33,20729
6.34,20566
6.36,20463
6.41,20189
6.42,20161
6.42,19961
6.42,19715
6.43,19614
6.44,19485
6.46,19468
6.48,19227
6.48,19220
6.48,19065
6.51,18869
6.53,18691
6.56,18498
6.57,18345
6.57,17985
6.60,17957
6.60,17798
6.60,17660
6.61,17613
6.61,17497
6.74,17167
6.77,17135
6.80,17052
6.82,17031
6.83,16881
6.85,16834
6.91,16816
6.92,16744
6.93,16525
7.01,16386
7.02,16169
7.02,16068
7.02,15950
7.08,15680
7.10,15557
7.11,15403
7.12,15369
7.12,14938
7.14,14832
7.16,14470
7.16,14365
7.24,14209
7.26,14129
7.28,13963
7.30,13783
7.31,13641
7.34,13589
7.45,13509
7.45,13466
7.47,13331
7.54,13235
7.54,13205
7.55,13108
7.55,13003
7.56,12817
7.57,12690
7.58,12680
7.61,12625
7.62,12554
7.63,12389
7.63,12376
7.66,12374
7.69,12333
7.70,12202
7.71,12175
7.74,12128
7.75,12084
7.76,12016
7.77,11984
7.79,11935
7.80,11803
7.81,11663
7.82,11428
7.91,11319
7.93,11278
7.95,11202
8.02,11105
8.04,10964
8.05,10925
8.06,10873
8.07,10842
8.16,10822
8.19,10716
8.19,10657
8.27,10633
8.30,10531
8.31,10418
8.37,10374
8.38,10247
8.43,10199
8.43,10142
8.45,10117
8.46,10059
8.53,9955
8.56,9888
8.57,9857
8.59,9661
8.64,9557
8.71,9428
8.74,9371
8.78,9322
8.84,9282
8.98,9244
9.00,9166
9.08,9151
9.17,9079
9.19,9070
9.20,9032
9.23,8968
9.25,8925
9.28,8913
9.30,8876
9.33,8839
9.39,8705
9.40,8688
9.44,8656
9.47,8641
9.47,8564
9.55,8512
9.59,8490
9.63,8483
9.71,8356
9.83,8247
9.90,8202
9.97,8094
10.08,8064
10.19,8037
10.26,8008
10.67,7973
10.68,7959
10.85,7937
11.00,7907
11.20,7904
11.31,7828
11.48,7797
11.69,7779
11.85,7654
11.99,7621
12.12,7609
12.52,7588
12.96,7565
13.04,7517
13.23,7460
13.67,7417
14.49,7375
14.83,7266
30.51,7192
31.55,7188
69.45,7108
70.06,7098
70.09,7062
70.61,6990
71.77,6967
76.61,6944
183.65,6939
188.95,6933
356.03,6911
