0.00,56626
0.00,56517
0.00,56410
0.00,56354
0.00,56258
0.00,55829
0.00,55825
0.00,55432
0.00,55372
0.00,55213
0.00,55149
0.00,54921
0.00,54868
0.00,54718
0.00,54640
0.00,54316
0.00,54190
0.00,53784
0.00,53670
0.00,53242
0.00,53096
0.00,52612
0.00,52518
0.00,52196
0.00,52179
0.00,51139
0.00,51080
0.00,50378
0.00,50330
0.00,50231
0.00,50162
0.00,50108
0.00,49858
0.00,49829
0.00,49814
0.00,49610
0.02,49437
0.04,49366
0.04,49340
0.04,49291
0.05,49287
0.05,49258
0.05,49250
0.05,49172
0.05,48950
0.05,48900
0.05,48392
0.05,48346
0.05,48176
0.05,47698
0.05,47689
0.05,47531
0.05,47263
0.05,47262
0.05,46626
0.05,46353
0.05,45682
0.05,45619
0.05,45300
0.07,45176
0.07,45103
0.07,45077
0.07,44874
0.08,44819
0.08,44518
0.08,44377
0.08,44110
0.08,44094
0.08,44092
0.08,43871
0.08,43176
0.08,43140
0.08,43127
0.08,42523
0.08,42333
0.08,42031
0.08,41936
0.08,41308
0.08,41201
0.08,41014
0.08,40827
0.08,40285
0.08,40244
0.08,40078
0.08,40020
0.10,39983
0.10,39773
0.10,39727
0.10,39656
0.10,39631
0.10,39616
0.10,39378
0.10,39346
0.10,39239
0.10,38917
0.10,38838
0.10,38265
0.10,38253
0.10,38190
0.10,38184
0.10,38081
0.10,38076
0.10,37746
0.10,37699
0.10,37408
0.10,37258
0.10,37231
0.10,36923
0.10,36901
0.10,36821
0.11,36710
0.11,36610
0.11,36522
0.11,35861
0.11,35749
0.13,35645
0.13,35642
0.13,35626
0.14,35598
0.14,35590
0.14,35455
0.14,35396
0.14,35205
0.14,34878
0.14,34406
0.14,34206
0.14,34122
0.14,34028
0.14,34010
0.14,33861
0.14,33636
0.16,33590
0.16,33392
0.18,33386
0.18,33380
0.19,33374
0.19,33302
0.19,33158
0.19,33060
0.19,32943
0.19,32867
0.19,32848
0.19,32379
0.19,32249
0.19,32129
0.19,32114
0.19,31878
0.19,31754
0.19,31748
0.19,31744
0.19,31731
0.19,31729
0.19,31680
0.19,31633
0.19,31632
0.19,31236
0.21,31118
0.21,31108
0.21,31093
0.21,31010
0.21,30915
0.21,30727
0.21,30702
0.21,30596
0.22,30530
0.22,30508
0.22,30439
0.22,30078
0.22,30062
0.22,30028
0.22,30013
0.22,29845
0.22,29701
0.22,29652
0.22,29492
0.22,29336
0.22,29321
0.22,29265
0.22,28940
0.24,28820
0.24,28779
0.24,28421
0.24,28365
0.24,27946
0.24,27846
0.24,27716
0.24,27659
0.24,27629
0.24,26889
0.24,26881
0.24,26731
0.24,26631
0.24,26462
0.24,26461
0.24,26344
0.24,26327
0.24,26267
0.24,26163
0.24,26022
0.24,25985
0.24,25694
0.24,25673
0.24,25616
0.24,25562
0.25,25535
0.25,25412
0.25,25345
0.25,25224
0.25,25223
0.25,25117
0.25,25113
0.25,25067
0.25,24909
0.25,24813
0.25,24668
0.25,24624
0.25,24546
0.25,24375
0.25,24340
0.25,24177
0.25,24159
0.25,24040
0.27,24027
0.27,23883
0.27,23847
0.27,23840
0.27,23685
0.27,23682
0.27,23549
0.27,23511
0.29,23286
0.29,23263
0.29,22911
0.29,22867
0.29,22790
0.29,22768
0.29,22644
0.29,22494
0.29,22462
0.29,22398
0.29,22378
0.29,22356
0.29,22115
0.30,22061
0.30,21725
0.30,21693
0.32,21623
0.32,21590
0.32,21517
0.39,21483
0.39,21371
0.39,21367
0.39,21365
0.41,21338
0.41,21328
0.41,21307
0.43,21300
0.46,21299
0.46,21262
0.47,21189
0.47,21117
0.47,20962
0.47,20926
0.47,20786
0.49,20774
0.49,20630
0.49,20599
0.49,20154
0.49,19945
0.49,19843
0.49,19444
0.49,19415
0.49,19213
0.49,19050
0.49,18838
0.49,18715
0.50,18646
0.50,18590
0.50,18071
0.50,18043
0.50,17927
0.50,17920
0.50,17750
0.50,17727
0.52,17710
0.54,17701
0.54,17692
0.54,17644
0.54,17417
0.54,17413
0.54,17396
0.54,17365
0.54,17243
0.54,17193
0.55,16930
0.55,16871
0.55,16826
0.55,16673
0.55,16669
0.55,16533
0.55,16433
0.55,16213
0.55,16210
0.55,16163
0.55,16144
0.55,16074
0.55,16039
0.57,15989
0.57,15980
0.57,15797
0.57,15771
0.57,15766
0.57,15711
0.58,15698
0.58,15660
0.58,15565
0.60,15548
0.60,15495
0.60,15474
0.60,15352
0.60,15337
0.61,15267
0.63,15266
0.63,15127
0.63,15114
0.64,15090
0.64,15002
0.64,14989
0.64,14795
0.66,14769
0.66,14727
0.66,14716
0.68,14700
0.68,14685
0.68,14573
0.68,14527
0.68,14453
0.68,14441
0.71,14419
0.72,14391
0.72,14258
0.72,14243
0.72,14178
0.74,14148
0.74,14131
0.74,14109
0.74,14033
0.74,14015
0.75,13986
0.75,13537
0.75,13531
0.75,13528
0.75,13499
0.75,13438
0.75,13356
0.77,13334
0.77,13322
0.77,13194
0.77,13109
0.77,13087
0.77,13064
0.77,12985
0.79,12907
0.79,12888
0.80,12857
0.80,12817
0.80,12753
0.80,12698
0.80,12678
0.80,12662
0.80,12616
0.82,12578
0.83,12553
0.83,12329
0.83,12306
0.83,12133
0.83,12115
0.85,12011
0.85,11979
0.85,11929
0.85,11916
0.85,11882
0.85,11663
0.85,11500
0.85,11378
0.85,11205
0.85,11156
0.85,11008
0.85,11003
0.85,10851
0.85,10820
0.85,10782
0.85,10640
0.86,10599
0.86,10569
0.86,10558
0.86,10547
0.86,10536
0.86,10489
0.86,10462
0.86,10417
0.86,10389
0.86,10361
0.86,10358
0.86,10288
0.88,10279
0.91,10271
0.97,10257
0.97,10196
1.03,10192
1.03,10127
1.04,10083
1.06,10073
1.06,10011
1.06,9995
1.12,9955
1.13,9911
1.18,9900
1.20,9758
1.31,9693
1.32,9661
1.36,9650
1.37,9638
1.37,9562
1.38,9554
1.38,9483
1.38,9406
1.39,9384
1.43,9340
1.43,9330
1.44,9323
1.44,9306
1.44,9262
1.45,8997
1.45,8895
1.45,8819
1.57,8815
1.64,8804
1.64,8803
1.65,8787
1.65,8770
1.65,8697
1.67,8688
1.67,8569
1.68,8544
1.68,8500
1.70,8420
1.70,8386
1.70,8327
1.70,8282
1.71,8256
1.71,8245
1.71,8187
1.72,8174
1.72,8126
1.81,8113
1.86,8075
1.87,8072
1.91,8051
1.93,8041
2.02,8017
2.02,8001
2.04,7982
2.08,7958
2.10,7908
2.14,7905
2.14,7898
2.15,7876
2.21,7845
2.22,7813
2.23,7790
2.24,7788
2.24,7784
2.24,7750
2.28,7729
2.54,7705
2.54,7681
2.89,7672
2.89,7666
2.91,7649
3.38,7638
3.38,7634
3.39,7633
3.39,7555
4.21,7551
5.02,7529
5.02,7439
12.77,7413
12.88,7401
12.90,7400
13.83,7390
34.38,7359
56.08,7331
56.39,7324
56.40,7243
87.62,7242
88.11,7205
93.46,7200
93.52,7196
93.53,7190
93.53,7173
128.61,7165
129.18,7117
170.66,7105
171.45,7063
171.45,6987
171.46,6985
171.46,6958
171.46,6949
216.21,6934
216.95,6909
