0.00,51538
0.00,51460
0.00,51234
0.00,50942
0.00,50734
0.00,49954
0.00,49765
0.00,49203
0.00,49081
0.00,48708
0.00,48680
0.00,47715
0.00,47709
0.00,47693
0.01,47679
0.01,47405
0.01,47176
0.01,46867
0.01,46865
0.01,46842
0.01,46585
0.01,46389
0.01,45950
0.01,45757
0.01,45252
0.01,45212
0.01,44815
0.01,44617
0.01,44032
0.01,43993
0.01,43932
0.01,43919
0.01,43864
0.01,43510
0.01,43499
0.01,43386
0.01,43222
0.01,43182
0.01,43121
0.01,42560
0.01,42444
0.01,42425
0.01,42065
0.01,42059
0.01,41814
0.01,41798
0.01,41797
0.01,41574
0.01,41515
0.01,41455
0.01,41203
0.01,41107
0.01,40822
0.01,40546
0.01,40515
0.02,40485
0.02,40287
0.02,40197
0.02,39942
0.02,39849
0.02,39782
0.02,39764
0.02,39739
0.03,39716
0.03,39630
0.03,39533
0.03,39371
0.03,39312
0.03,39300
0.04,39293
0.04,39175
0.05,39154
0.07,39049
0.07,38980
0.08,38966
0.08,38718
0.08,38689
0.09,38624
0.09,38616
0.09,38610
0.09,38455
0.09,38045
0.09,37990
0.09,37493
0.09,37125
0.09,37002
0.09,36873
0.09,36521
0.09,36493
0.09,36338
0.09,36272
0.09,35867
0.10,35754
0.10,35753
0.10,35730
0.10,35660
0.10,35153
0.10,34713
0.10,34706
0.10,34617
0.10,34442
0.10,34339
0.10,34185
0.10,34101
0.10,34068
0.10,33913
0.10,33721
0.10,33495
0.10,33260
0.11,33171
0.11,33148
0.11,33135
0.11,33099
0.11,33047
0.11,32962
0.11,32942
0.11,32700
0.11,32459
0.11,32457
0.11,32362
0.11,32161
0.11,31957
0.11,31651
0.11,31458
0.12,31455
0.12,31418
0.12,31405
0.12,31305
0.12,31216
0.12,31130
0.12,31097
0.12,30954
0.12,30953
0.12,30658
0.12,30627
0.12,30312
0.12,30271
0.12,30140
0.12,29988
0.12,29838
0.12,29693
0.12,29468
0.13,29418
0.13,29370
0.13,29320
0.13,29267
0.13,29141
0.13,28956
0.13,28705
0.13,28578
0.13,28557
0.15,28532
0.15,28478
0.15,28343
0.16,28339
0.16,27912
0.23,27743
0.23,27567
0.23,27551
0.23,27518
0.23,27358
0.23,27026
0.23,26907
0.23,26687
0.23,26618
0.23,26090
0.23,26089
0.23,26083
0.23,25891
0.23,25785
0.23,25780
0.23,25317
0.24,25228
0.24,25104
0.25,24999
0.25,24978
0.25,24939
0.25,24717
0.25,24388
0.25,24183
0.25,24097
0.25,24038
0.25,23642
0.26,23630
0.26,23531
0.26,23276
0.26,23263
0.27,23118
0.27,23110
0.27,22921
0.27,22917
0.27,22901
0.29,22855
0.29,22718
0.29,22692
0.30,22583
0.30,22528
0.30,22506
0.32,22353
0.32,22298
0.32,22229
0.32,22116
0.32,21977
0.32,21940
0.32,21827
0.32,21591
0.32,21558
0.32,21430
0.32,21354
0.33,21343
0.34,21300
0.34,21098
0.34,20929
0.34,20928
0.34,20848
0.35,20823
0.35,20788
0.37,20495
0.39,20476
0.39,20401
0.40,20380
0.40,20291
0.42,20228
0.42,20190
0.42,20069
0.43,19997
0.43,19764
0.43,19762
0.43,19739
0.46,19733
0.47,19708
0.51,19665
0.51,19617
0.51,19572
0.51,19388
0.53,19373
0.53,19366
0.53,19351
0.53,19329
0.53,19324
0.54,19315
0.54,19281
0.54,19256
0.54,18932
0.54,18909
0.54,18847
0.54,18822
0.54,18746
0.55,18704
0.55,18651
0.55,18602
0.55,18489
0.55,18373
0.55,18361
0.55,18173
0.55,17911
0.55,17907
0.55,17499
0.56,17466
0.56,17251
0.56,17234
0.56,17199
0.56,17197
0.56,16912
0.56,16854
0.57,16823
0.57,16789
0.57,16702
0.57,16413
0.57,16096
0.58,16035
0.58,16014
0.58,15940
0.58,15931
0.58,15687
0.58,15633
0.58,15625
0.58,15612
0.58,15244
0.58,15146
0.58,15067
0.58,15014
0.60,14627
0.60,14604
0.60,14532
0.61,14494
0.61,14482
0.61,14474
0.61,14409
0.61,14385
0.61,14333
0.63,14219
0.63,14215
0.63,14214
0.63,14213
0.65,14094
0.65,14070
0.65,14007
0.66,14006
0.66,13923
0.66,13857
0.66,13711
0.66,13656
0.66,13622
0.66,13613
0.66,13590
0.66,13570
0.66,13537
0.66,13502
0.66,13459
0.66,13428
0.67,13329
0.67,13275
0.67,13273
0.67,13245
0.67,13208
0.67,12884
0.67,12793
0.68,12764
0.68,12762
0.68,12677
0.68,12655
0.68,12593
0.68,12567
0.68,12552
0.69,12394
0.69,12390
0.69,12385
0.69,12360
0.69,12351
0.69,12247
0.69,12216
0.70,12215
0.70,12202
0.70,12147
0.70,12138
0.70,12053
0.72,12050
0.72,11859
0.72,11748
0.72,11694
0.72,11666
0.72,11598
0.72,11584
0.72,11371
0.73,11325
0.73,11291
0.73,11287
0.73,11257
0.74,11252
0.74,11231
0.74,11221
0.74,11191
0.75,11180
0.77,11125
0.78,11119
0.78,11068
0.78,11022
0.78,10878
0.78,10868
0.78,10835
0.79,10772
0.79,10770
0.79,10723
0.80,10701
0.80,10635
0.80,10620
0.80,10573
0.80,10501
0.80,10455
0.81,10452
0.82,10320
0.82,10307
0.83,10302
0.83,10260
0.83,10231
0.83,10205
0.83,10193
0.83,10184
0.83,10182
0.85,10175
0.86,10066
0.89,10062
0.89,9962
0.89,9835
0.92,9782
0.93,9755
0.97,9662
0.98,9635
0.98,9597
1.01,9595
1.01,9582
1.06,9567
1.07,9563
1.14,9542
1.15,9518
1.16,9481
1.16,9344
1.16,9327
1.17,9305
1.17,9297
1.22,9271
1.32,9256
1.32,9242
1.38,9235
1.38,9195
1.39,9149
1.43,9139
1.43,9090
1.44,9049
1.45,9048
1.45,9033
1.45,8973
1.47,8968
1.51,8908
1.54,8905
1.54,8894
1.54,8860
1.55,8847
1.55,8828
1.57,8804
1.57,8761
1.57,8747
1.57,8741
1.57,8656
1.58,8592
1.58,8587
1.58,8584
1.58,8461
1.59,8437
1.60,8408
1.60,8395
1.61,8367
1.63,8356
1.63,8338
1.63,8335
1.63,8333
1.63,8249
1.64,8246
1.65,8244
1.65,8239
1.66,8230
1.67,8204
1.71,8179
1.77,8167
1.81,8143
1.81,8118
1.84,8104
1.89,8083
1.89,8082
1.89,8067
1.94,8063
2.02,8045
2.05,8011
2.08,7993
2.09,7965
2.10,7955
2.13,7944
2.15,7897
2.16,7883
2.18,7855
2.38,7818
2.43,7744
2.43,7732
2.45,7705
2.45,7695
2.47,7684
2.47,7619
2.47,7546
2.49,7518
2.50,7488
2.65,7484
2.66,7471
2.72,7444
2.73,7435
2.74,7424
2.91,7404
2.94,7401
3.00,7394
3.25,7373
3.27,7366
3.53,7333
13.10,7274
13.24,7248
37.25,7245
74.28,7189
116.05,7184
116.82,7172
164.20,7144
212.65,7133
213.62,7115
260.48,7078
261.44,7064
308.84,7063
309.79,7032
