0.00,53576
0.00,53397
0.00,53303
0.00,53267
0.00,52683
0.00,52526
0.00,51759
0.00,51584
0.00,51429
0.00,51242
0.00,51212
0.00,50892
0.00,50747
0.00,50359
0.00,50314
0.00,50033
0.00,50022
0.00,49630
0.00,49602
0.00,48982
0.00,48975
0.01,48957
0.01,48391
0.01,48377
0.01,48375
0.01,48315
0.01,48121
0.01,47719
0.01,47601
0.01,46756
0.01,46745
0.01,46270
0.01,46200
0.01,45582
0.01,45511
0.01,45402
0.01,45392
0.01,45274
0.02,45268
0.02,45227
0.02,45168
0.02,45088
0.02,44916
0.02,44779
0.02,44506
0.02,44103
0.02,43382
0.02,43129
0.02,42705
0.02,42606
0.02,42283
0.02,42133
0.02,41981
0.02,41793
0.02,41141
0.03,40954
0.03,40792
0.03,40634
0.03,40573
0.03,40482
0.03,40481
0.03,40479
0.03,40270
0.03,40228
0.03,40201
0.03,40200
0.03,40022
0.03,39971
0.03,39533
0.03,39521
0.03,39410
0.03,39306
0.03,39206
0.03,38557
0.03,38473
0.03,38249
0.03,38173
0.03,38168
0.04,38022
0.04,37974
0.04,37901
0.05,37827
0.05,37727
0.05,37676
0.05,37649
0.05,37475
0.05,37404
0.05,37221
0.05,36979
0.05,36802
0.05,36284
0.05,36152
0.05,36117
0.05,35933
0.05,35801
0.05,35728
0.05,35645
0.06,35609
0.06,35527
0.06,35369
0.06,35148
0.06,35146
0.06,35071
0.06,35032
0.06,34973
0.06,34944
0.06,34435
0.06,34428
0.07,34382
0.07,34378
0.07,34131
0.08,34098
0.08,34074
0.08,33354
0.08,33344
0.09,33251
0.09,32713
0.09,32671
0.09,32458
0.13,32437
0.14,32416
0.19,32400
0.19,32368
0.21,32314
0.21,32262
0.23,32246
0.23,31780
0.24,31626
0.24,31584
0.24,31522
0.24,31071
0.24,30920
0.24,30908
0.24,30834
0.24,30762
0.25,30578
0.25,30011
0.25,29959
0.25,29902
0.25,29879
0.25,29849
0.25,29797
0.25,29708
0.25,29697
0.25,29288
0.25,29112
0.25,28933
0.25,28818
0.25,28803
0.25,28767
0.25,28616
0.26,28457
0.26,28430
0.26,28290
0.26,28176
0.26,27926
0.26,27642
0.26,27207
0.26,27055
0.26,27036
0.26,26978
0.26,26852
0.26,26585
0.26,26492
0.26,26419
0.27,26366
0.27,26225
0.27,26141
0.27,26087
0.27,26007
0.28,25957
0.28,25912
0.28,25733
0.28,25436
0.28,25371
0.28,25262
0.28,25089
0.28,24925
0.28,24823
0.28,24622
0.28,24196
0.28,24141
0.28,23754
0.28,23734
0.28,23605
0.28,23587
0.28,23561
0.28,23068
0.29,22966
0.29,22965
0.29,22919
0.29,22882
0.29,22877
0.29,22708
0.29,22615
0.29,22594
0.29,22500
0.29,22235
0.30,22173
0.31,22164
0.31,22121
0.32,22040
0.32,21949
0.32,21883
0.32,21856
0.32,21255
0.34,21251
0.34,21151
0.34,21149
0.34,21101
0.34,21034
0.34,21015
0.34,20927
0.34,20819
0.34,20777
0.34,20509
0.34,20470
0.34,20375
0.35,20338
0.35,20253
0.35,20218
0.35,20197
0.35,20109
0.35,20085
0.35,19600
0.35,19526
0.36,19453
0.36,19240
0.36,19202
0.36,19117
0.37,19049
0.38,19031
0.39,19028
0.39,18985
0.41,18961
0.42,18904
0.43,18864
0.43,18842
0.43,18809
0.43,18744
0.43,18734
0.43,18688
0.43,18669
0.43,18635
0.45,18526
0.46,18454
0.46,18434
0.46,18258
0.46,18159
0.46,18002
0.46,17771
0.46,17577
0.46,17492
0.46,17487
0.46,17415
0.46,17354
0.46,17300
0.46,17185
0.49,17181
0.51,17178
0.51,17095
0.54,17058
0.54,17055
0.56,17050
0.56,16936
0.56,16877
0.56,16817
0.56,16814
0.57,16792
0.57,16594
0.57,16535
0.57,16424
0.57,16364
0.57,16028
0.58,15987
0.58,15964
0.58,15793
0.58,15572
0.58,15293
0.58,15156
0.58,14881
0.58,14778
0.58,14588
0.58,14410
0.58,14139
0.58,14079
0.58,13936
0.58,13893
0.58,13827
0.58,13705
0.58,13679
0.58,13573
0.60,13567
0.60,13505
0.60,13490
0.61,13440
0.61,13426
0.61,13396
0.62,13349
0.64,13292
0.64,13223
0.65,13169
0.65,13088
0.65,12980
0.65,12972
0.65,12839
0.65,12811
0.65,12740
0.65,12492
0.65,12393
0.66,12373
0.66,12290
0.66,12234
0.66,12162
0.68,12096
0.68,12087
0.68,12005
0.69,12003
0.69,11922
0.69,11864
0.69,11762
0.69,11747
0.69,11731
0.71,11643
0.71,11615
0.72,11514
0.72,11508
0.72,11350
0.72,11297
0.72,11269
0.72,11180
0.73,11172
0.73,11171
0.73,11113
0.74,11002
0.74,10995
0.74,10979
0.75,10806
0.76,10803
0.76,10744
0.76,10736
0.76,10723
0.77,10699
0.79,10591
0.79,10516
0.80,10363
0.81,10340
0.81,10271
0.82,10266
0.84,10232
0.84,10228
0.84,10153
0.84,10144
0.85,10079
0.85,10038
0.85,10003
0.85,9913
0.85,9890
0.85,9870
0.85,9791
0.85,9757
0.85,9632
0.85,9540
0.85,9523
0.85,9516
0.85,9468
0.85,9455
0.85,9417
0.87,9414
0.87,9403
0.87,9401
0.88,9371
0.96,9322
0.96,9312
0.97,9307
0.98,9291
0.99,9277
0.99,9275
1.09,9097
1.20,9088
1.24,9085
1.24,8961
1.28,8960
1.31,8922
1.31,8851
1.34,8848
1.35,8842
1.37,8832
1.43,8826
1.43,8812
1.44,8745
1.46,8744
1.47,8741
1.47,8717
1.48,8714
1.48,8658
1.53,8648
1.53,8643
1.54,8639
1.54,8560
1.54,8513
1.56,8508
1.58,8465
1.59,8392
1.63,8373
1.64,8370
1.65,8339
1.65,8322
1.65,8245
1.66,8229
1.67,8222
1.67,8191
1.69,8142
1.79,8062
1.82,8057
1.83,8046
2.08,8021
2.19,7991
2.19,7989
2.19,7940
2.20,7892
2.29,7860
2.32,7847
2.33,7826
2.35,7743
2.36,7731
2.46,7724
3.10,7709
3.14,7672
3.96,7662
4.77,7651
11.43,7647
11.52,7586
35.60,7579
35.93,7572
35.96,7557
35.96,7551
35.96,7547
35.97,7524
35.98,7522
56.12,7508
56.40,7501
56.40,7486
56.41,7469
82.76,7457
113.46,7406
113.94,7373
113.94,7359
148.03,7351
190.39,7339
232.94,7328
233.72,7318
277.01,7317
277.80,7311
277.82,7307
