0.00,54737
0.00,54544
0.00,54220
0.00,53367
0.00,53349
0.00,53297
0.00,53273
0.00,52921
0.01,52920
0.01,52081
0.01,52053
0.01,52048
0.01,52044
0.01,52001
0.01,50828
0.02,50812
0.02,50772
0.02,50730
0.02,50343
0.02,50301
0.02,49897
0.02,49887
0.02,49282
0.02,49261
0.02,48723
0.03,48625
0.04,48477
0.05,48429
0.05,48338
0.05,48304
0.05,47704
0.06,47702
0.06,47640
0.06,47606
0.07,47557
0.07,47251
0.07,47187
0.07,46844
0.07,46815
0.07,46577
0.07,46433
0.07,46418
0.07,46221
0.07,46218
0.07,46180
0.07,45999
0.07,45895
0.07,45891
0.07,45720
0.07,45707
0.07,45695
0.07,45526
0.07,45037
0.07,44816
0.07,44715
0.07,44451
0.08,44449
0.08,44347
0.08,44325
0.08,44265
0.08,44250
0.08,44247
0.08,44212
0.08,43990
0.08,43907
0.09,43802
0.09,43685
0.09,43368
0.09,43350
0.09,43262
0.09,43230
0.09,42549
0.09,42315
0.09,41691
0.09,41653
0.09,41318
0.09,41312
0.09,41306
0.09,41257
0.09,41235
0.09,41145
0.09,40973
0.09,40927
0.09,40839
0.09,40595
0.09,40574
0.09,40322
0.09,40258
0.10,40226
0.10,40150
0.10,40056
0.10,39633
0.10,39458
0.10,39270
0.10,38513
0.10,38245
0.10,38173
0.10,38052
0.11,37907
0.11,37876
0.11,37818
0.11,37650
0.11,37370
0.11,37369
0.11,37234
0.11,36912
0.11,36708
0.11,36691
0.11,36607
0.12,36591
0.12,36283
0.12,36201
0.12,36103
0.12,35823
0.12,35764
0.12,35672
0.12,35336
0.12,35119
0.12,35097
0.12,35032
0.12,34805
0.13,34690
0.13,34340
0.13,34265
0.13,34261
0.18,34260
0.18,33905
0.18,33878
0.18,33818
0.18,33745
0.19,33656
0.20,33651
0.20,33573
0.21,33550
0.21,33431
0.21,33258
0.22,33235
0.22,33210
0.22,33122
0.25,33105
0.27,33102
0.27,32794
0.28,32606
0.28,32443
0.28,32294
0.28,32241
0.28,32206
0.28,31598
0.28,31443
0.28,31401
0.28,31313
0.29,31279
0.29,31163
0.29,31151
0.29,31089
0.29,31042
0.29,30986
0.29,30948
0.29,30872
0.29,30803
0.29,30799
0.29,30394
0.30,30388
0.30,30362
0.31,30304
0.31,30235
0.31,30211
0.31,30183
0.32,30117
0.32,29937
0.32,29774
0.32,29626
0.32,29536
0.32,29348
0.32,28958
0.32,28827
0.32,28628
0.32,28458
0.32,28389
0.32,28263
0.32,28243
0.32,28110
0.32,28078
0.33,27585
0.33,27457
0.34,27303
0.34,27257
0.34,27140
0.34,26801
0.34,26771
0.34,26503
0.34,26465
0.34,26397
0.34,26386
0.35,26368
0.35,26288
0.35,26284
0.35,26179
0.35,26161
0.35,25997
0.35,25973
0.35,25250
0.35,25218
0.35,25139
0.35,25113
0.36,25055
0.36,24655
0.36,24594
0.36,24524
0.36,24510
0.36,24423
0.36,24338
0.36,24310
0.36,24264
0.36,24226
0.37,24163
0.37,24144
0.39,24117
0.40,24112
0.40,24062
0.40,24038
0.40,24024
0.40,23913
0.42,23853
0.44,23670
0.44,23350
0.45,23204
0.45,22980
0.45,22784
0.45,22776
0.45,22750
0.45,22740
0.45,22705
0.45,22657
0.45,22622
0.45,22610
0.46,22606
0.46,22420
0.46,22352
0.46,22303
0.46,22298
0.46,21931
0.46,21774
0.46,21773
0.46,21582
0.46,21560
0.46,21520
0.47,21519
0.47,21215
0.47,21163
0.48,21161
0.49,21145
0.49,20866
0.49,20837
0.49,20828
0.49,20321
0.49,20303
0.49,20207
0.49,20085
0.49,20032
0.49,19941
0.49,19894
0.49,19812
0.49,19599
0.49,19556
0.50,19306
0.50,19300
0.50,19092
0.51,19018
0.55,18983
0.55,18920
0.56,18784
0.56,18779
0.56,18723
0.57,18688
0.57,18654
0.57,18184
0.58,18083
0.58,18074
0.58,18029
0.59,17873
0.59,17868
0.59,17841
0.59,17759
0.59,17756
0.61,17753
0.61,17752
0.62,17746
0.62,17745
0.62,17680
0.62,17540
0.64,17408
0.64,17331
0.64,17268
0.64,17205
0.64,17204
0.64,17198
0.64,17162
0.64,16941
0.64,16913
0.64,16890
0.64,16821
0.64,16401
0.65,16267
0.65,16258
0.65,16246
0.65,16194
0.65,16109
0.65,16097
0.65,16070
0.65,15798
0.65,15756
0.65,15725
0.65,15358
0.66,15312
0.66,15083
0.66,15042
0.66,15025
0.66,15012
0.66,15000
0.66,14982
0.66,14886
0.66,14655
0.66,14599
0.66,14345
0.66,14316
0.67,14271
0.69,14224
0.69,14095
0.69,14013
0.69,13897
0.69,13850
0.69,13714
0.69,13683
0.69,13654
0.69,13652
0.69,13393
0.69,13392
0.69,13338
0.70,13289
0.70,13260
0.70,13229
0.70,13116
0.70,13112
0.70,12950
0.70,12661
0.70,12552
0.70,12550
0.70,12440
0.71,12419
0.71,12259
0.71,12154
0.71,12076
0.72,12031
0.72,12028
0.72,12024
0.73,11768
0.73,11766
0.73,11713
0.73,11649
0.73,11609
0.74,11539
0.74,11524
0.74,11447
0.75,11403
0.75,11317
0.75,11266
0.75,11221
0.75,11183
0.75,11159
0.75,11073
0.77,11038
0.77,11034
0.77,11012
0.77,10923
0.77,10869
0.77,10844
0.78,10795
0.78,10778
0.79,10474
0.80,10473
0.80,10464
0.80,10436
0.80,10425
0.80,10307
0.80,10254
0.81,10159
0.81,10151
0.82,10117
0.83,10112
0.83,10087
0.84,9933
0.84,9874
0.84,9864
0.90,9777
0.91,9757
1.00,9741
1.01,9731
1.01,9698
1.01,9663
1.01,9583
1.01,9575
1.01,9552
1.01,9514
1.04,9479
1.04,9470
1.05,9342
1.05,9267
1.05,9215
1.07,9198
1.07,9109
1.07,9061
1.07,9034
1.23,9022
1.24,8976
1.27,8965
1.32,8930
1.36,8897
1.37,8890
1.40,8879
1.43,8829
1.43,8767
1.44,8754
1.46,8746
1.49,8676
1.49,8637
1.51,8593
1.53,8557
1.53,8550
1.53,8541
1.54,8525
1.54,8500
1.55,8488
1.55,8486
1.55,8471
1.56,8449
1.61,8352
1.61,8347
1.64,8315
1.64,8297
1.64,8270
1.65,8231
1.65,8192
1.65,8138
1.65,8106
1.66,8104
1.69,8092
1.85,7992
1.87,7915
2.09,7910
2.09,7876
2.24,7839
2.25,7828
2.26,7822
2.28,7776
2.30,7767
2.30,7742
2.30,7695
2.34,7658
2.34,7617
2.36,7533
2.43,7521
2.46,7501
2.48,7472
2.49,7470
2.57,7469
2.58,7438
3.34,7426
3.40,7422
4.23,7412
14.82,7399
26.66,7383
26.77,7380
26.79,7326
26.85,7315
26.87,7313
26.88,7222
27.08,7195
27.08,7160
27.11,7125
27.14,7076
27.51,7073
27.96,7055
27.98,7052
27.98,7007
28.35,6997
67.79,6982
68.45,6957
113.40,6909
