0.00,51103
0.00,51042
0.00,50835
0.00,50698
0.00,50671
0.00,50587
0.00,50397
0.00,50209
0.00,49590
0.00,49424
0.00,48965
0.00,48963
0.00,48937
0.00,48905
0.00,48791
0.00,48611
0.00,48460
0.00,47925
0.01,47460
0.01,47317
0.01,47143
0.01,46742
0.01,46575
0.01,46232
0.01,46183
0.01,46155
0.01,46128
0.01,45932
0.01,45895
0.01,45708
0.01,45707
0.01,45700
0.01,45640
0.01,45486
0.01,44853
0.01,44746
0.01,44045
0.01,43926
0.01,43854
0.01,43733
0.01,43683
0.01,43651
0.01,43520
0.01,43210
0.01,42998
0.01,42870
0.01,42693
0.01,42617
0.01,42454
0.01,42266
0.01,42175
0.01,42091
0.01,41966
0.01,41847
0.01,41578
0.01,41559
0.01,41026
0.02,40860
0.02,40828
0.02,40566
0.02,40251
0.02,40009
0.02,39957
0.02,39745
0.02,39614
0.02,39546
0.02,39544
0.02,38747
0.03,38682
0.03,38653
0.04,38651
0.04,38569
0.04,38421
0.04,38393
0.05,38308
0.05,38300
0.05,37869
0.05,37764
0.05,37707
0.05,37677
0.05,37579
0.05,37557
0.05,37403
0.06,37389
0.06,37336
0.07,37298
0.07,37286
0.09,36974
0.10,36922
0.10,36862
0.10,36842
0.10,36827
0.10,36203
0.11,36196
0.11,35993
0.14,35726
0.14,35690
0.14,35545
0.14,35544
0.14,34943
0.14,34905
0.14,34131
0.14,34105
0.14,33904
0.14,33871
0.15,33844
0.15,33639
0.16,33359
0.16,33342
0.16,33280
0.16,33136
0.17,32734
0.17,32697
0.17,32677
0.17,32628
0.17,32587
0.18,32369
0.18,32304
0.18,32277
0.18,32076
0.18,31924
0.18,31787
0.18,31714
0.18,31538
0.18,31488
0.18,31170
0.18,30941
0.18,30915
0.18,30554
0.18,30469
0.18,30085
0.18,30025
0.18,29943
0.18,29898
0.18,29843
0.18,29834
0.18,29819
0.18,29783
0.19,29768
0.19,29666
0.19,29638
0.20,29630
0.20,29510
0.22,29498
0.22,29361
0.22,29337
0.22,29189
0.24,29178
0.24,29135
0.25,29091
0.26,29069
0.26,28894
0.27,28892
0.27,28810
0.28,28804
0.28,28379
0.28,28378
0.28,28258
0.29,28208
0.29,28132
0.29,28122
0.29,28120
0.29,28044
0.30,28029
0.30,27983
0.30,27915
0.30,27912
0.30,27645
0.30,27568
0.30,27549
0.30,27178
0.30,27120
0.30,27070
0.30,26757
0.30,26529
0.30,26297
0.30,26238
0.30,26217
0.31,26149
0.31,25974
0.31,25827
0.31,25742
0.31,25582
0.31,25194
0.31,25141
0.31,25005
0.31,24966
0.31,24852
0.31,24811
0.31,24418
0.31,24408
0.32,24328
0.32,24172
0.32,24070
0.32,24041
0.32,23980
0.32,23952
0.32,23764
0.32,23676
0.32,23578
0.32,23519
0.32,23376
0.32,23314
0.32,23159
0.32,22669
0.32,22556
0.32,22525
0.32,22396
0.32,22354
0.33,22300
0.33,22282
0.33,22108
0.33,21974
0.34,21945
0.35,21918
0.35,21826
0.36,21778
0.39,21708
0.40,21696
0.40,21608
0.41,21562
0.42,21426
0.42,21038
0.42,20757
0.43,20738
0.43,20571
0.44,20497
0.44,20466
0.45,20367
0.45,20345
0.45,20341
0.45,20307
0.45,20214
0.45,19780
0.45,19599
0.45,19142
0.45,19108
0.45,18926
0.46,18904
0.46,18788
0.47,18693
0.47,18682
0.48,18658
0.48,18600
0.48,18556
0.48,18473
0.48,18322
0.49,18302
0.49,18292
0.49,18189
0.49,18080
0.49,18037
0.49,17830
0.49,17793
0.49,17723
0.50,17655
0.50,17626
0.52,17610
0.53,17539
0.53,17128
0.54,16955
0.54,16948
0.54,16797
0.54,16778
0.54,16740
0.54,16658
0.54,16485
0.54,16456
0.54,16445
0.54,16384
0.54,16325
0.55,16259
0.55,16187
0.55,16125
0.55,16093
0.55,16005
0.55,15971
0.55,15826
0.55,15680
0.55,15585
0.55,15558
0.55,15470
0.55,15460
0.55,15287
0.55,15251
0.55,15155
0.55,15154
0.56,15140
0.56,15121
0.56,15061
0.58,15052
0.58,15018
0.62,14998
0.62,14959
0.62,14930
0.62,14874
0.62,14842
0.62,14736
0.62,14649
0.63,14637
0.63,14537
0.63,14431
0.63,14362
0.63,14332
0.63,14144
0.65,14139
0.65,14021
0.68,14007
0.68,13936
0.68,13883
0.69,13836
0.69,13725
0.69,13720
0.69,13653
0.69,13647
0.69,13524
0.69,13395
0.70,13391
0.71,13382
0.71,13344
0.71,13165
0.71,13131
0.73,13032
0.73,13020
0.74,12889
0.75,12811
0.75,12768
0.75,12736
0.75,12365
0.75,12333
0.75,12314
0.75,12296
0.75,12288
0.75,12283
0.76,12265
0.76,12262
0.76,12228
0.76,12169
0.76,12155
0.76,12014
0.76,11986
0.76,11981
0.76,11976
0.76,11960
0.76,11768
0.76,11736
0.76,11707
0.76,11678
0.76,11605
0.76,11449
0.77,11415
0.77,11367
0.78,11316
0.78,11253
0.78,11226
0.78,11167
0.78,11157
0.78,11120
0.79,11094
0.79,11084
0.79,11047
0.79,11037
0.79,10949
0.80,10856
0.80,10818
0.80,10776
0.80,10692
0.80,10690
0.80,10530
0.80,10517
0.80,10515
0.80,10498
0.80,10474
0.80,10465
0.80,10457
0.80,10447
0.81,10445
0.81,10397
0.81,10285
0.81,10178
0.81,10115
0.81,10107
0.82,10094
0.82,10050
0.82,10019
0.82,9941
0.82,9897
0.82,9818
0.82,9803
0.82,9743
0.83,9735
0.83,9712
0.84,9676
0.84,9659
0.84,9655
0.84,9614
0.88,9602
0.88,9563
0.89,9557
0.91,9554
0.92,9545
0.92,9533
1.00,9390
1.01,9379
1.05,9339
1.09,9312
1.13,9279
1.13,9221
1.13,9211
1.13,9173
1.15,9169
1.16,9120
1.22,9117
1.23,9096
1.23,9064
1.33,8999
1.33,8949
1.34,8901
1.35,8891
1.36,8890
1.37,8864
1.44,8752
1.44,8721
1.52,8720
1.52,8624
1.55,8600
1.55,8574
1.56,8560
1.57,8546
1.57,8479
1.61,8446
1.61,8401
1.61,8329
1.62,8310
1.62,8298
1.62,8291
1.63,8266
1.63,8255
1.63,8234
1.65,8222
1.66,8095
1.67,8093
1.67,8067
1.68,8058
1.68,7975
1.68,7970
1.68,7959
1.68,7943
1.97,7913
1.97,7912
2.04,7899
2.05,7852
2.05,7847
2.05,7813
2.06,7634
2.10,7604
2.10,7505
2.13,7502
2.13,7475
2.13,7468
2.14,7466
2.49,7415
2.50,7369
2.50,7293
2.55,7284
2.55,7251
2.55,7239
3.01,7232
3.34,7220
10.49,7167
10.60,7115
11.58,7111
33.66,7110
55.64,7068
93.06,7049
93.71,7048
94.58,7036
129.92,7016
171.10,6987
171.85,6978
171.85,6966
214.05,6964
214.86,6957
214.86,6913
