0.00,53810
0.01,52933
0.02,52683
0.03,52454
0.03,52116
0.04,51812
0.06,51505
0.08,51320
0.08,51110
0.09,51055
0.22,50777
0.22,50659
0.26,50257
0.27,49511
0.82,49434
1.17,48629
1.32,47651
1.78,47172
2.02,46907
2.32,46649
2.32,46285
3.54,45811
3.63,45752
3.63,45177
3.76,45065
3.76,44365
3.81,44049
3.94,43973
3.94,43852
3.95,43413
3.95,43230
3.95,43054
3.96,42930
4.14,42709
4.14,42557
4.14,42355
4.24,41707
4.24,41388
4.24,40982
4.51,40728
4.52,40477
4.52,40001
4.52,39812
4.52,39552
4.54,38750
4.54,38444
4.54,38112
4.59,37946
4.59,37517
4.60,37153
4.60,36881
4.60,36234
4.60,35916
4.90,35757
4.91,35532
4.91,35270
4.97,34727
4.97,34404
4.97,34185
4.98,34036
4.98,33744
4.99,33444
4.99,33265
5.30,32994
5.34,32584
5.34,32418
5.34,32220
5.34,32154
5.38,31947
5.38,31657
5.38,30905
5.38,30619
5.39,30533
5.39,30316
5.39,30044
5.40,29196
5.41,28890
5.41,28749
5.42,28424
5.42,28269
5.42,28204
5.53,27832
5.60,27608
5.61,27536
5.61,27183
5.62,27066
5.63,27032
5.63,26971
5.63,26882
5.64,26755
5.64,26646
5.64,26471
5.64,26105
5.71,25482
5.71,25380
5.72,25215
5.73,25048
5.76,24948
5.76,24769
5.84,24678
5.87,24264
5.88,24048
5.88,23920
5.88,23802
5.88,23476
5.88,23471
5.88,23421
5.89,23199
6.11,23087
6.12,23006
6.13,22795
6.13,22756
6.14,22641
6.14,22499
6.14,22316
6.14,21957
6.17,21820
6.23,21601
6.23,21379
6.25,21338
6.25,21189
6.25,21000
6.26,20805
6.29,20702
6.29,20576
6.29,20471
6.30,20361
6.31,20262
6.31,20120
6.31,20099
6.31,19939
6.32,19902
6.32,19622
6.32,19397
6.36,19037
6.37,18996
6.38,18653
6.38,18571
6.38,18430
6.39,18368
6.39,18346
6.39,18268
6.42,18180
6.42,17791
6.42,17690
6.43,17587
6.44,17557
6.45,17474
6.45,17415
6.46,17297
6.46,17226
6.46,17039
6.47,16853
6.48,16729
6.48,16619
6.52,16543
6.59,16531
6.60,16441
6.63,16341
6.63,16263
6.64,15802
6.64,15789
6.67,15647
6.69,15523
6.69,15339
6.73,15220
6.76,15188
6.76,15081
6.77,15058
6.77,14973
6.77,14922
6.77,14774
6.79,14653
6.79,14604
6.80,14572
6.81,14556
6.82,14450
6.83,14328
6.83,14231
6.84,14205
6.99,14007
7.00,13871
7.00,13773
7.02,13628
7.04,13566
7.06,13470
7.06,13390
7.07,13233
7.07,13199
7.07,13195
7.24,13066
7.25,13019
7.26,12925
7.28,12774
7.28,12739
7.29,12518
7.29,12479
7.32,12397
7.33,12334
7.33,12292
7.36,12217
7.36,12135
7.38,12072
7.51,11855
7.52,11802
7.53,11628
7.54,11550
7.55,11501
7.56,11460
7.56,11438
7.57,11386
7.58,11262
7.58,11240
7.59,11126
7.61,11072
7.62,10988
7.63,10975
7.64,10912
7.66,10843
7.66,10737
7.72,10673
7.72,10609
7.73,10563
7.74,10543
7.75,10352
7.80,10294
7.84,10245
7.85,10184
7.87,10063
8.05,9974
8.06,9958
8.08,9886
8.09,9798
8.10,9782
8.13,9765
8.15,9724
8.17,9671
8.18,9536
8.19,9461
8.22,9372
8.25,9333
8.26,9213
8.31,9151
8.33,9107
8.35,9087
8.42,9038
8.56,9023
8.71,8987
8.74,8888
8.75,8826
8.78,8748
8.87,8713
8.91,8708
8.94,8687
8.97,8640
9.06,8572
9.07,8495
9.10,8431
9.12,8403
9.16,8344
9.23,8254
9.29,8221
9.31,8188
9.41,8173
9.49,8127
9.50,8084
9.55,8068
9.57,8021
9.62,7981
9.66,7874
9.72,7807
9.81,7790
9.88,7724
9.93,7680
9.93,7657
9.99,7634
10.01,7588
10.07,7506
10.09,7489
10.19,7456
10.30,7405
10.32,7396
10.37,7370
10.87,7349
11.23,7303
11.45,7238
11.70,7219
11.84,7206
12.31,7204
13.07,7147
144.12,7135
144.67,7119
145.20,7061
145.48,7033
217.02,6942
217.12,6920
