0.00,50908
0.01,50500
0.19,50469
0.25,50140
0.29,49547
0.41,49225
0.55,48823
0.55,47903
0.55,47820
0.56,47552
0.56,47427
0.56,47144
3.13,46978
3.46,46216
3.46,45955
4.03,45744
4.03,45446
4.03,45092
4.03,44820
4.03,44468
4.03,43865
4.04,43775
4.41,43507
4.42,43221
4.42,42958
4.96,42800
4.96,42634
4.97,42281
4.97,41940
5.07,41851
5.12,41134
5.12,40625
5.12,40527
5.15,40476
5.25,40362
5.28,39694
5.28,39315
5.49,38646
5.49,37836
5.49,37584
5.49,37294
5.49,37006
5.49,36807
5.62,36122
5.63,35919
5.75,35520
5.75,35445
5.75,35025
5.83,34349
5.83,34081
5.84,33578
5.86,33441
6.01,33051
6.02,32909
6.02,32681
6.02,32463
6.04,32092
6.04,31894
6.05,31391
6.05,31099
6.05,31031
6.05,30886
6.06,30691
6.08,30293
6.10,30160
6.11,29716
6.11,29561
6.11,29269
6.11,28850
6.12,28416
6.43,28213
6.44,28146
6.55,28085
6.56,27652
6.56,27388
6.56,27173
6.57,26831
6.59,26697
6.63,26331
6.63,26213
6.63,25756
6.63,25415
6.70,25164
6.70,24971
6.71,24933
6.71,24709
6.71,24654
6.83,24407
6.83,24153
6.83,23670
6.84,23585
6.84,23393
6.85,23318
6.85,23210
6.96,22934
6.99,22670
6.99,22497
7.03,22349
7.03,22205
7.05,22126
7.05,22070
7.06,21848
7.07,21584
7.08,21540
7.08,21253
7.08,21022
7.13,20791
7.13,20718
7.15,20694
7.22,20561
7.23,20270
7.23,20224
7.24,19958
7.24,19764
7.25,19401
7.26,19253
7.26,19160
7.28,19102
7.31,18967
7.34,18884
7.35,18790
7.37,18665
7.42,18607
7.43,18574
7.49,18451
7.49,18409
7.50,18270
7.50,18109
7.51,17754
7.52,17733
7.53,17558
7.53,17401
7.53,17340
7.65,17304
7.72,17213
7.73,17096
7.73,17052
7.78,16891
7.79,16828
7.79,16789
7.79,16686
7.80,16560
7.80,16484
7.81,16261
7.85,16030
7.86,15993
7.86,15934
7.87,15849
7.88,15768
7.91,15688
7.91,15520
7.92,15428
7.97,15329
7.97,15236
7.97,15108
7.98,15037
7.98,14978
7.98,14870
8.06,14797
8.08,14716
8.08,14667
8.10,14615
8.12,14423
8.13,14264
8.14,14238
8.16,14206
8.18,14054
8.19,13930
8.20,13763
8.20,13631
8.23,13618
8.24,13442
8.27,13378
8.28,13213
8.28,13105
8.29,13002
8.29,12876
8.30,12848
8.30,12801
8.31,12750
8.33,12699
8.34,12654
8.35,12591
8.36,12569
8.37,12504
8.37,12498
8.41,12347
8.42,12309
8.48,12200
8.56,12117
8.59,11903
8.61,11797
8.63,11676
8.63,11554
8.70,11424
8.71,11390
8.71,11364
8.71,11317
8.73,11275
8.73,11175
8.75,10998
8.77,10916
8.87,10840
8.90,10696
8.95,10632
8.96,10614
8.99,10278
9.05,10265
9.05,10187
9.14,9936
9.14,9847
9.23,9807
9.26,9707
9.29,9612
9.38,9572
9.43,9465
9.45,9454
9.49,9420
9.53,9402
9.57,9383
9.57,9349
9.59,9296
9.62,9207
9.68,9189
9.70,9147
9.72,9137
9.74,9087
9.75,8995
9.78,8830
9.81,8740
9.84,8691
9.92,8645
9.98,8591
10.09,8462
10.11,8428
10.20,8389
10.23,8356
10.24,8335
10.32,8307
10.33,8275
10.37,8239
10.39,8217
10.46,8177
10.52,8136
10.67,8114
10.75,8106
10.95,8077
11.05,7826
11.08,7778
11.15,7757
11.27,7744
11.42,7663
11.71,7606
11.90,7595
12.02,7537
12.11,7484
12.33,7419
13.08,7379
13.92,7341
16.35,7326
57.80,7283
58.22,7240
76.26,7205
76.44,7152
76.56,7083
95.62,7034
95.73,6945
96.12,6891
98.30,6802
