0.00,52869
0.00,52061
0.00,51634
0.00,51612
0.00,51398
0.01,51274
0.01,51055
0.01,50713
0.01,50708
0.01,50461
0.02,50432
0.02,50025
0.02,49954
0.02,49502
0.02,49299
0.02,48679
0.02,48622
0.02,47874
0.04,47869
0.04,47722
0.04,47660
0.05,47625
0.05,47620
0.06,47598
0.07,47208
0.07,46819
0.07,46703
0.07,46521
0.07,46467
0.07,46408
0.07,46066
0.07,46031
0.07,45968
0.07,45956
0.07,45589
0.07,45555
0.07,45225
0.07,45086
0.07,45043
0.07,44567
0.08,44319
0.08,44281
0.08,44126
0.08,44049
0.08,43937
0.08,43751
0.08,43669
0.08,42785
0.08,42778
0.08,42190
0.08,42162
0.08,42056
0.08,41809
0.08,41721
0.08,41582
0.08,41566
0.08,41376
0.08,41039
0.08,41024
0.09,40943
0.09,40899
0.09,40798
0.09,40320
0.09,40045
0.09,39886
0.10,39868
0.10,39828
0.10,39751
0.10,39626
0.10,39586
0.10,39419
0.10,39090
0.10,38892
0.10,38525
0.10,38344
0.10,38167
0.10,37955
0.10,37754
0.10,37584
0.10,37274
0.10,37245
0.10,37234
0.10,37171
0.10,37133
0.10,37045
0.10,37039
0.10,37012
0.11,36857
0.11,36792
0.11,36496
0.11,36010
0.11,35705
0.11,35635
0.11,35306
0.11,35247
0.11,34981
0.11,34941
0.11,34556
0.11,34289
0.11,34062
0.11,34036
0.11,33579
0.11,33566
0.11,33564
0.11,33274
0.11,33134
0.11,33106
0.11,32895
0.11,32889
0.11,32765
0.11,32515
0.11,32350
0.11,32132
0.11,32062
0.11,32038
0.11,31937
0.12,31881
0.12,31746
0.12,31717
0.12,31699
0.12,31514
0.12,31447
0.12,31318
0.12,31118
0.12,31054
0.12,31004
0.12,30947
0.12,30916
0.12,30851
0.12,30238
0.12,30229
0.12,30093
0.12,30074
0.12,29973
0.12,29963
0.12,29686
0.12,29649
0.13,29643
0.13,29620
0.13,29551
0.13,29517
0.13,29422
0.13,29396
0.13,29011
0.13,28922
0.13,28800
0.13,28746
0.13,28680
0.13,28642
0.13,28636
0.14,28614
0.14,28508
0.14,28505
0.14,28444
0.14,28315
0.14,28291
0.14,28225
0.14,28167
0.14,28107
0.14,27961
0.14,27929
0.14,27685
0.14,27677
0.14,27597
0.15,27571
0.15,27505
0.15,27460
0.15,27355
0.15,27343
0.15,27281
0.15,27267
0.15,27163
0.15,27152
0.15,26864
0.15,26795
0.15,26784
0.16,26637
0.16,26596
0.16,26418
0.16,26341
0.16,26291
0.17,26224
0.17,26025
0.17,26014
0.17,26012
0.18,25980
0.18,25969
0.20,25950
0.20,25844
0.21,25841
0.21,25798
0.23,25727
0.24,25683
0.24,25669
0.25,25639
0.25,25524
0.25,25485
0.26,25463
0.26,25316
0.26,25304
0.26,25291
0.28,25282
0.28,25229
0.28,25175
0.29,25166
0.31,25124
0.31,25070
0.31,24987
0.32,24634
0.32,24629
0.32,24570
0.32,24460
0.32,24408
0.32,23995
0.32,23951
0.32,23865
0.32,23781
0.33,23697
0.33,23305
0.33,23300
0.33,23260
0.33,23146
0.33,23094
0.33,22988
0.33,22980
0.33,22926
0.33,22726
0.33,22660
0.34,22617
0.35,22539
0.38,22534
0.39,22463
0.41,22447
0.43,22419
0.43,22340
0.43,22089
0.43,21840
0.43,21812
0.43,21543
0.44,21499
0.44,21253
0.44,21177
0.44,21116
0.44,21046
0.44,20802
0.44,20600
0.44,20290
0.44,20284
0.44,20259
0.44,20171
0.44,20034
0.46,19998
0.46,19987
0.47,19972
0.47,19905
0.48,19797
0.48,19794
0.48,19777
0.48,19446
0.49,19410
0.49,19402
0.49,19239
0.49,19149
0.50,19098
0.50,19050
0.50,19025
0.50,18961
0.51,18894
0.51,18711
0.51,18589
0.51,18379
0.51,18272
0.51,18193
0.51,17921
0.51,17880
0.51,17667
0.51,17634
0.51,17589
0.51,17432
0.51,17427
0.51,17301
0.51,17287
0.51,17285
0.51,17148
0.51,17048
0.51,17034
0.51,16963
0.51,16868
0.52,16824
0.52,16805
0.53,16785
0.54,16763
0.54,16660
0.54,16651
0.54,16640
0.55,16607
0.55,16484
0.55,16467
0.55,16428
0.55,16312
0.55,16243
0.55,16195
0.56,16149
0.56,16140
0.56,16018
0.56,16017
0.56,15984
0.57,15959
0.60,15919
0.60,15910
0.60,15900
0.62,15899
0.65,15839
0.65,15826
0.65,15717
0.67,15700
0.67,15567
0.67,15529
0.67,15517
0.67,15459
0.67,15397
0.67,15252
0.68,15224
0.68,15116
0.68,15041
0.68,15039
0.68,14965
0.68,14626
0.68,14613
0.69,14543
0.69,14415
0.69,14324
0.69,14081
0.69,14048
0.69,13987
0.69,13861
0.69,13731
0.69,13451
0.69,13436
0.69,13282
0.70,13279
0.70,13271
0.70,13201
0.70,13094
0.70,13048
0.70,13040
0.70,12903
0.70,12786
0.70,12688
0.71,12641
0.71,12559
0.71,12375
0.71,12338
0.72,12331
0.74,12330
0.75,12306
0.75,12281
0.76,12115
0.76,12084
0.76,12048
0.76,11961
0.76,11945
0.77,11939
0.77,11926
0.77,11891
0.77,11851
0.77,11753
0.78,11682
0.78,11645
0.78,11540
0.78,11488
0.78,11469
0.78,11428
0.78,11399
0.78,11367
0.78,11363
0.79,11197
0.79,11074
0.79,11027
0.79,10994
0.79,10975
0.80,10899
0.80,10758
0.81,10757
0.81,10750
0.81,10702
0.81,10643
0.82,10612
0.82,10609
0.82,10556
0.83,10542
0.84,10461
0.87,10415
0.87,10305
0.87,10275
0.87,10261
0.94,10245
0.95,9845
0.95,9773
0.95,9650
1.01,9605
1.03,9586
1.04,9544
1.06,9517
1.10,9479
1.10,9445
1.19,9436
1.19,9378
1.21,9369
1.21,9322
1.21,9244
1.21,9216
1.22,9204
1.23,9195
1.23,9159
1.23,9144
1.23,9109
1.23,9071
1.23,9044
1.25,9043
1.26,9010
1.27,8974
1.27,8932
1.27,8912
1.32,8798
1.33,8779
1.33,8752
1.36,8740
1.37,8735
1.38,8707
1.39,8664
1.39,8630
1.40,8623
1.40,8611
1.40,8578
1.41,8576
1.41,8530
1.41,8398
1.43,8396
1.43,8388
1.45,8369
1.45,8317
1.45,8309
1.46,8256
1.46,8249
1.50,8205
1.51,8196
1.51,8145
1.53,8138
1.53,8124
1.54,8116
1.54,8115
1.54,8080
1.55,8031
1.55,8021
1.58,7991
1.58,7886
1.61,7876
1.62,7873
1.64,7856
1.64,7830
1.89,7819
2.00,7766
2.02,7699
2.20,7697
2.23,7654
2.26,7612
2.29,7564
2.29,7551
2.33,7550
2.37,7493
2.38,7446
2.38,7438
2.40,7434
2.41,7420
2.41,7398
2.44,7383
2.61,7358
2.63,7316
3.00,7308
3.11,7298
3.17,7295
3.39,7248
3.42,7229
3.93,7228
3.93,7218
3.93,7202
3.94,7197
15.97,7191
53.11,7186
53.71,7182
94.17,7148
139.33,7117
