0.00,52092
0.00,51878
0.00,51672
0.00,51651
0.00,51473
0.00,51377
0.01,51375
0.01,51198
0.01,51188
0.01,51128
0.01,50721
0.01,50415
0.01,50323
0.01,50091
0.01,49952
0.01,49856
0.01,49731
0.01,49691
0.01,49336
0.01,49272
0.01,48138
0.01,48135
0.01,48132
0.01,47966
0.01,47963
0.01,47902
0.02,47788
0.02,47678
0.02,47661
0.02,47579
0.02,47510
0.02,46683
0.03,46602
0.03,46568
0.03,46532
0.03,46373
0.05,46259
0.06,46194
0.06,46193
0.06,45507
0.06,45458
0.07,44914
0.07,44836
0.07,44808
0.07,44762
0.07,44132
0.07,44114
0.07,43527
0.07,43473
0.08,43407
0.08,43162
0.08,43107
0.09,43106
0.09,42903
0.09,42841
0.09,42816
0.09,42513
0.09,42504
0.09,41987
0.11,41982
0.11,41816
0.11,41806
0.12,41574
0.12,41567
0.12,41395
0.12,41374
0.12,41293
0.12,41057
0.12,40970
0.12,40699
0.12,40602
0.12,40474
0.13,40467
0.13,40308
0.14,40144
0.14,40027
0.14,39623
0.14,39579
0.14,39487
0.14,39475
0.14,39349
0.14,39076
0.14,39049
0.14,39028
0.15,39026
0.15,39006
0.15,38970
0.15,38928
0.15,38900
0.15,38585
0.15,38577
0.16,38532
0.16,38425
0.16,38376
0.16,37956
0.16,37468
0.16,37319
0.16,37301
0.16,36968
0.17,36905
0.17,36904
0.17,35946
0.17,35919
0.17,35094
0.17,35091
0.17,35071
0.17,35020
0.17,35011
0.17,34885
0.17,34843
0.17,34756
0.17,34675
0.17,34199
0.17,34170
0.17,33842
0.18,33840
0.18,33728
0.18,33724
0.18,33295
0.18,33278
0.18,33206
0.18,33187
0.18,32901
0.18,32890
0.18,32831
0.18,32819
0.18,32787
0.19,32672
0.19,32651
0.19,32601
0.20,32314
0.20,32122
0.20,32063
0.20,32047
0.20,31965
0.20,31743
0.20,31739
0.20,31474
0.20,31301
0.20,31226
0.21,31220
0.21,31195
0.21,30349
0.21,30299
0.21,30158
0.21,29992
0.21,29907
0.21,29789
0.22,29714
0.23,29693
0.23,29459
0.23,29251
0.23,29221
0.23,28729
0.23,28648
0.23,28583
0.23,28551
0.24,28537
0.24,28308
0.24,28038
0.24,27989
0.24,27916
0.24,27816
0.24,27729
0.24,27661
0.24,27364
0.24,27215
0.24,26899
0.24,26816
0.24,26724
0.24,26721
0.24,26718
0.24,26382
0.24,26255
0.24,26205
0.24,26103
0.25,26060
0.25,25945
0.25,25905
0.25,25886
0.25,25823
0.25,25803
0.25,25636
0.25,25618
0.25,25581
0.26,25564
0.26,25422
0.26,25369
0.26,25179
0.26,25133
0.26,25085
0.29,25028
0.29,25025
0.30,24895
0.30,24857
0.30,24841
0.30,24765
0.30,24648
0.31,24441
0.31,24403
0.31,24288
0.31,24268
0.31,24189
0.31,23751
0.32,23721
0.32,23709
0.32,23673
0.32,23672
0.32,23461
0.33,23447
0.33,23379
0.33,23356
0.33,23119
0.33,22829
0.33,22421
0.33,21973
0.34,21968
0.34,21967
0.34,21896
0.34,21804
0.34,21465
0.34,21124
0.34,21059
0.34,20906
0.34,20857
0.34,20794
0.34,20702
0.35,20649
0.35,20588
0.35,20146
0.35,20059
0.35,19943
0.35,19897
0.35,19601
0.35,19488
0.35,19328
0.35,19283
0.35,19125
0.36,19007
0.36,18591
0.36,18496
0.36,18284
0.36,18206
0.37,18124
0.37,17996
0.37,17969
0.37,17895
0.38,17883
0.38,17837
0.39,17834
0.39,17832
0.46,17782
0.46,17724
0.46,17692
0.46,17686
0.46,17634
0.46,17609
0.46,17599
0.47,17580
0.47,17567
0.47,17549
0.47,17373
0.47,17246
0.47,17221
0.47,17146
0.47,17011
0.47,16960
0.47,16781
0.47,16756
0.47,16733
0.47,16732
0.47,16534
0.47,16437
0.47,16287
0.48,16014
0.48,15883
0.48,15872
0.48,15752
0.48,15683
0.48,15635
0.48,15607
0.49,15593
0.49,15429
0.49,15425
0.50,15414
0.50,15405
0.50,15380
0.51,15357
0.52,15346
0.53,15187
0.53,15173
0.53,15002
0.58,14907
0.60,14769
0.61,14742
0.61,14724
0.62,14723
0.62,14683
0.62,14651
0.63,14645
0.64,14536
0.64,14424
0.65,14405
0.65,14395
0.65,14377
0.65,14142
0.67,14131
0.67,13817
0.67,13800
0.67,13717
0.67,13713
0.67,13556
0.67,13553
0.67,13518
0.68,13500
0.68,13484
0.68,13257
0.68,13244
0.69,13237
0.69,12954
0.69,12940
0.69,12918
0.69,12887
0.69,12860
0.69,12830
0.69,12783
0.69,12561
0.69,12517
0.69,12459
0.69,12438
0.69,12256
0.70,12098
0.70,12069
0.70,11952
0.70,11872
0.70,11855
0.70,11811
0.70,11732
0.70,11692
0.70,11498
0.70,11301
0.70,11300
0.70,11142
0.71,11119
0.72,11084
0.72,11077
0.74,11075
0.75,11052
0.76,11037
0.77,11010
0.78,10919
0.78,10883
0.78,10853
0.78,10838
0.78,10817
0.78,10653
0.78,10593
0.78,10588
0.78,10510
0.79,10499
0.79,10407
0.79,10393
0.81,10360
0.81,10335
0.82,10302
0.82,10298
0.82,10280
0.82,10195
0.82,10058
0.82,10057
0.82,9883
0.82,9841
0.82,9836
0.83,9819
0.83,9804
0.83,9762
0.83,9761
0.83,9756
0.83,9622
0.83,9554
0.86,9539
0.87,9469
0.94,9441
0.95,9426
1.03,9421
1.04,9398
1.05,9355
1.05,9247
1.06,9225
1.09,9224
1.10,9180
1.10,9087
1.10,9065
1.10,9062
1.11,9061
1.14,9034
1.15,8942
1.18,8915
1.18,8913
1.19,8876
1.19,8874
1.21,8847
1.22,8817
1.23,8810
1.26,8798
1.26,8787
1.26,8749
1.28,8730
1.28,8632
1.31,8628
1.32,8618
1.32,8586
1.33,8572
1.34,8528
1.35,8423
1.36,8405
1.46,8396
1.47,8395
1.47,8345
1.49,8332
1.50,8315
1.53,8304
1.53,8303
1.56,8285
1.56,8264
1.56,8249
1.59,8148
1.61,7916
1.63,7910
1.64,7904
1.64,7885
1.64,7881
1.65,7856
1.65,7840
1.65,7778
1.66,7701
1.75,7609
1.84,7603
1.85,7580
1.90,7574
1.92,7557
1.92,7541
1.93,7539
1.93,7513
1.95,7509
1.96,7497
1.96,7495
2.13,7385
2.13,7342
2.24,7325
2.27,7285
2.27,7275
2.27,7266
2.27,7261
2.28,7247
2.46,7222
2.77,7219
2.79,7206
2.81,7196
3.12,7187
3.12,7140
16.24,7128
49.89,7060
50.48,7024
51.46,7004
90.41,7002
