0.00,262670
0.00,262145
0.01,260841
0.01,260044
0.01,259123
0.01,258668
0.02,258394
0.02,257075
0.02,254861
0.02,254599
0.04,253090
0.04,252154
0.04,248801
0.04,248501
0.04,247389
0.04,246813
2.77,244073
2.77,240528
3.97,239964
3.97,239024
3.97,237110
3.97,234384
3.97,233752
3.99,232633
5.73,231016
6.25,230605
6.25,229297
6.25,227123
6.27,226547
6.30,225147
6.34,224370
6.34,221890
6.35,220871
6.35,220636
6.35,220338
6.36,219794
6.37,219085
6.37,217480
6.37,216588
6.38,213101
6.38,212132
6.38,210957
7.06,210276
7.06,209651
7.07,208786
7.07,207304
7.12,206782
7.14,205834
7.14,203433
7.15,203006
7.15,202629
7.16,202158
7.34,201765
7.35,201461
7.35,199951
7.35,198712
7.35,198096
7.36,197661
7.36,197022
7.36,196468
7.36,195817
7.36,195226
7.36,194890
7.36,193182
7.46,192872
7.46,191763
7.54,190275
7.55,189856
7.58,188240
7.58,186733
7.58,186415
7.58,185738
7.59,185045
7.59,184726
7.59,183273
7.63,182317
7.63,182280
7.63,181307
7.63,180869
7.64,179000
7.64,178609
7.64,178345
7.64,177936
7.64,177097
7.65,176098
7.65,175905
7.65,173372
7.65,172752
7.65,172319
7.76,171899
7.76,170386
7.76,169809
7.76,168115
7.76,166730
7.93,165121
7.95,162804
7.96,162234
7.96,161688
7.97,160014
8.01,158110
8.02,157506
8.02,157037
8.09,156528
8.09,155987
8.09,155400
8.09,154973
8.16,153447
8.16,152513
8.17,151766
8.19,151230
8.20,150608
8.20,150085
8.25,149678
8.26,148657
8.30,148546
8.30,148192
8.30,148025
8.31,146996
8.31,146300
8.31,145680
8.32,145416
8.32,145054
8.32,144698
8.32,144302
8.32,143547
8.34,142587
8.35,141381
8.36,141034
8.36,139336
8.36,138747
8.36,138119
8.59,137714
8.60,137470
8.67,136920
8.72,135998
8.72,135563
8.72,134837
8.73,133814
8.73,132961
8.73,132567
8.76,131928
8.76,131405
8.76,130890
8.77,130436
8.78,130166
8.85,129670
8.87,129424
8.88,128480
8.89,127882
8.99,127468
9.00,127240
9.00,127034
9.00,126706
9.02,126278
9.05,125200
9.06,124317
9.06,123821
9.07,123711
9.07,123567
9.08,123471
9.08,123145
9.09,122199
9.16,121495
9.16,120917
9.16,120226
9.16,119561
9.17,119416
9.17,118871
9.19,118147
9.21,117427
9.21,117357
9.22,116716
9.22,116666
9.24,116421
9.24,116179
9.26,115250
9.26,115111
9.27,114579
9.29,113568
9.29,113274
9.31,113141
9.31,112955
9.34,112623
9.34,112583
9.35,112165
9.35,111612
9.36,111053
9.36,110487
9.37,109702
9.37,109243
9.46,109020
9.47,108617
9.47,107918
9.48,106471
9.50,106018
9.55,105982
9.56,105664
9.56,105222
9.56,104845
9.57,104559
9.57,104203
9.57,103194
9.61,102338
9.61,102282
9.64,101561
9.65,100577
9.66,99694
9.66,99523
9.66,99365
9.67,99179
9.74,98848
9.75,98538
9.75,98197
9.76,97914
9.76,97768
9.77,97214
9.77,97187
9.79,96731
9.80,94898
9.80,94287
9.81,93786
9.81,93662
9.81,92959
9.82,92465
9.82,92363
9.83,91994
9.83,91761
9.84,91444
9.84,91140
9.85,91070
9.88,90897
9.93,90841
9.99,90525
10.00,90418
10.01,89754
10.01,89321
10.03,88993
10.04,88756
10.05,88478
10.06,87967
10.06,86908
10.19,86728
10.28,86461
10.29,86411
10.30,86338
10.32,85750
10.33,85688
10.33,85450
10.38,85348
10.38,85303
10.39,84816
10.40,84428
10.43,84162
10.43,83906
10.44,83718
10.44,83406
10.45,83186
10.46,83101
10.46,82665
10.51,82504
10.51,82267
10.52,81789
10.53,81722
10.54,81409
10.55,81322
10.56,81154
10.57,80739
10.58,80605
10.60,80092
10.61,79805
10.62,79303
10.63,78508
10.63,78342
10.65,77634
10.67,77393
10.70,77148
10.71,77052
10.74,76645
10.75,76500
10.75,76258
10.78,76156
10.78,75942
10.79,75484
10.79,75405
10.90,75187
10.91,74889
10.92,74710
10.93,74246
10.94,74043
10.95,74015
11.01,73991
11.02,73809
11.06,73402
11.07,73203
11.08,73148
11.09,72952
11.09,72663
11.11,72588
11.12,72156
11.13,72003
11.15,71765
11.15,71649
11.16,71340
11.19,71106
11.21,70774
11.27,70726
11.27,70638
11.31,70223
11.31,69994
11.33,69880
11.33,69519
11.34,69151
11.37,69026
11.38,68629
11.39,68254
11.42,67687
11.43,67641
11.47,67586
11.49,67357
11.49,66906
11.52,66711
11.54,66617
11.55,66240
11.57,65630
11.58,65523
11.59,65434
11.63,65343
11.63,65113
11.65,65007
11.67,64911
11.69,64730
11.70,64503
11.74,64350
11.77,64215
11.78,63963
11.79,63957
11.82,63488
11.82,63381
11.85,62976
11.86,62810
11.86,62615
11.93,62169
11.95,62127
11.98,62103
12.03,61955
12.05,61813
12.06,61774
12.07,61456
12.09,60991
12.11,60656
12.12,60389
12.14,60251
12.17,60165
12.19,59934
12.22,59887
12.26,59813
12.27,59678
12.28,59621
12.30,59409
12.31,59199
12.32,59182
12.34,58734
12.40,58528
12.43,58431
12.45,58104
12.49,58083
12.50,57923
12.54,57409
12.56,57228
12.57,57185
12.58,56959
12.59,56919
12.62,56880
12.65,56543
12.66,56318
12.68,56092
12.72,55933
12.72,55822
12.76,55784
12.77,55460
12.78,55345
12.80,55107
12.85,55005
12.86,54983
12.90,54914
12.94,54773
12.97,54707
13.03,54540
13.04,54315
13.07,54194
13.13,53903
13.14,53804
13.17,53553
13.20,53419
13.23,53182
13.24,53012
13.27,52942
13.32,52885
13.46,52622
13.49,52349
13.61,52266
13.69,52223
13.72,52126
13.75,52057
13.82,51976
13.85,51719
13.96,51504
14.13,51271
14.20,51247
14.33,51162
14.42,50985
14.50,50850
14.64,50784
14.70,50773
14.75,50759
14.91,50540
14.95,50188
15.01,49981
15.02,49737
15.10,49658
15.18,49494
15.28,49364
15.36,49300
15.54,49250
15.55,49230
15.62,49058
15.65,48984
15.71,48696
15.94,48568
16.25,48399
16.36,48173
16.54,48155
16.57,47950
16.63,47874
16.79,47811
17.24,47675
17.25,47616
17.41,47518
17.53,47407
17.59,47141
17.65,47044
17.69,46972
17.93,46893
18.23,46716
18.51,46687
18.69,46525
19.37,46290
19.82,46082
20.37,45970
20.48,45680
20.74,45583
20.75,45325
21.03,45280
21.20,45094
21.68,44918
21.93,44850
22.09,44779
22.59,44526
23.05,44500
24.43,44344
25.58,44281
26.77,44236
28.15,44156
77.32,44048
78.87,43865
122.90,43787
123.10,43647
123.18,43538
129.15,43446
151.37,43358
153.40,43278
160.27,43262
176.25,43194
177.52,43130
177.84,43035
179.36,42958
179.83,42919
180.06,42851
182.05,42817
182.15,42791
335.21,42756
