0.00,262316
0.00,260578
0.00,258075
0.01,257212
0.01,256032
0.01,252694
0.22,248261
0.22,247328
0.22,246397
0.22,245627
0.22,245370
0.38,244483
0.38,243945
0.38,241578
4.18,240391
4.19,240138
4.19,235872
4.19,235220
5.11,234593
5.12,234396
5.70,232094
5.70,230346
5.70,229295
5.70,227826
5.82,227531
5.82,226449
5.83,225603
6.30,225469
6.30,224819
6.30,223778
6.30,223437
6.30,222802
6.50,221416
6.50,220133
6.50,219596
6.50,217847
6.50,216579
6.50,214589
6.51,212834
6.72,210714
6.72,207975
6.72,206410
6.73,204595
6.73,203778
6.94,203014
6.94,202624
6.94,201636
6.95,201176
6.95,200311
6.95,199356
7.47,198527
7.47,198230
7.47,197024
7.47,196909
7.47,196720
7.47,195206
7.47,193735
7.48,192307
7.48,190216
7.48,189624
7.48,189397
7.48,188479
7.48,187098
7.48,186943
7.48,185959
7.48,184236
7.56,183474
7.57,183000
7.58,181961
7.58,181826
7.58,180484
7.58,178687
7.58,177875
7.58,176394
7.90,174007
7.91,171995
7.91,171740
7.91,170564
7.92,170234
7.93,169228
7.93,169037
7.97,168653
7.97,167648
7.98,167032
7.98,166157
8.07,165352
8.10,165236
8.10,164838
8.11,164322
8.15,163108
8.19,161596
8.19,161109
8.19,160303
8.22,158786
8.23,157914
8.23,157376
8.23,155651
8.23,155398
8.24,154933
8.24,154359
8.24,154065
8.30,153220
8.30,152972
8.30,152234
8.30,152024
8.34,151617
8.34,151271
8.35,150419
8.35,149895
8.36,149072
8.37,148604
8.37,148508
8.37,147351
8.37,146938
8.37,146261
8.41,145894
8.41,145297
8.41,145235
8.45,143758
8.46,143601
8.47,142993
8.47,141966
8.47,139718
8.48,138101
8.59,137825
8.59,136874
8.59,136704
8.60,136515
8.61,136295
8.63,134327
8.63,133931
8.63,133645
8.64,133352
8.69,132902
8.77,132545
8.79,132385
8.79,131865
8.79,131053
8.85,130345
8.85,130258
8.85,129926
8.86,129571
8.87,129074
8.87,128659
8.87,127455
8.88,127109
8.89,126351
8.89,125547
8.89,125375
8.90,125048
8.91,124770
8.91,124364
8.91,123944
8.92,123586
8.93,123094
8.93,122481
8.93,121236
9.01,120674
9.01,120528
9.05,119941
9.06,119319
9.06,118934
9.07,118369
9.08,118190
9.08,117193
9.09,117071
9.09,116357
9.09,116088
9.12,115919
9.14,114830
9.14,114587
9.14,113751
9.15,113608
9.15,113449
9.15,113063
9.16,112645
9.16,112210
9.16,112055
9.16,111528
9.17,111086
9.19,110576
9.20,108511
9.21,107816
9.21,107215
9.26,106460
9.28,105922
9.32,105418
9.32,104978
9.32,104388
9.32,104052
9.33,103140
9.33,102983
9.35,102233
9.35,102161
9.36,101767
9.39,100361
9.39,100166
9.39,99397
9.39,98847
9.40,98792
9.40,98282
9.41,98082
9.41,97469
9.42,97236
9.42,96417
9.43,95987
9.43,95968
9.44,95424
9.44,94849
9.46,94282
9.46,93465
9.49,93230
9.56,92764
9.57,92444
9.57,91830
9.57,91770
9.58,91064
9.59,90603
9.91,89342
9.93,88853
9.93,88519
9.94,87950
9.94,87282
9.95,87067
9.95,86738
9.97,86409
9.98,85751
10.01,85374
10.03,85240
10.04,85125
10.05,85006
10.05,84837
10.08,84462
10.10,83450
10.10,83248
10.11,82918
10.12,82426
10.13,81938
10.13,81544
10.14,81074
10.15,80877
10.16,80646
10.16,80376
10.17,80311
10.18,79991
10.20,79765
10.23,79552
10.23,79233
10.24,79076
10.35,78659
10.35,78602
10.37,77833
10.37,76767
10.38,76566
10.38,75911
10.38,74776
10.40,74557
10.41,74522
10.42,74261
10.42,73611
10.43,73534
10.43,72874
10.44,72612
10.45,72304
10.46,72056
10.60,71970
10.61,71284
10.62,70656
10.63,70106
10.63,69700
10.64,69682
10.64,69328
10.65,69159
10.66,69020
10.67,68864
10.67,68741
10.81,68401
10.83,68244
10.84,68036
10.84,67792
10.85,67621
10.89,67332
10.90,67317
10.93,66910
10.93,66878
10.94,66841
10.95,66535
10.98,66350
11.01,66133
11.01,66007
11.03,65917
11.04,65554
11.12,65424
11.13,65188
11.14,64842
11.18,64729
11.21,64598
11.22,64575
11.24,64297
11.24,64026
11.25,63910
11.29,63716
11.32,63545
11.37,63293
11.38,62950
11.39,62862
11.40,62596
11.41,62311
11.42,62217
11.46,62099
11.52,62037
11.53,61919
11.53,61859
11.55,61544
11.56,61324
11.58,61105
11.59,60661
11.63,60599
11.67,60395
11.68,60239
11.70,60015
11.70,59992
11.74,59757
11.75,59027
11.78,58830
11.85,58581
11.86,58398
11.92,57892
11.93,57638
11.96,57384
11.99,57284
12.03,57109
12.05,56697
12.08,56515
12.10,56343
12.14,55861
12.16,55855
12.17,55463
12.21,54751
12.24,54688
12.31,54654
12.40,54573
12.41,54418
12.43,54163
12.49,53889
12.49,53584
12.52,53552
12.55,53423
12.57,53365
12.58,53196
12.58,53098
12.59,52831
12.62,52708
12.66,52388
12.67,52063
12.79,51818
12.83,51523
12.86,51439
12.90,51309
12.94,50970
12.96,50857
13.02,50575
13.05,50539
13.08,50453
13.10,50188
13.12,49814
13.21,49754
13.31,49631
13.34,49557
13.37,49482
13.39,49233
13.47,49177
13.51,48623
13.56,48505
13.83,48406
13.85,48340
13.94,48270
14.03,47890
14.22,47117
14.36,47094
14.40,46786
14.54,46686
14.69,46639
14.95,46563
15.10,46298
15.23,46070
15.45,45617
15.69,45582
15.95,45380
16.01,45340
16.19,45233
16.36,45115
16.90,45046
17.76,45010
18.12,44803
18.38,44736
18.54,44603
18.72,44506
19.14,44377
19.35,44246
19.43,44204
19.47,44071
19.78,43807
20.04,43655
20.46,43623
20.62,43597
21.35,43484
22.23,43230
27.91,43193
28.10,43128
53.56,42990
124.52,42979
124.86,42856
126.68,42727
128.11,42653
129.10,42602
132.48,42480
