0.00,266847
0.00,265236
0.00,264873
0.00,264476
0.00,263758
0.00,262695
0.00,262600
0.00,261514
0.00,261429
0.00,261188
0.01,261097
0.01,260647
0.01,260631
0.01,260391
0.01,260377
0.01,259886
0.01,259854
0.01,259280
0.01,259208
0.01,258031
0.01,257941
0.01,256422
0.01,255405
0.01,254494
0.01,253290
0.01,252628
0.01,252578
0.01,252071
0.01,251970
0.01,251304
0.01,249190
0.01,248720
0.01,247929
0.01,247258
0.01,247048
0.01,246862
0.01,246190
0.01,244194
0.01,244031
0.01,242880
0.01,242641
0.01,241749
0.01,241251
0.01,239851
0.01,239573
0.01,238478
0.01,238276
0.01,237050
0.02,236633
0.02,236482
0.02,236433
0.02,235744
0.02,234935
0.02,234320
0.02,233792
0.02,232578
0.02,232136
0.02,232034
0.02,230052
0.02,229719
0.02,228899
0.02,228118
0.02,226756
0.02,226435
0.02,225963
0.02,225712
0.02,225348
0.02,224932
0.02,224800
0.02,224275
0.02,223686
0.02,223519
0.02,220981
0.03,220096
0.03,219312
0.03,218754
0.03,218142
0.03,217740
0.03,216409
0.03,216204
0.03,215121
0.03,214173
0.03,212575
0.03,211675
0.03,211379
0.03,210940
0.03,210676
0.03,210424
0.03,209775
0.03,209762
0.03,209133
0.03,209033
0.03,208204
0.04,208194
0.04,207927
0.04,207879
0.04,207833
0.04,206189
0.04,206162
0.04,206026
0.04,206000
0.04,204579
0.08,204531
0.09,204485
0.09,204341
0.09,202362
0.09,202233
0.09,202163
0.09,202138
0.09,202066
0.09,201473
0.10,200167
0.10,199837
0.10,199319
0.10,199132
0.10,198313
0.10,197860
0.10,197040
0.10,196087
0.10,194953
0.10,194794
0.10,194759
0.11,194071
0.11,193112
0.11,192506
0.11,192022
0.11,191837
0.11,191653
0.11,191474
0.11,191406
0.11,190778
0.11,190229
0.11,190082
0.11,189907
0.11,189338
0.12,189236
0.12,189211
0.12,189094
0.12,188990
0.13,188874
0.13,188228
0.13,187777
0.13,186802
0.13,185942
0.13,184603
0.13,184521
0.13,183530
0.14,182616
0.15,182121
0.15,181867
0.15,181752
0.16,181421
0.17,181332
0.17,179813
0.17,179243
0.17,177297
0.17,177218
0.17,176967
0.17,176059
0.17,175103
0.18,174369
0.18,173941
0.18,173648
0.18,173512
0.18,172899
0.18,172868
0.18,172712
0.18,172546
0.18,171966
0.18,171781
0.18,170916
0.18,170790
0.18,170447
0.18,170195
0.18,170027
0.18,169908
0.18,169549
0.19,169470
0.19,167912
0.19,167509
0.19,164848
0.19,163725
0.24,163692
0.24,163603
0.25,163245
0.27,163167
0.28,163118
0.28,163090
0.28,161762
0.29,161683
0.35,161666
0.36,161310
0.38,161104
0.39,161088
0.43,161055
0.43,160502
0.43,160483
0.43,160472
0.43,160401
0.43,159597
0.43,159486
0.43,159394
0.48,159384
0.48,159180
0.48,159170
0.48,158500
0.52,158238
0.53,157813
0.53,156607
0.53,156156
0.53,155494
0.53,155226
0.54,155219
0.54,154474
0.54,154471
0.54,153682
0.54,153064
0.54,151821
0.54,151546
0.54,151329
0.55,151189
0.55,150504
0.55,150497
0.55,149861
0.55,148876
0.55,147885
0.55,147401
0.55,147319
0.55,145593
0.55,145092
0.55,144921
0.55,144561
0.55,143143
0.55,142803
0.55,142747
0.55,142358
0.55,141831
0.55,141706
0.56,140967
0.56,140722
0.56,140671
0.56,140611
0.56,140402
0.56,140324
0.56,139602
0.56,139446
0.56,138567
0.56,138376
0.56,138295
0.56,137699
0.56,137673
0.57,137608
0.57,137325
0.57,137314
0.57,137108
0.57,136961
0.57,136946
0.57,136540
0.57,136370
0.57,135769
0.57,134152
0.57,133890
0.58,133883
0.58,133625
0.58,132684
0.58,132187
0.58,132061
0.58,131742
0.58,131219
0.58,130888
0.58,129871
0.58,129728
0.58,129385
0.58,129377
0.58,128960
0.58,128861
0.58,127248
0.58,127112
0.58,126636
0.58,126439
0.58,126416
0.58,126260
0.58,125777
0.58,125067
0.58,124578
0.58,124091
0.58,123901
0.58,123294
0.58,123271
0.58,123151
0.58,123030
0.58,122924
0.58,122900
0.58,121864
0.59,121597
0.59,121565
0.59,121406
0.59,121311
0.59,121269
0.59,120963
0.60,120869
0.60,120551
0.60,120189
0.60,119948
0.60,119466
0.60,119412
0.60,119145
0.60,118987
0.60,118578
0.60,118464
0.60,117973
0.61,117472
0.61,117374
0.61,117096
0.62,117071
0.62,116653
0.62,116560
0.62,116464
0.62,116252
0.62,116187
0.62,116175
0.62,115999
0.62,115937
0.62,115931
0.62,115827
0.62,115826
0.62,115798
0.62,115766
0.62,115595
0.63,115444
0.63,115100
0.63,115023
0.63,114862
0.63,114311
0.63,113922
0.63,112798
0.64,112778
0.64,112714
0.64,112707
0.64,112606
0.64,112087
0.64,112074
0.64,112067
0.64,111229
0.65,111190
0.65,110948
0.65,110822
0.65,110492
0.65,110439
0.65,110246
0.65,110184
0.66,110073
0.66,110041
0.66,109994
0.66,109940
0.67,109768
0.67,109764
0.68,109727
0.68,109526
0.68,109452
0.68,109301
0.68,109291
0.72,109129
0.74,109081
0.75,108822
0.76,108580
0.78,108188
0.78,107464
0.78,107003
0.79,106960
0.79,106725
0.79,106718
0.80,106540
0.80,105663
0.80,105180
0.81,103996
0.82,103396
0.82,103221
0.82,103134
0.82,103062
0.82,102927
0.85,102911
0.85,102759
0.85,101964
0.90,101845
0.90,101776
0.90,101438
0.90,101159
0.90,101082
0.90,101012
0.90,100389
0.90,99551
0.93,99211
0.94,99080
0.94,98946
0.95,98753
0.95,98559
0.95,98378
0.99,98130
1.00,98048
1.00,98026
1.01,97852
1.01,97828
1.01,97621
1.06,97617
1.06,97496
1.07,97327
1.10,97294
1.12,97293
1.12,97213
1.13,97182
1.13,97149
1.17,97147
1.17,97076
1.17,97060
1.17,97008
1.18,96999
1.21,96742
1.22,96662
1.23,96410
1.23,96380
1.23,96295
1.24,96267
1.24,96249
1.25,95065
1.25,95016
1.25,94815
1.26,94807
1.26,94784
1.26,94737
1.26,94622
1.26,94213
1.27,94087
1.28,94050
1.30,93771
1.31,93681
1.31,93468
1.31,93377
1.32,93343
1.33,92843
1.41,92827
1.41,92481
1.41,92174
1.41,92007
1.42,91731
1.42,91494
1.42,91313
1.43,91108
1.44,90969
1.44,90788
1.44,90619
1.45,90583
1.46,90475
1.47,90276
1.47,90202
1.50,90187
1.50,89944
1.50,89768
1.50,89747
1.52,89733
1.52,89729
1.53,89727
1.53,89702
1.53,89586
1.53,89553
1.53,89541
1.53,89481
1.53,89217
1.55,89202
1.55,89075
1.57,89042
1.57,88835
1.58,88825
1.58,88646
1.58,88542
1.58,88015
1.58,87696
1.58,87576
1.58,87419
1.59,87409
1.59,86127
1.59,85473
1.59,84577
1.59,84328
1.59,84327
1.59,84127
1.59,83708
1.59,83231
1.59,82767
1.59,82752
1.59,82469
1.60,82144
1.60,81713
1.61,81014
1.61,80913
1.61,80249
1.61,80120
1.61,79940
1.61,79723
1.61,79655
1.61,79340
1.61,79337
1.61,78775
1.61,78646
1.61,78208
1.61,77786
1.61,77579
1.61,76679
1.61,76162
1.61,75520
1.61,75039
1.61,74540
1.61,74423
1.61,74139
1.61,73963
1.61,73922
1.61,73910
1.61,73822
1.61,73684
1.62,73606
1.62,73520
1.62,73517
1.62,72837
1.63,72507
1.63,72494
1.63,72316
1.63,72211
1.63,71164
1.64,71072
1.64,70343
1.64,70342
1.64,70057
1.64,70054
1.64,69964
1.65,69900
1.65,69657
1.65,69630
1.65,69359
1.65,69308
1.65,68035
1.65,67824
1.65,67804
1.65,67596
1.65,67249
1.66,66914
1.66,66607
1.66,66109
1.66,65983
1.66,65882
1.66,65592
1.66,65348
1.67,65171
1.67,64915
1.68,64628
1.70,64526
1.70,64506
1.70,63888
1.71,63706
1.71,63620
1.71,63139
1.75,63062
1.76,62964
1.76,62922
1.76,62886
1.76,62172
1.77,62000
1.77,61842
1.77,61712
1.77,61585
1.78,61297
1.78,61029
1.78,60894
1.78,60802
1.78,60781
1.78,60700
1.79,60536
1.79,60222
1.79,59885
1.79,59799
1.81,59737
1.81,59362
1.82,59278
1.82,59257
1.82,58965
1.82,58927
1.82,58878
1.83,58858
1.84,58744
1.85,58697
1.85,58689
1.85,58672
1.85,58491
1.85,58407
1.85,58235
1.86,58221
1.86,57863
1.87,57705
1.87,57642
1.87,57519
1.88,57477
1.88,57468
1.88,57368
1.88,57246
1.89,57157
1.89,57130
1.89,57042
1.90,56867
1.90,56686
1.92,56588
1.99,55696
1.99,55604
2.00,55512
2.00,55477
2.13,55184
2.13,55113
2.13,54953
2.13,54775
2.15,54708
2.15,53983
2.26,53508
2.30,53362
2.31,53335
2.31,53228
2.50,53123
2.52,53067
2.66,53028
2.70,52882
2.75,52747
2.83,52735
2.87,52693
2.88,52547
2.90,52531
2.91,52528
2.91,52368
2.93,52298
2.94,52223
2.94,52160
2.96,52127
2.96,52122
2.99,52120
2.99,52005
3.12,52002
3.15,51926
3.16,51855
3.19,51750
3.19,51602
3.20,51539
3.33,51371
3.33,51312
3.34,51096
3.36,51007
3.36,50964
3.37,50927
3.44,50922
3.46,50847
3.51,50816
3.60,50735
3.60,50654
3.62,50484
3.65,50474
3.65,50302
3.65,50268
3.66,50172
3.66,50078
3.66,50076
3.70,49939
3.72,49907
3.74,49667
3.74,49657
3.75,49645
3.77,49442
3.81,49417
3.84,49177
3.85,49006
3.85,48954
3.85,48631
3.86,48584
3.87,48577
3.87,48561
3.91,48489
3.91,48388
3.98,48197
3.98,48029
4.00,47898
4.00,47881
4.01,47872
4.01,47840
4.02,47823
4.03,47654
4.03,47559
4.07,47500
4.10,47466
4.10,47444
4.10,47435
4.10,47399
4.11,47383
4.12,47238
4.23,47115
4.27,47059
4.51,47031
4.53,46884
4.55,46844
4.55,46474
4.58,46447
4.60,46083
4.82,46078
4.97,46062
4.99,46045
5.01,46042
5.01,46024
5.27,45911
5.43,45807
5.63,45689
5.66,45627
5.66,45453
5.68,45412
5.70,45162
5.78,45146
5.82,45099
6.00,44822
6.02,44788
6.04,44765
6.08,44764
6.09,44414
6.14,44376
6.15,44311
6.16,44288
6.16,44198
6.22,44151
6.23,44128
6.23,44066
6.23,43984
6.24,43929
6.24,43862
6.24,43794
6.25,43742
6.34,43722
6.41,43670
6.41,43654
6.41,43636
6.45,43633
7.73,43469
7.81,43405
7.81,43332
8.04,43310
8.05,43307
8.06,43260
8.09,43215
8.16,43210
85.49,43177
165.66,43174
278.17,43028
396.98,42875
398.46,42778
