0.04,260141
0.04,259674
0.04,257781
0.05,255046
0.05,254002
0.29,253631
0.29,252510
0.29,251242
0.30,249663
0.30,249037
0.30,248789
1.91,247687
2.28,245827
2.31,243569
2.31,242446
3.49,238555
3.49,237850
4.30,234792
4.30,233940
4.30,232372
5.32,230286
5.32,229076
5.32,228085
5.87,226735
5.88,225886
5.88,225298
5.88,224540
5.88,222089
5.88,219579
5.88,219421
5.88,218940
6.18,217781
6.18,217666
6.18,216927
6.25,216644
6.25,215758
6.25,214574
6.25,213683
6.25,212628
6.28,211999
6.28,211717
6.96,210168
6.96,208892
6.96,207994
6.96,207871
6.99,205832
6.99,204758
7.12,204220
7.12,203280
7.12,202966
7.12,201918
7.12,201202
7.12,199901
7.13,199614
7.25,198459
7.25,198069
7.25,197786
7.26,197241
7.26,194962
7.26,194609
7.27,192463
7.29,191160
7.30,190646
7.39,190373
7.39,189516
7.39,188893
7.39,187766
7.39,187452
7.53,186593
7.54,184261
7.54,182309
7.54,182160
7.64,180789
7.65,180159
7.65,178024
7.65,177350
7.87,176842
7.88,176626
7.88,174597
7.91,171518
7.91,170350
7.91,169546
7.92,169322
7.92,168278
7.92,168040
7.92,166478
7.92,165565
7.93,165269
7.93,164454
7.93,163560
8.06,162617
8.14,162370
8.14,162010
8.14,161080
8.14,159237
8.14,158905
8.17,157777
8.18,156757
8.18,155316
8.18,154226
8.18,153259
8.19,152428
8.24,152069
8.24,151893
8.25,150922
8.25,150431
8.25,150207
8.26,149782
8.26,149085
8.27,148518
8.27,147635
8.28,146742
8.28,146474
8.28,145344
8.28,144628
8.30,144047
8.50,143646
8.50,143600
8.51,143281
8.51,142960
8.51,142493
8.51,141722
8.51,141570
8.51,140652
8.52,140044
8.52,139344
8.52,138825
8.53,138628
8.54,137937
8.56,136543
8.56,135961
8.56,135581
8.57,134287
8.57,133246
8.57,133016
8.57,132465
8.58,131724
8.58,130939
8.58,130474
8.58,129283
8.59,129103
8.60,129028
8.61,127021
8.61,126212
8.62,125511
8.64,125284
8.64,124077
8.65,123810
8.65,123299
8.65,121678
8.65,121419
8.66,120512
8.66,119919
8.70,119049
8.70,118507
8.71,118231
8.71,117315
8.71,117125
8.71,115740
8.72,114987
8.72,114253
8.72,113596
8.84,113273
8.84,112979
8.86,112570
8.86,111678
8.88,111167
8.88,111052
8.89,110618
8.90,109840
8.90,109633
8.91,109291
8.92,109112
8.92,108269
9.11,107902
9.12,106972
9.14,106039
9.15,104991
9.19,104593
9.20,104560
9.20,104199
9.20,103334
9.21,103128
9.21,102464
9.22,102347
9.22,101837
9.22,101462
9.23,101382
9.23,101134
9.23,100772
9.27,100559
9.27,100147
9.32,100135
9.32,100059
9.33,99862
9.37,98901
9.38,98848
9.40,98361
9.41,97870
9.41,96684
9.41,96369
9.42,96086
9.42,95475
9.44,95365
9.46,95140
9.48,94889
9.49,94730
9.49,94216
9.50,93761
9.54,92711
9.55,92466
9.55,92261
9.59,91865
9.59,90638
9.64,90448
9.64,90292
9.65,90122
9.65,89459
9.66,89258
9.72,89169
9.73,88578
9.73,88387
9.74,87847
9.78,87517
9.83,87322
9.85,87119
9.85,86903
9.88,86757
9.90,86070
9.90,86006
9.90,85293
9.92,85285
9.92,84950
9.97,84649
9.98,84373
9.99,83957
10.02,83676
10.02,83294
10.04,82440
10.05,82267
10.06,81112
10.08,80918
10.10,80660
10.10,80050
10.10,79966
10.10,79603
10.12,79086
10.13,79007
10.13,78925
10.14,77862
10.16,77619
10.20,77556
10.22,77497
10.22,76907
10.29,76468
10.31,76073
10.31,75991
10.31,75675
10.33,75314
10.34,74936
10.34,74798
10.36,74558
10.40,74324
10.40,73856
10.42,73313
10.43,73158
10.44,72870
10.44,72718
10.45,72088
10.46,71932
10.46,71842
10.48,71313
10.49,71162
10.57,70653
10.58,70173
10.60,69951
10.61,69168
10.70,68946
10.72,68033
10.73,67760
10.74,67326
10.76,67126
10.77,66684
10.79,66491
10.80,66366
10.82,66263
10.83,66119
10.86,65908
10.89,65648
10.90,65515
10.91,65462
10.92,65384
10.93,65189
10.93,64453
10.97,63513
10.99,63268
11.02,63157
11.03,63140
11.04,62832
11.05,62762
11.06,62557
11.09,62362
11.10,62137
11.12,61667
11.15,61546
11.18,61381
11.22,61030
11.25,60859
11.25,60543
11.26,60461
11.30,60309
11.32,60130
11.33,60055
11.36,59935
11.37,59824
11.39,59679
11.41,59586
11.43,59261
11.44,58896
11.46,58882
11.54,58848
11.55,58603
11.56,58590
11.58,58429
11.60,58312
11.65,58275
11.65,58064
11.67,57533
11.71,57378
11.75,56998
11.77,56917
11.78,56839
11.81,56818
11.82,56778
11.84,56558
11.89,56486
11.91,56483
11.98,56394
11.99,56340
12.02,56235
12.03,56075
12.06,55971
12.08,55897
12.12,55425
12.14,55366
12.14,55299
12.16,55087
12.17,55029
12.18,54952
12.20,54644
12.21,54469
12.22,54323
12.24,54125
12.24,53933
12.27,53812
12.30,53762
12.32,53572
12.39,53448
12.42,53333
12.47,53325
12.48,53228
12.54,53092
12.57,52910
12.58,52817
12.58,52722
12.60,52676
12.60,52563
12.66,52208
12.74,52157
12.80,52015
12.87,51938
12.89,51815
12.93,51343
12.95,51199
13.02,51099
13.13,50747
13.18,50596
13.21,50387
13.26,50042
13.30,49878
13.41,49716
13.64,49656
13.73,49576
13.84,49321
13.84,49292
13.90,49181
13.99,49008
14.03,48875
14.06,48718
14.09,48575
14.17,48421
14.23,48116
14.33,48062
14.34,48019
14.37,47750
14.58,47495
14.78,47304
15.00,47288
15.25,46450
15.41,46406
15.80,46343
15.82,46137
15.92,46103
15.94,46093
16.01,46024
16.06,45950
16.18,45878
16.32,45822
16.51,45747
16.58,45569
16.80,45371
17.05,45265
17.35,45107
17.43,44930
18.63,44893
18.81,44808
19.56,44721
19.78,44471
21.30,44348
21.86,44150
22.21,43801
22.98,43732
23.61,43491
25.24,43326
28.38,43223
29.19,43165
177.94,43135
178.20,43122
179.05,43091
181.76,43005
493.92,42964
498.40,42786
521.75,42585
525.56,42385
