0.00,276425
0.00,275573
0.00,275509
0.00,275028
0.00,274955
0.00,274491
0.00,274446
0.00,274111
0.00,270795
0.00,270489
0.00,269864
0.00,269789
0.00,269646
0.00,269565
0.00,268976
0.00,268628
0.00,267156
0.00,267066
0.00,266227
0.00,265755
0.00,265009
0.00,264852
0.00,264662
0.00,263573
0.00,263171
0.00,261767
0.00,261589
0.00,260650
0.00,260203
0.00,259224
0.00,259218
0.00,257344
0.00,256420
0.00,254177
0.02,251329
0.02,249483
0.02,247870
0.02,245838
0.02,245837
0.02,244415
0.02,244345
0.02,240471
0.02,239758
0.02,238012
0.02,237207
0.02,236033
0.02,235960
0.02,235314
0.02,234769
0.02,234480
0.02,234268
0.02,232867
0.02,232599
0.02,232587
0.02,231150
0.02,231041
0.02,230487
0.02,230280
0.02,229929
0.02,229678
0.02,229677
0.02,229646
0.02,229317
0.02,229072
0.02,227531
0.02,227326
0.02,225085
0.02,225034
0.02,224286
0.02,224203
0.02,224064
0.02,223970
0.02,223584
0.02,223202
0.02,223108
0.02,223094
0.02,222859
0.02,221419
0.02,221087
0.02,220523
0.02,220234
0.02,220021
0.03,219889
0.03,219866
0.03,219360
0.03,219123
0.03,217871
0.03,216570
0.03,215743
0.03,214445
0.03,214276
0.03,214262
0.03,214199
0.03,214182
0.03,213105
0.03,212659
0.03,211895
0.03,211230
0.03,211091
0.03,210451
0.03,210018
0.03,209624
0.03,209480
0.03,209307
0.03,209213
0.03,209119
0.03,208913
0.03,206192
0.03,206087
0.03,204586
0.03,204576
0.03,204113
0.03,204052
0.03,203595
0.03,201617
0.03,201436
0.05,201378
0.05,201355
0.05,201300
0.05,201276
0.05,201138
0.05,201122
0.05,201044
0.05,199970
0.05,199218
0.05,197954
0.05,196601
0.05,196584
0.05,196273
0.05,196244
0.05,196183
0.05,195373
0.05,195290
0.05,194523
0.05,194443
0.05,194238
0.05,193970
0.05,193845
0.05,193777
0.05,191606
0.06,191537
0.06,191321
0.06,191230
0.06,191229
0.06,191181
0.06,191139
0.06,189077
0.06,188063
0.06,187825
0.06,186793
0.06,186527
0.06,186057
0.06,185215
0.06,184994
0.06,184993
0.06,183897
0.06,183836
0.06,183784
0.06,182748
0.06,182420
0.06,182359
0.06,181688
0.06,181250
0.06,180488
0.06,179881
0.06,179582
0.06,178909
0.06,178133
0.06,177412
0.06,176280
0.08,176228
0.08,175948
0.08,175481
0.08,175435
0.08,174746
0.08,174453
0.08,174446
0.08,173641
0.08,173316
0.08,173191
0.08,172577
0.08,172032
0.08,171969
0.08,169933
0.09,169891
0.09,169719
0.09,169673
0.09,169533
0.09,169135
0.09,168790
0.09,168762
0.09,168610
0.09,168208
0.09,167432
0.09,166785
0.09,165980
0.09,165145
0.09,164160
0.09,163800
0.09,163586
0.09,163436
0.09,163010
0.11,162042
0.11,162036
0.12,162009
0.12,161516
0.12,161050
0.12,160707
0.12,160665
0.12,160561
0.12,160544
0.12,160274
0.12,160092
0.12,159473
0.12,159193
0.12,159161
0.12,158667
0.14,158558
0.14,158426
0.14,158353
0.14,157454
0.14,157319
0.14,157201
0.14,156118
0.14,155737
0.16,155690
0.16,155686
0.16,155576
0.16,155558
0.16,155061
0.16,154108
0.16,153967
0.16,152904
0.16,152567
0.17,152382
0.17,152334
0.17,152321
0.17,152099
0.17,150532
0.17,150452
0.17,150402
0.17,150205
0.17,150170
0.19,149855
0.19,148821
0.19,148638
0.19,148325
0.19,147962
0.19,147799
0.19,147760
0.19,147648
0.19,147551
0.19,147386
0.19,147245
0.19,145607
0.19,145553
0.19,145514
0.19,145504
0.19,145461
0.19,145316
0.20,144936
0.20,144433
0.20,144226
0.20,144042
0.20,144033
0.22,144021
0.22,143958
0.22,143957
0.22,143364
0.23,143359
0.25,143217
0.25,142972
0.25,142835
0.27,142803
0.27,142767
0.27,142500
0.27,142423
0.27,142109
0.27,142049
0.27,142027
0.28,141312
0.30,140952
0.31,140648
0.33,140615
0.33,140534
0.34,140215
0.34,140201
0.34,139538
0.34,138884
0.34,138435
0.34,137774
0.34,137390
0.34,137043
0.34,136366
0.34,136202
0.34,134777
0.34,134635
0.34,134132
0.34,133702
0.34,133119
0.34,132396
0.34,132234
0.34,131227
0.36,130670
0.36,130669
0.36,129715
0.38,129147
0.38,128844
0.38,128711
0.38,128475
0.38,128246
0.38,127218
0.38,126417
0.38,126180
0.38,126080
0.38,125989
0.38,125056
0.38,124333
0.38,124256
0.38,123968
0.38,123788
0.39,123756
0.39,123542
0.39,123082
0.41,122769
0.41,122533
0.41,122514
0.41,122407
0.41,122349
0.41,122042
0.41,121792
0.41,121646
0.41,121397
0.41,120858
0.42,120818
0.42,120186
0.44,119991
0.44,119847
0.44,119526
0.44,119522
0.45,119484
0.45,119234
0.45,119111
0.45,119089
0.48,118996
0.48,118898
0.50,118538
0.50,118294
0.50,117817
0.50,117732
0.50,117418
0.50,116282
0.52,115950
0.52,115731
0.52,115361
0.52,115331
0.52,115157
0.52,115144
0.53,115125
0.53,114932
0.55,114888
0.55,114622
0.55,114541
0.56,114534
0.56,114520
0.56,114397
0.56,114326
0.56,114142
0.56,113955
0.56,113613
0.61,113554
0.62,113549
0.62,113319
0.64,113299
0.64,113063
0.67,113054
0.67,112851
0.67,112804
0.67,112670
0.67,112111
0.67,111884
0.67,111814
0.67,111391
0.67,111382
0.67,110218
0.67,110022
0.69,109167
0.69,108874
0.69,108826
0.69,108786
0.69,108765
0.69,108755
0.69,108734
0.69,108395
0.69,108369
0.69,108276
0.70,108270
0.70,108239
0.70,108072
0.70,108052
0.70,107892
0.72,107891
0.72,107886
0.73,107547
0.73,106714
0.73,106450
0.73,105628
0.73,105473
0.73,105442
0.73,105125
0.73,104824
0.77,104799
0.77,104785
0.77,104755
0.78,104590
0.80,104585
0.80,104542
0.80,104519
0.80,104375
0.80,104306
0.80,104297
0.81,104285
0.83,104242
0.83,104097
0.83,104037
0.84,104034
0.84,104014
0.84,103054
0.84,103011
0.88,102799
0.88,102505
0.88,102504
0.89,102303
0.89,102193
0.89,101829
0.89,101444
0.89,101218
0.89,100692
0.89,100117
0.89,99605
0.89,99425
0.89,99129
0.89,98982
0.92,98765
0.92,98679
0.92,98583
0.94,98295
0.94,98122
0.94,97932
0.94,97718
0.95,97603
1.03,97549
1.09,97548
1.09,97518
1.09,96323
1.09,95862
1.10,95849
1.12,95805
1.12,95717
1.12,95482
1.12,95120
1.13,95023
1.13,94488
1.13,94190
1.13,94027
1.14,93769
1.15,93765
1.15,93613
1.16,93530
1.16,91563
1.16,91533
1.17,91314
1.17,91218
1.17,90864
1.17,90365
1.18,90218
1.19,90188
1.19,89961
1.19,89252
1.20,89045
1.20,89033
1.20,87173
1.20,85666
1.20,84740
1.21,82982
1.21,81400
1.21,79395
1.23,79376
1.23,78940
1.23,78798
1.23,78636
1.23,78609
1.23,76391
1.24,76352
1.24,76047
1.24,75991
1.25,75983
1.25,75893
1.25,75801
1.26,75517
1.27,75497
1.28,75407
1.28,75246
1.28,75224
1.28,75163
1.28,75162
1.29,75074
1.30,74995
1.30,74889
1.30,74735
1.30,74372
1.30,74160
1.35,74031
1.37,73635
1.39,73597
1.39,72973
1.40,71754
1.41,71608
1.41,71325
1.41,70804
1.41,70774
1.41,69914
1.42,69414
1.43,69222
1.44,68991
1.49,68958
1.49,68654
1.52,68568
1.52,68017
1.53,67852
1.54,67689
1.54,67582
1.55,67259
1.56,67257
1.57,66955
1.57,66875
1.57,66835
1.57,66697
1.57,66490
1.58,66466
1.59,66101
1.59,65992
1.59,65901
1.59,65871
1.59,65618
1.60,65297
1.62,65061
1.63,65011
1.64,64951
1.65,64863
1.65,64836
1.65,64765
1.65,64439
1.65,64129
1.65,63986
1.66,63961
1.66,63791
1.67,63729
1.67,63687
1.68,63584
1.68,63449
1.68,63119
1.69,62867
1.70,62660
1.70,62646
1.70,62247
1.70,62223
1.70,62206
1.72,61963
1.72,61938
1.77,61755
1.78,61641
1.79,61614
1.83,61093
1.83,60175
1.85,60092
1.85,59817
1.87,59704
1.88,59583
1.89,59287
1.89,59257
1.89,58932
1.90,58587
1.91,58446
1.91,58341
1.91,58247
1.92,58096
1.92,58020
1.92,57992
1.92,57678
1.93,57622
1.93,57330
1.93,57180
1.93,56994
1.93,56967
1.93,56899
1.93,56883
1.95,56805
1.95,56767
1.95,56751
1.95,56613
1.97,56597
1.97,56491
1.99,56392
2.01,56177
2.01,56172
2.01,56119
2.01,56116
2.01,56044
2.02,55929
2.03,55887
2.03,55863
2.04,55831
2.10,55790
2.10,55658
2.13,55613
2.15,55525
2.15,55477
2.15,55471
2.17,55433
2.20,55413
2.22,55401
2.26,55382
2.34,55373
2.34,55310
2.34,55215
2.35,55124
2.36,55067
2.36,54954
2.36,54925
2.40,54892
2.40,54704
2.41,54696
2.41,54581
2.48,54294
2.53,54189
2.54,54057
2.55,53948
2.55,53728
2.56,53565
2.59,53548
2.60,53355
2.65,53345
2.65,53329
2.65,53137
2.67,53095
2.70,53046
2.70,53017
2.77,52989
2.85,52917
2.86,52721
2.86,52584
2.88,52524
2.88,52501
2.95,52268
3.10,52241
3.16,52226
3.18,52198
3.20,52061
3.24,52010
3.28,51829
3.33,51645
3.35,51624
3.35,51521
3.37,51359
3.38,51232
3.38,51156
3.38,51123
3.38,51045
3.39,51001
3.47,50307
3.50,50239
3.51,49870
3.52,49406
3.52,49340
3.55,49287
3.62,49239
3.68,49162
3.68,49095
3.71,48998
3.75,48935
3.76,48922
3.77,48811
3.77,48694
3.79,48668
3.79,48664
3.80,48527
3.80,48487
3.80,48486
3.81,48417
3.81,48363
3.85,48354
3.90,48301
3.97,48196
3.97,48120
3.99,48103
4.01,48064
4.03,47977
4.04,47970
4.04,47903
4.04,47848
4.07,47721
4.08,47657
4.31,47335
4.33,47295
4.33,47119
4.35,47095
4.36,47057
4.36,46809
4.40,46687
4.53,46665
4.54,46662
4.60,46417
4.93,46279
4.94,46158
4.94,45818
5.27,45580
5.35,45518
5.36,45399
5.42,45385
5.44,45293
5.49,45211
5.52,45156
5.58,45020
5.61,44874
5.62,44841
5.62,44768
5.66,44766
5.69,44720
5.90,44674
5.90,44547
5.94,44533
6.95,44506
7.26,44459
7.37,44343
7.55,44330
8.79,44306
8.79,44037
10.74,43878
10.75,43765
17.95,43761
19.94,43729
19.94,43726
41.80,43722
70.83,43583
71.05,43507
71.10,43270
183.47,43265
184.69,43227
184.70,43159
302.84,43087
304.35,43086
304.35,42995
