0.00,256167
0.00,255681
0.00,255661
0.00,253425
0.00,253336
0.00,251237
0.01,250896
0.01,250874
0.01,248644
0.01,247109
0.01,246482
0.01,245880
0.01,245446
0.01,245027
0.01,244276
0.01,244234
0.01,244031
0.01,243489
0.01,243404
0.01,242452
0.01,242233
0.01,240261
0.01,240153
0.01,239798
0.02,239796
0.02,239717
0.02,235922
0.02,235821
0.02,234630
0.02,234610
0.02,232899
0.02,232572
0.02,231537
0.02,231299
0.02,231112
0.02,229289
0.02,229048
0.02,228762
0.02,228583
0.03,228575
0.03,228548
0.04,228369
0.04,224038
0.04,223963
0.04,223389
0.04,223053
0.04,222903
0.04,222351
0.04,221393
0.04,220401
0.04,219361
0.04,219089
0.04,218587
0.04,218552
0.05,218250
0.05,217619
0.05,217050
0.05,216382
0.05,215985
0.05,215819
0.05,214706
0.05,213522
0.05,212881
0.05,211768
0.05,211732
0.05,211669
0.05,211590
0.05,209315
0.05,209130
0.05,208477
0.05,207868
0.05,207346
0.05,207159
0.06,206722
0.06,206184
0.06,204685
0.06,204123
0.06,203877
0.06,203773
0.06,203599
0.06,203583
0.06,202076
0.06,201007
0.06,199824
0.06,199419
0.06,199152
0.06,198527
0.06,197926
0.06,197533
0.07,196944
0.07,193164
0.07,192654
0.07,191975
0.07,190813
0.07,190275
0.07,189665
0.07,189578
0.07,189005
0.08,188965
0.08,188930
0.09,188862
0.09,188447
0.09,188106
0.09,187993
0.09,187975
0.09,187920
0.09,187209
0.09,187128
0.09,185772
0.09,185726
0.09,185631
0.09,185208
0.09,184748
0.09,184316
0.09,184156
0.09,183815
0.10,183633
0.10,183366
0.10,182828
0.10,182521
0.10,182411
0.10,182255
0.10,182227
0.10,182155
0.10,181409
0.11,181398
0.11,180756
0.11,180736
0.11,180123
0.11,180105
0.11,180098
0.11,179062
0.11,179061
0.11,178862
0.11,178846
0.11,178637
0.11,178160
0.11,178109
0.11,178000
0.11,177857
0.11,177137
0.11,176671
0.11,176499
0.11,175562
0.11,175542
0.11,175451
0.11,175012
0.11,174955
0.12,174746
0.12,174227
0.12,174038
0.12,174016
0.12,173947
0.12,173108
0.12,173034
0.12,172374
0.12,170918
0.12,170426
0.12,169445
0.13,168971
0.13,168776
0.13,168579
0.13,166683
0.13,165593
0.13,164377
0.13,164319
0.13,164182
0.13,163967
0.13,163904
0.13,163170
0.13,161625
0.13,161530
0.13,160892
0.13,160807
0.13,160569
0.13,158489
0.14,158487
0.14,157882
0.14,157747
0.14,157435
0.14,157312
0.14,156817
0.15,156675
0.15,156573
0.15,156162
0.15,155784
0.15,155424
0.15,154942
0.15,154589
0.16,154306
0.16,154295
0.16,153371
0.16,153305
0.16,153209
0.17,152665
0.17,152405
0.17,152327
0.17,152213
0.17,151898
0.17,151351
0.17,151155
0.17,151039
0.17,151022
0.17,150518
0.17,150483
0.18,150236
0.18,150020
0.18,149687
0.18,149292
0.19,149116
0.19,149049
0.19,148993
0.19,148197
0.20,147923
0.26,147500
0.27,147171
0.29,147010
0.30,147007
0.30,146698
0.32,146605
0.32,146424
0.33,146408
0.33,146362
0.35,146337
0.35,145821
0.35,145545
0.35,145517
0.36,145400
0.36,145382
0.36,145315
0.37,144805
0.37,144753
0.38,144685
0.39,144441
0.40,144440
0.40,144149
0.40,144049
0.40,143736
0.40,143376
0.40,142902
0.40,142553
0.40,142370
0.40,142204
0.41,141509
0.41,141390
0.41,141222
0.42,140557
0.42,140305
0.42,138727
0.42,138068
0.42,137358
0.42,137184
0.42,136917
0.42,136107
0.43,136068
0.43,135992
0.44,135784
0.45,135630
0.47,135572
0.47,135381
0.47,134315
0.47,134270
0.47,134246
0.47,134195
0.48,133923
0.52,133752
0.52,132603
0.52,132317
0.52,129905
0.52,129560
0.53,129347
0.53,128995
0.53,128621
0.53,128199
0.53,128117
0.53,127590
0.54,127571
0.58,127566
0.58,127350
0.59,127162
0.59,126993
0.59,126865
0.60,126760
0.60,126312
0.60,126148
0.63,125704
0.63,125046
0.63,124957
0.65,124762
0.65,124565
0.66,123384
0.66,122668
0.66,122366
0.66,121581
0.66,121339
0.67,121278
0.67,120970
0.69,120947
0.70,120796
0.70,120620
0.70,120220
0.71,120134
0.71,119738
0.72,119688
0.72,119442
0.72,119242
0.72,118801
0.72,118525
0.72,118509
0.72,117863
0.72,117379
0.72,117203
0.72,116961
0.72,116831
0.72,116764
0.72,116665
0.73,116557
0.73,116080
0.73,115609
0.73,115377
0.73,114801
0.73,114461
0.73,113868
0.73,112747
0.74,112680
0.74,112374
0.75,112356
0.75,112145
0.75,112116
0.75,110984
0.75,110323
0.75,109179
0.75,109057
0.75,108277
0.75,108095
0.76,107707
0.76,107694
0.78,106920
0.78,106432
0.78,105776
0.78,105284
0.78,104194
0.79,103766
0.79,103512
0.79,102570
0.81,102347
0.81,102109
0.82,102093
0.82,101752
0.83,101628
0.83,100770
0.83,100653
0.84,100515
0.84,100451
0.85,99738
0.85,99411
0.86,98855
0.86,98808
0.86,98754
0.86,98739
0.86,97434
0.87,97155
0.87,96525
0.87,96229
0.88,96202
0.88,95941
0.89,95929
0.89,95823
0.89,95798
0.90,95653
0.90,95535
0.90,95436
0.90,95285
0.91,95110
0.91,94864
0.91,94697
0.91,94688
0.91,94596
0.91,94374
0.91,94331
0.91,94309
0.91,94088
0.91,93607
0.92,93549
0.94,93535
0.94,93451
0.98,93295
1.01,93266
1.01,93145
1.01,92880
1.04,92733
1.05,92473
1.05,92446
1.06,92235
1.06,91701
1.10,91629
1.10,91097
1.10,91041
1.10,90923
1.10,90910
1.11,90865
1.11,90783
1.12,90730
1.14,90694
1.14,90332
1.14,90180
1.14,90159
1.14,90134
1.15,89167
1.15,89164
1.15,88173
1.15,88145
1.15,88092
1.16,88091
1.16,87601
1.16,87485
1.16,87116
1.18,86839
1.19,86543
1.19,86477
1.19,86443
1.19,86414
1.19,85781
1.19,85770
1.19,85230
1.20,85145
1.20,85060
1.20,85004
1.20,84695
1.20,84658
1.20,84565
1.20,84460
1.21,83238
1.21,83062
1.21,82179
1.21,82066
1.21,81797
1.21,81794
1.21,81624
1.21,80923
1.23,80289
1.23,79575
1.23,79534
1.23,79509
1.24,79131
1.24,79109
1.24,78623
1.24,77757
1.25,77588
1.26,77515
1.29,77392
1.30,77195
1.31,76706
1.31,76674
1.31,76275
1.32,76099
1.33,76095
1.33,74876
1.34,74606
1.34,74517
1.35,74464
1.37,74460
1.37,74218
1.38,73806
1.40,73624
1.40,73379
1.40,73351
1.41,73262
1.43,73059
1.43,72586
1.50,72503
1.50,72319
1.50,72276
1.54,71766
1.55,71690
1.55,71582
1.55,71542
1.55,71183
1.55,71099
1.55,71008
1.55,70893
1.55,70859
1.55,70840
1.55,70374
1.57,70295
1.57,70287
1.57,70158
1.58,70101
1.59,70075
1.59,69892
1.60,69756
1.60,69403
1.60,69344
1.60,69272
1.61,69107
1.65,68847
1.65,68558
1.65,68263
1.65,68174
1.65,67694
1.65,67590
1.65,67578
1.65,67190
1.65,67139
1.66,67136
1.66,67042
1.66,66845
1.66,66788
1.66,66787
1.66,66560
1.66,66176
1.66,66155
1.66,66133
1.67,66067
1.67,66019
1.68,65884
1.68,65823
1.68,65549
1.69,64936
1.69,64728
1.69,64676
1.69,64422
1.69,64406
1.69,64370
1.69,64293
1.70,63989
1.70,63556
1.70,63153
1.70,63093
1.70,62548
1.74,62495
1.74,62086
1.75,62011
1.75,61973
1.75,61471
1.75,61452
1.75,61302
1.75,61132
1.75,60998
1.76,60958
1.76,60940
1.76,60927
1.76,60700
1.76,60530
1.76,60507
1.76,60446
1.77,60296
1.78,60258
1.78,60059
1.79,60058
1.80,59901
1.80,59853
1.80,59788
1.81,59732
1.82,59634
1.82,59484
1.82,59402
1.83,59395
1.83,59291
1.83,59279
1.83,59260
1.83,59231
1.83,59209
1.83,58991
1.83,58984
1.83,58770
1.83,58703
1.83,58475
1.83,58430
1.83,58417
1.84,58400
1.84,58302
1.84,58287
1.84,58252
1.84,58240
1.84,58168
1.84,58148
1.85,58050
1.85,57934
1.86,57894
1.86,57889
1.86,57818
1.86,57789
1.86,57722
1.86,57648
1.86,57599
1.86,57543
1.86,57515
1.86,57504
1.87,57458
1.87,57410
1.87,57066
1.87,56789
1.87,56761
1.87,56747
1.87,56714
1.87,56650
1.87,56617
1.87,56403
1.88,56282
1.88,56174
1.88,56173
1.90,56149
1.90,56092
1.93,56072
1.94,56053
2.07,54699
2.09,54665
2.10,54506
2.10,53872
2.12,53857
2.17,53790
2.17,53722
2.17,53650
2.18,53358
2.39,53295
2.41,53199
2.41,53190
2.42,53182
2.42,53170
2.42,53163
2.42,53149
2.42,53072
2.42,52988
2.42,52971
2.51,52963
2.54,52897
2.57,52783
2.60,52765
2.60,52743
2.61,52742
2.61,52718
2.66,52694
2.69,52646
2.71,52485
2.74,52428
2.80,52237
2.80,52233
2.84,52112
2.89,52075
2.90,52015
2.93,52006
2.93,51419
2.94,51176
2.94,51173
3.04,50735
3.11,50720
3.11,50719
3.11,50549
3.11,50216
3.13,50205
3.13,50140
3.13,49784
3.13,49583
3.14,49495
3.17,49407
3.17,49172
3.27,49095
3.28,49027
3.28,48870
3.29,48772
3.31,48725
3.32,48709
3.35,48625
3.38,48596
3.41,48465
3.47,48450
3.49,48198
3.52,48086
3.53,47866
3.54,47800
3.60,47665
3.61,47600
3.62,47590
3.65,47550
3.65,47507
3.66,47471
3.69,47439
3.69,47434
3.69,47370
3.69,47239
3.70,47046
3.71,47007
3.71,46877
3.71,46356
3.76,46349
3.76,46184
4.02,46026
4.14,46009
4.15,45852
4.23,45772
4.32,45520
4.32,45465
4.37,45380
4.49,45352
4.50,45298
4.51,45276
4.52,45206
4.53,45144
4.57,45121
4.61,45043
4.61,44866
4.62,44765
4.67,44592
4.76,44588
4.87,44574
4.87,44572
4.88,44552
4.93,44546
5.14,44452
5.19,44326
5.21,44307
5.28,44226
5.29,44208
5.32,43996
5.52,43948
5.52,43940
5.53,43898
5.55,43818
5.60,43714
5.88,43686
5.89,43382
6.14,43310
6.32,43286
6.66,43265
6.66,43258
6.67,43216
6.98,43148
8.87,43141
58.24,43020
133.30,42953
134.48,42926
219.23,42892
220.37,42855
327.31,42841
439.02,42781
440.44,42774
440.48,42723
566.96,42590
