0.00,266459
0.00,264516
0.01,262421
0.01,261835
0.01,261753
0.01,260641
0.09,259663
0.10,258770
0.10,257982
0.10,257463
0.10,256383
0.10,255385
0.11,252759
0.13,252082
0.15,251889
0.15,250860
0.15,249152
0.15,248160
0.50,246878
0.50,242755
0.50,242126
4.83,241993
4.84,240756
4.84,239536
4.84,236791
4.84,236655
4.85,235620
5.48,234638
5.48,231207
5.48,230162
5.85,226480
5.85,225100
6.22,222804
6.22,221778
6.37,221093
6.37,219343
6.38,217033
6.38,215499
6.38,215192
6.45,214798
6.45,213918
6.79,212748
6.79,211841
6.79,210926
6.82,209537
6.83,207281
6.83,206478
6.83,205945
6.84,204745
6.88,203761
6.88,203430
6.88,202866
6.97,202525
6.97,202439
6.99,201042
6.99,200482
6.99,199224
6.99,197485
6.99,195895
6.99,193310
7.00,192825
7.00,192024
7.00,190408
7.03,189889
7.03,189389
7.04,186712
7.04,185185
7.36,183969
7.37,183451
7.37,182560
7.40,182067
7.42,181457
7.42,181113
7.51,178459
7.51,177955
7.52,177560
7.52,176999
7.53,176310
7.53,175800
7.54,174613
7.56,174307
7.57,172991
7.57,171334
7.57,170512
7.68,170044
7.68,169916
7.68,168672
7.68,167818
7.69,167521
7.69,166374
7.69,164558
7.69,164275
7.70,164160
7.70,163504
7.71,163036
7.71,159847
7.71,158847
7.71,158790
7.72,158102
7.72,157599
7.74,157396
7.81,155968
7.90,154965
7.91,154130
7.93,151444
7.94,150348
7.94,149885
7.94,149491
7.96,149340
8.03,148655
8.04,147737
8.04,147264
8.06,146802
8.07,146603
8.08,146381
8.08,145195
8.09,144643
8.15,144417
8.15,143151
8.16,142398
8.16,142068
8.16,141452
8.17,141019
8.17,140667
8.18,140479
8.18,140019
8.18,139719
8.25,139054
8.26,138755
8.26,138483
8.26,138301
8.26,138038
8.28,137370
8.28,136154
8.29,135981
8.29,135219
8.29,135075
8.29,134250
8.30,133410
8.30,133167
8.31,132011
8.31,130146
8.31,129318
8.31,128816
8.32,128595
8.32,127803
8.32,126861
8.33,126575
8.33,126249
8.33,126049
8.41,124987
8.45,124210
8.64,124044
8.70,123732
8.70,122811
8.70,122546
8.70,122117
8.70,121582
8.70,121049
8.71,120415
8.71,120237
8.71,119694
8.84,118998
8.84,118837
8.84,118162
8.84,117488
8.85,116991
8.85,116481
8.86,115870
8.86,114957
8.88,114014
8.88,112643
8.89,111553
8.90,111088
8.91,110127
9.01,110083
9.01,109839
9.02,109141
9.02,109011
9.02,108829
9.03,108582
9.03,108474
9.04,107896
9.05,107232
9.05,107000
9.05,106800
9.05,106190
9.11,105454
9.12,105052
9.12,104176
9.12,103919
9.12,103436
9.12,103288
9.13,102460
9.14,102259
9.16,101758
9.25,100589
9.25,100006
9.25,99645
9.26,99086
9.28,97319
9.28,96581
9.29,95529
9.29,95197
9.29,95071
9.29,94863
9.32,94470
9.34,94027
9.35,93115
9.36,92685
9.38,92587
9.38,92149
9.38,91926
9.39,91022
9.42,90664
9.43,89547
9.44,89436
9.44,89333
9.45,89260
9.48,88846
9.49,88618
9.49,88168
9.50,87309
9.51,86840
9.52,86323
9.53,85898
9.53,85729
9.53,85521
9.54,85068
9.54,84902
9.55,84408
9.56,84243
9.56,84091
9.58,83707
9.58,83381
9.59,83329
9.59,82847
9.65,82357
9.66,82091
9.66,81679
9.66,81193
9.83,81091
9.84,80844
9.84,80571
9.87,80001
9.88,79428
9.89,79177
9.94,78708
9.97,77758
10.00,77659
10.02,76965
10.04,76591
10.05,76423
10.05,76005
10.05,75589
10.06,75513
10.08,75346
10.12,75128
10.13,74833
10.14,74200
10.15,74105
10.16,73683
10.19,73477
10.19,73361
10.20,73318
10.21,73042
10.23,72747
10.26,72703
10.27,72443
10.29,72094
10.31,72068
10.34,71947
10.36,71787
10.38,71289
10.38,70657
10.38,70437
10.40,70062
10.41,69747
10.42,69599
10.44,69331
10.44,69267
10.45,69237
10.46,69092
10.47,68884
10.48,68353
10.48,67836
10.49,67600
10.52,67077
10.53,66820
10.54,66554
10.63,66418
10.65,65765
10.72,65168
10.81,64770
10.84,64493
10.84,64310
10.87,63536
10.89,63502
10.92,62611
10.93,62484
10.95,62174
10.95,62022
10.97,61845
11.00,61810
11.01,61607
11.02,61427
11.06,61221
11.07,61139
11.07,60948
11.09,60903
11.10,60852
11.11,60664
11.11,60601
11.12,59957
11.17,58712
11.19,58416
11.21,58193
11.22,57571
11.24,57457
11.25,57368
11.26,56985
11.27,56856
11.32,56604
11.33,56495
11.36,56230
11.41,56184
11.44,55917
11.47,55830
11.49,55790
11.51,55674
11.71,55598
11.72,55287
11.74,54650
11.75,54495
11.77,54473
11.79,54338
11.84,54241
11.86,53969
11.88,53669
11.91,53620
11.97,53379
12.03,53324
12.05,53160
12.09,52969
12.14,52900
12.17,52822
12.18,52726
12.24,52375
12.29,51742
12.37,51506
12.38,51424
12.45,51278
12.53,51161
12.65,51033
12.68,50909
12.69,50802
12.75,50539
12.77,50528
12.79,50473
12.81,50378
12.86,50271
12.96,49209
13.01,49083
13.18,49034
13.23,48863
13.32,48724
13.35,48591
13.43,48381
13.45,48358
13.45,47996
13.47,47966
13.50,47760
13.51,47674
13.65,47591
13.72,47421
13.75,47345
13.78,47197
13.87,47116
13.92,47084
14.07,47064
14.24,47027
14.30,46963
14.49,46883
14.74,46804
14.77,46647
14.81,46590
14.91,46527
14.97,46488
15.41,46172
15.44,46029
15.60,45987
15.70,45890
15.76,45875
15.88,45609
16.01,45254
16.23,45191
16.34,45123
16.54,44896
16.57,44846
16.82,44558
16.89,44312
16.95,44280
17.02,44090
17.85,44023
18.27,43879
21.85,43684
66.71,43543
66.80,43485
67.27,43446
68.04,43364
68.18,43316
68.75,43212
69.02,43120
73.25,43006
76.42,42870
141.79,42598
141.85,42430
142.36,42368
142.66,42136
144.08,42071
144.69,41933
