0.00,267881
0.00,267644
0.00,266754
0.00,266272
0.00,265227
0.00,264601
0.00,263854
0.00,263623
0.00,262237
0.00,262097
0.00,261761
0.00,261725
0.00,261428
0.00,261300
0.00,260752
0.01,260317
0.01,260001
0.01,259951
0.01,258576
0.01,258542
0.01,258169
0.01,257934
0.01,256672
0.01,256582
0.01,256227
0.01,256146
0.01,255731
0.01,255509
0.01,255430
0.01,255279
0.01,255096
0.01,254747
0.01,254421
0.01,254238
0.01,254096
0.01,253836
0.01,252876
0.02,252341
0.02,251681
0.02,250401
0.02,250129
0.02,249581
0.02,247372
0.02,247349
0.02,245888
0.02,245640
0.02,244497
0.02,244235
0.02,243280
0.02,242226
0.02,241761
0.02,240674
0.02,240146
0.02,240113
0.02,240085
0.02,239886
0.02,239607
0.02,239204
0.02,238876
0.02,238864
0.02,238670
0.02,238255
0.02,238195
0.02,237506
0.02,237424
0.03,236711
0.03,235840
0.03,234748
0.03,234387
0.03,233734
0.03,233104
0.03,232000
0.03,231497
0.03,231049
0.03,230615
0.03,228538
0.03,227845
0.03,227494
0.03,227095
0.03,226815
0.03,226788
0.03,226290
0.03,226099
0.03,225496
0.03,225491
0.03,223620
0.03,223375
0.03,221396
0.03,221217
0.03,221054
0.03,220063
0.03,219750
0.03,219330
0.03,217851
0.03,217631
0.03,217347
0.04,217137
0.04,216431
0.04,215725
0.04,214754
0.04,214752
0.04,214726
0.04,213277
0.04,212965
0.04,211305
0.04,210881
0.04,210694
0.04,210623
0.04,210512
0.04,210433
0.04,210371
0.04,209865
0.04,209835
0.04,209222
0.04,208402
0.05,208160
0.05,207546
0.05,207377
0.05,207211
0.05,205324
0.05,205292
0.05,205145
0.05,204370
0.05,204360
0.05,204273
0.05,201855
0.05,201732
0.05,201698
0.05,201676
0.05,201615
0.05,200748
0.05,200610
0.05,199935
0.05,199566
0.05,198636
0.05,198569
0.05,197336
0.05,196592
0.06,196352
0.06,196302
0.06,195549
0.06,193391
0.06,193246
0.06,193243
0.06,192939
0.06,191753
0.06,191153
0.06,190470
0.06,190230
0.06,190225
0.06,189331
0.06,188827
0.06,186740
0.07,186727
0.07,186409
0.07,186204
0.07,185907
0.07,185312
0.07,185017
0.07,184494
0.07,183391
0.07,183106
0.07,182399
0.07,181934
0.07,181310
0.07,181234
0.07,181096
0.07,180942
0.07,180686
0.07,180238
0.07,180198
0.07,180011
0.07,178996
0.07,178951
0.07,178927
0.08,178435
0.08,178238
0.08,177676
0.09,177648
0.10,177059
0.10,176516
0.10,175777
0.10,173388
0.10,172686
0.10,169584
0.10,169385
0.10,169273
0.10,168214
0.10,168164
0.10,167316
0.10,166039
0.10,165757
0.10,165592
0.10,165325
0.11,164846
0.11,164267
0.11,163998
0.11,163819
0.11,163666
0.11,163572
0.11,163358
0.12,163063
0.12,162821
0.12,162573
0.12,162249
0.12,161850
0.12,161578
0.12,161548
0.12,161132
0.12,161076
0.12,160820
0.12,160608
0.12,160382
0.13,160352
0.13,160340
0.13,160171
0.13,160114
0.13,160023
0.13,159426
0.14,159197
0.14,159063
0.14,158731
0.14,158433
0.14,158415
0.14,158050
0.15,158049
0.17,157978
0.17,157328
0.17,156702
0.18,156057
0.18,155314
0.18,155313
0.18,154683
0.18,154453
0.18,154301
0.18,153917
0.19,153785
0.19,153765
0.19,153750
0.20,153734
0.20,153407
0.20,153156
0.21,152827
0.21,152823
0.21,152261
0.21,152162
0.21,151526
0.21,151208
0.21,150782
0.21,150595
0.21,150332
0.22,150036
0.22,150006
0.22,149604
0.23,149433
0.23,148517
0.23,148502
0.23,148388
0.23,148153
0.23,147756
0.23,147020
0.23,145905
0.26,145882
0.28,145790
0.35,145673
0.37,145547
0.37,144026
0.37,143978
0.37,141985
0.37,141856
0.37,140996
0.37,140900
0.38,140403
0.38,139925
0.38,139723
0.38,139596
0.38,139343
0.39,139212
0.39,138719
0.40,138279
0.40,137496
0.40,136478
0.40,136432
0.40,136422
0.40,136025
0.42,135721
0.42,135676
0.42,135664
0.42,135552
0.42,134570
0.42,134442
0.43,133942
0.43,131965
0.43,131667
0.43,130248
0.43,129971
0.43,129638
0.43,129284
0.43,128773
0.43,128428
0.43,128038
0.43,127981
0.43,127227
0.43,126679
0.43,125775
0.43,125548
0.43,125426
0.44,125224
0.44,125146
0.44,124843
0.44,124695
0.45,124658
0.45,124263
0.46,123925
0.46,123889
0.46,123174
0.48,123043
0.48,122934
0.48,122866
0.48,122864
0.48,122224
0.48,121747
0.48,121448
0.48,121185
0.48,120773
0.48,120598
0.48,120239
0.48,119924
0.48,119734
0.48,119537
0.49,119507
0.49,119493
0.49,119320
0.49,118924
0.49,118404
0.50,118245
0.50,117806
0.50,117730
0.50,117632
0.50,117575
0.50,116923
0.50,116622
0.50,116150
0.50,116111
0.50,115476
0.50,114767
0.50,114457
0.50,114370
0.50,114090
0.50,114082
0.50,113902
0.50,113566
0.50,113104
0.50,112843
0.50,112313
0.51,112239
0.51,111579
0.52,111517
0.52,111512
0.52,111349
0.52,111152
0.52,110763
0.52,110640
0.52,110342
0.52,110282
0.53,110126
0.54,110087
0.54,109937
0.54,109746
0.54,109680
0.54,109450
0.54,109407
0.54,109254
0.56,109247
0.61,109245
0.62,109201
0.62,108964
0.63,108948
0.63,108819
0.64,108518
0.64,108514
0.64,108370
0.64,108308
0.64,108099
0.64,108027
0.64,108006
0.64,107994
0.64,107990
0.64,107971
0.64,107969
0.64,107608
0.64,107604
0.64,107557
0.64,107367
0.65,107301
0.65,107231
0.65,107112
0.65,107056
0.66,107042
0.66,106202
0.66,105632
0.66,105626
0.66,105494
0.66,105148
0.67,104622
0.67,104548
0.67,103027
0.67,102780
0.67,102730
0.67,102630
0.67,102563
0.67,102466
0.67,102297
0.68,102050
0.68,102040
0.68,101852
0.68,101610
0.68,99187
0.68,98562
0.68,97834
0.69,97828
0.69,97185
0.69,96987
0.70,96948
0.70,95627
0.70,95094
0.70,94726
0.70,94691
0.70,94500
0.71,94040
0.71,94031
0.71,93998
0.71,93153
0.71,93096
0.71,92404
0.72,90361
0.72,90211
0.72,90154
0.72,90052
0.72,89737
0.72,89386
0.72,89322
0.76,88748
0.76,88625
0.76,88450
0.76,88127
0.77,88074
0.78,87893
0.82,85934
0.82,84987
0.86,84588
0.87,84423
0.87,83589
0.89,83210
0.89,82408
0.89,82407
0.90,81808
0.90,81791
0.90,81474
0.90,81465
0.91,81110
0.95,81072
0.95,80949
0.95,80833
0.96,80810
0.96,80727
1.00,80685
1.01,80674
1.01,80607
1.02,80489
1.03,80486
1.03,80478
1.04,79830
1.04,79504
1.05,79220
1.08,79169
1.14,79088
1.14,78828
1.15,78799
1.16,78566
1.22,78508
1.22,78182
1.23,78135
1.23,78022
1.24,77901
1.25,77767
1.27,77630
1.29,77514
1.32,77513
1.32,77417
1.36,77212
1.36,76938
1.36,76391
1.39,76244
1.39,76122
1.39,75779
1.45,75762
1.45,75605
1.45,75528
1.46,75442
1.46,75287
1.47,75263
1.47,75242
1.47,74883
1.47,74866
1.47,74575
1.47,74429
1.47,74226
1.47,74219
1.47,73996
1.47,72835
1.48,72833
1.48,72619
1.49,72209
1.49,72168
1.49,72080
1.49,71788
1.50,71689
1.50,71533
1.51,71368
1.51,71190
1.51,71164
1.51,70938
1.51,70875
1.51,70641
1.52,70469
1.52,70313
1.52,70045
1.52,70009
1.52,69617
1.52,69438
1.52,69278
1.52,69188
1.52,69169
1.53,68940
1.53,68640
1.53,68274
1.53,68099
1.53,67940
1.54,67729
1.54,67201
1.54,67012
1.54,66480
1.54,66023
1.54,65315
1.55,65206
1.56,64549
1.56,64048
1.56,63478
1.56,63258
1.56,63140
1.56,62680
1.59,62599
1.59,62394
1.59,61862
1.62,61833
1.62,61531
1.64,61324
1.65,61183
1.65,60982
1.66,60848
1.66,60656
1.66,60479
1.67,60462
1.68,60179
1.69,60160
1.69,59980
1.69,59763
1.70,59695
1.73,59527
1.76,59293
1.77,59257
1.77,59243
1.77,59077
1.77,59075
1.77,58933
1.78,58927
1.78,58787
1.78,58779
1.78,58729
1.78,58490
1.79,58367
1.79,58203
1.79,58126
1.79,58065
1.79,57959
1.80,57841
1.80,57687
1.80,57566
1.81,57421
1.82,57317
1.83,57227
1.83,57165
1.83,56984
1.84,56849
1.84,56754
1.85,56751
1.85,56669
1.85,56537
1.85,56492
1.85,56353
1.85,56307
1.85,56304
1.85,56295
1.85,56252
1.85,56200
1.86,56197
1.86,56011
1.86,56005
1.86,55873
1.86,55807
1.86,55712
1.86,55702
1.86,55658
1.87,55566
1.87,55556
1.87,55497
1.88,55272
1.88,55111
1.88,54979
1.88,54824
1.88,54742
1.89,54687
1.89,54641
1.89,54495
1.89,54467
1.91,54441
1.91,54425
1.92,54331
1.92,54264
1.95,54256
1.95,54251
1.95,54248
1.95,54159
1.95,54025
1.97,54013
1.97,53826
2.00,53818
2.00,53390
2.10,53342
2.10,53253
2.11,53037
2.28,52988
2.30,52977
2.30,52934
2.30,52756
2.31,52715
2.33,52621
2.36,52516
2.46,52486
2.53,52226
2.61,52142
2.65,51922
2.68,51773
2.68,51692
2.69,51550
2.76,51271
2.87,51265
2.88,51232
2.89,51134
2.89,51088
2.97,51033
2.98,50895
2.98,50846
2.98,50836
3.01,50814
3.01,50768
3.04,50631
3.20,50617
3.22,50603
3.25,50585
3.29,50553
3.30,50349
3.30,50236
3.30,49789
3.31,49734
3.31,49636
3.33,49601
3.34,49565
3.34,49511
3.35,49508
3.43,49285
3.45,48960
3.49,47839
3.55,47818
3.55,47503
3.57,47450
3.57,47424
3.58,47245
3.60,47229
3.60,47202
3.61,47166
3.64,47137
3.64,47127
3.64,46979
3.64,46956
3.64,46951
3.65,46916
3.65,46905
3.65,46864
3.69,46773
3.72,46687
3.72,46546
3.74,46434
3.76,46325
3.76,46289
3.76,46182
3.76,46059
3.77,46046
3.80,45955
3.83,45912
3.90,45706
3.97,45690
3.99,45689
4.57,45688
4.59,45558
4.84,45552
4.84,45507
4.85,45480
4.94,45420
5.18,45374
5.19,45201
5.30,45196
5.39,45170
5.43,45125
5.46,45080
5.49,45076
5.49,45036
5.50,45023
5.51,45018
5.53,45000
5.56,44949
5.63,44869
5.63,44830
5.63,44813
5.64,44802
5.64,44718
5.65,44711
5.78,44450
6.66,44436
6.68,44245
6.72,44133
6.80,44106
7.02,44014
7.02,43746
7.36,43745
7.52,43713
8.89,43691
8.90,43688
8.92,43641
30.95,43640
31.22,43622
33.04,43509
67.14,43436
137.86,43397
138.65,43282
230.20,43230
231.23,43043
340.62,42959
341.97,42835
450.99,42782
452.75,42728
452.75,42665
578.53,42629
