0.00,260484
0.00,258815
0.00,258576
0.00,256020
0.02,253909
0.47,250774
0.48,248363
0.48,246547
0.69,245508
3.52,243046
3.97,242683
4.27,241242
4.59,239848
4.59,239067
4.60,238371
4.60,237521
5.30,235850
5.36,235675
5.37,234634
5.37,234008
5.67,231065
5.77,230499
5.78,229235
5.78,228331
5.89,226833
6.28,226242
6.28,226117
6.29,224314
6.29,222438
6.29,221708
6.29,221529
6.29,220949
6.29,220890
6.29,219738
6.41,217935
6.41,217268
6.41,217184
6.42,216290
6.42,214076
6.43,212714
6.44,212059
6.44,211474
6.45,211369
6.45,210815
6.46,210488
6.46,210156
6.49,209859
6.49,208636
6.49,205376
6.53,203002
6.58,201694
6.58,200797
6.58,199188
6.59,198155
6.59,196975
6.85,196445
7.08,194318
7.08,193793
7.11,192939
7.11,192050
7.13,190990
7.13,190454
7.13,190221
7.14,190110
7.15,189806
7.15,189382
7.15,188817
7.17,188286
7.17,185792
7.17,183452
7.22,182893
7.23,182210
7.23,181111
7.50,180379
7.50,180121
7.51,180052
7.51,179784
7.53,178678
7.53,177818
7.57,177448
7.57,177323
7.57,176298
7.58,175595
7.58,174633
7.69,173397
7.70,172570
7.70,172023
7.71,171026
7.71,170132
7.72,169050
7.72,168660
7.73,168467
7.73,168059
7.73,167675
7.74,166833
7.74,166199
7.75,165433
7.75,165239
7.75,164558
7.77,164329
7.77,163453
7.77,162441
7.77,162302
7.82,161976
7.82,161681
7.82,161428
7.83,160048
7.83,159523
7.83,159456
7.84,159120
7.86,158414
7.86,156916
7.88,156095
7.89,155141
7.89,153329
7.89,152822
7.89,152510
7.90,151559
7.90,151301
7.90,150459
8.02,149608
8.02,148828
8.03,147894
8.03,146973
8.08,145944
8.10,145116
8.10,144253
8.13,144174
8.14,143121
8.14,142946
8.14,142589
8.16,142413
8.16,141357
8.16,141125
8.17,140893
8.17,140546
8.17,139794
8.32,138289
8.33,138148
8.33,137685
8.33,137292
8.33,137253
8.33,136629
8.34,136191
8.34,136109
8.34,135379
8.34,134284
8.42,132829
8.42,131712
8.42,131351
8.42,130069
8.43,129036
8.43,128534
8.44,127302
8.69,125738
8.70,125421
8.70,123872
8.71,123792
8.71,123078
8.75,122548
8.75,121827
8.75,121723
8.76,121321
8.76,119653
8.77,119071
8.77,118520
8.78,117839
8.79,115300
8.79,114839
8.79,114761
8.80,113460
8.81,113329
8.84,113250
8.84,112163
8.84,111869
8.84,110949
8.85,109681
8.85,109341
8.93,109062
8.94,108662
8.94,108089
8.98,108035
8.99,107444
8.99,107189
9.00,106277
9.06,105253
9.06,105006
9.06,104545
9.10,103938
9.17,103724
9.17,103116
9.20,102775
9.21,102564
9.21,102470
9.21,102294
9.22,101777
9.22,101164
9.23,100977
9.23,100697
9.25,99679
9.25,99365
9.27,99228
9.28,98499
9.29,98337
9.29,97969
9.31,97682
9.32,97224
9.32,97097
9.34,96343
9.37,95769
9.37,95599
9.38,95275
9.39,94812
9.40,94278
9.40,93630
9.40,93079
9.40,92570
9.40,92408
9.41,92171
9.41,91706
9.41,91337
9.41,90797
9.42,90341
9.42,90132
9.43,89558
9.44,89092
9.44,89068
9.45,88961
9.46,88824
9.46,88486
9.47,87772
9.47,87609
9.48,87186
9.49,87115
9.51,86556
9.51,86473
9.51,86361
9.52,86015
9.53,85407
9.53,85298
9.56,83901
9.56,83175
9.57,82816
9.57,81920
9.63,81707
9.64,81335
9.64,80935
9.65,80490
9.67,80433
9.68,80016
9.70,79305
9.72,79000
9.72,78716
9.74,78523
9.74,78388
9.75,78158
9.77,77916
9.81,77843
9.82,77578
9.85,76856
9.86,76508
9.88,76255
9.89,76199
9.92,76082
9.94,75904
9.95,75735
9.96,75624
9.96,75286
9.96,75105
9.97,74563
9.98,74304
10.00,74019
10.00,73907
10.04,73548
10.08,73126
10.09,72770
10.09,72433
10.10,72172
10.15,71724
10.20,71438
10.21,71347
10.25,71247
10.26,71128
10.27,70986
10.31,70445
10.32,70159
10.34,69296
10.34,68769
10.38,68737
10.39,68553
10.45,68245
10.47,67773
10.48,67443
10.48,67238
10.49,67067
10.53,67003
10.54,66975
10.58,66730
10.60,66603
10.61,66274
10.62,65689
10.66,65408
10.66,65259
10.69,64859
10.69,64648
10.70,64249
10.72,64050
10.74,63784
10.77,63678
10.77,63443
10.81,63231
10.81,63119
10.82,62932
10.83,62750
10.85,62651
10.87,62228
10.88,62053
10.88,61887
10.90,61595
10.90,61382
10.92,61221
10.93,60884
10.95,60677
10.95,60105
10.98,59584
11.03,59487
11.04,59443
11.06,59257
11.08,59129
11.10,58934
11.14,58773
11.15,58643
11.19,58412
11.21,58330
11.27,58301
11.28,58111
11.30,58048
11.31,58023
11.36,57884
11.37,57825
11.40,57688
11.42,57553
11.43,57442
11.49,57373
11.53,57210
11.55,57147
11.60,56957
11.61,56744
11.66,56532
11.72,56359
11.75,56210
11.77,55899
11.83,55622
11.85,55567
11.86,55399
11.89,55258
11.90,55037
12.04,54919
12.08,54634
12.09,54460
12.17,54189
12.19,53965
12.30,53778
12.32,53556
12.33,53522
12.38,53481
12.43,53424
12.44,53264
12.53,53171
12.58,52693
12.59,52658
12.60,52565
12.66,52468
12.67,52391
12.73,52264
12.80,52174
12.88,52105
12.88,51860
12.90,51834
12.93,51254
12.95,51069
13.00,50863
13.06,50328
13.16,50209
13.20,50192
13.23,50100
13.30,50059
13.36,49881
13.39,49828
13.44,49603
13.49,49359
13.51,49303
13.59,49146
13.61,48778
13.73,48550
14.01,48039
14.08,47706
14.22,47588
14.31,47262
14.36,47074
14.59,46126
14.81,46102
15.06,45909
15.45,45590
15.54,45579
15.64,45505
15.67,45457
16.22,45274
16.52,45209
17.06,44968
17.67,44931
17.91,44852
18.24,44744
18.37,44734
18.70,44692
19.15,44649
19.70,44586
20.87,44107
21.55,43916
22.63,43865
25.35,43758
26.00,43588
45.04,43519
45.56,43409
46.85,43326
48.62,43220
49.78,43205
68.58,43102
69.80,43012
72.09,42986
73.40,42818
171.57,42745
171.94,42584
172.12,42443
172.86,42377
177.24,42323
