0.00,265082
0.00,264070
0.00,262902
0.00,262053
0.00,261590
0.01,259811
0.05,259359
0.05,258558
0.06,255295
0.06,253291
0.15,251288
0.15,248290
0.15,247564
0.15,247207
0.16,244741
0.16,244079
1.50,243554
1.50,240828
1.50,239716
5.71,237067
6.04,236351
6.04,235402
6.19,234573
6.20,234460
6.25,233683
6.26,233316
6.26,231949
6.26,231034
6.35,229622
6.38,228755
6.38,228265
6.39,227539
6.39,225950
6.39,225889
6.39,225156
6.39,223703
6.40,221282
6.40,220265
6.40,219578
6.40,217316
6.40,216897
6.69,216273
6.72,215734
6.73,215243
6.73,214675
6.73,214097
6.73,212467
6.73,209973
6.74,209275
6.74,208794
7.26,207100
7.26,206034
7.26,202079
7.26,200595
7.26,199774
7.27,196861
7.33,196760
7.33,196519
7.33,194064
7.33,193816
7.33,192477
7.33,191497
7.33,190536
7.34,187905
7.45,187727
7.45,186802
7.53,185372
7.70,185307
7.73,184449
7.73,184047
7.73,183727
7.73,182983
7.96,182696
7.96,182633
7.97,182182
7.98,181025
7.99,180754
8.01,179785
8.06,177490
8.10,176986
8.10,176395
8.10,175733
8.10,175169
8.10,174349
8.10,172705
8.13,171786
8.13,171469
8.14,171246
8.15,170222
8.15,168764
8.15,167710
8.16,167521
8.19,167269
8.19,166772
8.19,166656
8.19,166468
8.19,166134
8.19,165553
8.20,165325
8.20,164697
8.20,163237
8.20,162787
8.20,160938
8.21,160072
8.23,159326
8.25,158199
8.26,157827
8.26,157119
8.27,156722
8.27,156420
8.27,156401
8.29,155529
8.34,155300
8.35,153613
8.51,153521
8.51,151953
8.51,151538
8.52,150763
8.53,150301
8.54,149484
8.54,148729
8.54,148429
8.57,146726
8.60,146028
8.60,145409
8.60,145337
8.60,144892
8.61,144372
8.62,143303
8.63,142893
8.63,142496
8.73,141590
8.74,141377
8.74,140457
8.74,140351
8.74,140122
8.75,140032
8.77,138495
8.77,137821
8.77,137100
8.77,135705
8.78,135338
8.78,134823
8.78,134185
8.78,133471
8.80,133322
8.81,132758
8.81,132009
8.90,131963
8.90,131689
8.91,130903
8.91,130406
8.91,130318
8.91,129393
8.91,128614
8.97,128252
8.98,127448
8.98,127270
8.98,126887
8.99,126054
8.99,125394
8.99,125008
9.00,124116
9.00,123991
9.01,123202
9.01,122950
9.01,122702
9.01,122582
9.01,122475
9.10,122132
9.11,121067
9.11,120347
9.12,120080
9.16,119497
9.16,119469
9.16,118521
9.16,118008
9.17,117719
9.17,116906
9.18,114980
9.18,114463
9.18,113726
9.18,113548
9.19,113193
9.23,112330
9.23,111790
9.24,111466
9.24,111012
9.25,110784
9.29,110455
9.29,110402
9.29,109533
9.30,108137
9.30,108002
9.30,107708
9.30,107417
9.31,106700
9.31,106168
9.31,106001
9.31,104913
9.31,104040
9.32,103324
9.32,102944
9.42,102498
9.43,102240
9.43,101611
9.44,100722
9.48,100047
9.48,99196
9.51,98440
9.52,97908
9.52,97267
9.53,96704
9.58,95772
9.59,94496
9.62,94265
9.63,94204
9.68,92734
9.68,92531
9.68,92292
9.69,91952
9.70,91867
9.70,91523
9.70,91340
9.70,91009
9.75,90839
9.75,90136
9.75,89948
9.75,89575
9.75,89189
9.79,88611
9.80,88036
9.80,87830
9.84,87767
9.84,87386
9.86,87214
9.86,86762
9.87,86301
9.89,85194
9.89,85077
9.97,83620
9.98,83444
9.99,83119
10.00,82314
10.02,82135
10.03,81470
10.03,80514
10.06,80164
10.07,79851
10.07,79535
10.08,79427
10.09,79178
10.10,78656
10.11,78310
10.15,78156
10.16,77779
10.21,77694
10.22,77432
10.24,77234
10.38,76793
10.40,76643
10.40,75726
10.41,75190
10.41,74923
10.56,74730
10.56,74612
10.57,74504
10.62,73864
10.63,73673
10.67,73529
10.68,73322
10.70,72801
10.72,72747
10.75,72720
10.76,72494
10.78,72392
10.78,72069
10.81,71981
10.83,71156
10.84,71019
10.87,70952
10.89,70842
10.92,70824
10.93,70256
10.94,69951
10.95,69763
10.96,69234
10.96,68245
10.97,68174
10.98,68113
10.99,67575
10.99,67401
11.00,67100
11.08,66658
11.11,66500
11.12,66302
11.14,66194
11.15,65393
11.20,65165
11.21,64710
11.31,64654
11.32,64466
11.33,64328
11.34,63834
11.35,63640
11.36,63552
11.37,63470
11.38,63380
11.54,63203
11.55,62999
11.56,62638
11.57,62060
11.61,61918
11.62,61701
11.65,61396
11.65,61237
11.70,61176
11.71,60985
11.73,60809
11.74,60488
11.79,60034
11.81,59817
11.91,59646
11.93,59118
11.94,58948
11.96,58791
11.98,58728
12.00,58352
12.00,57993
12.02,57912
12.07,57807
12.08,57451
12.09,57376
12.13,56879
12.17,56587
12.18,56220
12.23,56200
12.27,56111
12.33,55682
12.35,55675
12.36,55624
12.37,55260
12.41,55140
12.44,54875
12.47,54797
12.49,54345
12.51,54137
12.56,54021
12.59,53964
12.62,53922
12.74,53887
12.76,53866
12.79,53828
12.83,53756
12.86,53044
12.88,52946
12.97,52639
13.00,52417
13.03,52290
13.04,52216
13.05,52163
13.13,51681
13.32,51285
13.40,50833
13.42,50673
13.44,50550
13.50,50288
13.57,50207
13.64,50187
13.81,49863
13.88,49812
13.90,49326
13.93,49060
13.96,48736
13.98,48699
13.99,48664
14.16,48635
14.34,48441
14.49,48321
14.52,48215
14.70,47900
14.74,47650
14.84,47528
15.08,47466
15.25,47392
15.36,46263
15.44,46239
15.46,46139
15.63,45928
16.03,45790
16.13,45508
16.14,45419
16.17,45363
16.30,45286
16.41,45055
16.47,45015
16.67,44933
17.09,44918
17.19,44724
17.39,44618
17.78,44583
18.03,44420
18.35,44272
19.12,44241
19.16,44155
19.55,44042
19.72,43955
20.30,43873
21.08,43820
21.20,43679
21.44,43660
21.70,43543
22.08,43375
22.28,43305
22.54,43152
22.61,43113
22.78,43049
27.21,43000
28.08,42864
429.59,42768
432.06,42748
552.24,42704
552.89,42649
553.69,42520
