0.00,276760
0.00,276450
0.00,275990
0.00,274910
0.00,272781
0.00,271994
0.00,271631
0.00,271379
0.00,270701
0.00,270495
0.00,269229
0.00,268447
0.00,268138
0.00,266700
0.00,265827
0.00,264335
0.00,264243
0.00,264061
0.00,264045
0.00,264041
0.00,263958
0.00,263710
0.00,261581
0.00,260995
0.01,260300
0.01,260036
0.01,259047
0.01,258771
0.01,257759
0.01,257328
0.01,257082
0.01,256939
0.01,256591
0.01,256574
0.01,255372
0.01,254367
0.01,253700
0.01,253664
0.01,252731
0.01,252655
0.01,252000
0.01,251435
0.01,251359
0.01,248402
0.01,248366
0.01,246400
0.01,246227
0.01,245911
0.01,244868
0.01,244653
0.01,244483
0.01,243692
0.02,243540
0.02,243059
0.02,241393
0.02,240804
0.02,240636
0.02,239145
0.02,239104
0.02,238316
0.02,237789
0.02,237735
0.02,237533
0.02,236211
0.02,235344
0.02,235139
0.02,233621
0.02,233578
0.02,233079
0.02,232593
0.02,231930
0.02,231774
0.02,231641
0.02,231633
0.02,231121
0.02,231114
0.02,230480
0.02,230216
0.02,230121
0.02,230093
0.02,228964
0.02,228875
0.02,228590
0.03,228510
0.03,227760
0.03,227480
0.03,227103
0.03,225906
0.03,224664
0.03,224619
0.03,224519
0.03,224235
0.03,223979
0.03,223967
0.03,223477
0.03,223463
0.03,222993
0.03,220655
0.03,219746
0.03,219362
0.03,219276
0.03,219125
0.03,218931
0.03,218851
0.03,218322
0.03,217969
0.03,216467
0.03,215529
0.04,214606
0.04,214042
0.04,213574
0.04,213328
0.04,213016
0.04,212954
0.04,212613
0.04,212321
0.04,210732
0.04,210555
0.04,210319
0.04,209649
0.04,208910
0.05,208756
0.05,208637
0.05,208244
0.05,208085
0.05,208030
0.05,207837
0.05,207738
0.05,207599
0.05,207233
0.05,206995
0.05,206632
0.05,206303
0.05,206079
0.05,204178
0.05,203964
0.05,203441
0.05,202907
0.05,202336
0.05,202121
0.05,201875
0.05,200852
0.05,200294
0.05,200252
0.05,199026
0.05,198978
0.06,198815
0.06,198723
0.06,197794
0.06,197669
0.06,197547
0.06,196852
0.06,196827
0.06,195381
0.06,195343
0.06,194014
0.06,193938
0.07,192936
0.07,192154
0.07,191485
0.07,188885
0.07,188581
0.08,188579
0.08,186965
0.08,186756
0.08,183905
0.08,183070
0.08,182953
0.08,182917
0.09,182900
0.10,182814
0.10,181636
0.10,181370
0.10,181369
0.10,180682
0.10,180675
0.10,179576
0.11,179342
0.11,179074
0.11,178752
0.11,178512
0.11,178406
0.11,178297
0.11,177216
0.11,176529
0.12,176435
0.13,175893
0.13,175408
0.13,175336
0.13,174621
0.14,174533
0.14,174076
0.14,174058
0.14,173888
0.15,173726
0.16,173483
0.16,172899
0.16,172648
0.16,172629
0.16,172392
0.16,171569
0.16,171182
0.17,170367
0.17,169624
0.17,169252
0.17,169147
0.17,168449
0.17,168341
0.17,167368
0.17,167231
0.17,166251
0.17,166220
0.17,165995
0.17,165758
0.17,165746
0.17,165198
0.18,165147
0.18,165109
0.22,165038
0.24,164971
0.24,164471
0.24,164398
0.24,164158
0.24,163720
0.24,161962
0.24,161202
0.24,160349
0.24,160301
0.24,160282
0.24,159070
0.24,158460
0.25,158266
0.25,157998
0.25,157942
0.25,157468
0.25,156424
0.25,155856
0.25,155135
0.25,153726
0.25,153717
0.25,153587
0.25,153462
0.25,153412
0.25,152608
0.25,152291
0.25,151834
0.25,151326
0.25,150394
0.25,150385
0.25,150312
0.26,149915
0.26,149804
0.26,149235
0.26,149071
0.26,149070
0.26,148999
0.27,148921
0.27,148607
0.27,148470
0.27,148068
0.30,147956
0.34,147753
0.34,147602
0.34,147273
0.34,146990
0.38,146955
0.38,146945
0.38,146914
0.38,146263
0.38,146243
0.38,146205
0.38,145582
0.39,145535
0.39,145070
0.39,144407
0.39,143709
0.39,143661
0.39,143452
0.39,143425
0.39,143168
0.39,142207
0.39,142099
0.40,140761
0.40,140287
0.40,140083
0.40,139452
0.40,139170
0.40,139096
0.40,138823
0.40,138416
0.41,138215
0.41,137794
0.41,137476
0.41,137440
0.42,137374
0.43,137241
0.48,137041
0.50,136868
0.50,136769
0.50,136664
0.50,136560
0.50,135634
0.51,135594
0.51,135348
0.51,134644
0.51,134643
0.51,134328
0.52,134198
0.53,134133
0.53,134131
0.53,134047
0.53,133652
0.54,133448
0.54,133231
0.55,133146
0.57,133018
0.57,132984
0.59,132800
0.59,132194
0.59,130787
0.60,130505
0.60,130293
0.60,129642
0.60,129549
0.60,129498
0.60,129078
0.61,129070
0.61,128967
0.61,128481
0.61,128380
0.63,128370
0.64,128312
0.64,128201
0.64,128029
0.64,127910
0.64,127178
0.64,126741
0.65,126528
0.65,126333
0.65,126055
0.65,125798
0.65,125692
0.65,125109
0.65,125026
0.66,125011
0.66,124178
0.66,124165
0.66,123948
0.66,123829
0.66,123817
0.66,123249
0.67,123214
0.67,123145
0.67,123104
0.67,122909
0.68,122859
0.68,122408
0.68,122098
0.68,121885
0.68,121876
0.68,121233
0.68,121001
0.68,120741
0.68,120454
0.68,120026
0.68,120009
0.68,119692
0.68,119681
0.68,119379
0.68,119075
0.69,118956
0.69,118954
0.70,118908
0.70,118666
0.70,118592
0.70,118456
0.71,118230
0.71,118165
0.71,118077
0.71,117940
0.71,117630
0.71,117629
0.71,116959
0.72,116899
0.72,116585
0.72,115869
0.73,114578
0.74,114431
0.74,113970
0.76,113952
0.76,113703
0.78,113638
0.79,113556
0.80,113441
0.83,113391
0.87,113281
0.87,112832
0.88,112689
0.90,112650
0.92,112637
0.92,112510
0.94,112391
0.95,112278
0.95,112272
1.01,112258
1.01,112187
1.02,111919
1.04,111788
1.05,111753
1.05,110078
1.05,109962
1.05,109607
1.05,109555
1.05,109250
1.06,109243
1.06,109167
1.07,109096
1.07,108062
1.07,107099
1.07,105660
1.07,105220
1.07,104673
1.07,104554
1.08,103892
1.08,103438
1.08,102617
1.08,102511
1.08,102026
1.08,101588
1.08,100498
1.08,100471
1.08,99483
1.08,99403
1.08,98627
1.10,98408
1.11,98096
1.11,97915
1.11,97578
1.11,97221
1.11,96443
1.12,96172
1.12,96153
1.12,95613
1.12,95374
1.12,95311
1.12,95266
1.12,95217
1.13,93831
1.13,93243
1.14,92770
1.14,92162
1.14,91241
1.15,91126
1.15,90934
1.16,90917
1.16,90872
1.16,90682
1.17,90382
1.17,90259
1.17,90194
1.17,90169
1.18,90086
1.18,89629
1.22,89583
1.23,89576
1.23,89463
1.23,89012
1.24,88906
1.24,88819
1.24,88802
1.24,88430
1.25,88105
1.25,87907
1.30,87490
1.32,87003
1.32,86963
1.32,86056
1.32,85997
1.32,85857
1.33,85696
1.33,85266
1.34,85126
1.34,85068
1.34,85058
1.34,84545
1.37,84493
1.39,84466
1.39,84295
1.39,84241
1.39,84218
1.39,84069
1.42,83763
1.42,83754
1.42,83738
1.42,83608
1.43,83577
1.43,83503
1.43,83388
1.43,83180
1.44,82993
1.44,82928
1.44,82645
1.44,82441
1.44,82416
1.44,82100
1.44,82053
1.44,82045
1.44,81900
1.44,81735
1.45,81666
1.45,81646
1.45,81576
1.46,81423
1.46,81378
1.46,81310
1.46,81272
1.47,81231
1.47,81216
1.49,81213
1.49,81205
1.53,80934
1.54,80885
1.54,80792
1.54,80361
1.54,80182
1.54,80071
1.55,79949
1.57,79470
1.57,79393
1.57,77259
1.57,76771
1.57,76523
1.57,76365
1.57,76224
1.57,75980
1.57,75211
1.57,75107
1.57,74880
1.58,74847
1.59,74472
1.59,74361
1.59,74157
1.59,73890
1.60,72578
1.60,71175
1.60,69727
1.60,66629
1.62,66516
1.62,66338
1.63,66277
1.63,66069
1.63,65488
1.63,65360
1.63,64701
1.65,64656
1.67,64540
1.67,64502
1.67,63856
1.67,63767
1.67,63733
1.68,63708
1.70,63399
1.72,63305
1.72,62601
1.72,62569
1.72,62444
1.73,62438
1.73,62349
1.73,62331
1.73,62078
1.74,61695
1.74,61630
1.74,61427
1.74,61402
1.74,61055
1.74,61030
1.74,60835
1.74,60366
1.74,60270
1.75,60269
1.75,60109
1.75,60100
1.75,59899
1.75,59866
1.75,59822
1.75,59656
1.75,59537
1.76,59531
1.76,59440
1.77,59375
1.77,58879
1.77,58246
1.77,58171
1.77,58133
1.77,58006
1.78,57955
1.79,57907
1.79,57711
1.79,57498
1.79,57286
1.79,57138
1.79,56997
1.81,56994
1.81,56736
1.81,56723
1.81,56653
1.81,56558
1.81,56438
1.81,56342
1.81,56307
1.82,56264
1.82,56200
1.82,56199
1.82,56157
1.82,56136
1.83,56108
1.83,56092
1.83,56082
1.83,56076
1.83,56075
1.84,56055
1.87,55515
1.87,55319
1.87,55025
1.87,54724
1.87,54682
1.88,54656
1.88,54539
1.89,54447
1.98,54424
1.98,54378
2.00,54377
2.00,54374
2.00,54358
2.03,54276
2.12,54273
2.12,54231
2.12,54220
2.14,54158
2.14,53989
2.14,53949
2.15,53936
2.20,53932
2.21,53922
2.21,53811
2.23,53789
2.25,53787
2.28,53717
2.29,53672
2.35,53632
2.43,53548
2.52,53496
2.62,53484
2.66,53371
2.66,53287
2.70,53283
2.72,53197
2.76,53157
2.76,53127
2.77,52710
2.78,52528
2.79,52463
2.84,52330
2.85,52042
2.91,52039
2.91,51859
2.92,51724
2.94,51561
2.95,51499
2.96,51061
3.03,50903
3.08,50823
3.08,50697
3.09,50683
3.09,50635
3.10,50516
3.15,50386
3.15,50219
3.16,50201
3.19,50194
3.19,49819
3.23,49689
3.25,49681
3.26,49659
3.31,49514
3.34,49487
3.35,49421
3.36,49419
3.38,49400
3.39,49343
3.40,49312
3.40,49075
3.42,49037
3.45,49002
3.47,48991
3.47,48983
3.50,48911
3.50,48646
3.53,48343
3.55,48184
3.55,48071
3.58,47953
3.59,46959
3.60,46750
3.61,46696
3.62,46692
3.63,46670
3.63,46655
3.63,46563
3.63,46428
3.64,46372
3.65,46352
3.65,46336
3.65,46334
3.65,46142
3.66,46102
3.66,46045
3.66,45966
3.82,45962
3.84,45955
3.85,45952
4.01,45945
4.08,45907
4.08,45808
4.20,45807
4.20,45794
4.20,45665
4.20,45378
4.21,45337
4.23,45322
4.33,45190
4.45,45066
4.50,45065
4.56,44903
4.56,44855
4.59,44843
4.65,44809
4.71,44754
4.76,44641
4.81,44635
4.99,44562
5.06,44511
5.09,44491
5.11,44394
5.16,44326
5.27,44311
5.28,44302
5.35,44263
5.40,44082
5.46,44062
5.75,44057
5.79,43930
5.91,43834
6.07,43785
6.21,43749
6.44,43640
7.16,43572
7.27,43565
7.72,43561
71.51,43427
72.22,43404
72.22,43257
74.09,43210
74.12,43199
137.57,43181
138.23,43052
214.59,43022
215.41,42910
314.17,42864
418.92,42716
420.14,42636
540.55,42426
542.13,42348
