0.00,265983
0.00,265958
0.00,265639
0.00,265450
0.00,264448
0.00,264170
0.00,263298
0.00,262364
0.00,261549
0.00,259693
0.00,259276
0.00,258245
0.00,257041
0.01,256963
0.01,256941
0.01,255586
0.01,255397
0.01,255120
0.01,254938
0.01,254380
0.01,253933
0.01,253862
0.01,253683
0.01,252294
0.01,252278
0.01,250496
0.01,249568
0.01,249209
0.01,249147
0.02,248990
0.02,247646
0.02,247481
0.02,247172
0.02,247070
0.02,246645
0.02,245800
0.02,245584
0.02,245315
0.02,244968
0.02,244858
0.02,244538
0.02,244439
0.02,244394
0.02,243976
0.02,242724
0.02,241742
0.02,241261
0.02,241223
0.02,240713
0.02,239979
0.02,239762
0.02,239630
0.02,239230
0.02,238252
0.02,238217
0.02,236161
0.02,235967
0.02,234538
0.02,232910
0.02,231986
0.02,230720
0.03,230423
0.03,229491
0.03,228416
0.03,227196
0.03,226828
0.03,226122
0.03,225932
0.03,225103
0.03,225033
0.03,224705
0.03,224499
0.03,223897
0.03,223392
0.04,222865
0.04,222167
0.04,221999
0.04,221234
0.04,220366
0.04,218852
0.04,218419
0.04,217195
0.04,216800
0.04,216467
0.04,216393
0.04,215924
0.04,215888
0.04,215163
0.04,214810
0.04,214337
0.04,213823
0.04,213691
0.04,213362
0.05,213283
0.05,213154
0.05,212432
0.05,212403
0.05,211214
0.05,210632
0.05,210134
0.05,210025
0.05,209656
0.05,209644
0.05,209448
0.05,208769
0.05,208723
0.05,208546
0.05,208340
0.05,206871
0.06,206639
0.06,206182
0.06,205661
0.06,203836
0.06,203261
0.06,203149
0.06,202699
0.06,202673
0.06,202515
0.06,201844
0.06,201550
0.06,199048
0.06,198810
0.06,198017
0.07,197902
0.07,197331
0.07,197096
0.07,196844
0.07,196756
0.07,196714
0.07,195668
0.07,195507
0.07,195437
0.07,195315
0.07,194456
0.07,194123
0.07,191194
0.07,191108
0.07,190420
0.08,189964
0.08,189921
0.08,189490
0.08,187944
0.08,187428
0.08,187416
0.08,186348
0.08,186140
0.08,185138
0.09,184938
0.09,184013
0.11,183644
0.13,183625
0.13,183608
0.14,183224
0.14,182938
0.14,182549
0.14,182182
0.14,181105
0.14,180755
0.14,180477
0.15,180413
0.15,179120
0.15,179017
0.15,178878
0.16,178873
0.16,178697
0.16,177987
0.17,177978
0.17,177270
0.17,177184
0.17,177026
0.18,176997
0.18,176883
0.18,176157
0.18,175769
0.19,175549
0.19,175092
0.19,174869
0.21,174823
0.21,173778
0.22,173702
0.22,171993
0.22,171947
0.22,171594
0.28,171585
0.33,171171
0.33,171158
0.33,170839
0.33,170742
0.34,170465
0.34,170393
0.34,169950
0.35,169882
0.37,169798
0.38,169736
0.39,169735
0.39,168602
0.39,168469
0.39,168326
0.39,168082
0.39,168026
0.39,167794
0.39,167180
0.39,167162
0.41,167111
0.41,166787
0.41,166686
0.41,165834
0.41,165691
0.41,165662
0.42,165623
0.42,165279
0.43,165196
0.43,164454
0.43,164042
0.43,161399
0.43,161158
0.43,161114
0.44,161103
0.44,160587
0.44,160354
0.44,159367
0.44,159234
0.44,158810
0.44,158466
0.44,157726
0.45,157687
0.45,157178
0.45,157121
0.45,156763
0.45,153603
0.45,153421
0.45,152711
0.45,152429
0.45,151634
0.45,151526
0.45,151005
0.46,150900
0.47,150879
0.47,150445
0.47,150350
0.47,150309
0.47,150054
0.48,149397
0.48,149239
0.48,147628
0.48,147431
0.48,147243
0.49,147057
0.50,146774
0.50,146724
0.52,146459
0.52,146414
0.52,146369
0.52,146194
0.52,145094
0.52,145006
0.52,144980
0.52,144751
0.52,144408
0.53,144233
0.53,144122
0.53,143911
0.53,142831
0.53,142039
0.53,140796
0.53,140686
0.53,140118
0.53,139912
0.53,138763
0.53,137706
0.53,136667
0.53,135785
0.53,134263
0.53,133998
0.53,133768
0.53,133213
0.54,133174
0.54,132670
0.54,131760
0.54,131643
0.54,131172
0.54,131157
0.54,130912
0.54,130277
0.54,129047
0.54,128932
0.54,128672
0.54,127814
0.54,127657
0.54,127648
0.54,127503
0.54,126530
0.54,126173
0.54,124928
0.54,124820
0.55,124718
0.55,124627
0.55,124251
0.55,123736
0.55,123656
0.55,123446
0.55,123312
0.55,123307
0.55,122842
0.56,122716
0.56,122693
0.56,122501
0.56,122488
0.56,121684
0.56,121411
0.56,121154
0.56,121087
0.56,120493
0.57,120386
0.57,120228
0.58,120102
0.58,120059
0.58,119891
0.58,119456
0.59,119391
0.59,119361
0.59,119074
0.59,118310
0.59,117472
0.60,116370
0.60,115296
0.60,115213
0.60,113622
0.60,112422
0.60,112065
0.61,111914
0.61,111515
0.61,111365
0.61,111147
0.61,111015
0.61,110983
0.61,110738
0.62,110585
0.62,110531
0.63,110308
0.63,110305
0.63,109418
0.64,109348
0.67,109201
0.68,109133
0.68,108800
0.69,108755
0.69,107814
0.70,107523
0.71,106408
0.71,105313
0.71,105143
0.72,104961
0.72,104503
0.72,104419
0.72,103944
0.72,103474
0.72,103108
0.72,102157
0.72,102041
0.72,101853
0.72,101789
0.72,101329
0.72,101006
0.72,100105
0.72,100060
0.72,99992
0.73,99377
0.73,98368
0.73,98289
0.73,98190
0.73,98074
0.76,98016
0.76,97749
0.76,97581
0.76,97515
0.80,97508
0.80,96984
0.80,96784
0.80,96737
0.80,96212
0.82,96186
0.82,96056
0.82,96017
0.82,95845
0.83,95839
0.83,95823
0.83,95782
0.84,92543
0.84,91799
0.84,90805
0.88,90393
0.89,89611
0.89,89433
0.91,89340
0.91,88904
0.91,87419
0.91,87393
0.91,86794
0.93,86709
0.93,85532
0.93,85517
0.93,85384
0.93,85182
0.95,85153
0.95,84293
0.95,84283
0.95,84078
0.96,84059
0.96,83780
1.02,83711
1.02,83595
1.03,83572
1.03,83260
1.05,83204
1.06,83114
1.06,82945
1.06,82701
1.06,82093
1.06,81750
1.06,81547
1.09,81473
1.09,81415
1.09,81414
1.09,81361
1.10,81345
1.10,81147
1.10,80997
1.10,80965
1.11,80905
1.11,80614
1.12,80577
1.12,80283
1.12,80131
1.12,80042
1.13,80026
1.15,79869
1.15,79841
1.15,79671
1.16,79595
1.16,79353
1.18,79342
1.18,79031
1.28,78756
1.29,78293
1.29,77997
1.30,77933
1.31,77814
1.32,77753
1.33,77513
1.34,76984
1.37,76650
1.37,75985
1.38,75974
1.38,75817
1.39,75191
1.39,75001
1.39,74758
1.39,74445
1.40,74423
1.40,74278
1.40,74143
1.40,73088
1.40,72957
1.40,72883
1.41,72831
1.41,72579
1.41,72272
1.42,71962
1.42,71465
1.44,71050
1.46,70661
1.46,70570
1.47,70275
1.51,70164
1.55,70047
1.59,69961
1.59,69885
1.60,69875
1.60,69844
1.61,69831
1.61,69721
1.61,69542
1.61,69268
1.61,69206
1.61,69104
1.61,69012
1.62,68879
1.62,68865
1.62,68799
1.62,68764
1.62,68752
1.62,68337
1.62,68210
1.62,68055
1.62,67970
1.62,67960
1.62,67552
1.62,67541
1.62,67439
1.62,67352
1.62,67338
1.62,67296
1.63,67126
1.63,66986
1.63,66962
1.63,66762
1.63,66441
1.63,66432
1.63,66201
1.63,66117
1.63,65877
1.63,65868
1.63,65443
1.64,65317
1.64,65103
1.64,65041
1.64,64891
1.65,64886
1.65,64809
1.66,64625
1.69,64497
1.69,64312
1.69,64204
1.69,63841
1.69,63672
1.69,63540
1.69,63375
1.69,63351
1.70,63189
1.74,63167
1.74,62886
1.75,62876
1.75,62453
1.75,62373
1.76,62339
1.76,62225
1.77,62168
1.77,62034
1.78,62005
1.78,61816
1.78,61759
1.78,61738
1.78,61664
1.78,61474
1.78,61184
1.78,61076
1.78,60986
1.78,60845
1.79,60684
1.79,60578
1.79,60335
1.79,60235
1.79,60231
1.79,60192
1.79,60172
1.80,60166
1.80,59932
1.80,59256
1.80,59163
1.80,59135
1.80,59082
1.80,58974
1.80,58966
1.80,58894
1.80,58871
1.83,58842
1.83,58783
1.83,58723
1.84,58696
1.84,58587
1.85,58539
1.87,58470
1.87,58454
1.87,58216
1.88,58022
1.88,57804
1.88,57685
1.88,57629
1.88,57485
1.88,57376
1.88,57310
1.88,57123
1.88,57039
1.89,56846
1.89,56835
1.89,56812
1.89,56801
1.90,56692
1.90,56634
1.90,56554
1.90,56440
1.90,56342
1.90,56300
1.90,56278
1.91,55913
1.91,55667
1.91,55652
1.91,55616
1.91,55581
1.91,55569
1.91,55364
1.91,55114
1.91,55065
1.91,54825
1.95,54817
1.95,54705
1.97,54661
1.98,54399
2.00,54372
2.05,54244
2.09,54183
2.09,54086
2.09,53973
2.11,53908
2.19,53883
2.20,53794
2.21,53747
2.21,53660
2.21,53464
2.30,53212
2.30,53183
2.32,53142
2.34,53130
2.35,53029
2.35,52824
2.35,52805
2.37,52746
2.66,52720
2.66,52653
2.68,52414
2.72,52201
2.72,52136
2.85,52031
2.85,51836
2.85,51610
2.87,51596
2.88,51475
2.93,51458
2.94,51430
2.96,51332
2.96,51272
3.01,51256
3.02,51169
3.05,51164
3.06,51157
3.13,51155
3.15,51105
3.19,51078
3.26,51020
3.29,51000
3.29,50994
3.30,50975
3.30,50971
3.31,50954
3.33,50906
3.34,50895
3.35,50825
3.39,50820
3.39,50815
3.46,50790
3.46,50528
3.47,50520
3.47,50387
3.47,50311
3.51,50287
3.54,50246
3.54,50087
3.54,50083
3.54,50049
3.54,49878
3.55,49802
3.55,49782
3.56,49779
3.56,49680
3.56,49619
3.56,49550
3.56,49504
3.57,49463
3.59,49451
3.60,49382
3.61,49329
3.67,49288
3.70,49286
3.71,49042
3.76,48831
3.77,48809
3.78,48775
3.81,48760
3.81,47977
3.83,47964
3.83,47843
3.83,47815
3.87,47810
3.87,47784
4.78,47716
4.79,47697
4.85,47677
4.86,47665
4.86,47605
5.02,47591
5.13,47584
5.20,47520
5.28,47509
5.29,47505
5.29,47492
5.34,47434
5.41,47385
5.41,47244
5.41,47081
5.43,46969
5.44,46918
5.46,46868
5.46,46589
5.46,46569
5.50,46560
5.51,46467
5.52,46375
5.52,46107
5.54,46042
5.55,45993
5.57,45761
5.58,45680
5.63,45630
5.67,45567
5.72,45564
5.72,45483
6.67,45356
6.67,45282
6.70,45039
6.77,44999
7.25,44987
7.26,44977
7.27,44933
7.27,44845
7.43,44778
7.51,44756
7.51,44683
7.53,44590
7.54,44502
8.60,44466
8.60,44344
9.19,44338
9.20,44334
9.20,44322
9.27,44317
9.27,44316
9.35,44303
9.35,44283
9.35,44229
11.14,44226
11.22,44221
15.20,44186
15.24,44156
15.26,44031
61.66,43982
112.42,43937
113.85,43885
169.18,43872
169.79,43823
231.68,43708
348.89,43607
473.54,43548
475.18,43547
475.18,43488
475.20,43485
