0.00,255303
0.15,253017
0.15,252660
0.36,251194
0.39,248311
0.39,247713
2.34,247136
2.65,246070
2.65,244876
2.65,243800
2.65,243184
3.72,242496
3.72,241437
3.72,239006
4.46,238277
5.29,237720
5.29,237087
5.59,236012
5.81,235789
5.89,235605
5.89,234803
5.91,231995
5.93,230434
5.93,228771
5.93,228298
6.50,227569
6.50,226696
6.50,226536
6.55,225485
6.55,224527
6.56,223350
6.56,221734
6.59,220879
6.60,219544
6.60,218112
6.60,215270
6.61,215022
6.61,213929
6.62,212944
6.68,210875
6.68,210154
6.68,208999
6.68,207403
6.80,206224
6.80,205321
6.81,204810
6.81,204662
6.82,203230
6.98,202510
6.98,200404
6.98,199556
7.07,198111
7.07,197608
7.09,194670
7.12,194367
7.12,194194
7.13,191405
7.13,190809
7.13,189356
7.14,189263
7.14,188757
7.14,188200
7.15,187118
7.15,186474
7.15,185245
7.15,184069
7.16,183349
7.19,182351
7.19,182036
7.20,180833
7.20,179183
7.20,178374
7.20,177282
7.22,176797
7.68,176355
7.69,176203
7.81,175578
7.81,174532
7.82,172562
7.82,171079
7.82,170297
7.83,169462
7.83,169343
7.83,168146
7.84,167669
7.84,167278
7.84,165482
7.85,164964
7.85,163812
7.85,163085
7.85,162585
7.85,161612
7.86,160849
7.93,160286
7.93,159852
7.93,158830
7.93,158234
7.94,157340
7.94,156863
7.95,155663
7.95,155148
7.96,154469
7.97,153950
8.00,153653
8.00,152219
8.01,151020
8.02,149914
8.02,148925
8.02,148529
8.02,147186
8.13,146911
8.13,146691
8.14,146099
8.14,145986
8.16,143911
8.21,142304
8.21,142050
8.26,140992
8.26,139542
8.27,137150
8.28,136068
8.28,134993
8.28,134489
8.28,133252
8.29,131116
8.29,130674
8.30,129782
8.31,128675
8.31,128595
8.31,128147
8.32,126465
8.34,126024
8.34,125317
8.35,123878
8.35,122919
8.73,122238
8.73,121868
8.73,121610
8.74,120956
8.74,120554
8.77,120133
8.77,119870
8.78,118726
8.78,118596
8.78,118356
8.79,118158
8.79,118154
8.99,118068
8.99,117873
9.01,116828
9.01,116233
9.10,115706
9.10,114512
9.10,114280
9.11,113365
9.11,112889
9.12,112380
9.13,111308
9.13,111095
9.14,110778
9.14,110646
9.14,110455
9.15,109875
9.15,109033
9.15,108007
9.16,106988
9.16,106793
9.17,105693
9.18,105075
9.19,104854
9.19,104682
9.19,104501
9.19,103904
9.20,102936
9.22,102766
9.23,102599
9.23,102086
9.23,101679
9.25,101035
9.26,100621
9.29,100437
9.32,100264
9.33,100037
9.33,99361
9.34,98776
9.34,98585
9.45,98017
9.45,97510
9.46,96839
9.46,96277
9.47,96046
9.48,95884
9.48,95346
9.49,95337
9.50,94918
9.50,94641
9.50,94502
9.51,94032
9.54,93555
9.54,93507
9.55,92948
9.55,92568
9.56,91955
9.57,91864
9.58,90795
9.62,90020
9.66,88664
9.72,87662
9.73,87164
9.74,86832
9.74,86686
9.75,86105
9.77,85690
9.78,85498
9.79,85440
9.82,85104
9.82,84934
9.83,84578
9.84,84126
9.84,83993
9.87,83468
9.87,83035
9.87,82204
10.00,81744
10.00,81305
10.00,81244
10.01,80526
10.03,80386
10.03,79689
10.04,78842
10.05,78527
10.05,78172
10.06,77702
10.07,77523
10.07,77324
10.07,76876
10.09,76812
10.10,76074
10.11,75831
10.12,75714
10.12,75624
10.12,75525
10.14,75432
10.14,75362
10.15,75247
10.21,75060
10.23,74967
10.24,74821
10.25,74746
10.35,74542
10.36,74314
10.37,74157
10.38,74006
10.43,73793
10.44,73544
10.47,73441
10.51,73305
10.51,72943
10.53,72604
10.55,72572
10.55,71771
10.56,71642
10.58,71035
10.58,70768
10.61,70470
10.63,70317
10.67,70120
10.68,69868
10.70,69648
10.71,69024
10.75,68901
10.77,68549
10.82,68329
10.83,68123
10.89,67840
10.90,67759
10.94,67570
10.97,67309
10.98,67265
11.00,67236
11.01,67092
11.02,66923
11.03,66654
11.04,66525
11.04,65973
11.06,65855
11.08,65642
11.09,65576
11.10,65272
11.12,65140
11.13,64912
11.13,64642
11.16,64578
11.16,64468
11.24,64165
11.26,63403
11.26,63376
11.27,63276
11.29,63099
11.32,63087
11.33,62507
11.35,62434
11.39,62208
11.43,62008
11.44,61824
11.45,61590
11.46,61157
11.47,60862
11.51,60655
11.51,60629
11.53,60573
11.55,60527
11.60,60064
11.61,59653
11.63,59544
11.65,58698
11.68,58444
11.70,57995
11.71,57862
11.72,57706
11.73,57174
11.74,57105
11.77,56817
11.79,56794
11.80,56489
11.81,56304
11.85,56252
11.87,56094
11.88,55974
11.90,55778
11.94,55434
11.97,55379
11.99,55296
12.06,54956
12.07,54881
12.12,54821
12.14,54699
12.17,54331
12.20,54317
12.21,54200
12.24,54174
12.26,54115
12.33,53928
12.38,53276
12.40,53113
12.43,52788
12.46,52740
12.50,52632
12.54,52382
12.59,52237
12.61,51961
12.62,51905
12.64,51869
12.69,51698
12.71,51558
12.72,51172
12.75,51096
12.84,50726
12.86,50408
12.89,50298
12.94,50182
13.01,50126
13.05,49958
13.06,49779
13.20,49601
13.38,49530
13.44,49409
13.48,49381
13.67,49045
13.81,49029
13.82,48676
13.90,48640
14.01,48581
14.03,48354
14.07,48234
14.14,48229
14.46,47877
14.60,47801
14.60,47777
14.65,47570
14.98,47231
15.02,47214
15.30,47150
15.45,46903
15.47,46708
15.91,46647
15.96,46579
16.04,46243
16.14,46042
16.23,45773
16.46,45670
16.57,45631
16.65,45519
16.75,45376
16.81,45217
17.12,44868
17.23,44770
17.67,44630
17.91,44476
17.94,43351
18.03,43215
18.08,43167
18.36,43080
19.91,42889
20.73,42824
21.47,42748
22.06,42691
23.75,42544
26.43,42511
28.72,42450
