0.00,263560
0.00,262620
0.00,261100
0.00,260719
0.00,259368
0.00,259214
0.00,258917
0.00,255352
0.00,255118
0.00,254935
0.00,254190
0.00,253876
0.00,253357
0.00,252793
0.00,251939
0.00,251225
0.00,251175
0.00,249905
0.00,249602
0.00,248840
0.00,248750
0.00,247042
0.00,246384
0.01,245031
0.01,244967
0.01,244877
0.01,243473
0.01,242961
0.01,242538
0.01,242462
0.01,242171
0.01,241628
0.01,241272
0.01,240498
0.01,239189
0.01,238225
0.01,236207
0.01,235689
0.01,235201
0.01,234543
0.01,234074
0.01,233813
0.01,233573
0.01,233357
0.01,233258
0.01,232800
0.01,232198
0.01,232044
0.01,231932
0.01,231100
0.01,230663
0.02,230627
0.02,229640
0.02,229558
0.02,229280
0.02,227966
0.02,227714
0.02,227698
0.02,227005
0.02,226960
0.02,226174
0.02,225220
0.02,223836
0.02,221525
0.02,220399
0.02,218904
0.02,217884
0.02,217844
0.02,217805
0.02,217556
0.02,216595
0.02,216423
0.02,215815
0.02,215528
0.02,215362
0.02,215346
0.02,215206
0.02,214634
0.02,213853
0.02,212687
0.02,212018
0.02,210972
0.03,209583
0.03,208917
0.03,205983
0.03,205843
0.03,205222
0.03,204320
0.03,203687
0.03,203356
0.03,202401
0.03,202069
0.03,201077
0.04,200676
0.04,200281
0.04,199715
0.04,199549
0.04,196626
0.04,194680
0.04,193359
0.07,192324
0.07,191381
0.07,190413
0.08,189768
0.08,189442
0.08,189025
0.08,188428
0.08,188045
0.10,187951
0.11,187824
0.11,187614
0.11,187599
0.12,187553
0.12,187528
0.12,187154
0.12,186949
0.12,186936
0.12,186534
0.12,185564
0.12,185373
0.12,185320
0.12,185214
0.12,185172
0.12,185084
0.12,184086
0.12,183880
0.12,182636
0.13,182611
0.13,182185
0.13,182075
0.13,181941
0.13,181764
0.13,181702
0.13,181342
0.13,180724
0.13,180636
0.13,180625
0.13,180192
0.14,180039
0.14,179639
0.14,179480
0.14,178731
0.14,178246
0.14,178087
0.14,177974
0.14,177950
0.14,177759
0.14,177499
0.14,177488
0.15,177323
0.15,176023
0.15,175334
0.15,174554
0.15,174533
0.15,174455
0.15,174453
0.15,173953
0.15,172922
0.15,172847
0.15,172173
0.15,171863
0.15,171847
0.15,171744
0.15,171569
0.15,171553
0.15,171244
0.15,171064
0.15,170058
0.15,169958
0.15,169936
0.15,169909
0.16,169887
0.16,169478
0.16,168400
0.16,167875
0.16,167528
0.16,167264
0.16,166136
0.16,165895
0.16,165339
0.16,165033
0.16,165012
0.16,164876
0.16,164821
0.16,164678
0.16,164583
0.16,163671
0.16,163111
0.17,161886
0.17,161492
0.17,160863
0.17,160825
0.17,160263
0.17,160037
0.17,159497
0.17,158624
0.17,158556
0.17,158198
0.17,158105
0.17,157720
0.18,157511
0.18,156509
0.18,155579
0.18,154498
0.18,154437
0.18,153289
0.18,151226
0.18,150135
0.19,150013
0.19,149963
0.19,149782
0.19,149720
0.20,149420
0.20,149313
0.21,149138
0.21,148979
0.21,148962
0.21,148877
0.21,148102
0.21,148071
0.22,146618
0.22,145895
0.22,145723
0.22,145370
0.22,145365
0.22,145342
0.22,144872
0.22,144856
0.22,144212
0.22,144210
0.23,144199
0.23,143597
0.23,143591
0.24,143042
0.24,142625
0.24,142503
0.24,141751
0.24,141611
0.24,141550
0.24,139598
0.24,139449
0.24,139311
0.24,139246
0.24,138956
0.24,138790
0.24,138781
0.24,137853
0.24,137624
0.24,137372
0.24,137193
0.24,136488
0.24,136470
0.24,136404
0.24,135712
0.24,135543
0.25,135001
0.25,134642
0.25,134568
0.25,134411
0.25,133480
0.25,133293
0.25,133081
0.25,132644
0.25,130898
0.25,130861
0.25,130298
0.25,129727
0.25,128664
0.25,128574
0.25,127976
0.25,127831
0.27,127708
0.27,127339
0.27,126873
0.27,126768
0.27,126739
0.27,125922
0.27,125912
0.27,125889
0.27,125786
0.28,125730
0.28,125617
0.29,125611
0.29,125586
0.29,125483
0.29,125407
0.30,125304
0.30,124947
0.30,124786
0.30,124523
0.30,124158
0.31,124097
0.31,124085
0.33,124060
0.33,123948
0.33,123940
0.33,123896
0.33,123863
0.33,123854
0.33,123835
0.33,123752
0.33,123670
0.33,123105
0.34,123019
0.34,122988
0.34,122826
0.34,122806
0.35,122522
0.35,122395
0.35,122374
0.36,122229
0.36,122174
0.36,122114
0.37,121818
0.38,121790
0.38,121771
0.39,121761
0.39,121714
0.43,121684
0.43,120737
0.43,120253
0.43,119969
0.43,119174
0.43,118841
0.44,118652
0.44,118504
0.44,117927
0.46,117736
0.46,117702
0.46,117416
0.46,116144
0.47,115326
0.47,115107
0.48,115055
0.48,113838
0.50,113820
0.50,112106
0.52,112088
0.53,112043
0.53,111922
0.53,110569
0.53,110456
0.53,110369
0.53,110240
0.53,110231
0.54,109576
0.55,109478
0.55,109358
0.55,109230
0.55,109118
0.55,109067
0.55,109038
0.55,108937
0.55,108240
0.55,108211
0.55,108155
0.55,107985
0.56,107875
0.56,107642
0.56,107414
0.56,107024
0.56,106031
0.56,104978
0.56,104744
0.56,104189
0.56,104032
0.56,103896
0.56,102580
0.57,102544
0.57,102310
0.58,101872
0.59,101849
0.59,101258
0.60,100997
0.61,100907
0.61,100403
0.61,100286
0.62,100154
0.62,100112
0.63,99888
0.63,99763
0.63,99609
0.64,99283
0.64,98945
0.64,98104
0.64,97378
0.64,97345
0.64,97259
0.64,96528
0.64,96493
0.66,96279
0.66,95996
0.66,95857
0.66,95663
0.66,95346
0.66,94812
0.67,94803
0.67,94193
0.70,94175
0.70,93598
0.72,93224
0.72,93094
0.72,92593
0.72,92507
0.72,92416
0.72,92344
0.73,92174
0.73,91522
0.73,91351
0.74,90985
0.74,90948
0.74,90816
0.75,90670
0.75,90582
0.75,90542
0.77,90073
0.77,89895
0.77,89849
0.77,89812
0.77,89622
0.78,89409
0.78,89250
0.78,89099
0.78,88404
0.78,88275
0.80,88007
0.80,87996
0.82,87932
0.82,87763
0.84,87661
0.85,87560
0.85,87436
0.85,87233
0.85,87166
0.85,86885
0.88,86718
0.88,86389
0.88,86301
0.88,85802
0.88,85795
0.89,85689
0.89,85559
0.89,85485
0.90,85432
0.92,85291
0.95,85285
0.96,85280
0.96,84887
0.99,84662
1.00,84459
1.01,84328
1.01,84122
1.01,84054
1.01,83182
1.01,81653
1.01,80863
1.01,80840
1.01,80626
1.02,80591
1.02,80570
1.02,80430
1.04,80322
1.04,79931
1.05,79808
1.05,79658
1.05,79612
1.05,79574
1.05,79537
1.05,79303
1.05,79293
1.05,78992
1.05,78682
1.05,78634
1.05,78576
1.06,78561
1.06,78422
1.07,78347
1.08,78266
1.08,77591
1.08,77539
1.08,77527
1.08,77497
1.09,76679
1.10,76191
1.10,75558
1.10,75492
1.10,73595
1.11,73561
1.11,73278
1.11,73238
1.11,72925
1.12,72899
1.12,72854
1.12,72753
1.13,72661
1.14,72239
1.14,72161
1.15,71977
1.15,71808
1.15,71256
1.15,71210
1.16,71161
1.16,71126
1.16,71116
1.17,70828
1.17,70474
1.17,70383
1.18,69672
1.19,69623
1.19,69267
1.21,69056
1.21,68887
1.21,68855
1.22,68771
1.22,68745
1.23,68600
1.23,68560
1.24,68527
1.25,68512
1.27,68305
1.29,68023
1.33,67945
1.37,67781
1.38,67655
1.50,67617
1.50,67563
1.52,67555
1.52,67521
1.53,67316
1.54,67210
1.55,67140
1.55,66945
1.55,66811
1.55,65882
1.56,65850
1.56,65552
1.56,65547
1.57,65538
1.57,65537
1.57,65535
1.57,64748
1.59,64583
1.59,64450
1.59,64247
1.61,64225
1.65,64069
1.66,64062
1.66,64048
1.68,63960
1.71,63931
1.71,63901
1.73,63847
1.73,63539
1.73,63435
1.73,63189
1.74,62980
1.74,62930
1.74,62906
1.76,62880
1.77,62504
1.77,62503
1.80,62470
1.82,62402
1.85,62399
1.85,62383
1.85,62374
1.86,62316
1.86,62258
1.86,62115
1.86,61816
1.86,61810
1.86,61742
1.87,61658
1.87,61594
1.87,61580
1.88,61367
1.88,61246
1.88,61242
1.88,61176
1.88,61003
1.88,61001
1.88,60992
1.89,60986
1.89,60629
1.90,60305
1.90,60202
1.90,60070
1.90,59888
1.90,59657
1.90,59652
1.90,59133
1.91,58996
1.91,58958
1.91,58805
1.91,58722
1.91,58609
1.92,58076
1.92,57603
1.94,57346
2.12,57331
2.12,57209
2.19,57082
2.28,57045
2.30,57027
2.31,56918
2.33,56851
2.33,56744
2.35,56633
2.36,56588
2.41,56487
2.42,56087
2.42,55841
2.43,54736
2.43,54672
2.44,54475
2.44,54464
2.44,54435
2.46,54426
2.46,54414
2.46,54114
2.48,54109
2.51,54104
2.51,54077
2.51,54076
2.51,54004
2.52,53997
2.56,53975
2.59,53934
2.59,53931
2.59,53923
2.62,53881
2.65,53671
2.67,53586
2.69,53579
2.73,53495
2.77,53454
2.78,53452
2.78,53242
2.85,53232
2.85,53177
2.87,53151
2.88,52722
2.89,52530
2.89,52436
2.91,52381
2.91,52280
3.01,52272
3.01,52158
3.04,52004
3.05,51765
3.05,51728
3.25,51263
3.25,51146
3.26,51106
3.27,51013
3.29,50960
3.32,50946
3.34,50945
3.35,50921
3.37,50865
3.38,50786
3.38,50729
3.40,50608
3.41,50588
3.41,50576
3.43,50558
3.43,50463
3.43,50422
3.43,50391
3.44,50365
3.45,50285
3.47,50181
3.48,50007
3.48,49958
3.57,49853
3.59,49728
3.59,49676
3.59,49579
3.60,49360
3.62,49286
3.63,48966
3.65,48820
3.68,48718
3.68,48505
3.72,48404
3.72,48313
3.73,48258
3.73,48237
3.74,48226
3.75,48177
3.78,48100
3.78,48088
3.78,47999
3.79,47978
3.80,47916
3.80,47865
3.81,47738
3.81,47699
3.81,47641
3.81,47459
4.02,47372
4.30,47338
4.34,47325
4.34,47293
4.34,47265
4.34,47172
4.39,47022
4.49,47009
4.49,46987
4.53,46963
4.56,46922
4.56,46896
4.58,46870
4.78,46740
4.79,46703
4.80,46693
5.04,46599
5.16,46538
5.20,46518
5.23,46513
5.23,46495
5.23,46485
5.24,46445
5.24,46241
5.35,46112
5.48,46080
5.50,46036
5.52,45985
5.52,45980
5.54,45931
5.56,45900
5.58,45776
5.58,45763
5.62,45759
5.64,45758
5.65,45646
5.65,45612
5.66,45589
5.67,45548
5.67,45386
6.35,45385
6.64,45377
6.64,44977
7.30,44843
7.33,44729
7.35,44660
7.38,44597
7.39,44575
7.44,44559
7.49,44526
7.50,44502
9.24,44497
9.25,44474
9.26,44352
9.35,44299
9.94,44286
9.94,44173
11.14,44153
11.82,44133
45.70,44028
87.15,44006
87.64,43926
137.12,43878
232.25,43876
323.94,43703
325.02,43612
443.64,43569
561.43,43515
562.90,43457
562.93,43407
563.01,43393
563.02,43392
563.04,43360
563.04,43193
564.82,43148
