0.00,262747
0.00,261236
0.00,260803
0.00,259918
0.00,258714
0.00,257080
0.00,256494
0.00,256482
0.00,256285
0.00,254858
0.00,253560
0.00,253306
0.00,253097
0.00,251750
0.00,251526
0.00,251108
0.00,249894
0.00,249017
0.00,247874
0.01,247676
0.01,247594
0.01,247593
0.01,247041
0.01,246212
0.01,246152
0.01,246016
0.01,245542
0.01,245452
0.01,245031
0.01,244190
0.01,243744
0.01,242045
0.01,241909
0.01,240578
0.01,240392
0.01,237854
0.01,237070
0.01,236542
0.01,236177
0.01,235730
0.01,235530
0.01,235348
0.01,235178
0.01,233228
0.01,232407
0.01,231687
0.01,231443
0.01,230984
0.01,230977
0.01,228543
0.01,227531
0.01,226269
0.01,226002
0.02,225350
0.02,224340
0.02,223296
0.02,222356
0.02,221864
0.02,221593
0.02,219120
0.02,218548
0.02,215951
0.02,214764
0.02,214296
0.02,213004
0.02,212737
0.02,212289
0.02,211901
0.02,211538
0.02,211341
0.02,210902
0.02,210379
0.02,209897
0.02,209529
0.02,209087
0.02,207762
0.02,207298
0.02,207090
0.02,206683
0.02,205855
0.02,204706
0.02,203394
0.02,203309
0.02,203289
0.02,203236
0.02,201248
0.03,200953
0.03,199727
0.03,199629
0.03,199131
0.03,198994
0.03,198260
0.03,198123
0.03,197479
0.03,197336
0.03,197060
0.03,196935
0.03,196799
0.03,196747
0.03,196637
0.04,195405
0.04,194773
0.04,193342
0.04,192513
0.04,191638
0.04,190349
0.04,190054
0.04,190003
0.04,189820
0.04,189024
0.04,188141
0.04,188096
0.04,188035
0.05,187846
0.05,186290
0.05,186268
0.05,186101
0.05,185521
0.05,185072
0.05,184653
0.05,184040
0.05,183999
0.05,183862
0.06,183752
0.06,183358
0.06,183231
0.06,183207
0.06,183198
0.06,183151
0.06,183070
0.07,183038
0.07,182646
0.07,182555
0.07,182542
0.08,182514
0.08,182373
0.08,181601
0.08,180049
0.08,180038
0.08,178904
0.08,178870
0.08,178376
0.08,178217
0.08,178185
0.08,178064
0.08,177857
0.08,177845
0.08,176953
0.08,176947
0.09,176889
0.09,176175
0.09,175938
0.09,175624
0.09,175447
0.09,175438
0.09,175323
0.09,174472
0.09,173366
0.09,173138
0.09,172869
0.09,172787
0.09,172493
0.09,172402
0.09,172383
0.09,171909
0.09,170719
0.09,170677
0.09,170270
0.09,170151
0.09,169893
0.09,169790
0.09,169549
0.10,169462
0.10,169451
0.10,169318
0.10,169099
0.10,168441
0.10,168218
0.10,167704
0.10,167658
0.10,166967
0.10,166551
0.11,166274
0.12,166215
0.12,166070
0.12,165981
0.12,165921
0.12,165618
0.12,165368
0.12,164766
0.12,164453
0.12,164394
0.12,164032
0.13,163794
0.13,163550
0.13,163516
0.14,163145
0.14,163067
0.14,161533
0.14,160393
0.14,160039
0.14,158785
0.14,158769
0.14,158734
0.14,158676
0.14,158005
0.14,157978
0.14,157939
0.14,157824
0.14,157787
0.15,157775
0.16,157772
0.16,157666
0.16,157500
0.17,157409
0.17,157095
0.17,157032
0.17,156999
0.17,156672
0.17,156443
0.17,156221
0.17,155908
0.17,155745
0.17,155018
0.17,155009
0.17,154768
0.17,154528
0.19,154353
0.20,154067
0.20,154039
0.20,153905
0.20,153832
0.20,153804
0.20,153619
0.20,153602
0.20,153007
0.21,152967
0.21,152128
0.21,152032
0.21,151947
0.21,151864
0.21,151783
0.22,151655
0.22,151588
0.23,150467
0.23,150370
0.24,150131
0.24,149859
0.24,149796
0.24,149766
0.24,149590
0.24,149483
0.25,149424
0.25,149350
0.25,149283
0.25,148963
0.25,148811
0.26,148761
0.26,147907
0.26,147823
0.26,146916
0.26,146560
0.26,146431
0.26,146230
0.27,145848
0.28,145668
0.28,145460
0.28,145376
0.28,143710
0.28,143406
0.28,142688
0.28,142467
0.28,142254
0.28,142193
0.28,142165
0.28,142080
0.28,142056
0.30,141988
0.30,141919
0.30,141516
0.31,141441
0.32,141366
0.32,141347
0.33,141038
0.33,140906
0.33,140776
0.33,140383
0.33,140064
0.33,140055
0.33,140037
0.33,138763
0.33,138731
0.33,137654
0.33,137279
0.33,136766
0.33,135804
0.33,135514
0.33,134563
0.34,134458
0.34,134274
0.34,133797
0.34,133017
0.34,132587
0.34,130948
0.34,130745
0.34,130702
0.34,130677
0.35,130604
0.35,130352
0.35,130339
0.35,130056
0.35,130038
0.36,129894
0.36,129838
0.36,129600
0.36,129413
0.36,128818
0.36,128328
0.36,128149
0.37,126953
0.37,126339
0.37,124933
0.37,124573
0.37,122850
0.38,122827
0.38,122799
0.38,122743
0.38,122155
0.38,122144
0.38,121737
0.38,121618
0.38,121607
0.38,120937
0.38,120423
0.38,120350
0.38,120306
0.38,120109
0.38,120085
0.39,118659
0.39,117845
0.39,117827
0.39,117438
0.40,117376
0.41,117354
0.41,117100
0.41,117087
0.42,117044
0.42,116986
0.42,116866
0.42,116737
0.43,116649
0.43,116566
0.43,116399
0.43,116269
0.43,116165
0.43,116140
0.43,115987
0.43,115956
0.43,115878
0.44,115712
0.44,114777
0.44,114666
0.45,114520
0.45,114396
0.45,114192
0.45,112792
0.45,112774
0.45,111965
0.45,111633
0.46,111554
0.46,110947
0.46,110672
0.46,110464
0.46,110384
0.47,109660
0.47,109209
0.48,109196
0.48,108917
0.48,108828
0.48,108687
0.48,107746
0.49,107576
0.49,106729
0.49,106653
0.49,106458
0.50,106376
0.50,105992
0.50,105971
0.52,105023
0.52,104650
0.52,104071
0.53,103749
0.53,103733
0.53,103127
0.55,102943
0.55,102374
0.56,102259
0.56,101226
0.58,101112
0.58,100626
0.59,100591
0.59,99826
0.60,99753
0.61,99750
0.64,99743
0.64,99594
0.64,99577
0.65,99186
0.65,99112
0.65,99105
0.65,98973
0.66,98898
0.67,98639
0.67,98499
0.68,98260
0.68,98101
0.71,98075
0.72,97957
0.72,97929
0.72,97687
0.72,97664
0.72,97220
0.72,97195
0.80,97190
0.80,96991
0.82,96830
0.83,96463
0.84,96265
0.84,96046
0.84,96025
0.89,96020
0.89,95997
0.89,95213
0.90,95203
0.90,94827
0.91,94782
0.91,94655
0.92,94631
0.93,94629
0.93,94511
1.03,94144
1.04,94116
1.05,94105
1.05,94089
1.06,94029
1.07,94019
1.07,93948
1.08,93926
1.12,93606
1.12,93515
1.13,93483
1.13,93432
1.14,93393
1.14,93387
1.14,93381
1.14,93357
1.14,93338
1.15,93329
1.15,93318
1.15,93306
1.18,93250
1.19,93209
1.19,92718
1.19,91749
1.19,91592
1.20,91588
1.20,91548
1.20,91382
1.21,91303
1.22,91229
1.26,91146
1.27,91074
1.27,90966
1.27,90963
1.27,90777
1.29,90652
1.30,90471
1.34,90407
1.38,90289
1.38,90276
1.39,90211
1.40,90189
1.40,89656
1.41,89595
1.41,89395
1.41,89298
1.41,89263
1.41,88520
1.41,88115
1.42,87910
1.42,87754
1.43,87656
1.43,86866
1.44,86044
1.44,85569
1.44,85484
1.44,84385
1.45,84224
1.45,84115
1.45,83156
1.45,83082
1.45,82488
1.46,82478
1.46,81961
1.46,81928
1.46,81797
1.46,81796
1.46,81502
1.46,81383
1.46,81051
1.46,81008
1.46,80730
1.47,80405
1.47,80328
1.47,80249
1.47,80077
1.47,80055
1.49,79981
1.49,79453
1.49,79449
1.49,79348
1.50,78817
1.50,78776
1.50,78729
1.50,78607
1.50,78213
1.50,77528
1.50,77187
1.50,76898
1.50,76746
1.50,76438
1.50,76216
1.50,76154
1.51,76039
1.52,75906
1.52,75776
1.54,75639
1.59,75478
1.59,75308
1.61,75216
1.63,75192
1.63,75079
1.63,74875
1.65,74638
1.69,74443
1.70,74434
1.70,74355
1.71,74276
1.73,74152
1.74,74148
1.74,74076
1.74,74000
1.74,73995
1.77,73887
1.78,73618
1.78,73615
1.78,72444
1.78,72179
1.78,72035
1.78,71689
1.78,71473
1.78,70868
1.78,70728
1.78,70021
1.78,69695
1.78,69585
1.78,68719
1.79,68490
1.79,68476
1.79,68318
1.79,68139
1.79,67909
1.79,67826
1.79,67780
1.79,67570
1.79,67324
1.81,67133
1.81,67079
1.81,66526
1.81,66309
1.81,65166
1.81,64641
1.81,64553
1.81,64270
1.81,64034
1.82,63760
1.82,63732
1.82,63051
1.82,62876
1.82,62732
1.82,62542
1.82,62394
1.82,62326
1.82,62321
1.82,62139
1.83,61987
1.83,61832
1.83,61787
1.83,61371
1.83,61165
1.83,61152
1.83,61084
1.83,60803
1.83,60770
1.83,60297
1.84,60108
1.84,59943
1.86,59922
1.86,59842
1.86,59707
1.86,59477
1.86,59473
1.86,59462
1.86,59295
1.86,59249
1.86,58959
1.87,58878
1.87,58348
1.87,58317
1.87,58249
1.87,58220
1.90,58148
1.90,57917
1.90,57905
1.90,57740
1.94,57644
1.96,57561
1.97,57456
1.98,57221
1.99,57008
2.03,56557
2.03,55961
2.04,55882
2.17,55846
2.17,55792
2.17,55718
2.18,55484
2.23,55422
2.25,55421
2.25,55397
2.31,55340
2.32,55184
2.32,55148
2.32,55030
2.34,54842
2.34,54665
2.38,54562
2.39,54441
2.41,54268
2.48,54267
2.50,54173
2.60,54113
2.60,53938
2.63,53342
2.64,53263
2.64,53251
2.66,53143
2.67,53119
2.69,53030
2.69,52927
2.70,52821
2.77,52577
2.78,52574
2.79,52503
2.80,52480
2.81,52380
2.82,52359
2.82,52350
2.82,52221
2.82,52077
2.85,52051
2.85,52009
2.86,51757
2.86,51719
2.91,51703
2.91,51660
2.95,51560
2.98,51524
3.05,51493
3.05,51489
3.05,51463
3.06,51446
3.08,51407
3.09,51384
3.15,51336
3.21,51258
3.23,50871
3.23,50730
3.23,50638
3.23,50576
3.24,50524
3.25,50472
3.25,50417
3.25,50181
3.26,50113
3.26,49965
3.27,49959
3.33,49770
3.34,49608
3.41,49240
3.41,49209
3.41,49160
3.41,49035
3.42,48977
3.43,48715
3.43,48669
3.44,48577
3.44,48460
3.44,48200
3.45,48049
3.47,48026
3.58,47913
3.59,47881
3.61,47814
3.62,47810
3.63,47739
3.64,47637
3.65,47619
3.65,47480
3.68,47477
3.75,47462
3.75,47188
3.84,47071
3.86,46919
3.89,46580
3.91,46402
4.03,46398
4.03,46310
4.04,46295
4.08,46166
4.08,46068
4.11,46033
4.11,45977
4.12,45914
4.22,45864
4.22,45691
4.30,45648
4.31,45626
4.45,45490
4.47,45188
4.51,45158
4.51,45134
4.54,45090
4.63,45045
4.63,45014
4.64,44964
4.73,44854
4.84,44801
4.96,44773
4.97,44707
5.07,44653
5.24,44600
5.38,44534
5.40,44524
5.40,44476
5.40,44431
5.43,44421
5.45,44361
5.48,44354
5.48,44258
5.72,44064
5.88,43896
5.91,43826
6.14,43825
6.34,43738
6.60,43737
6.61,43649
7.07,43627
7.31,43529
7.97,43505
8.93,43502
10.81,43455
53.31,43407
149.64,43332
150.81,43275
150.83,43241
256.18,43221
257.55,43191
373.14,43177
497.24,43152
498.98,43097
498.99,43057
