0.00,265936
0.04,264994
0.04,263039
0.09,259689
0.09,258931
0.09,256699
0.09,255736
0.09,255003
0.20,253458
0.33,252836
0.33,251136
0.45,249083
0.45,248410
0.80,248292
0.80,245563
0.80,244786
2.19,244516
2.19,243613
4.49,242908
4.49,242582
4.49,241350
4.49,240074
4.49,238779
4.89,236248
4.98,234600
4.98,234103
5.27,233118
5.27,232536
5.27,231477
5.27,229735
5.73,226772
5.73,224299
5.74,223092
5.74,222285
5.74,219826
5.74,219416
6.32,217725
6.32,215972
6.34,214221
6.34,213972
6.34,213048
6.34,212387
6.34,211396
6.34,210254
6.35,209951
6.35,209022
6.35,208726
6.35,207159
6.35,204479
6.93,203396
6.94,203233
6.95,202121
6.95,200934
6.98,199843
6.98,199601
7.07,197493
7.07,196374
7.08,195834
7.08,194439
7.08,193225
7.08,191157
7.17,190994
7.17,190748
7.17,189207
7.18,189059
7.21,187829
7.22,187390
7.22,187135
7.23,185440
7.23,184948
7.23,184737
7.23,183791
7.23,182833
7.24,182461
7.24,181328
7.24,180148
7.24,178930
7.25,178568
7.25,177356
7.25,177078
7.35,176200
7.35,174868
7.35,172714
7.35,171129
7.35,170645
7.35,168469
7.35,167512
7.36,167200
7.38,167098
7.38,166399
7.71,165286
7.72,163490
7.72,163202
7.72,162766
7.75,161494
7.75,160979
7.76,160440
7.76,159434
7.76,158623
7.76,157721
7.77,157213
7.77,157083
7.77,156243
7.77,154356
7.81,151498
7.81,150031
7.83,148936
8.06,148140
8.08,147998
8.09,146439
8.12,145265
8.12,145035
8.12,143936
8.12,143104
8.12,142999
8.12,142690
8.13,141392
8.17,140922
8.17,140641
8.17,139919
8.50,137896
8.50,137093
8.50,136118
8.50,134696
8.51,134035
8.52,133654
8.53,133471
8.67,133116
8.68,132604
8.69,132409
8.69,132131
8.70,131673
8.70,131462
8.71,130180
8.72,129550
8.72,129477
8.72,129072
8.75,128546
8.76,128004
8.76,126621
8.77,126331
8.79,125730
8.79,125500
8.80,125127
8.81,124579
8.81,123824
8.81,123457
8.82,123059
8.82,122475
8.83,122266
8.83,122133
8.84,122036
8.84,121043
8.84,119765
8.84,118209
8.86,117934
8.87,117632
8.87,117466
8.94,117403
8.95,116891
8.95,116461
8.95,116279
8.99,115989
9.00,115924
9.01,115847
9.01,115562
9.02,114592
9.05,114558
9.06,113857
9.06,113550
9.06,113521
9.07,112879
9.08,111690
9.08,111537
9.08,111509
9.08,110821
9.09,110498
9.11,110220
9.11,109894
9.13,109285
9.14,107939
9.15,107716
9.15,107544
9.32,107345
9.32,106538
9.33,106159
9.34,105546
9.34,105253
9.35,104699
9.35,104449
9.36,104146
9.36,103808
9.36,103681
9.37,102623
9.38,101195
9.40,101075
9.41,101049
9.41,100787
9.41,100193
9.42,100077
9.42,99999
9.42,99581
9.44,99326
9.44,98626
9.44,98169
9.45,98003
9.45,97902
9.45,96545
9.47,96110
9.50,96072
9.51,95886
9.51,95557
9.51,94954
9.52,94554
9.52,94177
9.53,93793
9.63,93519
9.63,93283
9.64,93250
9.70,92932
9.70,92572
9.72,92274
9.73,91818
9.74,91324
9.77,91231
9.78,91057
9.78,90682
9.78,90507
9.78,89879
9.78,89796
9.80,89313
9.80,89027
9.84,88820
9.85,88816
9.86,88122
9.90,87915
9.90,87794
9.91,87618
9.92,87438
9.94,87163
9.96,86543
9.97,86378
9.98,85765
10.01,85575
10.02,85429
10.03,84702
10.04,84531
10.05,84012
10.09,83940
10.09,83331
10.09,83105
10.10,82176
10.11,82081
10.14,81106
10.16,80497
10.17,80096
10.20,79891
10.21,79807
10.24,79761
10.24,79687
10.26,79102
10.26,78796
10.27,78347
10.28,78067
10.28,78016
10.29,77888
10.29,77332
10.30,76991
10.32,76902
10.34,76823
10.37,76789
10.37,76677
10.38,76461
10.38,76349
10.39,75679
10.44,75588
10.44,75476
10.45,75405
10.46,75260
10.47,75039
10.48,74853
10.49,74742
10.50,74535
10.50,74241
10.52,73371
10.69,73210
10.71,72989
10.74,72825
10.74,72421
10.78,72241
10.79,72034
10.80,71866
10.81,71694
10.82,71622
10.84,71322
10.87,71205
10.88,71001
10.88,70904
10.89,70873
10.90,70548
10.91,70372
10.93,70112
10.93,69540
10.94,69512
10.95,68988
11.02,68632
11.03,68424
11.04,68141
11.10,67864
11.11,66884
11.11,66773
11.13,66725
11.14,66404
11.16,66328
11.18,66113
11.20,66065
11.20,65832
11.21,65516
11.23,65398
11.24,65280
11.25,65121
11.28,65092
11.30,64796
11.31,64514
11.31,64457
11.32,64314
11.33,64182
11.34,63738
11.35,63677
11.35,63269
11.37,63147
11.37,63049
11.38,63033
11.39,62893
11.39,62676
11.41,62601
11.41,62280
11.42,61867
11.43,61653
11.43,61573
11.44,61464
11.45,61284
11.45,61173
11.55,61031
11.56,60475
11.58,60300
11.60,59905
11.63,59689
11.63,58852
11.66,58731
11.70,58449
11.73,58101
11.77,57992
11.79,57719
11.83,57671
11.87,57544
11.88,57347
11.95,56849
11.97,56685
12.02,55839
12.06,55674
12.10,55395
12.11,55362
12.14,55234
12.16,54934
12.21,54903
12.22,54753
12.25,54737
12.28,54592
12.32,54477
12.34,54368
12.40,53796
12.41,53434
12.46,53248
12.48,53017
12.50,52879
12.51,52758
12.53,52378
12.55,52159
12.58,51566
12.59,51433
12.61,51192
12.66,50778
12.69,50581
12.71,50562
12.86,50522
12.90,50312
12.99,50157
13.04,50090
13.10,49984
13.18,49788
13.19,49656
13.42,49607
13.45,49383
13.52,49328
13.59,49298
13.63,49212
13.67,48968
13.77,48825
13.88,48741
13.92,48480
14.02,48410
14.18,48301
14.32,48148
14.42,48098
14.50,48045
14.57,47754
14.60,47469
14.66,47440
14.76,47402
14.86,47293
14.87,47141
15.23,46983
15.52,46891
15.72,46402
15.89,46393
15.91,46324
16.38,46309
16.82,45775
17.28,45489
18.23,45421
19.45,45383
20.67,45225
20.98,45063
21.16,44970
21.41,44738
21.99,44694
22.64,44627
24.23,44500
43.88,44379
44.98,44285
45.14,44263
46.02,44196
46.42,44158
47.33,44138
47.92,43899
48.98,43868
49.16,43737
49.96,43650
53.56,43636
72.19,43436
72.69,43365
79.08,43291
79.93,43265
200.45,43120
200.73,42964
201.94,42788
