0.00,274661
0.00,274182
0.01,272094
0.01,270814
0.01,270440
0.01,270192
0.01,267823
0.01,265820
0.03,265145
0.03,264684
0.03,263097
0.04,262271
0.04,261678
0.04,258891
0.04,258064
0.06,255810
0.43,254805
0.78,253777
0.78,251100
0.78,251027
0.78,246779
0.80,245123
2.27,243210
2.27,243191
3.62,242329
3.62,241583
4.34,237526
4.34,237436
5.57,235232
5.57,234341
5.57,233918
5.58,232842
5.58,231376
5.58,231275
5.66,229927
6.03,228158
6.03,228001
6.09,227887
6.12,227520
6.13,224616
6.13,222476
6.55,220667
6.55,219713
6.55,218126
6.56,217124
6.56,215224
6.83,214226
6.84,213779
6.84,212796
6.84,211586
6.84,209771
6.84,208860
6.84,208359
6.93,205573
7.11,205100
7.11,204984
7.11,204256
7.11,200754
7.11,200573
7.11,200551
7.12,197559
7.12,197356
7.12,196238
7.21,195029
7.22,193901
7.22,192611
7.23,192054
7.23,191594
7.23,191053
7.24,190431
7.25,188748
7.39,187896
7.40,187507
7.40,186803
7.44,185383
7.44,185002
7.45,184286
7.45,183459
7.45,182510
7.45,181486
7.45,180696
7.45,179526
7.45,179244
7.45,177149
7.46,176532
7.46,175745
7.47,175431
7.47,174652
7.47,172962
7.47,171878
7.47,170877
7.47,169419
7.48,168448
7.48,167711
7.48,166489
7.48,165091
7.48,164651
7.48,163630
8.02,163163
8.04,162867
8.04,162458
8.05,161258
8.12,160548
8.14,160352
8.14,159715
8.14,157709
8.14,155893
8.14,155733
8.15,154943
8.15,153936
8.23,152892
8.23,152185
8.23,150427
8.23,149399
8.23,148715
8.24,148075
8.24,148000
8.30,147348
8.36,145987
8.36,144941
8.37,144335
8.37,143961
8.37,143833
8.37,142307
8.56,142062
8.56,141540
8.56,141050
8.56,140765
8.56,140170
8.57,139240
8.57,138622
8.57,137667
8.58,136236
8.58,134616
8.58,134388
8.60,134330
8.61,134310
8.61,132742
8.61,131885
8.62,130739
8.63,130551
8.63,129161
8.64,129014
8.64,128361
8.64,127148
8.65,126809
8.65,125178
8.66,124361
8.76,124190
8.76,124000
8.76,123139
8.78,122477
8.82,122270
8.82,122089
8.83,121546
8.84,121040
8.86,120069
8.86,119456
8.91,119300
8.91,118674
8.91,118126
8.91,117988
8.92,117052
8.92,116013
8.93,115908
8.94,115311
9.09,114737
9.09,114249
9.10,114191
9.10,113694
9.10,113683
9.15,112963
9.16,111903
9.16,111676
9.16,111300
9.17,110269
9.17,109950
9.17,108843
9.18,107865
9.18,107311
9.19,107195
9.19,106853
9.31,106484
9.32,106237
9.32,105648
9.32,105121
9.33,104941
9.33,104738
9.34,104203
9.35,103973
9.44,103392
9.44,103178
9.49,103130
9.50,102533
9.50,101861
9.51,101336
9.51,101258
9.52,101003
9.53,100108
9.53,99386
9.54,98952
9.54,98620
9.54,98312
9.55,97764
9.55,97309
9.56,96782
9.59,96653
9.59,96447
9.60,94878
9.61,94617
9.61,93888
9.64,93622
9.65,93203
9.65,92902
9.66,92289
9.67,91955
9.68,91149
9.68,90312
9.71,90182
9.74,89415
9.74,88977
9.74,88830
9.75,88689
9.76,88460
9.77,88330
9.79,87854
9.80,87618
9.81,87125
9.82,87067
9.82,86559
9.86,86443
9.87,86045
9.87,85605
9.87,85401
9.89,85352
9.90,85121
9.91,84832
9.92,84369
9.92,84233
9.93,83949
9.94,83756
9.97,83637
9.99,83310
10.00,82962
10.00,82580
10.01,82490
10.01,80638
10.02,80004
10.03,79833
10.05,79676
10.09,79278
10.09,79087
10.11,78725
10.12,77890
10.20,77829
10.21,77555
10.22,77325
10.22,77042
10.22,76549
10.23,76301
10.23,76056
10.23,75350
10.26,75325
10.27,75070
10.32,74662
10.32,74126
10.33,73826
10.34,73793
10.35,73664
10.35,73535
10.40,73262
10.44,73000
10.48,72683
10.49,72563
10.50,72119
10.51,71963
10.51,71639
10.51,71284
10.53,70955
10.53,70849
10.54,70587
10.54,69982
10.55,69776
10.59,69636
10.68,69207
10.80,68659
10.82,68136
10.82,68015
10.83,67420
10.86,67174
10.87,67077
10.89,66544
10.89,66114
10.98,65763
11.00,65487
11.01,65243
11.02,65128
11.04,65022
11.06,64998
11.08,64880
11.09,64480
11.09,64315
11.14,64050
11.15,63884
11.16,63587
11.18,63424
11.21,63375
11.23,62907
11.24,62800
11.25,62595
11.28,62477
11.29,62327
11.30,62010
11.31,61764
11.36,61699
11.38,61175
11.40,61133
11.41,60912
11.41,60838
11.42,60736
11.44,60499
11.50,60381
11.52,60259
11.53,60023
11.56,59735
11.59,59459
11.60,59338
11.62,58870
11.63,58681
11.68,58531
11.69,58306
11.73,58016
11.74,57782
11.74,57531
11.76,57405
11.78,57269
11.79,57045
11.81,56985
11.84,56939
11.92,56746
11.96,56295
11.98,56177
12.00,56103
12.02,56005
12.04,55877
12.06,55747
12.08,55200
12.13,55040
12.24,54898
12.26,54446
12.30,54341
12.33,54166
12.34,53917
12.35,53657
12.36,53586
12.40,53457
12.42,53395
12.46,52987
12.48,52963
12.51,52924
12.53,52421
12.56,52143
12.58,52071
12.59,51902
12.61,51859
12.64,51683
12.66,51489
12.66,51190
12.67,51111
12.69,51041
12.72,50949
12.75,50780
12.76,50619
12.78,50326
12.82,50100
12.88,50015
12.95,49791
13.06,49754
13.09,49592
13.12,49556
13.16,49539
13.27,49244
13.32,49197
13.49,49073
13.60,49048
13.70,48730
13.76,48505
13.82,48393
13.85,48196
13.87,48152
13.97,48004
14.08,47895
14.17,47793
14.21,47786
14.37,47759
14.44,47548
14.48,47462
14.60,47272
14.65,47115
14.70,46901
14.73,46841
14.84,46647
14.90,46448
15.04,46125
15.13,46035
15.28,45950
15.72,45793
16.10,45545
16.26,45426
16.40,45207
16.49,45038
16.90,44912
17.28,44759
18.09,44640
18.74,44547
19.78,44470
20.47,44406
22.79,44300
45.50,44214
74.38,44181
74.67,44115
75.23,44049
79.40,44026
98.18,43874
98.23,43678
99.10,43656
100.65,43642
100.93,43525
176.42,43426
178.34,43338
179.30,43080
180.50,43044
181.72,42955
555.55,42904
556.43,42884
558.33,42843
