0.00,260490
0.00,259993
0.00,259752
0.00,259657
0.00,259131
0.00,258471
0.00,257998
0.00,257209
0.00,256594
0.00,256504
0.00,256138
0.00,254770
0.00,254347
0.00,253857
0.00,253673
0.00,252780
0.00,251779
0.00,251140
0.00,249867
0.00,249095
0.00,248018
0.00,247580
0.00,246791
0.01,246574
0.01,246014
0.01,245434
0.01,244925
0.01,244260
0.01,243970
0.01,243129
0.01,242422
0.01,242281
0.01,242091
0.01,240395
0.01,240368
0.01,240013
0.01,239954
0.01,239838
0.01,239335
0.01,238950
0.01,238835
0.01,238511
0.01,238181
0.01,237724
0.01,237560
0.02,237313
0.02,237186
0.02,237140
0.02,236835
0.02,236010
0.02,235535
0.02,234794
0.02,234492
0.02,233942
0.02,233420
0.02,233230
0.02,233155
0.02,231346
0.02,230895
0.02,230799
0.02,230521
0.02,229964
0.02,229392
0.02,228656
0.02,228478
0.02,228406
0.02,226365
0.02,226154
0.02,225946
0.02,225760
0.02,225368
0.02,224116
0.02,222787
0.03,222477
0.03,222325
0.03,222240
0.04,221973
0.04,221016
0.04,220675
0.04,217965
0.04,217622
0.04,217383
0.04,216134
0.05,213886
0.05,212525
0.10,211572
0.12,211044
0.12,209854
0.12,209534
0.12,209080
0.12,208842
0.12,208792
0.12,207562
0.12,207072
0.12,206387
0.12,206244
0.12,206155
0.12,206071
0.12,205107
0.13,205020
0.13,204829
0.13,204774
0.14,204321
0.14,204198
0.14,203993
0.14,203815
0.14,203266
0.14,203068
0.14,202791
0.14,202012
0.14,201411
0.14,200412
0.14,198643
0.14,197332
0.14,196785
0.14,196735
0.14,196660
0.14,196621
0.14,196578
0.14,196540
0.15,196490
0.15,196107
0.15,196089
0.15,195357
0.15,195102
0.15,194023
0.15,193877
0.15,193226
0.15,192520
0.15,191967
0.15,191624
0.15,191265
0.15,191193
0.15,190370
0.15,190298
0.15,189549
0.15,188875
0.15,188143
0.15,187976
0.16,186678
0.16,186564
0.16,185804
0.16,185693
0.16,184689
0.16,184158
0.16,184140
0.16,183633
0.16,183546
0.16,183037
0.16,182811
0.16,181870
0.16,181828
0.16,181812
0.16,181751
0.16,181653
0.16,181446
0.16,180811
0.16,180488
0.16,179524
0.16,179214
0.16,178513
0.16,178122
0.16,176383
0.16,176191
0.16,175162
0.17,174005
0.17,173730
0.17,172981
0.17,172179
0.17,171827
0.17,171026
0.17,170139
0.17,169492
0.17,169429
0.17,168854
0.17,168425
0.17,166694
0.17,166234
0.17,166062
0.17,166043
0.17,166041
0.17,165732
0.17,165025
0.17,165013
0.18,164689
0.18,164546
0.19,164463
0.19,163206
0.21,162916
0.21,162446
0.21,162404
0.21,162223
0.22,162041
0.25,161871
0.25,161834
0.25,160682
0.26,160594
0.26,160296
0.28,160289
0.28,159848
0.31,159781
0.31,159512
0.31,159313
0.31,159218
0.33,159194
0.34,159147
0.34,158624
0.34,158613
0.34,158246
0.34,158162
0.34,158157
0.34,157743
0.35,156299
0.35,156052
0.35,155794
0.35,155768
0.35,155105
0.35,154675
0.35,154462
0.35,153634
0.35,153127
0.35,151709
0.35,151595
0.35,150205
0.35,150096
0.35,149631
0.35,149505
0.35,149379
0.35,148999
0.35,148210
0.35,147719
0.36,147663
0.36,147360
0.36,146354
0.36,146091
0.36,145357
0.36,144403
0.36,143785
0.36,143684
0.36,143471
0.36,142701
0.36,142661
0.36,141038
0.36,140947
0.36,139847
0.36,139786
0.36,139685
0.36,139499
0.36,138827
0.36,138618
0.37,138420
0.37,138205
0.37,137023
0.37,136868
0.37,136143
0.37,135481
0.37,134339
0.37,134212
0.37,133482
0.38,133459
0.38,133112
0.38,133108
0.38,133027
0.38,132901
0.38,132667
0.38,132353
0.38,131680
0.38,131522
0.38,130681
0.38,130680
0.38,130475
0.40,130180
0.40,129945
0.40,129697
0.40,129338
0.40,127382
0.40,126380
0.40,125747
0.41,125674
0.41,124887
0.41,123228
0.41,123068
0.41,122253
0.41,122156
0.41,121860
0.41,121531
0.41,121505
0.41,121204
0.41,120626
0.41,120163
0.41,118058
0.43,117586
0.43,117372
0.44,116601
0.46,116125
0.46,115879
0.46,115549
0.46,115291
0.48,114873
0.48,114851
0.48,113243
0.48,112369
0.48,111978
0.48,111572
0.49,111333
0.49,111007
0.49,110968
0.49,110734
0.49,109610
0.50,109377
0.50,108514
0.51,108334
0.51,107448
0.51,107262
0.51,106269
0.52,106252
0.52,105021
0.52,104984
0.52,103921
0.52,103526
0.52,102910
0.52,102889
0.52,102728
0.53,102388
0.54,102319
0.54,101726
0.54,101648
0.54,101462
0.54,100984
0.54,100859
0.55,100831
0.55,100133
0.59,99903
0.63,99608
0.63,99208
0.63,99040
0.64,98903
0.65,98820
0.65,98646
0.65,98393
0.65,98247
0.65,98174
0.65,98068
0.66,98065
0.66,98048
0.68,97681
0.68,97147
0.68,96986
0.70,96815
0.70,96571
0.74,96433
0.75,96270
0.75,96101
0.75,96073
0.75,95737
0.75,95258
0.80,95242
0.80,94909
0.80,94565
0.81,94477
0.81,94193
0.82,94069
0.82,93798
0.83,93562
0.84,93384
0.84,93225
0.86,93039
0.86,93009
0.86,92934
0.88,92907
0.88,92762
0.90,92560
0.91,92085
0.92,92029
0.92,91983
0.95,91880
0.95,91870
0.98,91649
1.01,91641
1.01,91493
1.01,91468
1.01,91427
1.01,91367
1.01,90973
1.03,90844
1.04,90838
1.04,90644
1.04,90441
1.04,90375
1.05,90258
1.05,90024
1.06,89936
1.08,89933
1.12,89765
1.12,89759
1.12,89477
1.12,89466
1.12,89464
1.13,89170
1.13,89156
1.13,88930
1.13,88903
1.13,88512
1.14,88412
1.15,88346
1.15,88250
1.15,87983
1.16,87904
1.16,87064
1.16,87060
1.16,87035
1.16,87029
1.16,87006
1.17,86995
1.18,86956
1.18,86952
1.18,86546
1.18,86515
1.19,86253
1.19,86250
1.19,85749
1.19,85491
1.19,85293
1.19,84897
1.19,84843
1.19,84678
1.19,84314
1.19,84095
1.22,84011
1.22,83755
1.22,83626
1.23,83451
1.23,83450
1.23,83414
1.23,83238
1.27,83103
1.27,82917
1.27,82612
1.27,82334
1.28,82312
1.29,82169
1.30,82130
1.30,81727
1.36,80602
1.36,80289
1.36,80045
1.36,80001
1.36,79348
1.36,78533
1.37,77747
1.37,77414
1.37,76631
1.37,76497
1.37,75776
1.37,75726
1.37,75485
1.38,75360
1.41,75189
1.42,75009
1.43,74889
1.43,74774
1.43,74371
1.44,74303
1.45,74122
1.46,74112
1.46,73905
1.47,73895
1.47,73833
1.47,73712
1.47,73659
1.47,73657
1.47,73500
1.47,73418
1.48,73180
1.48,72992
1.48,72781
1.48,72735
1.48,72459
1.48,72395
1.48,72283
1.49,72220
1.49,71888
1.49,71831
1.49,71215
1.49,71183
1.49,71135
1.49,71041
1.50,70963
1.50,70953
1.51,70949
1.53,70947
1.53,70670
1.55,70669
1.55,70665
1.56,70452
1.56,70446
1.56,70185
1.56,70166
1.56,70148
1.57,70088
1.57,70074
1.58,70068
1.58,69751
1.58,69622
1.58,69611
1.59,69580
1.59,69311
1.59,69137
1.59,69031
1.59,68984
1.59,68853
1.61,68770
1.61,67735
1.61,67599
1.65,67577
1.65,67408
1.65,67407
1.65,67175
1.67,67105
1.69,67025
1.69,66950
1.69,66534
1.69,66241
1.70,66231
1.70,66201
1.71,66063
1.71,65914
1.71,65892
1.72,65879
1.73,65699
1.73,65522
1.75,65397
1.76,65394
1.77,65363
1.78,65342
1.78,65279
1.79,65073
1.79,65029
1.79,64571
1.79,63988
1.79,62992
1.80,62823
1.80,62186
1.80,61906
1.80,61623
1.80,61313
1.80,61236
1.80,61104
1.81,60918
1.81,60579
1.81,60491
1.82,59955
1.83,59952
1.83,59936
1.85,59664
1.85,59432
1.85,59263
1.86,59217
1.87,59069
1.87,59026
1.88,59013
1.88,58965
1.88,58736
1.88,58585
1.88,58561
1.88,58219
1.89,58133
1.89,57907
1.90,57582
1.90,57472
1.92,57127
1.95,56906
1.97,56099
1.97,54847
1.97,54710
1.97,54611
1.99,54141
2.00,53908
2.03,53610
2.03,53485
2.04,53484
2.12,53397
2.12,53379
2.14,53319
2.14,53140
2.15,53124
2.19,52900
2.20,52821
2.20,52674
2.21,52673
2.22,52645
2.22,52631
2.42,52598
2.42,52597
2.44,52573
2.44,52398
2.48,52366
2.48,52260
2.51,52253
2.51,52226
2.54,52223
2.54,52089
2.60,51987
2.61,51965
2.61,51918
2.61,51917
2.66,51889
2.67,51864
2.67,51674
2.69,51588
2.69,51554
2.69,51534
2.70,51491
2.72,51465
2.78,51267
2.81,51229
2.84,51196
2.84,51131
2.86,51108
2.89,50770
2.90,50542
2.95,50497
3.09,50449
3.12,50410
3.15,50392
3.16,50349
3.28,50343
3.30,50284
3.33,50238
3.42,50230
3.43,50000
3.43,49994
3.43,49887
3.43,49792
3.44,49781
3.45,49732
3.49,49688
3.50,49647
3.52,49411
3.54,49342
3.54,49265
3.55,49229
3.58,48882
3.58,48531
3.58,48300
3.60,48249
3.62,48205
3.65,48038
3.65,48021
3.67,47882
3.69,47837
3.71,47820
3.72,47770
3.74,47715
3.75,47701
3.75,47682
3.75,47640
3.75,47574
3.75,47315
3.75,47175
3.84,47142
3.88,47053
3.89,46981
3.91,46778
3.98,46684
4.07,46644
4.22,46613
4.27,46563
4.29,46508
4.31,46494
4.42,46490
4.43,46484
4.43,46478
4.45,46477
4.47,46314
4.48,46304
4.48,46273
4.49,46069
4.54,45875
4.61,45863
4.67,45747
4.82,45700
4.90,45658
5.10,45635
5.22,45544
5.22,45526
5.24,45468
5.27,45458
5.36,45445
5.36,45129
5.39,45059
5.45,45037
5.45,44912
5.50,44785
5.51,44763
5.51,44727
5.54,44694
5.55,44671
5.55,44625
5.55,44534
5.56,44401
6.12,44276
6.23,44250
6.50,44239
7.07,44201
7.16,44038
7.20,43974
7.30,43938
39.89,43857
40.43,43733
40.44,43728
106.02,43714
106.75,43695
107.24,43681
107.25,43680
196.94,43652
197.94,43553
197.94,43455
293.35,43413
293.88,43397
294.39,43382
294.85,43379
294.88,43323
296.20,43316
296.65,43307
349.13,43280
412.23,43238
536.63,43143
