0.00,262055
0.00,261820
0.00,258438
0.01,258139
0.01,256510
0.01,256478
0.01,254369
0.01,253909
0.01,253666
0.01,253498
0.01,251169
0.02,251131
0.02,250890
0.02,250878
0.02,249789
0.02,246958
0.03,246858
0.04,246780
0.04,245478
0.04,244533
0.04,243926
0.04,243769
0.04,243476
0.04,243415
0.04,243217
0.06,242864
0.09,242644
0.10,242118
0.10,242019
0.10,241812
0.10,241803
0.10,240785
0.12,240762
0.12,240643
0.12,239553
0.12,239266
0.12,238619
0.14,238556
0.14,238504
0.14,237971
0.14,236170
0.14,235644
0.14,233846
0.14,233604
0.14,233389
0.14,232578
0.14,232208
0.14,231696
0.16,231641
0.16,229690
0.17,229663
0.17,229651
0.18,227990
0.18,227850
0.18,227567
0.18,227532
0.18,227488
0.19,227380
0.19,226213
0.20,226056
0.20,225860
0.20,225780
0.20,224798
0.20,224778
0.20,222747
0.21,222733
0.21,222705
0.21,221658
0.21,221059
0.21,220945
0.21,219823
0.21,219742
0.22,219517
0.22,219397
0.22,219371
0.22,219063
0.22,218901
0.22,218850
0.23,218617
0.23,218535
0.23,217836
0.23,217104
0.23,217080
0.23,216266
0.23,214137
0.23,213652
0.23,213131
0.23,212765
0.23,210715
0.23,210680
0.23,208688
0.24,208222
0.24,208029
0.24,207746
0.24,206718
0.24,206213
0.24,205405
0.24,204854
0.24,204317
0.24,203652
0.24,203636
0.24,203545
0.24,202722
0.24,202643
0.24,201799
0.24,200373
0.24,200061
0.25,199445
0.25,199360
0.25,199218
0.25,199013
0.25,197898
0.26,197699
0.26,197633
0.26,197220
0.26,197050
0.26,196152
0.26,194870
0.26,194614
0.26,193534
0.26,193119
0.26,192927
0.26,191786
0.26,191784
0.27,191490
0.27,191230
0.27,191139
0.27,191034
0.27,190195
0.28,190171
0.28,189688
0.29,189303
0.30,188894
0.30,188666
0.30,187402
0.30,185200
0.30,184977
0.30,184246
0.30,182319
0.30,179105
0.31,178389
0.31,178235
0.31,177731
0.31,177448
0.31,176800
0.31,176357
0.31,176340
0.31,175871
0.32,175044
0.32,174846
0.32,174492
0.32,173954
0.32,173753
0.32,173184
0.32,173048
0.33,172997
0.33,171141
0.33,171133
0.33,170979
0.33,170154
0.34,170122
0.35,170060
0.35,167833
0.36,167666
0.36,167056
0.36,167032
0.36,166772
0.37,166764
0.38,166628
0.38,165451
0.39,165431
0.39,165407
0.39,164077
0.40,163779
0.40,163266
0.40,162508
0.40,161478
0.40,161423
0.40,160997
0.40,160859
0.40,160597
0.40,160423
0.40,160183
0.40,159956
0.40,159755
0.40,159317
0.41,159094
0.41,158399
0.41,158371
0.41,157815
0.41,157796
0.41,156721
0.42,156643
0.42,156288
0.43,156245
0.43,155897
0.43,155811
0.43,155727
0.43,155297
0.43,155193
0.43,154807
0.44,154750
0.44,154723
0.44,153699
0.44,153210
0.44,152286
0.44,151943
0.44,151649
0.44,151498
0.44,151074
0.44,150710
0.45,150641
0.45,150638
0.45,150577
0.45,149316
0.45,148749
0.46,148492
0.47,148191
0.47,148174
0.47,148084
0.47,147925
0.48,147672
0.48,147614
0.52,147314
0.58,147235
0.58,147207
0.58,147019
0.59,146930
0.59,146665
0.60,145040
0.60,145027
0.60,143170
0.60,142739
0.60,141294
0.62,141279
0.62,140893
0.62,140529
0.62,140207
0.63,140017
0.63,139939
0.63,139549
0.63,139278
0.63,139126
0.63,139055
0.63,138341
0.64,137736
0.64,137705
0.64,137465
0.64,137336
0.64,137013
0.64,136956
0.64,136061
0.64,135903
0.64,135645
0.64,135474
0.64,135190
0.64,135029
0.64,134783
0.64,134494
0.64,134162
0.65,134141
0.66,134097
0.66,130874
0.66,130226
0.66,128442
0.66,127714
0.66,127333
0.66,127163
0.66,126425
0.67,126389
0.67,126120
0.68,126047
0.68,125314
0.72,125159
0.75,125105
0.75,125097
0.75,124879
0.75,124871
0.75,124547
0.75,123985
0.76,123930
0.78,123781
0.78,123731
0.78,123706
0.78,123585
0.78,123306
0.78,123259
0.78,123253
0.78,123130
0.79,123069
0.79,122933
0.79,122763
0.79,121990
0.80,121347
0.80,121209
0.81,121196
0.81,121089
0.81,121085
0.81,120715
0.81,120703
0.81,120546
0.82,120423
0.82,120339
0.83,120299
0.83,120292
0.83,120212
0.83,120143
0.83,120120
0.83,120087
0.83,119909
0.83,119109
0.84,118987
0.84,118543
0.84,118382
0.84,118311
0.85,118274
0.85,117907
0.85,117647
0.85,117558
0.85,117285
0.85,117079
0.86,117024
0.89,116877
0.89,116613
0.92,116347
0.92,115872
0.92,115262
0.95,114532
0.95,114426
0.95,114248
0.95,114125
0.96,114098
0.96,113953
0.99,113848
0.99,113840
0.99,113734
1.03,113013
1.06,112952
1.06,112710
1.10,112705
1.10,111768
1.10,110253
1.10,110216
1.10,110153
1.10,109977
1.10,109192
1.10,109100
1.10,108471
1.10,108242
1.10,107348
1.10,107259
1.10,107244
1.11,107022
1.11,106628
1.11,106488
1.11,105892
1.11,105124
1.11,105067
1.11,105028
1.11,104542
1.11,104463
1.12,103775
1.12,102435
1.12,101964
1.13,101961
1.17,101869
1.23,101808
1.23,101493
1.25,101323
1.26,101136
1.26,100962
1.27,100638
1.27,100385
1.27,99288
1.27,99097
1.27,98909
1.27,97266
1.27,96645
1.27,95302
1.29,93551
1.29,93447
1.30,93354
1.30,93215
1.30,93111
1.30,93085
1.31,93049
1.31,92890
1.31,91997
1.31,91902
1.31,91319
1.31,91302
1.31,91181
1.31,90258
1.31,89696
1.31,89498
1.31,89133
1.32,89010
1.32,88630
1.32,88112
1.32,87702
1.32,87226
1.32,87097
1.32,85842
1.32,85765
1.32,85224
1.32,84996
1.32,84653
1.32,84614
1.32,84354
1.32,84002
1.33,83976
1.33,83937
1.33,83915
1.33,83810
1.33,83787
1.34,83701
1.34,83688
1.37,83674
1.37,83569
1.37,83550
1.37,83525
1.38,83521
1.38,82675
1.38,82524
1.38,81708
1.39,81673
1.39,81517
1.40,81467
1.40,81450
1.41,81439
1.41,81410
1.41,81305
1.42,81214
1.42,81193
1.42,81158
1.43,80908
1.43,80847
1.43,80580
1.49,80546
1.49,80455
1.50,80404
1.50,80397
1.51,80346
1.51,80072
1.51,80058
1.51,79762
1.52,79668
1.52,79395
1.52,79213
1.52,79153
1.52,79137
1.52,78965
1.53,78922
1.54,78835
1.54,78660
1.55,78641
1.55,78573
1.62,78554
1.62,78471
1.62,78428
1.63,78333
1.64,78210
1.65,78136
1.65,77688
1.65,77684
1.65,77583
1.66,77531
1.68,77076
1.68,77036
1.69,76843
1.69,76823
1.69,76597
1.69,76584
1.69,76260
1.70,76107
1.70,75748
1.70,75682
1.70,75407
1.70,75224
1.70,75211
1.70,75131
1.71,75130
1.71,74633
1.71,74602
1.71,74324
1.71,74323
1.71,74024
1.71,73356
1.71,72396
1.71,71405
1.71,71375
1.71,70736
1.71,70470
1.71,70215
1.71,70187
1.71,69259
1.72,69215
1.72,68623
1.72,68495
1.73,68442
1.73,68364
1.73,68157
1.73,68013
1.73,67963
1.73,67931
1.73,67726
1.75,67531
1.76,67063
1.79,66895
1.80,66854
1.80,66520
1.80,66510
1.81,66509
1.81,66460
1.81,66449
1.81,65965
1.81,65808
1.82,65590
1.82,65435
1.83,65433
1.83,65288
1.84,65164
1.85,65062
1.85,65060
1.85,64873
1.86,64806
1.87,64707
1.87,64603
1.87,64531
1.87,63161
1.88,63127
1.88,63042
1.88,62528
1.88,62263
1.88,62258
1.88,61876
1.88,61795
1.88,60982
1.88,60694
1.88,60639
1.88,60619
1.89,60595
1.89,59802
1.89,59171
1.89,58554
1.89,58524
1.89,58382
1.90,58354
1.90,58252
1.90,57919
1.90,57917
1.90,57525
1.90,57175
1.90,57165
1.90,57083
1.90,57060
1.91,56960
1.91,56936
1.92,56933
1.92,56815
1.92,56774
1.92,56599
1.93,56522
1.93,56376
1.94,56316
1.94,56193
1.94,56187
1.94,56041
1.94,55769
1.98,55621
1.98,55499
2.09,55496
2.14,55439
2.16,55352
2.16,55033
2.18,54961
2.24,54592
2.26,54573
2.26,54556
2.27,54488
2.31,54463
2.31,54208
2.42,54060
2.43,53969
2.45,53736
2.52,53647
2.53,53594
2.56,53469
2.59,53306
2.76,53279
2.76,53231
2.80,53177
2.81,53061
2.88,53031
2.88,52774
2.92,51899
2.96,51109
3.00,50888
3.03,50854
3.03,49665
3.05,49547
3.11,49489
3.22,49330
3.23,49293
3.23,49277
3.33,49178
3.33,48795
3.35,48784
3.35,48704
3.35,48686
3.36,48491
3.37,48483
3.37,48481
3.37,48480
3.37,48444
3.38,48411
3.38,48371
3.38,48346
3.38,48248
3.38,48122
3.40,48100
3.44,48096
3.44,48095
3.45,48086
3.45,48083
3.45,48082
3.46,48062
3.47,48057
3.48,48032
3.48,47986
3.49,47981
3.54,47959
3.61,47819
3.64,47708
3.64,47654
3.68,47632
3.69,47559
3.72,47514
3.72,47111
3.75,47066
3.77,46887
3.79,46785
3.79,46627
3.79,46158
3.80,45961
3.81,45775
3.82,45636
3.82,45481
4.29,45304
4.32,45217
4.46,45103
4.67,45048
4.86,44111
5.09,44101
5.35,44046
5.50,44007
5.57,44001
5.58,43926
5.66,43890
6.16,43823
6.71,43642
7.98,43476
37.83,43393
39.69,43348
47.16,43294
74.16,43176
161.72,43173
162.72,43082
162.75,42907
275.12,42743
397.17,42733
399.16,42725
399.20,42724
401.42,42713
531.01,42679
532.93,42678
532.93,42608
532.97,42581
