0.00,276261
0.00,274268
0.01,270260
0.01,266542
0.01,265640
0.01,261988
0.01,261067
0.01,259302
0.01,259018
0.01,258615
0.11,257689
0.11,256570
0.11,256417
0.11,254586
0.19,253662
0.19,253444
0.19,251598
0.25,251140
0.25,250497
1.09,250233
1.09,247873
1.09,247667
2.26,247044
2.26,246942
2.26,244941
2.26,243583
2.36,243316
3.33,242710
3.33,242480
3.33,240471
3.92,239776
4.75,237584
4.76,236937
5.48,235908
5.48,234895
5.49,234626
5.49,234431
5.49,234148
5.49,232458
5.94,229111
6.22,228858
6.22,228081
6.22,227212
6.22,227021
6.45,225177
6.45,222717
6.45,221282
6.45,220034
6.49,217918
6.49,216407
6.49,214623
6.81,214500
6.81,213605
6.81,211974
6.81,210763
6.82,210141
6.82,209368
6.82,207477
6.82,207362
6.83,206164
6.83,205010
6.83,203920
6.85,203320
7.20,202313
7.20,201292
7.22,199445
7.22,199002
7.23,198557
7.23,197411
7.30,195534
7.30,191322
7.31,189896
7.31,189513
7.34,189107
7.34,187805
7.56,186115
7.56,185900
7.56,185264
7.56,184229
7.80,183112
7.80,181167
7.80,180153
7.82,177301
7.82,176850
7.82,176472
7.89,174305
7.89,173756
7.89,172782
7.90,172584
7.90,171819
7.90,170666
7.91,169198
7.91,168003
7.91,167532
7.93,165564
8.01,164761
8.02,163997
8.03,162890
8.03,162086
8.04,161483
8.04,159801
8.04,159018
8.04,158889
8.05,158355
8.05,157295
8.06,156397
8.07,155547
8.07,155159
8.08,154625
8.09,152902
8.29,152386
8.29,151732
8.29,151312
8.30,149107
8.30,148819
8.32,148313
8.40,148111
8.40,147294
8.41,146904
8.41,145881
8.41,145425
8.42,144925
8.46,144168
8.46,142136
8.46,141950
8.46,140962
8.46,139646
8.47,139543
8.49,138924
8.49,138493
8.51,138009
8.51,137371
8.51,136844
8.52,135869
8.52,135417
8.52,134839
8.52,132807
8.52,131984
8.53,131524
8.54,130440
8.54,129851
8.54,129612
8.57,129289
8.62,128876
8.62,128407
8.62,128250
8.63,127785
8.63,126756
8.64,125851
8.64,125507
8.69,125333
8.69,123608
8.70,122765
8.70,122344
8.71,121902
8.81,120885
8.82,119210
8.85,119019
8.87,118805
8.87,117846
8.88,117748
8.88,117061
8.89,116898
8.89,116210
8.90,116029
8.90,115969
8.91,115178
8.91,114551
8.91,114277
8.92,114135
8.92,113719
9.00,112841
9.06,112019
9.07,111577
9.10,110648
9.11,110229
9.12,110080
9.15,108502
9.19,108229
9.19,106816
9.19,106279
9.32,106103
9.32,105159
9.34,104917
9.34,104619
9.35,104326
9.35,103777
9.37,102454
9.37,101960
9.38,101791
9.39,101021
9.40,100854
9.43,100097
9.43,99571
9.44,98970
9.45,98260
9.45,98112
9.46,97896
9.48,97655
9.48,97239
9.48,96412
9.48,96199
9.49,96068
9.50,95756
9.53,95179
9.53,94384
9.57,93674
9.57,93131
9.61,92934
9.61,92659
9.62,92467
9.62,92223
9.62,92084
9.63,91918
9.64,91842
9.64,91216
9.67,90867
9.67,90281
9.70,90113
9.71,89771
9.72,89633
9.72,89366
9.73,88825
9.73,88694
9.79,88166
9.80,87691
9.80,87388
9.82,86915
9.82,86637
9.83,86121
9.84,85693
9.84,85589
9.86,85261
9.88,84446
9.93,84029
9.97,83788
9.97,83782
10.00,82753
10.01,82647
10.02,82175
10.02,82079
10.02,81875
10.03,81546
10.03,81338
10.03,81078
10.08,80626
10.09,80241
10.10,79853
10.11,79821
10.11,79633
10.14,79559
10.14,79363
10.14,78847
10.15,78590
10.16,78545
10.16,78490
10.17,78212
10.17,78100
10.18,78005
10.18,77472
10.20,77061
10.20,76973
10.21,76744
10.24,76569
10.24,76457
10.24,75829
10.25,75371
10.25,75178
10.26,75149
10.26,74748
10.26,74508
10.27,74312
10.27,73975
10.27,73879
10.28,73402
10.29,72999
10.30,72421
10.30,72242
10.32,71914
10.45,71296
10.46,71218
10.47,70919
10.49,70557
10.50,70519
10.51,70303
10.51,70247
10.52,69946
10.55,69428
10.56,69363
10.61,69287
10.64,68988
10.64,68792
10.66,68683
10.67,68414
10.68,68130
10.68,68078
10.69,67937
10.70,67552
10.73,67157
10.75,67060
10.77,66620
10.78,66588
10.80,66399
10.81,65958
10.83,65854
10.86,65703
10.94,65663
10.95,65386
10.96,65324
10.99,65178
11.02,65091
11.03,64808
11.06,64677
11.08,64563
11.09,64455
11.11,64288
11.12,64073
11.13,63740
11.14,63474
11.16,63232
11.18,63062
11.19,62823
11.24,62709
11.25,62362
11.27,62016
11.28,61979
11.29,61731
11.30,61564
11.32,61134
11.34,60750
11.35,60621
11.36,60072
11.38,59763
11.39,59332
11.40,59229
11.41,59193
11.42,59178
11.43,58931
11.44,58795
11.44,58486
11.47,58397
11.48,57707
11.50,57523
11.51,57467
11.52,57239
11.53,56999
11.56,56577
11.60,56275
11.61,56113
11.64,56067
11.65,55959
11.65,55857
11.67,55765
11.69,55611
11.72,55434
11.75,55403
11.76,55153
11.78,55099
11.85,55000
11.86,54713
11.90,54341
11.90,53988
11.94,53758
11.95,53689
11.99,53493
12.04,52856
12.10,52670
12.11,52619
12.14,52591
12.19,52468
12.22,52341
12.29,52203
12.39,52099
12.40,52030
12.48,51747
12.56,51378
12.58,51267
12.62,51132
12.65,50756
12.68,50648
12.69,50603
12.70,50389
12.76,50383
12.93,50173
12.94,50147
13.03,49882
13.04,49803
13.07,49735
13.14,49596
13.17,49566
13.22,49455
13.25,49439
13.26,49221
13.31,49137
13.39,48772
13.39,48745
13.42,48690
13.45,48659
13.54,48654
13.59,48629
13.62,48603
13.66,48595
13.76,48487
13.77,48473
13.80,48190
13.84,48107
13.96,48065
13.97,47989
14.12,47878
14.17,47804
14.19,47694
14.27,47552
14.41,47452
14.44,47389
14.69,47301
14.82,47288
15.12,47127
15.32,47063
15.39,47032
15.40,46882
15.44,46806
15.55,46389
15.98,46019
16.06,45916
16.18,45889
16.31,45639
16.42,45624
16.74,45609
16.99,45516
17.38,45338
18.36,45084
18.54,44912
18.82,44721
20.41,44656
45.86,44644
47.16,44598
47.43,44455
47.72,44426
48.12,44285
49.19,44197
52.87,44077
71.82,43696
73.12,43646
75.63,43525
76.46,43324
78.36,43318
206.84,43263
405.31,43214
407.93,43194
408.39,43112
585.50,43037
586.91,43017
