0.00,176020
0.00,174149
0.00,173085
0.00,172028
0.00,171717
0.00,170218
0.00,166264
0.00,165006
0.00,161401
0.00,160569
0.00,158727
0.00,157667
0.00,157329
0.00,156587
0.00,154150
0.00,152396
0.01,152300
0.01,152175
0.01,152104
0.01,147603
0.01,147573
0.01,144648
0.01,144607
0.01,144485
0.01,144101
0.02,143992
0.02,143970
0.02,139050
0.03,139019
0.03,138426
0.03,138218
0.03,136701
0.03,135160
0.03,133203
0.03,131110
0.03,130346
0.03,127496
0.03,126929
0.03,126925
0.03,125184
0.03,124971
0.03,124579
0.03,124209
0.03,120080
0.03,119154
0.03,119043
0.03,118563
0.03,116533
0.03,116119
0.03,114513
0.03,112721
0.04,112389
0.04,111230
0.04,110601
0.04,108683
0.04,108331
0.04,107608
0.04,106155
0.04,105819
0.04,105061
0.04,104796
0.04,103013
0.04,102578
0.04,102327
0.04,100243
0.04,99124
0.04,98786
0.04,98148
0.04,97448
0.04,96087
0.04,95811
0.04,95108
0.04,94221
0.04,93288
0.05,93286
0.05,92797
0.05,91724
0.05,91317
0.05,90896
0.05,90822
0.05,88767
0.05,88649
0.05,88072
0.05,87659
0.05,87596
0.06,86475
0.06,86322
0.07,85097
0.07,84640
0.07,83806
0.07,83066
0.07,82898
0.07,81587
0.07,80772
0.07,80517
0.07,79892
0.07,79098
0.07,78737
0.07,77425
0.07,76844
0.07,76801
0.07,76634
0.07,76610
0.07,76573
0.07,76052
0.07,74674
0.07,74647
0.07,74040
0.07,73593
0.07,73149
0.08,72841
0.08,72695
0.08,72469
0.08,71794
0.08,71581
0.08,71113
0.08,71049
0.09,70977
0.09,70967
0.09,70442
0.09,70335
0.09,70302
0.09,70244
0.09,69923
0.09,69245
0.09,68202
0.09,67536
0.09,66944
0.09,66179
0.09,65823
0.09,65285
0.09,65172
0.09,65019
0.10,64459
0.10,63900
0.10,63487
0.10,63152
0.10,62208
0.10,62065
0.10,61314
0.10,61042
0.10,61026
0.10,59959
0.11,59905
0.11,59686
0.11,59646
0.11,59085
0.12,59067
0.12,58010
0.12,57978
0.12,57772
0.12,57770
0.12,57619
0.12,57543
0.12,56776
0.13,55367
0.13,55296
0.13,55277
0.13,55189
0.13,55101
0.13,54649
0.14,54447
0.14,54124
0.14,53979
0.14,53952
0.14,53411
0.14,53403
0.14,53386
0.15,53264
0.15,51082
0.15,50937
0.15,50824
0.17,50404
0.18,49898
0.18,49818
0.18,49537
0.18,49484
0.19,49119
0.20,49066
0.20,48808
0.21,48478
0.21,48422
0.22,48255
0.22,48066
0.22,47354
0.22,47068
0.22,47035
0.22,46965
0.23,46255
0.23,46092
0.23,45806
0.23,45717
0.23,45539
0.23,45415
0.23,44955
0.23,44197
0.23,43804
0.23,43753
0.23,42752
0.23,42072
0.23,42025
0.23,41142
0.23,41076
0.23,40641
0.23,40633
0.23,40433
0.23,40012
0.23,39876
0.23,39651
0.24,39621
0.24,39543
0.24,38933
0.24,38121
0.24,37585
0.24,37214
0.24,37071
0.24,36873
0.24,36652
0.24,36037
0.24,35801
0.25,35202
0.25,34857
0.25,34826
0.25,34567
0.25,34349
0.25,34308
0.25,33944
0.25,33433
0.25,33239
0.25,32708
0.25,32533
0.25,32416
0.25,31224
0.25,31072
0.25,31001
0.25,30858
0.25,30496
0.25,30185
0.25,29919
0.25,29791
0.25,29579
0.26,29196
0.26,29140
0.26,29139
0.26,29133
0.26,28938
0.26,28437
0.26,28307
0.26,28224
0.26,28175
0.26,28170
0.26,28134
0.27,28083
0.31,27914
0.31,27729
0.31,27682
0.32,27496
0.33,27371
0.33,26654
0.34,26508
0.36,26333
0.36,26122
0.37,25805
0.37,25765
0.38,25242
0.42,25146
0.42,24705
0.42,24644
0.44,24539
0.47,24330
0.47,24289
0.47,24266
0.49,24261
0.49,24184
0.50,24177
0.50,24135
0.50,24122
0.50,24099
0.50,23928
0.50,23751
0.51,23565
0.51,23562
0.51,23292
0.51,23290
0.51,23261
0.52,23160
0.53,22915
0.59,22891
0.59,22876
0.59,22793
0.59,22610
0.60,22373
0.60,22288
0.71,22208
0.85,22202
5.16,22185
11.51,22015
19.18,21950
19.38,21936
19.38,21887
19.38,21880
19.40,21847
23.24,21783
23.44,21695
23.68,21668
