0.00,171818
0.00,170390
0.00,170344
0.00,169890
0.00,168499
0.00,168374
0.00,165926
0.01,165834
0.01,160991
0.01,160524
0.01,160236
0.01,154615
0.01,153911
0.01,152516
0.01,152057
0.01,149866
0.01,149413
0.01,145644
0.01,145490
0.01,144630
0.01,144379
0.01,143911
0.01,142612
0.02,142031
0.02,141551
0.02,139416
0.02,139293
0.02,139268
0.02,138743
0.02,138572
0.02,134723
0.02,134160
0.02,133908
0.03,133803
0.03,133262
0.03,129340
0.03,129260
0.03,123739
0.03,123681
0.03,123473
0.03,123081
0.03,122787
0.04,122569
0.06,122474
0.06,122359
0.06,119131
0.06,119122
0.06,117803
0.07,117704
0.07,117500
0.07,117056
0.07,116035
0.07,114345
0.07,113524
0.07,109987
0.07,109750
0.07,108926
0.07,108808
0.07,108733
0.07,106550
0.07,106293
0.07,105224
0.07,104889
0.07,104738
0.07,104629
0.07,103126
0.07,102767
0.07,99466
0.07,98852
0.07,97836
0.07,97745
0.07,97134
0.07,97115
0.07,96858
0.07,95541
0.07,94986
0.07,93798
0.07,93586
0.07,92721
0.07,92405
0.08,91940
0.08,91844
0.08,91533
0.08,90844
0.08,90631
0.08,90556
0.08,90540
0.08,90536
0.08,90208
0.09,90004
0.09,89952
0.09,89569
0.09,88073
0.09,88047
0.10,87229
0.10,87052
0.10,83592
0.10,83422
0.10,82874
0.10,82745
0.10,82200
0.10,82026
0.12,80478
0.12,80156
0.12,78556
0.12,78525
0.12,78197
0.12,77802
0.12,77082
0.12,76970
0.12,76750
0.12,76481
0.12,76321
0.13,75825
0.13,73509
0.13,73135
0.13,72868
0.13,70605
0.14,70447
0.14,69337
0.14,68210
0.14,68193
0.14,67900
0.14,67753
0.14,67594
0.14,67399
0.14,67018
0.14,65166
0.14,64651
0.14,63549
0.14,63246
0.14,61492
0.14,61360
0.14,61352
0.15,61217
0.15,60703
0.15,60615
0.15,60302
0.15,59810
0.15,58562
0.15,58361
0.15,57989
0.15,57398
0.15,56870
0.15,56301
0.16,56208
0.16,55860
0.16,54106
0.16,53822
0.16,52859
0.16,52237
0.16,52074
0.17,51337
0.17,51267
0.17,51077
0.18,50872
0.18,50857
0.18,50283
0.19,49644
0.19,49576
0.19,49417
0.19,49028
0.20,48989
0.20,48743
0.20,47940
0.20,47822
0.20,46906
0.21,46469
0.22,46264
0.22,45992
0.22,45594
0.22,45373
0.22,45053
0.22,45002
0.22,44996
0.22,44865
0.22,43703
0.22,43065
0.22,42964
0.22,42634
0.22,42447
0.22,42249
0.22,42206
0.22,41741
0.23,41721
0.23,41510
0.23,41424
0.23,41220
0.23,39907
0.23,38403
0.23,38296
0.23,38194
0.23,37617
0.23,37375
0.23,36581
0.23,36057
0.23,35102
0.23,34907
0.23,34623
0.24,34535
0.24,34367
0.24,34152
0.24,34119
0.24,33926
0.24,33871
0.24,33411
0.24,33407
0.24,32727
0.25,32655
0.25,32615
0.25,32183
0.25,32142
0.25,32105
0.25,31913
0.25,31426
0.25,31245
0.25,31101
0.25,30821
0.26,30806
0.26,30527
0.26,30233
0.26,29854
0.26,29829
0.26,29602
0.26,29514
0.26,29189
0.26,29136
0.26,29122
0.29,28598
0.33,27544
0.33,27382
0.33,27309
0.33,26985
0.33,26831
0.33,26629
0.33,26177
0.36,26092
0.36,25989
0.38,25790
0.39,25718
0.40,25456
0.41,25336
0.42,25173
0.42,25096
0.45,24895
0.45,24691
0.47,24631
0.47,24629
0.47,24572
0.47,24514
0.47,24399
0.47,24186
0.48,23855
0.48,23826
0.48,22984
0.49,22833
0.49,22732
0.52,22679
0.62,22603
0.62,22559
0.62,22213
0.72,22107
0.87,22100
0.97,22096
0.97,21973
1.22,21954
1.23,21905
6.82,21872
6.95,21861
