0.00,169549
0.00,169015
0.00,165592
0.01,161923
0.01,160189
0.01,158978
0.01,158293
0.01,156643
0.01,156391
0.01,154329
0.01,152588
0.01,149493
0.26,146642
0.26,142907
0.26,141173
2.75,139564
3.10,136963
3.10,136838
3.11,134304
3.44,131958
3.79,128528
3.82,127300
3.82,127006
3.82,124083
3.82,123803
3.82,123208
3.82,120813
3.82,120446
4.15,120234
4.15,119424
4.15,119126
4.25,118433
4.26,114939
4.26,112969
4.36,112413
4.36,111487
4.40,110079
4.40,109201
4.40,108535
4.55,107043
4.56,106260
4.57,104839
4.57,104328
4.57,103418
4.58,100997
4.59,100668
4.59,98818
4.63,97153
4.64,96479
4.64,93710
4.64,93090
4.75,92666
4.77,91430
4.77,90762
4.77,87970
4.77,87591
4.79,86745
4.79,85571
4.79,84460
4.98,83572
4.98,82660
4.99,82535
4.99,82055
4.99,80843
4.99,80343
4.99,80028
4.99,78500
5.02,76119
5.09,75746
5.11,74888
5.14,74354
5.21,73847
5.21,73521
5.22,72824
5.22,72096
5.22,71942
5.22,71309
5.23,71081
5.24,70849
5.24,69571
5.25,69019
5.28,68265
5.28,67010
5.28,66765
5.29,64880
5.32,64358
5.32,63127
5.32,62069
5.32,61518
5.32,58932
5.33,58537
5.33,57710
5.34,57383
5.34,56582
5.35,56463
5.35,55817
5.57,55421
5.57,55397
5.57,55041
5.57,53389
5.58,53078
5.58,52000
5.58,51622
5.65,50692
5.65,49953
5.66,49502
5.66,49243
5.66,48184
5.66,47841
5.67,47727
5.69,47226
5.70,47128
5.70,46956
5.72,46224
5.73,45692
5.73,45452
5.74,45087
5.77,44939
5.77,44816
5.79,44753
5.80,44299
5.83,44122
5.83,43472
5.84,42595
5.84,42018
5.84,41463
5.85,40792
5.85,40349
5.85,40191
5.86,39671
5.86,39457
5.86,38937
5.87,38860
5.88,38760
5.89,38655
5.89,37842
5.89,37697
5.90,37310
5.90,37117
5.91,36527
5.91,35298
6.01,34608
6.07,34067
6.07,33417
6.08,33075
6.10,32857
6.13,32162
6.14,31879
6.14,31608
6.15,30819
6.20,29970
6.20,29765
6.21,29656
6.21,29544
6.29,29361
6.33,29207
6.35,28733
6.35,28449
6.44,28290
6.45,28229
6.51,28181
6.52,28022
6.53,27626
6.55,27111
6.56,27073
6.57,26416
6.60,26274
6.67,25660
6.73,25521
6.75,25365
6.75,25284
6.99,25071
7.04,24968
7.13,24850
7.15,24619
7.17,24383
7.21,24080
7.28,23905
7.30,23724
7.32,23642
7.41,23579
7.43,23311
7.50,23271
7.61,23228
7.80,22929
7.85,22694
7.88,22361
7.94,22175
8.03,22056
8.40,21781
9.12,21755
373.13,21737
388.23,21675
388.44,21640
388.50,21608
388.63,21513
