0.00,167165
0.00,162195
0.00,159938
0.01,159153
0.01,156188
0.01,155049
0.01,154118
0.02,146825
0.43,145590
0.43,143730
0.43,140953
1.35,140380
2.89,138507
3.40,138181
3.40,137255
3.40,136504
3.54,133170
3.54,132099
3.60,131102
3.60,127786
4.03,127573
4.03,127326
4.04,125949
4.04,122009
4.04,121072
4.15,119012
4.15,118531
4.16,116827
4.16,115560
4.16,111537
4.16,111331
4.16,111173
4.16,110164
4.33,108934
4.45,107006
4.45,106635
4.45,105716
4.62,104836
4.62,102678
4.62,101696
4.62,101349
4.62,100008
4.64,97444
4.80,94910
4.85,93201
4.86,92236
4.87,92156
4.91,91051
4.91,90388
4.91,89678
4.91,87198
4.92,86984
4.92,85703
5.04,84676
5.16,83757
5.16,83482
5.16,80948
5.16,80819
5.18,80023
5.18,79151
5.18,78949
5.19,76845
5.20,75241
5.20,72584
5.20,71976
5.20,71120
5.21,70311
5.22,69555
5.23,68729
5.23,68187
5.23,68042
5.32,67170
5.33,66532
5.33,65909
5.33,65344
5.33,64891
5.43,64362
5.47,64035
5.47,63465
5.48,63116
5.48,62154
5.48,60835
5.50,59948
5.50,58942
5.51,58858
5.52,58099
5.52,57604
5.52,57492
5.52,56638
5.65,55907
5.66,55452
5.66,55177
5.66,54540
5.66,53845
5.66,52953
5.66,52706
5.66,51836
5.67,50913
5.68,50495
5.69,49436
5.73,48887
5.74,48550
5.77,48410
5.77,47788
5.81,46335
5.86,45977
5.86,45432
5.86,44879
5.87,44714
5.89,43341
5.91,42825
5.92,42214
5.92,42012
5.93,41212
6.00,40964
6.01,40690
6.04,39890
6.04,39205
6.06,39123
6.06,39070
6.12,38845
6.13,38644
6.16,38238
6.20,37949
6.20,37667
6.22,36691
6.25,36200
6.26,35962
6.26,35211
6.27,34712
6.27,34391
6.28,34193
6.28,33836
6.30,33367
6.33,33153
6.33,33034
6.35,32943
6.35,32719
6.36,32561
6.39,32266
6.43,32142
6.43,31990
6.45,31758
6.57,31357
6.59,30988
6.64,30371
6.64,30192
6.66,30094
6.68,29547
6.70,29138
6.74,28521
6.75,28021
6.76,27793
6.91,27638
6.91,26758
6.94,26627
6.95,26463
6.97,26307
7.01,26262
7.11,26163
7.13,26020
7.14,25842
7.14,25509
7.16,25457
7.19,25221
7.23,24951
7.24,24527
7.37,23935
7.43,23898
7.53,23697
7.58,23679
7.59,23631
7.61,23558
7.65,23191
8.18,23134
8.33,23091
8.46,23055
8.49,23050
8.57,22818
8.88,22560
9.28,22524
9.34,22437
23.01,22287
23.07,22153
23.20,21964
23.29,21835
23.40,21802
24.92,21749
54.81,21700
55.13,21692
55.61,21687
56.06,21497
