0.00,166096
0.00,165871
0.00,164413
0.00,164345
0.00,164037
0.00,163653
0.00,161211
0.00,161109
0.00,160235
0.00,160127
0.00,159502
0.00,158778
0.00,157879
0.00,156691
0.00,155682
0.00,154922
0.00,154486
0.00,151271
0.00,150004
0.00,149044
0.00,148318
0.00,147118
0.00,146397
0.00,141629
0.00,140429
0.00,139242
0.00,138195
0.00,135177
0.01,134703
0.01,132872
0.01,132662
0.01,132022
0.01,131809
0.01,131712
0.01,131483
0.01,131457
0.01,129900
0.01,129658
0.01,128522
0.01,127981
0.01,126924
0.01,126032
0.01,124320
0.01,123669
0.01,122770
0.01,121347
0.01,120355
0.01,118581
0.01,118448
0.01,118253
0.01,118213
0.01,117244
0.01,116656
0.01,116515
0.01,115121
0.01,114977
0.01,114685
0.01,113857
0.01,113659
0.01,112683
0.01,110482
0.01,110370
0.01,109332
0.01,109210
0.01,109137
0.01,108661
0.01,106802
0.01,106290
0.01,106148
0.01,105448
0.01,104910
0.01,104260
0.01,103641
0.02,103608
0.02,102915
0.02,102875
0.02,102352
0.02,102293
0.03,102136
0.03,102095
0.03,101941
0.03,97993
0.03,97819
0.03,97744
0.04,97627
0.04,97441
0.04,97366
0.04,97356
0.04,96327
0.04,96288
0.04,95894
0.04,95770
0.04,95493
0.05,95487
0.05,95345
0.05,91559
0.06,91082
0.06,90912
0.06,90726
0.06,90057
0.06,90022
0.06,87903
0.06,87715
0.06,87489
0.06,86494
0.07,86381
0.07,86211
0.07,85953
0.07,85640
0.07,85442
0.08,85391
0.08,85304
0.08,85094
0.08,84933
0.08,84902
0.08,84721
0.08,83327
0.08,83220
0.08,83101
0.08,82537
0.08,82454
0.08,82294
0.08,80600
0.09,78868
0.09,77803
0.09,77739
0.09,77723
0.09,77720
0.09,76638
0.09,76341
0.09,75610
0.09,75307
0.09,75247
0.09,74784
0.10,74742
0.10,74681
0.10,73936
0.11,73836
0.11,72855
0.11,72523
0.11,72522
0.11,71144
0.11,70979
0.11,70937
0.11,70932
0.11,70582
0.11,70575
0.11,70265
0.11,70259
0.11,69311
0.11,69310
0.12,69252
0.12,69107
0.12,68471
0.12,68261
0.12,68097
0.12,67287
0.12,67013
0.12,66216
0.12,66204
0.12,65968
0.13,65109
0.13,65044
0.13,64103
0.13,63829
0.13,63474
0.13,62346
0.13,62096
0.13,61403
0.13,60280
0.13,60056
0.13,59542
0.13,59313
0.13,59221
0.13,59190
0.13,58417
0.14,58148
0.14,58096
0.15,58062
0.15,57764
0.15,57356
0.15,57266
0.15,57153
0.15,57054
0.15,56302
0.15,56237
0.15,55360
0.15,55232
0.15,55150
0.15,55067
0.15,55028
0.15,54904
0.15,54605
0.15,54513
0.16,53707
0.16,53232
0.16,53008
0.16,52346
0.16,51224
0.16,51085
0.16,50412
0.16,49764
0.16,48760
0.16,48452
0.16,47686
0.16,47671
0.16,47424
0.16,47374
0.16,47328
0.16,46608
0.17,45599
0.17,45462
0.17,45447
0.17,45296
0.17,45273
0.18,44920
0.18,44904
0.18,44218
0.18,43813
0.19,43739
0.19,43675
0.19,42743
0.19,42709
0.19,42672
0.19,41342
0.19,41338
0.19,40885
0.19,40751
0.20,40749
0.20,40679
0.20,40419
0.20,40358
0.20,40085
0.20,39261
0.20,38437
0.20,38170
0.20,38123
0.20,38095
0.20,37290
0.20,37252
0.20,37030
0.20,36920
0.20,36835
0.21,36717
0.21,36448
0.21,36419
0.21,35804
0.21,35754
0.21,35753
0.21,35746
0.21,35664
0.22,35645
0.23,35601
0.23,35197
0.24,35122
0.24,35082
0.24,35012
0.24,34809
0.25,34361
0.25,34069
0.25,33803
0.25,33169
0.25,32840
0.25,32573
0.25,32562
0.25,32525
0.25,32516
0.25,32483
0.25,32453
0.25,32436
0.25,31873
0.25,31782
0.26,31502
0.28,31435
0.28,31316
0.28,31257
0.28,31236
0.29,30779
0.30,30658
0.32,30520
0.32,30483
0.32,30467
0.32,30430
0.33,30386
0.34,30250
0.34,30107
0.34,29836
0.35,29755
0.38,29560
0.38,29407
0.39,29244
0.39,28764
0.41,28745
0.41,28691
0.41,28689
0.41,28292
0.42,28204
0.42,27818
0.43,27704
0.43,27675
0.43,27613
0.43,27244
0.44,27082
0.44,26920
0.44,26914
0.45,26896
0.45,26749
0.45,26428
0.45,26425
0.45,26226
0.46,26173
0.46,25700
0.47,25668
0.48,25618
0.48,25541
0.49,25521
0.49,25228
0.49,25082
0.49,25069
0.52,24752
0.57,24690
0.57,24656
0.57,24649
0.57,24637
0.58,24475
0.58,24368
0.60,24099
0.60,23917
0.60,23864
0.62,23830
0.62,23766
0.65,23758
0.67,23708
0.67,23353
0.68,23268
0.68,22808
0.69,22728
0.72,22565
0.73,22485
0.73,22389
0.73,22388
0.73,22287
0.82,22278
0.97,22274
0.97,22045
1.06,21977
5.86,21893
