0.00,160569
0.00,159838
0.00,156530
0.00,156331
0.00,154434
0.00,153825
0.00,150272
0.00,149894
0.00,149317
0.00,149144
0.00,148003
0.00,147734
0.00,145818
0.00,144392
0.00,143304
0.00,143050
0.00,142700
0.00,142623
0.00,142036
0.00,141458
0.00,140587
0.00,140501
0.00,139024
0.00,138420
0.00,136918
0.00,135448
0.00,132588
0.00,131887
0.00,131646
0.00,131414
0.00,129563
0.00,129235
0.00,128246
0.00,127991
0.00,127533
0.00,127208
0.00,126518
0.00,125861
0.00,125538
0.01,125232
0.01,124576
0.01,123103
0.01,122955
0.01,122556
0.01,120006
0.01,119743
0.01,116503
0.01,115926
0.01,115674
0.01,115055
0.01,114977
0.01,114475
0.01,114453
0.02,114418
0.02,113689
0.02,113676
0.02,113556
0.02,113194
0.02,113193
0.02,113098
0.04,112563
0.04,110284
0.04,108133
0.04,108066
0.04,107579
0.04,107291
0.04,107128
0.04,105427
0.04,105327
0.04,105197
0.04,104323
0.04,103087
0.04,103072
0.04,102554
0.04,101688
0.04,100956
0.04,100926
0.04,100613
0.04,100589
0.04,99450
0.05,98799
0.05,98697
0.05,98466
0.05,97835
0.05,96623
0.05,95413
0.05,95074
0.05,94549
0.05,94491
0.05,93136
0.06,92737
0.06,92689
0.06,92637
0.06,90232
0.06,90210
0.06,89703
0.06,89162
0.06,89079
0.07,89028
0.07,88683
0.07,88178
0.07,88174
0.08,87871
0.08,87758
0.08,87305
0.08,87197
0.08,86747
0.08,86696
0.08,86039
0.08,85575
0.08,85574
0.08,84815
0.09,84770
0.09,84668
0.10,84570
0.10,84545
0.10,84063
0.10,83704
0.11,83519
0.11,83274
0.11,83009
0.11,82973
0.11,82587
0.13,82396
0.13,82392
0.15,82307
0.15,81744
0.15,81097
0.15,80398
0.15,79896
0.15,78114
0.15,77220
0.15,76524
0.15,75641
0.15,75329
0.15,74982
0.15,74865
0.15,74731
0.15,74630
0.15,71248
0.15,71097
0.15,69515
0.15,69506
0.16,69478
0.16,67913
0.16,66938
0.16,66253
0.16,65970
0.16,65966
0.16,65963
0.16,64998
0.17,64922
0.17,63646
0.17,63308
0.17,63306
0.17,63300
0.17,62775
0.17,62728
0.17,62649
0.17,62569
0.17,61988
0.17,61848
0.17,61696
0.17,61627
0.17,61622
0.17,61270
0.17,60995
0.17,60666
0.17,60486
0.17,60282
0.18,59679
0.18,59570
0.18,58686
0.18,55629
0.18,55576
0.18,55324
0.18,55134
0.18,54982
0.18,54831
0.18,54820
0.18,54799
0.20,54777
0.20,54589
0.20,54425
0.22,54018
0.22,53035
0.22,52385
0.22,52069
0.22,51532
0.22,51260
0.22,50253
0.22,49939
0.22,49589
0.22,49534
0.22,48798
0.22,48551
0.23,48549
0.23,48077
0.23,47552
0.23,47314
0.23,47285
0.23,47044
0.23,46721
0.24,44932
0.24,44594
0.24,43630
0.24,43467
0.24,42604
0.24,42380
0.24,42093
0.24,41469
0.24,41378
0.24,41095
0.24,41094
0.24,40785
0.24,40719
0.24,40654
0.24,40174
0.24,39668
0.24,39635
0.24,39579
0.24,39549
0.24,39544
0.24,39362
0.25,39303
0.25,39070
0.25,38657
0.25,38499
0.25,38419
0.25,38243
0.26,38230
0.26,37112
0.26,36562
0.26,36355
0.26,35946
0.26,35666
0.26,35616
0.26,35456
0.26,34639
0.26,34406
0.26,34343
0.26,34016
0.26,33970
0.26,33953
0.26,33645
0.27,33533
0.27,33527
0.27,32813
0.28,32727
0.30,32707
0.30,32476
0.30,31617
0.30,31342
0.30,31124
0.30,30510
0.30,30309
0.31,30284
0.31,30177
0.32,30061
0.32,29945
0.32,29736
0.32,29714
0.34,29559
0.35,28964
0.35,28813
0.35,28802
0.35,28443
0.36,28436
0.36,28117
0.37,28074
0.37,27850
0.39,27660
0.40,27657
0.40,27544
0.40,27503
0.40,27328
0.42,27326
0.42,27276
0.43,27170
0.43,27089
0.45,27002
0.45,26553
0.46,26184
0.47,26065
0.48,26047
0.49,25983
0.49,25974
0.49,25934
0.50,25876
0.50,25872
0.50,25653
0.51,25595
0.51,25408
0.51,25189
0.57,25181
0.58,25057
0.58,25030
0.60,24971
0.64,24901
0.65,24518
0.67,24484
0.69,24321
0.71,24209
0.71,24157
0.71,24143
0.71,24001
0.76,23781
0.76,23682
0.89,23680
0.89,23639
0.90,23419
0.98,23408
4.42,23241
4.43,23220
4.43,22990
4.49,22859
5.24,22823
9.93,22784
14.76,22729
