0.00,170263
0.00,169789
0.00,168823
0.00,168614
0.00,167918
0.00,167088
0.00,166222
0.00,164871
0.00,164462
0.00,160515
0.00,160293
0.00,159976
0.00,159319
0.00,155719
0.00,154772
0.00,154763
0.00,154727
0.01,154674
0.01,153802
0.01,153651
0.01,151022
0.01,150846
0.02,150617
0.02,147910
0.02,147891
0.02,147874
0.02,146641
0.02,145903
0.02,140662
0.02,140481
0.03,140445
0.03,140359
0.04,140202
0.05,138582
0.05,138503
0.05,138304
0.05,136780
0.05,136508
0.05,136411
0.05,136117
0.05,135788
0.05,135532
0.05,130577
0.05,130305
0.05,127394
0.06,127237
0.07,127038
0.07,126326
0.08,126125
0.08,125959
0.08,125653
0.08,124244
0.08,124060
0.08,122900
0.08,122821
0.08,119140
0.08,118569
0.08,118561
0.08,116675
0.08,116364
0.08,116076
0.08,113708
0.10,113187
0.10,112937
0.10,111679
0.10,111650
0.10,111618
0.10,109937
0.10,109827
0.10,109409
0.10,109123
0.10,108907
0.10,108905
0.10,106569
0.10,106482
0.11,106387
0.11,103122
0.11,103120
0.11,102878
0.11,102599
0.11,102127
0.11,101356
0.11,99153
0.12,98517
0.12,96031
0.12,95861
0.12,95158
0.12,91543
0.12,90947
0.12,90809
0.12,89367
0.12,89164
0.12,89050
0.12,87700
0.12,87446
0.12,85854
0.12,84983
0.12,83634
0.12,83073
0.12,82919
0.12,81192
0.12,80437
0.12,79647
0.12,79623
0.12,79377
0.12,79224
0.12,78904
0.12,78659
0.12,77584
0.12,77076
0.12,76884
0.12,75487
0.12,75207
0.12,74190
0.12,73099
0.12,71021
0.13,70687
0.13,69994
0.13,69809
0.13,69470
0.13,69087
0.13,68814
0.13,68050
0.13,68046
0.13,67964
0.13,67169
0.13,66995
0.13,65745
0.14,65584
0.14,65353
0.14,65007
0.14,64561
0.14,64146
0.14,64126
0.14,63161
0.15,63065
0.15,62986
0.15,62896
0.16,62826
0.16,61452
0.16,61436
0.16,61062
0.16,60530
0.16,59452
0.16,59186
0.16,58398
0.16,57778
0.16,57476
0.16,57175
0.16,57022
0.16,56760
0.17,56482
0.18,55614
0.18,55452
0.18,55362
0.19,55357
0.19,54944
0.19,54941
0.19,54938
0.20,54237
0.20,54184
0.20,52550
0.20,52547
0.20,51830
0.20,51198
0.21,50258
0.21,50210
0.21,49437
0.21,49171
0.21,48114
0.21,47927
0.21,47823
0.21,47805
0.21,46421
0.21,46399
0.21,45642
0.21,45620
0.21,45462
0.21,45435
0.21,45371
0.21,45307
0.21,45182
0.21,44849
0.23,44749
0.23,44463
0.23,43959
0.24,43922
0.24,43617
0.24,43415
0.24,43225
0.24,43192
0.24,42708
0.24,42196
0.25,42157
0.25,41548
0.26,41526
0.26,41491
0.26,40682
0.26,40151
0.26,39670
0.26,38906
0.26,38762
0.26,38715
0.26,38691
0.27,37397
0.27,37096
0.27,36214
0.27,35546
0.27,35248
0.27,35245
0.28,34953
0.28,34831
0.28,34685
0.28,34602
0.28,34469
0.28,34374
0.28,34250
0.28,34242
0.28,34201
0.28,33948
0.28,33624
0.28,33529
0.28,33321
0.28,33222
0.28,33052
0.28,32820
0.29,32806
0.29,32095
0.29,31932
0.32,31930
0.34,31862
0.35,31800
0.37,31640
0.38,31566
0.39,31541
0.41,31534
0.42,31481
0.42,31134
0.46,31084
0.47,31046
0.47,30584
0.48,30243
0.51,29752
0.51,29679
0.51,29637
0.51,29621
0.51,29413
0.51,29299
0.51,28818
0.52,28795
0.52,28715
0.53,28660
0.53,28191
0.54,28133
0.54,28013
0.54,27947
0.55,27736
0.55,27582
0.55,26939
0.55,26662
0.56,26257
0.57,26256
0.57,25791
0.57,25784
0.57,25767
0.57,25414
0.58,25407
0.58,25338
0.58,25324
0.61,25275
0.68,25067
0.70,24480
0.70,24298
0.74,24198
0.81,24178
0.83,24169
0.84,23862
0.84,23824
0.87,23819
0.98,23817
0.98,23735
0.98,23692
0.99,23680
0.99,23609
6.51,23264
12.20,23170
12.33,23164
12.33,23137
12.33,23093
21.55,22773
21.79,22767
21.79,22650
21.84,22628
22.11,22599
22.11,22513
