0.00,175275
0.01,172977
0.01,163057
0.01,162303
0.01,161257
0.01,160934
0.02,159500
0.02,157164
0.02,154530
0.10,152547
0.11,149489
0.11,144194
0.74,140318
1.97,137838
1.97,137740
3.14,135977
3.86,135596
3.86,134938
3.90,134151
3.90,128891
4.03,126049
4.06,124159
4.11,122821
4.11,122368
4.11,121048
4.11,119782
4.13,119379
4.13,117400
4.13,115867
4.14,115682
4.14,113363
4.32,111227
4.32,110004
4.41,108935
4.42,105838
4.42,104366
4.42,102625
4.60,101972
4.62,101597
4.63,99925
4.63,98045
4.75,96630
4.75,94184
4.76,92920
4.77,92641
4.77,92240
4.77,91466
4.77,90925
4.77,90279
4.78,88124
4.88,86957
4.88,86868
4.89,86634
4.89,85773
4.89,85477
4.89,85253
4.89,83334
4.95,82498
4.96,81019
4.99,79569
5.00,78970
5.00,77499
5.03,75794
5.10,74868
5.10,73642
5.15,73191
5.17,72160
5.17,71393
5.17,70093
5.19,66362
5.22,65364
5.23,64938
5.23,64601
5.23,64326
5.25,62810
5.26,61654
5.26,61556
5.26,60786
5.27,60258
5.27,59869
5.28,58553
5.29,57467
5.39,56940
5.40,56124
5.40,55930
5.40,55682
5.41,54851
5.43,54180
5.43,52884
5.43,52672
5.43,52519
5.58,51897
5.58,51497
5.58,50373
5.59,49585
5.71,49519
5.72,49074
5.73,48675
5.73,47825
5.74,47194
5.74,46761
5.74,46311
5.74,45822
5.82,44596
5.87,44206
5.87,43716
5.90,43114
5.90,42871
5.90,42216
5.92,41762
5.93,41384
5.94,41147
5.95,40807
5.95,40572
5.95,40429
5.96,39972
6.01,39236
6.01,39211
6.01,38931
6.06,38717
6.07,38191
6.08,37973
6.09,37591
6.11,37223
6.12,36611
6.14,36343
6.18,36048
6.19,35719
6.19,35497
6.20,34865
6.21,34600
6.30,34591
6.31,34397
6.31,34314
6.31,34141
6.33,33970
6.35,33669
6.40,33562
6.49,32746
6.50,32502
6.50,32296
6.50,31904
6.51,31743
6.52,31586
6.53,31275
6.54,31215
6.55,30240
6.57,30085
6.59,29747
6.63,29604
6.67,29197
6.69,29046
6.72,28850
6.75,28779
6.77,28456
6.80,28108
6.81,27894
6.82,27572
6.87,27175
6.90,27023
6.91,26830
6.92,26538
6.94,26467
6.96,25972
6.99,25780
7.04,25554
7.04,25378
7.07,25203
7.12,24942
7.13,24806
7.20,24582
7.25,24262
7.28,24147
7.35,23841
7.40,23819
7.44,23631
7.47,23507
7.49,23388
7.54,23343
7.63,23246
7.79,23099
7.94,22952
8.02,22881
8.22,22807
8.61,22526
8.86,22435
39.67,22218
53.97,22176
114.64,22121
114.85,22107
131.31,21731
131.44,21623
