0.00,174177
0.01,173116
0.01,173082
0.01,171260
0.01,171065
0.01,166922
0.01,165448
0.01,162018
0.01,160473
0.01,156952
0.01,156481
0.01,155888
0.01,154729
0.01,154458
0.01,149656
0.01,149512
0.01,146666
0.02,144762
0.02,144655
0.02,143285
0.02,143240
0.02,139940
0.03,139520
0.03,139497
0.03,139471
0.03,137688
0.03,137647
0.03,133676
0.03,133288
0.03,132768
0.03,132407
0.03,132375
0.03,132174
0.03,130206
0.03,128355
0.03,124562
0.03,124054
0.03,122273
0.03,121740
0.03,120773
0.03,119332
0.03,119146
0.03,119080
0.03,118105
0.03,117310
0.03,116827
0.03,115166
0.03,114988
0.03,114676
0.03,114464
0.03,113129
0.03,110829
0.03,110369
0.03,110300
0.03,108799
0.03,108786
0.03,105585
0.03,105289
0.03,104859
0.03,102665
0.03,102289
0.04,102234
0.04,101853
0.04,100869
0.04,98585
0.04,97354
0.04,96502
0.04,96489
0.04,95730
0.04,95073
0.04,91800
0.04,89338
0.04,87481
0.04,87120
0.04,86927
0.04,86507
0.04,84298
0.04,83388
0.04,83180
0.04,81389
0.04,81147
0.04,80878
0.04,80821
0.04,80789
0.04,80073
0.04,78069
0.04,78039
0.04,75393
0.04,75341
0.04,74855
0.04,73892
0.04,73685
0.04,73533
0.04,71171
0.04,70912
0.04,70528
0.04,69797
0.04,69419
0.04,69110
0.04,68510
0.04,68253
0.04,68070
0.05,67865
0.05,67490
0.05,66441
0.05,66413
0.05,66076
0.05,65732
0.05,65329
0.05,65056
0.05,64926
0.05,64702
0.05,64522
0.06,64473
0.07,64470
0.07,64277
0.07,63837
0.08,63773
0.08,63255
0.08,63088
0.08,62902
0.08,62064
0.08,62034
0.09,61819
0.09,61332
0.10,61041
0.10,61039
0.12,60874
0.12,60662
0.12,60561
0.12,59363
0.13,58971
0.14,58673
0.14,58550
0.14,58186
0.15,58115
0.15,58100
0.15,57734
0.15,56713
0.15,55318
0.16,54760
0.16,54656
0.16,52091
0.16,51615
0.16,51066
0.16,50893
0.16,50728
0.16,50659
0.16,50615
0.16,50395
0.16,50270
0.18,49984
0.18,49590
0.19,48726
0.19,48665
0.19,47835
0.19,47465
0.19,47402
0.19,47304
0.19,46624
0.19,44683
0.19,44532
0.20,44336
0.20,44222
0.20,43965
0.20,43957
0.20,43864
0.20,43429
0.20,43223
0.20,43139
0.21,43117
0.21,42983
0.21,42881
0.21,42682
0.21,42679
0.21,42405
0.21,42186
0.21,42077
0.21,41988
0.21,41734
0.21,41593
0.21,41587
0.22,40573
0.22,40516
0.22,39755
0.22,39675
0.22,39661
0.23,39606
0.23,39450
0.23,39292
0.23,39139
0.23,38665
0.23,38658
0.23,38235
0.23,38163
0.23,38154
0.23,37861
0.23,37802
0.23,37524
0.23,37334
0.23,36847
0.23,36839
0.23,36027
0.23,35997
0.24,35902
0.24,35649
0.24,34974
0.24,34896
0.24,34525
0.24,34381
0.25,34200
0.25,34127
0.25,34059
0.25,33371
0.25,33177
0.25,33112
0.25,33025
0.25,32968
0.25,32957
0.25,32466
0.25,32150
0.25,31367
0.25,31322
0.25,31309
0.25,31202
0.25,31109
0.26,30870
0.26,30548
0.26,30410
0.26,30020
0.26,29965
0.28,29945
0.28,29900
0.28,29745
0.28,29548
0.28,29468
0.33,29313
0.34,29155
0.34,29116
0.36,29070
0.36,29009
0.36,28546
0.38,28518
0.39,28508
0.39,28246
0.39,27374
0.39,27019
0.39,26816
0.39,26636
0.40,26528
0.42,25965
0.43,25605
0.44,25535
0.45,25530
0.47,25281
0.50,25108
0.50,25079
0.50,24927
0.50,24922
0.51,24883
0.51,24784
0.59,24747
0.59,24481
0.60,24455
0.63,24363
0.66,24233
0.76,24148
0.76,24043
1.01,24031
2.44,23947
5.06,23914
5.11,23766
8.95,23729
9.03,23728
9.03,23534
15.45,23503
23.46,23495
23.68,23480
31.76,23476
31.76,23391
31.97,23176
32.00,22895
