0.01,165233
0.01,162918
0.01,162024
0.01,161742
0.04,161084
0.04,160741
0.04,160004
0.10,156537
0.10,153653
0.11,153075
0.11,151658
0.20,150443
0.49,148706
0.95,146592
0.95,145852
1.25,144455
1.58,143761
1.58,143112
1.69,141691
1.69,140743
3.40,140109
3.45,138734
3.50,136862
3.50,136183
3.57,133758
3.79,132710
3.79,131672
3.79,130935
3.79,129201
3.80,126507
3.81,125140
3.96,123615
3.96,122586
3.98,121762
3.98,120323
3.98,119900
4.19,118099
4.28,116748
4.28,115740
4.28,115155
4.31,113469
4.39,110328
4.39,110004
4.40,107152
4.41,106858
4.53,105755
4.53,105240
4.54,104456
4.55,103629
4.55,101542
4.57,100151
4.64,99855
4.64,98952
4.64,98343
4.71,97475
4.73,96874
4.74,95890
4.74,94210
4.74,93095
4.75,91615
4.75,90864
4.81,90246
4.81,88420
4.82,88202
4.83,86777
4.84,85989
4.85,83922
4.85,80846
4.85,79180
5.05,78719
5.05,78064
5.06,77660
5.06,76461
5.06,75631
5.06,74765
5.11,74146
5.11,71735
5.12,70247
5.12,70122
5.12,68825
5.12,67880
5.18,67757
5.18,66019
5.18,65262
5.30,64240
5.30,63074
5.32,62015
5.33,61880
5.34,61132
5.34,59514
5.36,59082
5.36,57932
5.44,56722
5.45,56507
5.45,56035
5.45,55733
5.48,55203
5.49,54782
5.49,54318
5.49,53537
5.50,53433
5.55,52933
5.55,52536
5.57,52091
5.57,50753
5.64,50385
5.64,50117
5.64,49876
5.68,49202
5.69,48820
5.69,48139
5.72,47696
5.81,46917
5.81,46220
5.83,45714
5.84,45555
5.84,45202
5.85,44936
5.85,44603
5.85,44361
5.86,43623
5.87,43334
5.87,42962
5.87,41967
5.93,41718
5.94,41625
5.98,40130
5.98,39598
5.99,39433
5.99,38830
6.02,38675
6.03,38471
6.04,38160
6.06,37995
6.07,37427
6.08,36744
6.08,36648
6.09,36484
6.10,36253
6.11,36007
6.17,35827
6.19,35378
6.23,35136
6.25,34739
6.27,34550
6.27,34339
6.28,34250
6.29,34079
6.30,33424
6.32,33293
6.33,33163
6.34,32436
6.34,32196
6.34,31710
6.35,31514
6.35,30980
6.36,30706
6.38,30639
6.38,30531
6.39,30434
6.41,29735
6.43,29485
6.44,28728
6.46,28388
6.47,28341
6.49,28246
6.50,28143
6.59,27941
6.60,27612
6.61,27545
6.63,27415
6.64,26987
6.68,26932
6.69,26679
6.70,26631
6.76,25956
6.79,25677
6.85,25600
6.87,25467
6.87,25321
6.89,25156
6.90,25069
6.94,24728
6.95,24645
6.97,24520
7.00,24320
7.02,24291
7.04,24148
7.05,24064
7.07,24006
7.08,23607
7.12,23485
7.15,23326
7.19,23182
7.25,23152
7.33,23073
7.38,22747
7.44,22661
7.55,22381
7.62,22318
7.72,22172
7.80,22055
7.85,21935
8.05,21884
8.16,21832
8.63,21811
115.86,21648
144.79,21599
145.25,21528
