0.00,173960
0.00,170757
0.00,167196
0.01,165116
0.01,162744
0.01,157315
0.03,156075
0.04,154557
0.05,153702
0.06,153546
0.06,151655
0.07,147617
0.07,142174
3.28,141029
3.28,140085
3.31,139223
3.37,137251
3.38,135194
3.38,129354
3.76,129010
3.76,126638
3.98,124185
3.98,121132
4.21,120209
4.23,119526
4.23,118777
4.23,116528
4.40,116312
4.40,115732
4.40,114386
4.41,113176
4.56,111091
4.56,109197
4.56,107230
4.56,105851
4.57,102338
4.57,99541
4.57,98177
4.65,96936
4.79,96446
4.79,94480
4.79,94468
4.80,91822
4.87,91173
4.93,90806
4.98,88132
4.99,87164
4.99,85872
4.99,83363
4.99,82700
5.01,81902
5.09,80991
5.10,80621
5.10,78978
5.10,78531
5.10,77843
5.10,77162
5.11,76940
5.12,76662
5.16,76084
5.16,74589
5.16,73660
5.21,73459
5.21,73286
5.21,72260
5.21,69516
5.21,68762
5.22,68359
5.23,68036
5.24,67663
5.24,66702
5.24,65674
5.24,65452
5.28,64807
5.28,63695
5.53,63145
5.53,62924
5.54,61475
5.54,60534
5.54,59312
5.55,58265
5.56,58207
5.57,57977
5.57,57477
5.60,57123
5.69,56751
5.70,56518
5.71,55665
5.71,55624
5.71,55151
5.72,55024
5.72,53986
5.74,53857
5.74,53675
5.74,52718
5.74,52513
5.75,52449
5.75,51048
5.76,50644
5.76,50436
5.78,49723
5.78,49515
5.82,48786
5.82,48332
5.82,48057
5.90,47392
5.90,47091
5.91,46185
5.91,45404
5.94,44868
5.94,44469
5.94,44422
5.94,44318
5.94,43951
5.95,43537
5.96,43318
5.97,42566
6.00,42100
6.03,41765
6.05,41563
6.06,41349
6.06,40761
6.07,40238
6.12,39953
6.13,39419
6.13,38343
6.17,38099
6.18,37547
6.18,37095
6.18,36456
6.18,35811
6.20,35411
6.20,35176
6.22,34966
6.22,34700
6.23,34414
6.52,34227
6.52,33462
6.53,33350
6.54,33050
6.54,32597
6.55,32542
6.57,32457
6.58,32306
6.58,31979
6.59,31650
6.60,30949
6.61,30848
6.64,30582
6.66,29969
6.67,29927
6.67,29303
6.67,28969
6.70,28817
6.81,28307
6.82,28175
7.07,28140
7.08,28118
7.08,27867
7.15,27402
7.15,27141
7.17,26951
7.25,26933
7.35,26685
7.37,26452
7.38,26288
7.40,25956
7.40,25649
7.44,25605
7.45,25303
7.52,25186
7.55,25104
7.57,24911
7.58,24688
7.62,24097
7.66,23610
7.69,23381
7.71,23209
7.72,23142
7.74,22865
7.85,22751
7.90,22492
7.93,22432
8.01,22324
8.23,22262
8.25,22229
8.69,21892
8.73,21735
8.86,21702
8.89,21615
9.36,21550
