0.00,181479
0.00,180794
0.00,177220
0.00,176172
0.00,174073
0.00,172518
0.00,171306
0.00,168185
0.00,165043
0.00,162679
0.00,159837
0.00,158578
0.00,157030
0.00,156740
0.00,156040
0.00,154652
0.00,153373
0.00,152376
0.00,150580
0.00,149219
0.00,148075
0.00,145567
0.00,142534
0.00,139863
0.00,137687
0.00,134497
0.00,133931
0.00,131474
0.00,130343
0.00,128779
0.00,127824
0.00,125743
0.00,123079
0.00,120361
0.00,119607
0.00,119527
0.00,118487
0.01,118306
0.01,117547
0.01,116445
0.01,114377
0.01,114089
0.01,112718
0.01,112692
0.01,112345
0.01,112214
0.01,110943
0.01,110763
0.01,110159
0.01,110123
0.01,109519
0.01,108460
0.01,108444
0.01,107832
0.01,107571
0.01,106847
0.01,106763
0.01,105824
0.01,105501
0.01,104933
0.02,104814
0.02,104788
0.02,104379
0.02,103688
0.02,103505
0.03,103499
0.03,102408
0.03,102377
0.03,101961
0.04,101594
0.05,101532
0.05,101489
0.06,99749
0.06,99604
0.07,99561
0.07,99551
0.07,99351
0.07,98970
0.07,98818
0.08,98671
0.08,97833
0.08,97683
0.08,96419
0.08,96214
0.08,93933
0.09,92851
0.09,92567
0.09,91844
0.09,89765
0.09,86537
0.09,85142
0.09,84808
0.09,83350
0.09,82892
0.09,82607
0.09,82595
0.09,81533
0.09,80851
0.09,78732
0.10,78548
0.10,75820
0.10,75450
0.10,75028
0.10,74053
0.10,73910
0.10,73359
0.10,73099
0.10,72776
0.10,72775
0.10,72453
0.10,72384
0.10,72028
0.10,71423
0.11,71417
0.11,71290
0.11,71236
0.12,71228
0.12,70643
0.12,70596
0.12,70192
0.12,69898
0.12,69381
0.12,69242
0.13,67845
0.13,67408
0.13,66380
0.13,65813
0.13,65617
0.13,64978
0.13,64957
0.13,64854
0.13,64049
0.13,63954
0.13,63588
0.14,63570
0.14,63229
0.14,63192
0.14,62460
0.14,62294
0.14,61720
0.14,60692
0.14,60550
0.14,60288
0.14,60276
0.14,59832
0.14,59373
0.15,59333
0.15,59278
0.15,59252
0.15,58983
0.15,57686
0.15,56086
0.15,55254
0.15,55030
0.15,54599
0.15,54590
0.15,54528
0.15,54506
0.15,54472
0.15,53764
0.15,53559
0.15,53284
0.16,53251
0.16,52806
0.16,52794
0.16,51651
0.16,51128
0.16,50017
0.16,49761
0.16,48789
0.16,48072
0.16,47768
0.16,46953
0.16,46933
0.16,46593
0.17,46588
0.17,46505
0.17,46462
0.17,46292
0.17,46117
0.17,45167
0.17,44887
0.17,44704
0.17,44608
0.17,44483
0.17,44235
0.17,42206
0.17,41501
0.18,41395
0.18,40943
0.18,40847
0.18,39908
0.18,39177
0.18,38620
0.18,37630
0.19,37434
0.19,37033
0.19,36910
0.19,36897
0.19,36217
0.19,36060
0.19,36000
0.19,35962
0.20,35832
0.20,35637
0.20,35339
0.20,35304
0.20,35225
0.20,35104
0.22,34738
0.22,34593
0.22,33607
0.23,33523
0.23,33298
0.23,33296
0.23,33265
0.23,33116
0.23,33105
0.23,32422
0.24,32184
0.24,32124
0.24,31695
0.24,31683
0.24,31432
0.24,31277
0.25,30749
0.25,30737
0.25,30613
0.25,30419
0.25,30410
0.25,30396
0.25,30346
0.25,30244
0.25,29795
0.25,29290
0.26,29267
0.26,29109
0.26,29093
0.26,28560
0.26,28556
0.26,28327
0.31,28265
0.36,28179
0.38,27620
0.38,27485
0.39,27259
0.42,26790
0.42,26743
0.42,26655
0.42,26653
0.43,26605
0.44,26491
0.44,26448
0.45,26236
0.46,25974
0.47,25947
0.48,25488
0.48,25294
0.49,25151
0.49,25053
0.50,25046
0.50,24985
0.50,24348
0.50,24343
0.50,24266
0.63,24217
0.67,23689
0.68,23613
0.68,23606
0.69,23514
0.69,23471
0.70,23459
0.71,23253
0.71,22863
0.75,22830
0.94,22587
0.97,22488
1.18,22443
2.01,22423
2.03,22191
