0.00,164990
0.00,159543
0.03,158983
0.03,157637
0.03,155482
0.03,152294
0.05,151694
0.08,149191
0.08,147138
0.86,144883
0.86,142439
2.08,140512
3.20,139539
3.47,136701
3.47,133820
3.47,132468
3.47,131368
3.47,127463
3.90,127131
3.90,123597
3.90,121982
3.90,121074
4.16,119899
4.17,119357
4.17,117811
4.17,116993
4.17,115667
4.17,113600
4.31,112305
4.40,111696
4.40,111379
4.40,107493
4.40,105096
4.40,104101
4.40,101038
4.46,99862
4.46,97897
4.64,97043
4.65,96373
4.71,94685
4.72,94446
4.77,91732
4.77,91267
4.77,90643
4.77,89731
4.77,88342
4.88,87686
4.88,86275
4.88,83473
4.88,81716
4.88,80601
4.89,78428
4.89,78167
5.09,77025
5.10,75612
5.10,74730
5.10,73455
5.10,73267
5.13,72788
5.16,72338
5.16,71937
5.18,71901
5.19,71047
5.19,70308
5.19,69159
5.21,68906
5.21,68119
5.21,68016
5.21,67599
5.21,66227
5.33,65828
5.38,65491
5.38,64139
5.38,63647
5.39,62684
5.39,61611
5.40,60838
5.40,60037
5.40,58894
5.40,58738
5.40,58686
5.40,56429
5.43,55317
5.46,54326
5.46,53817
5.48,53433
5.48,52846
5.48,52636
5.48,52374
5.48,51798
5.49,51368
5.49,51250
5.54,50646
5.55,50142
5.55,49213
5.55,49058
5.55,48355
5.60,47505
5.71,46564
5.80,44766
5.81,44384
5.82,44277
5.84,44037
5.84,43356
5.85,42528
5.88,42158
5.91,41590
5.91,41315
5.92,40887
5.97,40081
6.01,39839
6.01,39261
6.02,39152
6.07,38543
6.07,38032
6.07,37456
6.08,37252
6.09,36681
6.09,36026
6.10,35954
6.11,35637
6.13,34926
6.14,34874
6.14,34770
6.16,34319
6.20,34040
6.20,33693
6.21,33616
6.22,33413
6.22,33322
6.28,33250
6.28,33001
6.33,32736
6.34,32070
6.38,31364
6.38,31308
6.40,31132
6.44,30938
6.46,30632
6.47,30380
6.47,30063
6.51,29469
6.53,29379
6.53,29267
6.55,29134
6.59,28871
6.60,28804
6.60,28631
6.64,28158
6.67,27973
6.68,27799
6.78,27756
6.81,27384
6.83,26996
6.88,26475
6.89,26258
6.90,26034
6.92,25992
6.93,25866
6.94,25805
6.97,25712
7.02,25647
7.05,25549
7.07,25533
7.20,25425
7.23,24931
7.27,24655
7.31,24571
7.33,24382
7.36,24314
7.45,24259
7.46,24184
7.52,24127
7.55,23803
7.61,23581
7.64,23555
7.90,23484
7.92,23263
8.23,23252
8.38,23055
8.55,23033
8.94,23006
9.28,22932
9.33,22926
9.64,22866
10.87,22678
23.23,22626
53.99,22339
54.90,22290
84.60,22265
85.10,22194
99.69,21982
100.01,21955
144.97,21867
160.72,21768
160.95,21740
191.22,21600
191.43,21481
