0.00,169927
0.00,168968
0.00,168549
0.00,168008
0.00,167552
0.00,165568
0.00,163089
0.00,162342
0.00,160654
0.00,159694
0.00,157828
0.00,156995
0.00,154684
0.00,153762
0.00,152404
0.00,151332
0.00,150141
0.00,149137
0.00,146186
0.00,145302
0.00,142922
0.00,141586
0.00,140943
0.00,139601
0.00,139319
0.00,138821
0.00,137383
0.00,135758
0.00,134272
0.00,131749
0.00,130884
0.00,129087
0.00,127123
0.00,126304
0.00,123773
0.00,120401
0.00,119570
0.00,117695
0.00,117086
0.00,117060
0.00,116426
0.01,114127
0.01,113323
0.01,111539
0.01,111158
0.01,108247
0.01,107330
0.01,106704
0.01,106560
0.01,106474
0.01,105742
0.01,105709
0.01,105071
0.01,103502
0.01,103018
0.01,102246
0.01,101380
0.01,101143
0.01,100851
0.01,98622
0.01,98538
0.01,98366
0.01,97627
0.02,97590
0.02,97563
0.03,97456
0.03,96066
0.03,96041
0.03,95281
0.04,94334
0.04,94091
0.04,93798
0.05,93759
0.05,93463
0.05,92514
0.05,92320
0.05,91933
0.06,91730
0.06,91628
0.06,90906
0.07,90806
0.07,90783
0.07,90205
0.07,90114
0.07,89906
0.07,89262
0.07,88053
0.07,87851
0.08,87536
0.08,87525
0.08,87459
0.08,87392
0.09,87268
0.11,86741
0.12,86408
0.12,86224
0.12,86123
0.12,85770
0.12,85708
0.13,85636
0.14,85361
0.14,85126
0.14,85083
0.14,84086
0.14,83769
0.16,83583
0.16,83533
0.16,80765
0.16,80743
0.17,80364
0.17,80221
0.17,80082
0.17,75685
0.17,75591
0.18,75483
0.18,75049
0.18,74910
0.18,74261
0.18,74246
0.18,74044
0.18,74025
0.18,72779
0.18,72777
0.18,72270
0.18,71995
0.18,71618
0.18,70481
0.18,70424
0.18,69276
0.18,68987
0.18,68003
0.18,67987
0.18,67888
0.19,67837
0.19,67538
0.19,66353
0.19,66328
0.19,65881
0.19,65534
0.19,65447
0.19,65378
0.19,64225
0.19,64184
0.19,62972
0.19,62875
0.19,62574
0.19,60168
0.19,60015
0.19,58971
0.19,58898
0.20,57890
0.20,57886
0.20,57414
0.20,55415
0.20,54876
0.20,54317
0.20,54116
0.20,53387
0.20,52592
0.20,52066
0.20,51892
0.20,51863
0.20,51643
0.20,51465
0.20,51329
0.20,50359
0.20,50182
0.20,50115
0.20,50083
0.20,49777
0.21,49704
0.21,49461
0.21,49400
0.21,49364
0.21,49261
0.21,48775
0.21,48693
0.21,47662
0.21,47481
0.21,47056
0.21,46378
0.21,45694
0.21,45131
0.21,44137
0.21,43878
0.21,43295
0.21,42479
0.21,42397
0.21,41764
0.21,41482
0.21,41249
0.21,41219
0.21,40541
0.21,40351
0.21,39421
0.22,39406
0.22,38769
0.22,38646
0.22,38530
0.22,38410
0.22,38330
0.22,38049
0.22,37769
0.22,37647
0.22,37638
0.22,37637
0.22,37476
0.23,37289
0.23,37250
0.24,37107
0.24,36406
0.24,36132
0.24,35646
0.24,35626
0.24,35439
0.24,35248
0.24,35186
0.24,35131
0.25,35032
0.25,34233
0.25,34158
0.25,34072
0.25,33248
0.25,33019
0.25,33012
0.25,32855
0.25,32804
0.25,32615
0.25,32375
0.25,32254
0.25,32016
0.26,31926
0.26,31686
0.26,31449
0.26,31396
0.26,31237
0.27,31066
0.28,30562
0.30,30543
0.32,30495
0.34,30214
0.34,29692
0.37,29667
0.37,29363
0.37,29226
0.37,28935
0.38,28891
0.38,28885
0.39,28778
0.39,28580
0.39,28574
0.41,28392
0.41,28231
0.43,28226
0.45,27966
0.46,27811
0.47,27403
0.47,27378
0.47,27325
0.48,27218
0.48,27212
0.48,26652
0.48,26517
0.48,25975
0.49,25929
0.50,25896
0.50,25857
0.50,25479
0.51,25447
0.52,25361
0.55,25339
0.56,25320
0.56,25309
0.56,25281
0.59,25269
0.60,25032
0.60,24677
0.60,24547
0.60,24545
0.67,24460
0.68,24374
0.71,24233
0.71,24104
0.71,24022
0.72,23976
0.72,23943
0.83,23823
0.94,23708
0.96,23658
0.96,23614
0.96,23504
2.41,23414
7.46,23330
14.51,23279
14.67,23267
22.77,23234
22.99,23228
22.99,23141
