0.00,162700
0.00,161974
0.01,158819
0.01,156240
0.02,154207
0.02,152111
0.10,151630
0.13,148119
0.25,147630
0.25,146620
0.62,144979
0.62,143607
2.37,141854
3.07,140881
3.07,138418
3.22,137515
3.22,136798
3.22,136286
3.22,135223
3.38,133954
3.68,132833
3.68,130651
3.68,130198
3.68,126253
3.68,125877
3.69,125193
3.69,119564
4.12,117852
4.13,117529
4.35,116481
4.35,115469
4.35,113378
4.45,112446
4.45,111275
4.45,108641
4.54,107386
4.54,106781
4.54,106124
4.66,104783
4.66,104379
4.66,103555
4.66,103131
4.66,101853
4.66,100309
4.83,96879
4.87,96457
4.87,95385
4.88,92775
4.88,92706
4.88,91518
4.89,90194
4.89,89186
4.89,88505
4.99,87673
4.99,86220
5.00,85241
5.03,85162
5.03,84027
5.10,83313
5.11,83105
5.11,81687
5.11,80848
5.11,80601
5.11,80275
5.14,78722
5.14,76169
5.14,74625
5.15,74028
5.17,73862
5.17,72946
5.22,70644
5.22,70172
5.26,68408
5.26,67419
5.28,66015
5.28,64777
5.28,62868
5.45,60852
5.46,60799
5.46,60689
5.46,59995
5.47,59801
5.47,59418
5.47,59181
5.48,58696
5.48,58191
5.49,57614
5.49,57439
5.54,57294
5.54,54876
5.54,54352
5.54,54165
5.55,53592
5.58,53507
5.68,52249
5.68,52078
5.69,52044
5.69,50596
5.69,50237
5.70,49921
5.70,49682
5.71,48883
5.74,47968
5.74,47157
5.74,46853
5.74,46649
5.74,45617
5.80,45273
5.80,45024
5.85,44353
5.85,43776
5.85,43236
5.87,42732
5.88,42541
5.88,42030
5.90,41952
5.94,41371
5.95,40224
5.95,39848
5.96,39374
5.97,39335
5.97,38298
5.98,37937
6.01,37491
6.03,37369
6.04,36931
6.06,36754
6.06,36674
6.06,36389
6.18,36210
6.21,35865
6.23,35561
6.23,35467
6.24,35053
6.34,34781
6.38,34607
6.42,33947
6.44,33337
6.44,33165
6.45,32565
6.45,32239
6.46,31719
6.47,31580
6.49,31498
6.51,31140
6.53,30885
6.54,30467
6.55,30407
6.57,29988
6.58,29751
6.62,29139
6.62,28850
6.63,28507
6.64,28086
6.65,27306
6.66,26629
6.69,26591
6.86,26399
6.87,25663
6.94,25488
6.98,25254
7.02,25228
7.06,25023
7.09,24986
7.10,24910
7.13,24866
7.14,24606
7.18,24241
7.20,24136
7.21,24003
7.23,23736
7.27,23614
7.32,23392
7.42,23271
7.43,23230
7.48,23197
7.51,22845
7.53,22796
7.57,22507
7.81,22375
7.93,22273
8.00,22193
8.07,22155
8.13,22097
8.51,21989
8.72,21962
9.10,21909
177.95,21723
178.73,21709
