0.00,166024
0.00,164156
0.00,163289
0.00,162969
0.00,162863
0.00,157561
0.00,157545
0.00,155735
0.00,155624
0.01,155528
0.01,154960
0.01,154607
0.01,154059
0.01,153980
0.01,153515
0.01,151930
0.01,149845
0.01,149756
0.01,149557
0.01,149443
0.01,149438
0.01,149335
0.01,149268
0.01,149152
0.02,149083
0.02,144742
0.02,144428
0.02,144248
0.02,144026
0.02,143792
0.02,142605
0.03,141511
0.03,141131
0.03,141026
0.03,140902
0.03,140660
0.03,139819
0.03,139579
0.03,139486
0.03,139316
0.03,139246
0.03,139015
0.03,138252
0.03,137956
0.03,137669
0.03,135931
0.03,135849
0.03,134633
0.03,134311
0.03,133797
0.04,133780
0.04,133144
0.04,132797
0.04,132795
0.04,130229
0.04,129477
0.04,129264
0.04,128152
0.04,126905
0.04,126620
0.04,125243
0.04,125039
0.04,123686
0.04,121703
0.04,120394
0.04,116237
0.04,114761
0.04,114291
0.04,114211
0.04,113778
0.04,111152
0.04,108888
0.04,106660
0.04,106543
0.04,106265
0.04,104942
0.04,104877
0.04,101943
0.04,101769
0.04,100170
0.04,100120
0.04,99852
0.04,99740
0.04,99220
0.04,98527
0.04,98111
0.04,96820
0.04,96807
0.04,96598
0.04,96587
0.04,95373
0.04,95241
0.04,95225
0.04,94663
0.04,94640
0.04,94164
0.05,94090
0.05,92583
0.05,92330
0.05,91485
0.05,91442
0.05,90972
0.05,89705
0.05,89448
0.05,89193
0.05,88188
0.05,87423
0.05,87163
0.05,86466
0.05,86384
0.05,86254
0.06,85656
0.06,85626
0.06,84610
0.06,84165
0.07,84146
0.07,82839
0.07,82784
0.07,79812
0.07,79622
0.07,78972
0.07,78919
0.08,78913
0.08,77805
0.08,77289
0.08,77287
0.08,76954
0.08,76683
0.08,75405
0.08,75186
0.08,73269
0.08,72898
0.08,70681
0.08,70355
0.08,69462
0.08,69265
0.09,69093
0.09,68886
0.09,68794
0.09,68590
0.09,66142
0.09,65745
0.09,64808
0.09,64301
0.09,63899
0.09,63592
0.09,63469
0.09,63455
0.09,62579
0.09,61859
0.09,61773
0.09,61224
0.11,60987
0.11,60954
0.11,60774
0.11,60169
0.11,60152
0.12,59046
0.12,58714
0.12,58326
0.12,58156
0.12,57436
0.13,56849
0.13,56843
0.13,56674
0.13,56595
0.13,56582
0.14,56155
0.15,55865
0.18,55830
0.18,55760
0.18,55528
0.19,54607
0.19,54600
0.19,54268
0.19,53986
0.19,53810
0.19,53414
0.20,53351
0.20,53271
0.20,53183
0.20,53171
0.20,52605
0.21,52419
0.21,52326
0.21,52069
0.22,51987
0.23,51041
0.23,50580
0.23,49727
0.23,49464
0.23,48924
0.23,48908
0.23,48869
0.23,48443
0.23,48365
0.23,48350
0.23,48004
0.23,47893
0.23,47529
0.24,47255
0.24,47164
0.24,46804
0.24,46603
0.24,46444
0.24,46321
0.24,46145
0.25,45868
0.25,45413
0.25,44972
0.25,44264
0.26,44079
0.26,43625
0.26,43283
0.26,43135
0.26,42944
0.26,42869
0.26,42740
0.26,42006
0.26,41543
0.26,40549
0.26,40526
0.26,40502
0.26,39937
0.26,39721
0.26,39222
0.26,39211
0.26,38921
0.26,38633
0.26,38482
0.27,38288
0.27,37781
0.27,37398
0.27,37309
0.27,37057
0.27,37045
0.27,36897
0.27,36827
0.27,36751
0.28,36703
0.28,36668
0.28,36588
0.28,36550
0.28,36512
0.29,35997
0.29,35986
0.29,35834
0.29,35732
0.29,35730
0.30,35722
0.32,35634
0.38,35001
0.39,34629
0.39,33900
0.39,33551
0.39,33421
0.39,33388
0.40,33232
0.42,33129
0.42,33062
0.42,32302
0.42,32136
0.42,32056
0.43,31875
0.43,31685
0.43,31555
0.44,31554
0.44,31274
0.44,31189
0.45,31145
0.47,31110
0.48,30745
0.49,30692
0.50,30686
0.50,30216
0.50,29953
0.51,29930
0.51,29656
0.51,29646
0.51,29508
0.52,29496
0.54,29307
0.55,29271
0.57,28759
0.58,28328
0.58,28300
0.58,28257
0.58,28220
0.59,28150
0.59,28148
0.59,28063
0.59,27694
0.59,27634
0.59,27415
0.59,27075
0.61,26987
0.65,26974
0.65,26964
0.66,26949
0.72,26780
0.72,26464
0.72,26028
0.73,25999
0.88,25959
0.88,25817
0.88,25785
1.00,25396
1.02,25348
1.02,25317
1.03,25278
1.03,25232
1.03,24956
1.03,24553
1.03,24310
1.08,24134
1.10,24105
1.17,23960
1.18,23952
1.18,23828
1.21,23465
1.28,23341
1.29,23272
1.38,23204
1.58,23190
2.94,23189
4.64,23116
4.67,23071
4.95,22939
9.74,22780
9.83,22766
9.84,22640
9.84,22498
16.32,22422
22.87,22329
23.01,22279
