0.00,163793
0.00,163244
0.00,161607
0.00,160885
0.00,156925
0.00,156365
0.00,154420
0.00,153734
0.00,152240
0.00,151322
0.00,149779
0.00,149749
0.00,145695
0.00,145542
0.00,143428
0.00,143006
0.00,141487
0.00,140968
0.00,137539
0.01,137503
0.01,137225
0.01,137223
0.01,137022
0.01,136904
0.01,136890
0.03,135548
0.03,135366
0.03,135218
0.03,134837
0.03,134712
0.03,131681
0.03,131503
0.03,131052
0.04,130988
0.04,129103
0.04,129030
0.04,128957
0.04,126173
0.04,125978
0.04,125564
0.04,125463
0.04,124428
0.04,123732
0.04,121810
0.04,120520
0.04,116516
0.04,115066
0.04,114045
0.04,113723
0.04,109604
0.04,109087
0.04,106647
0.04,106292
0.04,105532
0.04,105448
0.04,103682
0.04,103596
0.04,102890
0.04,101890
0.05,101760
0.05,101258
0.05,101126
0.05,100593
0.05,100331
0.05,99073
0.05,99055
0.06,98957
0.06,97882
0.06,97570
0.06,96791
0.06,96702
0.06,96277
0.06,96248
0.06,96096
0.07,95780
0.07,95019
0.07,94923
0.07,93972
0.08,93738
0.08,92743
0.08,92499
0.08,92476
0.08,92425
0.09,92420
0.09,91918
0.10,91806
0.11,91704
0.11,91671
0.11,91600
0.11,90663
0.11,89664
0.11,89394
0.11,89218
0.11,88933
0.11,88381
0.11,87020
0.11,86954
0.11,86522
0.11,85389
0.11,85115
0.11,84525
0.12,84398
0.12,84338
0.12,84290
0.12,81257
0.13,80894
0.13,80741
0.13,80555
0.13,79214
0.13,78009
0.13,77561
0.13,76259
0.13,75107
0.13,74512
0.13,74132
0.13,73769
0.13,73745
0.13,72714
0.13,71333
0.13,69938
0.13,68366
0.13,67074
0.13,65607
0.13,64000
0.13,62341
0.13,61666
0.14,61425
0.14,61241
0.14,61020
0.14,60050
0.14,59843
0.14,59641
0.15,59273
0.15,58755
0.16,58621
0.16,58613
0.16,56140
0.16,56115
0.17,55651
0.17,55600
0.17,54616
0.17,54125
0.17,53887
0.17,53855
0.17,53818
0.17,53560
0.18,53557
0.18,53225
0.18,53155
0.18,53031
0.18,53001
0.18,52475
0.18,52310
0.18,51054
0.18,50673
0.18,50658
0.18,50647
0.19,50638
0.19,49902
0.19,49834
0.19,49748
0.19,49525
0.20,49435
0.20,48677
0.20,48412
0.20,48192
0.20,47954
0.20,47139
0.20,46993
0.20,46929
0.20,46273
0.21,46264
0.21,46257
0.21,45347
0.21,45324
0.21,45168
0.21,44456
0.22,44451
0.22,44264
0.22,44002
0.22,42451
0.22,42181
0.22,42097
0.22,41381
0.23,40961
0.23,40696
0.23,40127
0.23,39844
0.23,39302
0.23,39132
0.23,39023
0.23,37801
0.23,37785
0.23,37072
0.23,36874
0.23,36419
0.23,35957
0.23,35714
0.23,35199
0.24,34933
0.24,34599
0.24,34390
0.24,33906
0.24,33861
0.25,33500
0.25,33071
0.25,32920
0.25,32737
0.25,32602
0.25,32131
0.25,31842
0.25,30862
0.25,30784
0.25,30424
0.25,30172
0.25,29755
0.25,29702
0.25,29647
0.26,29548
0.29,29381
0.29,29283
0.29,28949
0.29,27926
0.29,27714
0.29,27690
0.29,27478
0.29,27429
0.29,27367
0.29,27128
0.29,27123
0.29,26989
0.31,26978
0.31,26784
0.31,26782
0.31,26638
0.32,26631
0.32,26606
0.33,26595
0.34,26537
0.34,26412
0.35,26384
0.35,26377
0.36,26290
0.36,26043
0.37,26010
0.40,25762
0.42,25746
0.45,25184
0.47,25141
0.48,25074
0.48,25009
0.48,24971
0.49,24931
0.49,24269
0.50,24245
0.55,24225
0.57,24108
0.61,24019
0.61,23770
0.62,23748
0.73,23592
0.74,23539
0.75,23514
0.75,23482
0.75,23377
2.21,23182
2.22,23170
7.74,22994
13.64,22977
13.78,22854
14.02,22835
14.02,22786
22.26,22723
22.49,22714
