0.00,163051
0.00,162601
0.00,161908
0.03,160468
0.03,157167
0.08,156797
0.08,154942
0.08,151881
0.08,150457
0.13,148484
0.25,147603
0.29,145193
0.29,142072
0.29,141727
0.30,140024
3.27,137616
3.39,135338
3.39,134754
3.39,130757
3.39,128818
3.92,127735
3.93,126910
3.93,124952
3.93,124657
4.09,124115
4.10,122972
4.17,121678
4.17,121395
4.28,120747
4.31,119829
4.40,117962
4.40,115556
4.41,112711
4.60,112096
4.60,108763
4.60,106733
4.60,105685
4.60,104855
4.60,103630
4.60,100930
4.61,99895
4.71,98915
4.71,97163
4.71,96473
4.71,94504
4.74,93652
4.93,93122
4.93,91458
4.93,89853
4.93,89246
4.95,89166
4.99,88557
4.99,87481
5.00,87247
5.00,87106
5.03,86701
5.03,85302
5.04,85109
5.06,84579
5.06,84225
5.06,83237
5.12,82093
5.12,81344
5.12,81062
5.12,79513
5.13,79296
5.13,78108
5.13,77767
5.13,76511
5.27,75831
5.28,75101
5.28,74417
5.28,73629
5.29,72712
5.29,71556
5.30,71297
5.33,70764
5.34,69443
5.34,68423
5.34,67878
5.37,67232
5.38,66905
5.49,66618
5.50,66414
5.50,65674
5.53,62661
5.53,62333
5.54,61366
5.56,60826
5.56,59432
5.56,59039
5.57,58555
5.57,57176
5.57,56965
5.71,56019
5.74,55476
5.75,55095
5.78,54250
5.80,53591
5.81,53166
5.83,52503
5.83,52317
5.83,52195
5.84,51741
5.84,51126
5.85,50821
5.85,50535
5.85,50100
5.86,49641
5.86,48376
5.87,47839
5.90,46883
5.91,46530
5.92,45277
5.92,44973
5.93,44459
5.93,44259
5.93,43791
5.96,43018
5.97,42644
5.98,42328
5.98,41855
5.98,41334
5.99,41107
6.00,40773
6.01,40693
6.01,39767
6.02,39484
6.03,39372
6.32,39091
6.34,38881
6.36,38583
6.36,38247
6.39,37972
6.39,37696
6.39,37521
6.39,37340
6.41,36795
6.42,36451
6.43,36231
6.44,35876
6.44,35760
6.45,35698
6.45,35440
6.49,34925
6.50,34849
6.50,34764
6.52,33324
6.53,33088
6.54,33007
6.56,32512
6.57,32383
6.58,31831
6.63,31748
6.64,31482
6.64,31281
6.64,31194
6.74,31090
6.74,30450
6.87,29735
6.92,29326
6.94,29081
6.94,29030
6.95,28936
6.98,28753
7.00,28015
7.01,27942
7.01,27630
7.04,26765
7.09,26543
7.17,26072
7.19,25946
7.21,25891
7.22,25756
7.25,25530
7.27,25406
7.30,25199
7.34,24924
7.35,24686
7.36,24528
7.37,24312
7.39,24146
7.40,24057
7.43,24005
7.46,23867
7.47,23524
7.64,23473
7.81,23432
7.84,23365
7.94,23285
8.04,23271
8.16,23183
8.19,22747
8.24,22581
8.33,22484
8.64,22435
9.07,22414
39.78,22323
40.05,22198
85.04,21883
85.12,21789
85.27,21729
85.41,21690
85.66,21663
