0.00,181056
0.00,181009
0.00,177137
0.02,175526
0.02,173445
0.02,169851
0.02,167737
0.02,166330
0.03,162352
0.03,162182
0.03,159709
0.04,159429
0.04,159299
0.11,157612
0.11,151136
0.27,150670
0.30,147407
1.02,146253
1.11,143319
1.11,140250
3.45,139193
3.45,134735
3.51,134202
3.51,133624
3.51,130655
3.51,127179
3.67,123777
3.92,122523
3.92,122183
4.07,119752
4.07,119261
4.30,118668
4.30,118067
4.30,116282
4.41,115772
4.41,114110
4.41,110159
4.41,109295
4.41,107796
4.41,106910
4.44,104634
4.44,102639
4.60,102601
4.60,101707
4.60,99557
4.60,99458
4.60,98864
4.60,94584
4.75,92459
4.75,91926
4.75,91058
4.80,90267
4.82,89479
4.82,88286
4.82,86864
4.82,86442
4.83,85854
4.95,85770
4.95,83543
4.98,81370
5.00,80591
5.00,80287
5.08,79302
5.08,78945
5.08,78672
5.09,78339
5.09,77867
5.09,77409
5.09,74185
5.09,73758
5.10,72974
5.16,72817
5.16,71323
5.16,69947
5.17,69250
5.17,68104
5.23,67293
5.24,66166
5.28,65659
5.28,65086
5.28,63042
5.28,61950
5.29,61537
5.30,59141
5.30,57834
5.30,57817
5.47,57468
5.49,57226
5.51,57196
5.51,56965
5.57,56707
5.57,55887
5.58,54637
5.62,53768
5.62,52501
5.69,51777
5.69,51427
5.69,51102
5.79,50551
5.80,49201
5.81,47580
5.83,47474
5.83,46788
5.84,46457
5.85,45899
5.86,45773
5.86,44645
5.88,44618
5.90,44462
5.91,43642
5.91,42961
5.91,42385
5.95,41319
5.95,40514
6.04,40417
6.05,39384
6.05,38817
6.05,38168
6.08,37970
6.09,37924
6.10,37695
6.10,37612
6.10,37227
6.11,36797
6.15,36607
6.15,36062
6.19,35822
6.20,35708
6.20,35470
6.21,35314
6.25,35125
6.26,34985
6.34,34369
6.34,34293
6.39,33996
6.44,33864
6.48,33791
6.49,33528
6.49,33401
6.51,32984
6.52,32780
6.58,32757
6.59,32487
6.60,32289
6.61,32220
6.65,32156
6.67,31894
6.86,31764
6.88,31578
6.89,31513
6.91,31290
6.98,31060
6.98,30781
6.99,30687
7.00,30602
7.03,30495
7.09,29911
7.10,29719
7.11,29479
7.11,29226
7.13,29198
7.18,28789
7.18,28289
7.20,28190
7.28,28147
7.30,28064
7.32,27836
7.55,27721
7.56,27513
7.61,27422
7.65,27341
7.71,27178
7.76,27055
7.82,26789
7.86,26441
7.89,26250
7.93,26022
8.00,25741
8.03,25496
8.08,25118
8.19,24799
8.24,24772
8.27,24619
8.29,24446
8.39,24396
8.57,24120
8.70,24052
22.58,23970
22.65,23903
22.69,23870
22.73,23601
22.76,23300
22.82,23208
22.90,22928
22.97,22872
22.98,22863
23.01,22848
23.03,22801
23.11,22548
23.28,22520
23.31,22507
23.38,22474
23.42,22400
23.44,22381
23.48,22368
23.55,22336
23.76,22174
23.82,22094
24.20,21892
24.51,21789
219.73,21670
219.91,21644
