0.00,163985
0.00,161239
0.00,159100
0.00,154002
0.00,151963
0.00,151534
0.15,150067
0.15,147632
0.15,147434
0.39,145877
0.39,143799
1.22,142793
1.22,142158
2.45,141047
2.45,138919
2.45,137631
2.45,135246
3.07,132807
3.07,127990
3.59,126103
3.91,125396
3.97,124225
4.06,123028
4.06,122003
4.06,119856
4.06,115677
4.34,114365
4.34,114116
4.34,112965
4.42,112400
4.42,110513
4.49,108503
4.49,107418
4.49,106168
4.56,105485
4.56,105334
4.56,103115
4.56,98207
4.56,96725
4.82,94286
4.82,92516
4.85,91613
4.85,91294
4.86,90022
4.86,86444
4.86,85202
4.95,80342
4.95,79424
4.95,78167
4.96,75641
4.96,74950
5.13,74576
5.14,73395
5.14,70820
5.14,70351
5.14,70322
5.26,69807
5.26,69101
5.26,68580
5.34,67878
5.35,67395
5.35,66951
5.35,65146
5.36,64309
5.37,63895
5.38,62491
5.38,61161
5.38,60658
5.48,60230
5.55,59143
5.55,58904
5.55,57732
5.56,57220
5.56,55891
5.56,55793
5.57,54838
5.58,53984
5.59,53606
5.59,52389
5.60,51899
5.72,50978
5.73,50519
5.74,50055
5.79,49647
5.79,49338
5.79,48835
5.80,48587
5.81,48479
5.81,47793
5.81,47286
5.81,46792
5.83,45986
5.84,45964
5.84,45685
5.87,45609
5.87,45490
5.88,44732
5.88,44329
6.01,44187
6.01,43940
6.04,42974
6.04,42888
6.05,42449
6.05,42048
6.05,41707
6.10,41213
6.14,40895
6.14,40502
6.14,40409
6.15,40334
6.20,39226
6.25,38745
6.26,38651
6.28,38072
6.28,37882
6.29,37447
6.30,37182
6.31,36863
6.33,36825
6.34,36666
6.37,36517
6.37,36349
6.39,35924
6.41,35345
6.41,35309
6.43,35200
6.48,35169
6.48,35007
6.48,34934
6.48,34696
6.52,34447
6.54,34193
6.54,33725
6.55,33661
6.55,33645
6.56,33591
6.57,33405
6.61,32622
6.62,32470
6.63,32414
6.63,32083
6.64,31446
6.65,30990
6.68,30062
6.68,29957
6.70,29841
6.70,29733
6.70,29600
6.73,28738
6.74,28624
6.74,28479
6.82,28282
6.90,27722
6.93,27368
6.96,27287
6.98,26852
6.99,26490
7.01,26069
7.03,25859
7.16,25352
7.18,25278
7.23,25158
7.27,25090
7.27,25032
7.31,24917
7.31,24856
7.35,24779
7.40,24699
7.42,24573
7.45,24497
7.46,24441
7.48,24320
7.52,24237
7.65,23884
7.67,23819
7.76,23654
8.06,23591
8.68,23332
9.07,23257
9.40,23247
10.29,23191
11.09,23054
11.25,22287
12.62,22140
84.80,22117
84.88,22035
238.60,21971
329.26,21919
329.84,21598
